{
    "result_set_size": 4984209612,
    "cumulative_rows_scanned": 61199917697,
    "cumulative_cardinality": 2966378359,
    "extra_info": {},
    "cpu_time": 9558.129074993749,
    "blocked_thread_time": 2.18,
    "rows_returned": 46150089,
    "query_name": "select\n\tc_custkey,\n\tc_name,\n\tsum(l_extendedprice * (1 - l_discount)) as revenue,\n\tc_acctbal,\n\tn_name,\n\tc_address,\n\tc_phone,\n\tc_comment\nfrom\n\tcustomer,\n\torders,\n\tlineitem,\n\tnation\nwhere\n\tc_custkey = o_custkey\n\tand l_orderkey = o_orderkey\n\tand o_orderdate >= date '1994-11-01'\n\tand o_orderdate < date '1994-11-01' + interval '3' month\n\tand l_returnflag = 'R'\n\tand c_nationkey = n_nationkey\ngroup by\n\tc_custkey,\n\tc_name,\n\tc_acctbal,\n\tc_phone,\n\tn_name,\n\tc_address,\n\tc_comment\norder by\n\trevenue desc;",
    "latency": 1266.062226,
    "children": [
        {
            "result_set_size": 4984209612,
            "operator_timing": 2.0179739999999886,
            "operator_rows_scanned": 0,
            "cumulative_rows_scanned": 61199917697,
            "operator_cardinality": 46150089,
            "operator_type": "PROJECTION",
            "cumulative_cardinality": 2966378359,
            "cpu_time": 9558.129074993749,
            "operator_name": "PROJECTION",
            "extra_info": {
                "Projections": [
                    "#0",
                    "#1",
                    "#2",
                    "#3",
                    "__internal_decompress_string(#4)",
                    "#5",
                    "__internal_decompress_string(#6)",
                    "#7"
                ],
                "Estimated Cardinality": "150000000"
            },
            "children": [
                {
                    "operator_name": "ORDER_BY",
                    "cpu_time": 9556.111100993749,
                    "extra_info": {
                        "Order By": "sum((tpch.main.lineitem.l_extendedprice * (1 - tpch.main.lineitem.l_discount))) DESC"
                    },
                    "cumulative_cardinality": 2920228270,
                    "operator_type": "ORDER_BY",
                    "operator_cardinality": 46150089,
                    "cumulative_rows_scanned": 61199917697,
                    "operator_rows_scanned": 0,
                    "operator_timing": 2341.1419600000013,
                    "result_set_size": 4984209612,
                    "children": [
                        {
                            "result_set_size": 4984209612,
                            "operator_timing": 1.5217689999999677,
                            "operator_rows_scanned": 0,
                            "cumulative_rows_scanned": 61199917697,
                            "operator_cardinality": 46150089,
                            "operator_type": "PROJECTION",
                            "cumulative_cardinality": 2874078181,
                            "cpu_time": 7214.969140993747,
                            "operator_name": "PROJECTION",
                            "extra_info": {
                                "Projections": [
                                    "#0",
                                    "#1",
                                    "#2",
                                    "#3",
                                    "__internal_compress_string_hugeint(#4)",
                                    "#5",
                                    "__internal_compress_string_hugeint(#6)",
                                    "#7"
                                ],
                                "Estimated Cardinality": "150000000"
                            },
                            "children": [
                                {
                                    "operator_name": "PROJECTION",
                                    "cpu_time": 7213.447371993747,
                                    "extra_info": {
                                        "Projections": [
                                            "c_custkey",
                                            "c_name",
                                            "revenue",
                                            "c_acctbal",
                                            "n_name",
                                            "c_address",
                                            "c_phone",
                                            "c_comment"
                                        ],
                                        "Estimated Cardinality": "150000000"
                                    },
                                    "cumulative_cardinality": 2827928092,
                                    "operator_type": "PROJECTION",
                                    "operator_cardinality": 46150089,
                                    "cumulative_rows_scanned": 61199917697,
                                    "operator_rows_scanned": 0,
                                    "operator_timing": 0.055625000000001965,
                                    "result_set_size": 4984209612,
                                    "children": [
                                        {
                                            "result_set_size": 4984209612,
                                            "operator_timing": 1.615884999999983,
                                            "operator_rows_scanned": 0,
                                            "cumulative_rows_scanned": 61199917697,
                                            "operator_cardinality": 46150089,
                                            "operator_type": "PROJECTION",
                                            "cumulative_cardinality": 2781778003,
                                            "cpu_time": 7213.391746993747,
                                            "operator_name": "PROJECTION",
                                            "extra_info": {
                                                "Projections": [
                                                    "#0",
                                                    "#1",
                                                    "#2",
                                                    "__internal_decompress_string(#3)",
                                                    "__internal_decompress_string(#4)",
                                                    "#5",
                                                    "#6",
                                                    "#7"
                                                ],
                                                "Estimated Cardinality": "150000000"
                                            },
                                            "children": [
                                                {
                                                    "operator_name": "HASH_GROUP_BY",
                                                    "cpu_time": 7211.775861993747,
                                                    "extra_info": {
                                                        "Groups": [
                                                            "#0",
                                                            "#1",
                                                            "#2",
                                                            "#3",
                                                            "#4",
                                                            "#5",
                                                            "#6"
                                                        ],
                                                        "Aggregates": "sum(#7)",
                                                        "Estimated Cardinality": "150000000"
                                                    },
                                                    "cumulative_cardinality": 2735627914,
                                                    "operator_type": "HASH_GROUP_BY",
                                                    "operator_cardinality": 46150089,
                                                    "cumulative_rows_scanned": 61199917697,
                                                    "operator_rows_scanned": 0,
                                                    "operator_timing": 3149.488693999428,
                                                    "result_set_size": 4984209612,
                                                    "children": [
                                                        {
                                                            "result_set_size": 14668326300,
                                                            "operator_timing": 23.398896999942217,
                                                            "operator_rows_scanned": 0,
                                                            "cumulative_rows_scanned": 61199917697,
                                                            "operator_cardinality": 146683263,
                                                            "operator_type": "PROJECTION",
                                                            "cumulative_cardinality": 2689477825,
                                                            "cpu_time": 4062.2871679943187,
                                                            "operator_name": "PROJECTION",
                                                            "extra_info": {
                                                                "Projections": [
                                                                    "c_custkey",
                                                                    "c_name",
                                                                    "c_acctbal",
                                                                    "c_phone",
                                                                    "n_name",
                                                                    "c_address",
                                                                    "c_comment",
                                                                    "(l_extendedprice * (1.00 - l_discount))"
                                                                ],
                                                                "Estimated Cardinality": "540048430"
                                                            },
                                                            "children": [
                                                                {
                                                                    "operator_name": "PROJECTION",
                                                                    "cpu_time": 4038.8882709943764,
                                                                    "extra_info": {
                                                                        "Projections": [
                                                                            "#0",
                                                                            "#1",
                                                                            "#2",
                                                                            "#3",
                                                                            "#4",
                                                                            "__internal_compress_string_hugeint(#5)",
                                                                            "#6",
                                                                            "#7",
                                                                            "__internal_compress_string_hugeint(#8)"
                                                                        ],
                                                                        "Estimated Cardinality": "540048430"
                                                                    },
                                                                    "cumulative_cardinality": 2542794562,
                                                                    "operator_type": "PROJECTION",
                                                                    "operator_cardinality": 146683263,
                                                                    "cumulative_rows_scanned": 61199917697,
                                                                    "operator_rows_scanned": 0,
                                                                    "operator_timing": 11.990362999954577,
                                                                    "result_set_size": 15841792404,
                                                                    "children": [
                                                                        {
                                                                            "result_set_size": 15841792404,
                                                                            "operator_timing": 14.271352999955612,
                                                                            "operator_rows_scanned": 0,
                                                                            "cumulative_rows_scanned": 61199917697,
                                                                            "operator_cardinality": 146683263,
                                                                            "operator_type": "PROJECTION",
                                                                            "cumulative_cardinality": 2396111299,
                                                                            "cpu_time": 4026.897907994422,
                                                                            "operator_name": "PROJECTION",
                                                                            "extra_info": {
                                                                                "Projections": [
                                                                                    "#0",
                                                                                    "#1",
                                                                                    "#2",
                                                                                    "#3",
                                                                                    "#4",
                                                                                    "__internal_decompress_string(#5)",
                                                                                    "#6",
                                                                                    "#7",
                                                                                    "__internal_decompress_string(#8)"
                                                                                ],
                                                                                "Estimated Cardinality": "540048430"
                                                                            },
                                                                            "children": [
                                                                                {
                                                                                    "operator_name": "HASH_JOIN",
                                                                                    "cpu_time": 4012.6265549944665,
                                                                                    "extra_info": {
                                                                                        "Join Type": "INNER",
                                                                                        "Conditions": "l_orderkey = o_orderkey",
                                                                                        "Estimated Cardinality": "540048430"
                                                                                    },
                                                                                    "cumulative_cardinality": 2249428036,
                                                                                    "operator_type": "HASH_JOIN",
                                                                                    "operator_cardinality": 146683263,
                                                                                    "cumulative_rows_scanned": 61199917697,
                                                                                    "operator_rows_scanned": 0,
                                                                                    "operator_timing": 1771.4969309989867,
                                                                                    "result_set_size": 15841792404,
                                                                                    "children": [
                                                                                        {
                                                                                            "result_set_size": 29613504000,
                                                                                            "operator_timing": 1524.0318179955148,
                                                                                            "operator_rows_scanned": 47999917672,
                                                                                            "cumulative_rows_scanned": 47999917672,
                                                                                            "operator_cardinality": 1480675200,
                                                                                            "operator_type": "TABLE_SCAN",
                                                                                            "cumulative_cardinality": 1480675200,
                                                                                            "cpu_time": 1524.0318179955148,
                                                                                            "operator_name": "SEQ_SCAN ",
                                                                                            "extra_info": {
                                                                                                "Table": "lineitem",
                                                                                                "Type": "Sequential Scan",
                                                                                                "Projections": [
                                                                                                    "l_orderkey",
                                                                                                    "l_extendedprice",
                                                                                                    "l_discount"
                                                                                                ],
                                                                                                "Filters": "l_returnflag='R'",
                                                                                                "Estimated Cardinality": "1999996570"
                                                                                            },
                                                                                            "children": []
                                                                                        },
                                                                                        {
                                                                                            "result_set_size": 5506225728,
                                                                                            "operator_timing": 3.6829729999999734,
                                                                                            "operator_rows_scanned": 0,
                                                                                            "cumulative_rows_scanned": 13200000025,
                                                                                            "operator_cardinality": 57356518,
                                                                                            "operator_type": "PROJECTION",
                                                                                            "cumulative_cardinality": 622069573,
                                                                                            "cpu_time": 717.0978059999652,
                                                                                            "operator_name": "PROJECTION",
                                                                                            "extra_info": {
                                                                                                "Projections": [
                                                                                                    "#0",
                                                                                                    "#1",
                                                                                                    "#2",
                                                                                                    "__internal_compress_string_hugeint(#3)",
                                                                                                    "#4",
                                                                                                    "#5",
                                                                                                    "__internal_compress_string_hugeint(#6)",
                                                                                                    "#7"
                                                                                                ],
                                                                                                "Estimated Cardinality": "214361657"
                                                                                            },
                                                                                            "children": [
                                                                                                {
                                                                                                    "operator_name": "HASH_JOIN",
                                                                                                    "cpu_time": 713.4148329999653,
                                                                                                    "extra_info": {
                                                                                                        "Join Type": "INNER",
                                                                                                        "Conditions": "c_custkey = o_custkey",
                                                                                                        "Estimated Cardinality": "214361657"
                                                                                                    },
                                                                                                    "cumulative_cardinality": 564713055,
                                                                                                    "operator_type": "HASH_JOIN",
                                                                                                    "operator_cardinality": 57356518,
                                                                                                    "cumulative_rows_scanned": 13200000025,
                                                                                                    "operator_rows_scanned": 0,
                                                                                                    "operator_timing": 198.45482500000455,
                                                                                                    "result_set_size": 5506225728,
                                                                                                    "children": [
                                                                                                        {
                                                                                                            "result_set_size": 13799999816,
                                                                                                            "operator_timing": 0.5681339999999953,
                                                                                                            "operator_rows_scanned": 0,
                                                                                                            "cumulative_rows_scanned": 1200000025,
                                                                                                            "operator_cardinality": 149999998,
                                                                                                            "operator_type": "FILTER",
                                                                                                            "cumulative_cardinality": 450000019,
                                                                                                            "cpu_time": 225.30833400000012,
                                                                                                            "operator_name": "FILTER",
                                                                                                            "extra_info": {
                                                                                                                "Expression": "(c_custkey <= 149999999)",
                                                                                                                "Estimated Cardinality": "144230769"
                                                                                                            },
                                                                                                            "children": [
                                                                                                                {
                                                                                                                    "operator_name": "HASH_JOIN",
                                                                                                                    "cpu_time": 224.74020000000013,
                                                                                                                    "extra_info": {
                                                                                                                        "Join Type": "INNER",
                                                                                                                        "Conditions": "c_nationkey = n_nationkey",
                                                                                                                        "Estimated Cardinality": "144230769"
                                                                                                                    },
                                                                                                                    "cumulative_cardinality": 300000021,
                                                                                                                    "operator_type": "HASH_JOIN",
                                                                                                                    "operator_cardinality": 149999998,
                                                                                                                    "cumulative_rows_scanned": 1200000025,
                                                                                                                    "operator_rows_scanned": 0,
                                                                                                                    "operator_timing": 0.9765339999999606,
                                                                                                                    "result_set_size": 13799999816,
                                                                                                                    "children": [
                                                                                                                        {
                                                                                                                            "result_set_size": 11999999840,
                                                                                                                            "operator_timing": 223.76006200000018,
                                                                                                                            "operator_rows_scanned": 1200000000,
                                                                                                                            "cumulative_rows_scanned": 1200000000,
                                                                                                                            "operator_cardinality": 149999998,
                                                                                                                            "operator_type": "TABLE_SCAN",
                                                                                                                            "cumulative_cardinality": 149999998,
                                                                                                                            "cpu_time": 223.76006200000018,
                                                                                                                            "operator_name": "SEQ_SCAN ",
                                                                                                                            "extra_info": {
                                                                                                                                "Table": "customer",
                                                                                                                                "Type": "Sequential Scan",
                                                                                                                                "Projections": [
                                                                                                                                    "c_custkey",
                                                                                                                                    "c_nationkey",
                                                                                                                                    "c_name",
                                                                                                                                    "c_acctbal",
                                                                                                                                    "c_phone",
                                                                                                                                    "c_address",
                                                                                                                                    "c_comment"
                                                                                                                                ],
                                                                                                                                "Estimated Cardinality": "150000000"
                                                                                                                            },
                                                                                                                            "children": []
                                                                                                                        },
                                                                                                                        {
                                                                                                                            "result_set_size": 500,
                                                                                                                            "operator_timing": 0.003604,
                                                                                                                            "operator_rows_scanned": 25,
                                                                                                                            "cumulative_rows_scanned": 25,
                                                                                                                            "operator_cardinality": 25,
                                                                                                                            "operator_type": "TABLE_SCAN",
                                                                                                                            "cumulative_cardinality": 25,
                                                                                                                            "cpu_time": 0.003604,
                                                                                                                            "operator_name": "SEQ_SCAN ",
                                                                                                                            "extra_info": {
                                                                                                                                "Table": "nation",
                                                                                                                                "Type": "Sequential Scan",
                                                                                                                                "Projections": [
                                                                                                                                    "n_nationkey",
                                                                                                                                    "n_name"
                                                                                                                                ],
                                                                                                                                "Estimated Cardinality": "25"
                                                                                                                            },
                                                                                                                            "children": []
                                                                                                                        }
                                                                                                                    ]
                                                                                                                }
                                                                                                            ]
                                                                                                        },
                                                                                                        {
                                                                                                            "result_set_size": 458852144,
                                                                                                            "operator_timing": 289.65167399996056,
                                                                                                            "operator_rows_scanned": 12000000000,
                                                                                                            "cumulative_rows_scanned": 12000000000,
                                                                                                            "operator_cardinality": 57356518,
                                                                                                            "operator_type": "TABLE_SCAN",
                                                                                                            "cumulative_cardinality": 57356518,
                                                                                                            "cpu_time": 289.65167399996056,
                                                                                                            "operator_name": "SEQ_SCAN ",
                                                                                                            "extra_info": {
                                                                                                                "Table": "orders",
                                                                                                                "Type": "Sequential Scan",
                                                                                                                "Projections": [
                                                                                                                    "o_custkey",
                                                                                                                    "o_orderkey"
                                                                                                                ],
                                                                                                                "Filters": "o_orderdate>='1994-11-01'::DATE AND o_orderdate<'1995-02-01'::DATE",
                                                                                                                "Estimated Cardinality": "300000000"
                                                                                                            },
                                                                                                            "children": []
                                                                                                        }
                                                                                                    ]
                                                                                                }
                                                                                            ]
                                                                                        }
                                                                                    ]
                                                                                }
                                                                            ]
                                                                        }
                                                                    ]
                                                                }
                                                            ]
                                                        }
                                                    ]
                                                }
                                            ]
                                        }
                                    ]
                                }
                            ]
                        }
                    ]
                }
            ]
        }
    ]
}