{
    "result_set_size": 68,
    "cumulative_rows_scanned": 48079917672,
    "cumulative_cardinality": 498792277,
    "extra_info": {},
    "cpu_time": 1407.5414560018212,
    "blocked_thread_time": 0.0,
    "rows_returned": 1,
    "query_name": "with revenue0 as (select\n\t\tl_suppkey supplier_no,\n\t\tsum(l_extendedprice * (1 - l_discount)) total_revenue\n\tfrom\n\t\tlineitem\n\twhere\n\t\tl_shipdate >= date '1996-11-01'\n\t\tand l_shipdate < date '1996-11-01' + interval '3' month\n\tgroup by\n\t\tl_suppkey)\nselect\n\ts_suppkey,\n\ts_name,\n\ts_address,\n\ts_phone,\n\ttotal_revenue\nfrom\n\tsupplier,\n\trevenue0\nwhere\n\ts_suppkey = supplier_no\n\tand total_revenue = (\n\t\tselect\n\t\t\tmax(total_revenue)\n\t\tfrom\n\t\t\trevenue0\n\t)\norder by\n\ts_suppkey;",
    "latency": 189.741951,
    "children": [
        {
            "result_set_size": 68,
            "operator_timing": 0.000009,
            "operator_rows_scanned": 0,
            "cumulative_rows_scanned": 48079917672,
            "operator_cardinality": 1,
            "operator_type": "PROJECTION",
            "cumulative_cardinality": 498792277,
            "cpu_time": 1407.5414560018212,
            "operator_name": "PROJECTION",
            "extra_info": {
                "Projections": [
                    "#0",
                    "#1",
                    "#2",
                    "__internal_decompress_string(#3)",
                    "#4"
                ],
                "Estimated Cardinality": "8076150"
            },
            "children": [
                {
                    "operator_name": "ORDER_BY",
                    "cpu_time": 1407.541447001821,
                    "extra_info": {
                        "Order By": "tpch.main.supplier.s_suppkey ASC"
                    },
                    "cumulative_cardinality": 498792276,
                    "operator_type": "ORDER_BY",
                    "operator_cardinality": 1,
                    "cumulative_rows_scanned": 48079917672,
                    "operator_rows_scanned": 0,
                    "operator_timing": 0.002269,
                    "result_set_size": 68,
                    "children": [
                        {
                            "result_set_size": 68,
                            "operator_timing": 0.000832,
                            "operator_rows_scanned": 0,
                            "cumulative_rows_scanned": 48079917672,
                            "operator_cardinality": 1,
                            "operator_type": "PROJECTION",
                            "cumulative_cardinality": 498792275,
                            "cpu_time": 1407.539178001821,
                            "operator_name": "PROJECTION",
                            "extra_info": {
                                "Projections": [
                                    "#0",
                                    "#1",
                                    "#2",
                                    "__internal_compress_string_hugeint(#3)",
                                    "#4"
                                ],
                                "Estimated Cardinality": "8076150"
                            },
                            "children": [
                                {
                                    "operator_name": "PROJECTION",
                                    "cpu_time": 1407.538346001821,
                                    "extra_info": {
                                        "Projections": [
                                            "s_suppkey",
                                            "s_name",
                                            "s_address",
                                            "s_phone",
                                            "total_revenue"
                                        ],
                                        "Estimated Cardinality": "8076150"
                                    },
                                    "cumulative_cardinality": 498792274,
                                    "operator_type": "PROJECTION",
                                    "operator_cardinality": 1,
                                    "cumulative_rows_scanned": 48079917672,
                                    "operator_rows_scanned": 0,
                                    "operator_timing": 0.000001,
                                    "result_set_size": 68,
                                    "children": [
                                        {
                                            "result_set_size": 0,
                                            "operator_timing": 0.13929200000000008,
                                            "operator_rows_scanned": 0,
                                            "cumulative_rows_scanned": 48079917672,
                                            "operator_cardinality": 0,
                                            "operator_type": "CTE",
                                            "cumulative_cardinality": 498792273,
                                            "cpu_time": 1407.538345001821,
                                            "operator_name": "CTE",
                                            "extra_info": {
                                                "CTE Name": "revenue0",
                                                "Table Index": "0"
                                            },
                                            "children": [
                                                {
                                                    "operator_name": "HASH_GROUP_BY",
                                                    "cpu_time": 1407.043606001821,
                                                    "extra_info": {
                                                        "Groups": "#0",
                                                        "Aggregates": "sum_no_overflow(#1)",
                                                        "Estimated Cardinality": "8076150"
                                                    },
                                                    "cumulative_cardinality": 468792266,
                                                    "operator_type": "HASH_GROUP_BY",
                                                    "operator_cardinality": 10000000,
                                                    "cumulative_rows_scanned": 47999917672,
                                                    "operator_rows_scanned": 0,
                                                    "operator_timing": 252.9746249997079,
                                                    "result_set_size": 200000000,
                                                    "children": [
                                                        {
                                                            "result_set_size": 2752753596,
                                                            "operator_timing": 11.572074999948452,
                                                            "operator_rows_scanned": 0,
                                                            "cumulative_rows_scanned": 47999917672,
                                                            "operator_cardinality": 229396133,
                                                            "operator_type": "PROJECTION",
                                                            "cumulative_cardinality": 458792266,
                                                            "cpu_time": 1154.068981002113,
                                                            "operator_name": "PROJECTION",
                                                            "extra_info": {
                                                                "Projections": [
                                                                    "l_suppkey",
                                                                    "(l_extendedprice * (1.00 - l_discount))"
                                                                ],
                                                                "Estimated Cardinality": "1199997941"
                                                            },
                                                            "children": [
                                                                {
                                                                    "operator_name": "SEQ_SCAN ",
                                                                    "cpu_time": 1142.4969060021647,
                                                                    "extra_info": {
                                                                        "Table": "lineitem",
                                                                        "Type": "Sequential Scan",
                                                                        "Projections": [
                                                                            "l_suppkey",
                                                                            "l_extendedprice",
                                                                            "l_discount"
                                                                        ],
                                                                        "Filters": "l_shipdate>='1996-11-01'::DATE AND l_shipdate<'1997-02-01'::DATE",
                                                                        "Estimated Cardinality": "1199997941"
                                                                    },
                                                                    "cumulative_cardinality": 229396133,
                                                                    "operator_type": "TABLE_SCAN",
                                                                    "operator_cardinality": 229396133,
                                                                    "cumulative_rows_scanned": 47999917672,
                                                                    "operator_rows_scanned": 47999917672,
                                                                    "operator_timing": 1142.4969060021647,
                                                                    "result_set_size": 4587922660,
                                                                    "children": []
                                                                }
                                                            ]
                                                        }
                                                    ]
                                                },
                                                {
                                                    "operator_name": "HASH_JOIN",
                                                    "cpu_time": 0.355447,
                                                    "extra_info": {
                                                        "Join Type": "INNER",
                                                        "Conditions": "s_suppkey = supplier_no",
                                                        "Estimated Cardinality": "4628"
                                                    },
                                                    "cumulative_cardinality": 30000007,
                                                    "operator_type": "HASH_JOIN",
                                                    "operator_cardinality": 1,
                                                    "cumulative_rows_scanned": 80000000,
                                                    "operator_rows_scanned": 0,
                                                    "operator_timing": 0.0015059999999999997,
                                                    "result_set_size": 88,
                                                    "children": [
                                                        {
                                                            "result_set_size": 52,
                                                            "operator_timing": 0.010809,
                                                            "operator_rows_scanned": 80000000,
                                                            "cumulative_rows_scanned": 80000000,
                                                            "operator_cardinality": 1,
                                                            "operator_type": "TABLE_SCAN",
                                                            "cumulative_cardinality": 1,
                                                            "cpu_time": 0.010809,
                                                            "operator_name": "SEQ_SCAN ",
                                                            "extra_info": {
                                                                "Table": "supplier",
                                                                "Type": "Sequential Scan",
                                                                "Projections": "",
                                                                "Estimated Cardinality": "10000000"
                                                            },
                                                            "children": []
                                                        },
                                                        {
                                                            "result_set_size": 36,
                                                            "operator_timing": 0.12531100000000006,
                                                            "operator_rows_scanned": 0,
                                                            "cumulative_rows_scanned": 0,
                                                            "operator_cardinality": 1,
                                                            "operator_type": "HASH_JOIN",
                                                            "cumulative_cardinality": 30000005,
                                                            "cpu_time": 0.343132,
                                                            "operator_name": "HASH_JOIN",
                                                            "extra_info": {
                                                                "Join Type": "INNER",
                                                                "Conditions": "total_revenue = SUBQUERY",
                                                                "Estimated Cardinality": "3488"
                                                            },
                                                            "children": [
                                                                {
                                                                    "operator_name": "CTE_SCAN",
                                                                    "cpu_time": 0.0507359999999999,
                                                                    "extra_info": {
                                                                        "CTE Index": "0",
                                                                        "Estimated Cardinality": "8076150"
                                                                    },
                                                                    "cumulative_cardinality": 10000000,
                                                                    "operator_type": "CTE_SCAN",
                                                                    "operator_cardinality": 10000000,
                                                                    "cumulative_rows_scanned": 0,
                                                                    "operator_rows_scanned": 0,
                                                                    "operator_timing": 0.0507359999999999,
                                                                    "result_set_size": 200000000,
                                                                    "children": []
                                                                },
                                                                {
                                                                    "operator_name": "PROJECTION",
                                                                    "cpu_time": 0.167085,
                                                                    "extra_info": {
                                                                        "Projections": [
                                                                            "CASE  WHEN ((#1 > 1)) THEN (error('More than one row returned by a subquery used as an expression - scalar subqueries can only return a single row.",
                                                                            "Use \"SET scalar_subquery_error_on_multiple_rows=false\" to revert to previous behavior of returning a random row.')) ELSE #0 END"
                                                                        ],
                                                                        "Estimated Cardinality": "1"
                                                                    },
                                                                    "cumulative_cardinality": 20000004,
                                                                    "operator_type": "PROJECTION",
                                                                    "operator_cardinality": 1,
                                                                    "cumulative_rows_scanned": 0,
                                                                    "operator_rows_scanned": 0,
                                                                    "operator_timing": 0.000374,
                                                                    "result_set_size": 16,
                                                                    "children": [
                                                                        {
                                                                            "result_set_size": 24,
                                                                            "operator_timing": 0.000006,
                                                                            "operator_rows_scanned": 0,
                                                                            "cumulative_rows_scanned": 0,
                                                                            "operator_cardinality": 1,
                                                                            "operator_type": "UNGROUPED_AGGREGATE",
                                                                            "cumulative_cardinality": 20000003,
                                                                            "cpu_time": 0.166711,
                                                                            "operator_name": "UNGROUPED_AGGREGATE",
                                                                            "extra_info": {
                                                                                "Aggregates": [
                                                                                    "\"first\"(#0)",
                                                                                    "count_star()"
                                                                                ]
                                                                            },
                                                                            "children": [
                                                                                {
                                                                                    "operator_name": "PROJECTION",
                                                                                    "cpu_time": 0.166705,
                                                                                    "extra_info": {
                                                                                        "Projections": "#0",
                                                                                        "Estimated Cardinality": "1"
                                                                                    },
                                                                                    "cumulative_cardinality": 20000002,
                                                                                    "operator_type": "PROJECTION",
                                                                                    "operator_cardinality": 1,
                                                                                    "cumulative_rows_scanned": 0,
                                                                                    "operator_rows_scanned": 0,
                                                                                    "operator_timing": 0.000001,
                                                                                    "result_set_size": 16,
                                                                                    "children": [
                                                                                        {
                                                                                            "result_set_size": 16,
                                                                                            "operator_timing": 0.032568000000000034,
                                                                                            "operator_rows_scanned": 0,
                                                                                            "cumulative_rows_scanned": 0,
                                                                                            "operator_cardinality": 1,
                                                                                            "operator_type": "UNGROUPED_AGGREGATE",
                                                                                            "cumulative_cardinality": 20000001,
                                                                                            "cpu_time": 0.166704,
                                                                                            "operator_name": "UNGROUPED_AGGREGATE",
                                                                                            "extra_info": {
                                                                                                "Aggregates": "max(#0)"
                                                                                            },
                                                                                            "children": [
                                                                                                {
                                                                                                    "operator_name": "PROJECTION",
                                                                                                    "cpu_time": 0.13413599999999995,
                                                                                                    "extra_info": {
                                                                                                        "Projections": "total_revenue",
                                                                                                        "Estimated Cardinality": "8076150"
                                                                                                    },
                                                                                                    "cumulative_cardinality": 20000000,
                                                                                                    "operator_type": "PROJECTION",
                                                                                                    "operator_cardinality": 10000000,
                                                                                                    "cumulative_rows_scanned": 0,
                                                                                                    "operator_rows_scanned": 0,
                                                                                                    "operator_timing": 0.003208000000000026,
                                                                                                    "result_set_size": 160000000,
                                                                                                    "children": [
                                                                                                        {
                                                                                                            "result_set_size": 200000000,
                                                                                                            "operator_timing": 0.13092799999999993,
                                                                                                            "operator_rows_scanned": 0,
                                                                                                            "cumulative_rows_scanned": 0,
                                                                                                            "operator_cardinality": 10000000,
                                                                                                            "operator_type": "CTE_SCAN",
                                                                                                            "cumulative_cardinality": 10000000,
                                                                                                            "cpu_time": 0.13092799999999993,
                                                                                                            "operator_name": "CTE_SCAN",
                                                                                                            "extra_info": {
                                                                                                                "CTE Index": "0",
                                                                                                                "Estimated Cardinality": "8076150"
                                                                                                            },
                                                                                                            "children": []
                                                                                                        }
                                                                                                    ]
                                                                                                }
                                                                                            ]
                                                                                        }
                                                                                    ]
                                                                                }
                                                                            ]
                                                                        }
                                                                    ]
                                                                }
                                                            ]
                                                        }
                                                    ]
                                                }
                                            ]
                                        }
                                    ]
                                }
                            ]
                        }
                    ]
                }
            ]
        }
    ]
}