{
    "result_set_size": 7000,
    "cumulative_rows_scanned": 68079917697,
    "cumulative_cardinality": 11467831307,
    "extra_info": {},
    "cpu_time": 5072.189106996381,
    "blocked_thread_time": 5.64,
    "rows_returned": 175,
    "query_name": "select\n\tnation,\n\to_year,\n\tsum(amount) as sum_profit\nfrom\n\t(\n\t\tselect\n\t\t\tn_name as nation,\n\t\t\textract(year from o_orderdate) as o_year,\n\t\t\tl_extendedprice * (1 - l_discount) - ps_supplycost * l_quantity as amount\n\t\tfrom\n\t\t\tpart,\n\t\t\tsupplier,\n\t\t\tlineitem,\n\t\t\tpartsupp,\n\t\t\torders,\n\t\t\tnation\n\t\twhere\n\t\t\ts_suppkey = l_suppkey\n\t\t\tand ps_suppkey = l_suppkey\n\t\t\tand ps_partkey = l_partkey\n\t\t\tand p_partkey = l_partkey\n\t\t\tand o_orderkey = l_orderkey\n\t\t\tand s_nationkey = n_nationkey\n\t\t\tand p_name like '%indian%'\n\t) as profit\ngroup by\n\tnation,\n\to_year\norder by\n\tnation,\n\to_year desc;",
    "latency": 677.785273,
    "children": [
        {
            "result_set_size": 7000,
            "operator_timing": 0.000031,
            "operator_rows_scanned": 0,
            "cumulative_rows_scanned": 68079917697,
            "operator_cardinality": 175,
            "operator_type": "PROJECTION",
            "cumulative_cardinality": 11467831307,
            "cpu_time": 5072.189106996381,
            "operator_name": "PROJECTION",
            "extra_info": {
                "Projections": [
                    "__internal_decompress_string(#0)",
                    "__internal_decompress_integral_bigint(#1, 1992)",
                    "#2"
                ],
                "Estimated Cardinality": "200000000"
            },
            "children": [
                {
                    "operator_name": "ORDER_BY",
                    "cpu_time": 5072.189075996382,
                    "extra_info": {
                        "Order By": [
                            "profit.nation ASC",
                            "profit.o_year DESC"
                        ]
                    },
                    "cumulative_cardinality": 11467831132,
                    "operator_type": "ORDER_BY",
                    "operator_cardinality": 175,
                    "cumulative_rows_scanned": 68079917697,
                    "operator_rows_scanned": 0,
                    "operator_timing": 0.03428099999999999,
                    "result_set_size": 5775,
                    "children": [
                        {
                            "result_set_size": 5775,
                            "operator_timing": 0.000042000000000000004,
                            "operator_rows_scanned": 0,
                            "cumulative_rows_scanned": 68079917697,
                            "operator_cardinality": 175,
                            "operator_type": "PROJECTION",
                            "cumulative_cardinality": 11467830957,
                            "cpu_time": 5072.1547949963815,
                            "operator_name": "PROJECTION",
                            "extra_info": {
                                "Projections": [
                                    "__internal_compress_string_hugeint(#0)",
                                    "__internal_compress_integral_utinyint(#1, 1992)",
                                    "#2"
                                ],
                                "Estimated Cardinality": "200000000"
                            },
                            "children": [
                                {
                                    "operator_name": "PROJECTION",
                                    "cpu_time": 5072.154752996382,
                                    "extra_info": {
                                        "Projections": [
                                            "__internal_decompress_string(#0)",
                                            "__internal_decompress_integral_bigint(#1, 1992)",
                                            "#2"
                                        ],
                                        "Estimated Cardinality": "200000000"
                                    },
                                    "cumulative_cardinality": 11467830782,
                                    "operator_type": "PROJECTION",
                                    "operator_cardinality": 175,
                                    "cumulative_rows_scanned": 68079917697,
                                    "operator_rows_scanned": 0,
                                    "operator_timing": 0.005090999999999999,
                                    "result_set_size": 7000,
                                    "children": [
                                        {
                                            "result_set_size": 5775,
                                            "operator_timing": 33.84885599999986,
                                            "operator_rows_scanned": 0,
                                            "cumulative_rows_scanned": 68079917697,
                                            "operator_cardinality": 175,
                                            "operator_type": "HASH_GROUP_BY",
                                            "cumulative_cardinality": 11467830607,
                                            "cpu_time": 5072.149661996382,
                                            "operator_name": "HASH_GROUP_BY",
                                            "extra_info": {
                                                "Groups": [
                                                    "#0",
                                                    "#1"
                                                ],
                                                "Aggregates": "sum(#2)",
                                                "Estimated Cardinality": "200000000"
                                            },
                                            "children": [
                                                {
                                                    "operator_name": "PROJECTION",
                                                    "cpu_time": 5038.300805996382,
                                                    "extra_info": {
                                                        "Projections": [
                                                            "nation",
                                                            "o_year",
                                                            "amount"
                                                        ],
                                                        "Estimated Cardinality": "2051464421"
                                                    },
                                                    "cumulative_cardinality": 11467830432,
                                                    "operator_type": "PROJECTION",
                                                    "operator_cardinality": 511321738,
                                                    "cumulative_rows_scanned": 68079917697,
                                                    "operator_rows_scanned": 0,
                                                    "operator_timing": 1.4891190000009755,
                                                    "result_set_size": 12783043450,
                                                    "children": [
                                                        {
                                                            "result_set_size": 12783043450,
                                                            "operator_timing": 19.325160999995493,
                                                            "operator_rows_scanned": 0,
                                                            "cumulative_rows_scanned": 68079917697,
                                                            "operator_cardinality": 511321738,
                                                            "operator_type": "PROJECTION",
                                                            "cumulative_cardinality": 10956508694,
                                                            "cpu_time": 5036.8116869963815,
                                                            "operator_name": "PROJECTION",
                                                            "extra_info": {
                                                                "Projections": [
                                                                    "__internal_compress_string_hugeint(#0)",
                                                                    "__internal_compress_integral_utinyint(#1, 1992)",
                                                                    "#2"
                                                                ],
                                                                "Estimated Cardinality": "2051464421"
                                                            },
                                                            "children": [
                                                                {
                                                                    "operator_name": "PROJECTION",
                                                                    "cpu_time": 5017.486525996386,
                                                                    "extra_info": {
                                                                        "Projections": [
                                                                            "nation",
                                                                            "o_year",
                                                                            "amount"
                                                                        ],
                                                                        "Estimated Cardinality": "2051464421"
                                                                    },
                                                                    "cumulative_cardinality": 10445186956,
                                                                    "operator_type": "PROJECTION",
                                                                    "operator_cardinality": 511321738,
                                                                    "cumulative_rows_scanned": 68079917697,
                                                                    "operator_rows_scanned": 0,
                                                                    "operator_timing": 26.468207999996622,
                                                                    "result_set_size": 16362295616,
                                                                    "children": [
                                                                        {
                                                                            "result_set_size": 26588730376,
                                                                            "operator_timing": 191.76892100000924,
                                                                            "operator_rows_scanned": 0,
                                                                            "cumulative_rows_scanned": 68079917697,
                                                                            "operator_cardinality": 511321738,
                                                                            "operator_type": "HASH_JOIN",
                                                                            "cumulative_cardinality": 9933865218,
                                                                            "cpu_time": 4991.01831799639,
                                                                            "operator_name": "HASH_JOIN",
                                                                            "extra_info": {
                                                                                "Join Type": "INNER",
                                                                                "Conditions": "l_suppkey = s_suppkey",
                                                                                "Estimated Cardinality": "2051464421"
                                                                            },
                                                                            "children": [
                                                                                {
                                                                                    "operator_name": "HASH_JOIN",
                                                                                    "cpu_time": 4798.741438996381,
                                                                                    "extra_info": {
                                                                                        "Join Type": "INNER",
                                                                                        "Conditions": "o_orderkey = l_orderkey",
                                                                                        "Estimated Cardinality": "574355058"
                                                                                    },
                                                                                    "cumulative_cardinality": 9402543455,
                                                                                    "operator_type": "HASH_JOIN",
                                                                                    "operator_cardinality": 511321738,
                                                                                    "cumulative_rows_scanned": 67999917672,
                                                                                    "operator_rows_scanned": 0,
                                                                                    "operator_timing": 1976.7375719996292,
                                                                                    "result_set_size": 20452869520,
                                                                                    "children": [
                                                                                        {
                                                                                            "result_set_size": 12000000000,
                                                                                            "operator_timing": 165.4562709999942,
                                                                                            "operator_rows_scanned": 12000000000,
                                                                                            "cumulative_rows_scanned": 12000000000,
                                                                                            "operator_cardinality": 1500000000,
                                                                                            "operator_type": "TABLE_SCAN",
                                                                                            "cumulative_cardinality": 1500000000,
                                                                                            "cpu_time": 165.4562709999942,
                                                                                            "operator_name": "SEQ_SCAN ",
                                                                                            "extra_info": {
                                                                                                "Table": "orders",
                                                                                                "Type": "Sequential Scan",
                                                                                                "Projections": [
                                                                                                    "o_orderkey",
                                                                                                    "o_orderdate"
                                                                                                ],
                                                                                                "Estimated Cardinality": "1500000000"
                                                                                            },
                                                                                            "children": []
                                                                                        },
                                                                                        {
                                                                                            "result_set_size": 13041158000,
                                                                                            "operator_timing": 1213.9636249954096,
                                                                                            "operator_rows_scanned": 0,
                                                                                            "cumulative_rows_scanned": 55999917672,
                                                                                            "operator_cardinality": 326028950,
                                                                                            "operator_type": "HASH_JOIN",
                                                                                            "cumulative_cardinality": 7391221717,
                                                                                            "cpu_time": 2656.547595996757,
                                                                                            "operator_name": "HASH_JOIN",
                                                                                            "extra_info": {
                                                                                                "Join Type": "INNER",
                                                                                                "Conditions": [
                                                                                                    "l_partkey = p_partkey",
                                                                                                    "l_suppkey = ps_suppkey"
                                                                                                ],
                                                                                                "Estimated Cardinality": "303971482"
                                                                                            },
                                                                                            "children": [
                                                                                                {
                                                                                                    "operator_name": "SEQ_SCAN ",
                                                                                                    "cpu_time": 1214.1372100013389,
                                                                                                    "extra_info": {
                                                                                                        "Table": "lineitem",
                                                                                                        "Type": "Sequential Scan",
                                                                                                        "Projections": [
                                                                                                            "l_suppkey",
                                                                                                            "l_partkey",
                                                                                                            "l_orderkey",
                                                                                                            "l_extendedprice",
                                                                                                            "l_discount",
                                                                                                            "l_quantity"
                                                                                                        ],
                                                                                                        "Estimated Cardinality": "5999989709"
                                                                                                    },
                                                                                                    "cumulative_cardinality": 5999988133,
                                                                                                    "operator_type": "TABLE_SCAN",
                                                                                                    "operator_cardinality": 5999988133,
                                                                                                    "cumulative_rows_scanned": 47999917672,
                                                                                                    "operator_rows_scanned": 47999917672,
                                                                                                    "operator_timing": 1214.1372100013389,
                                                                                                    "result_set_size": 215999572788,
                                                                                                    "children": []
                                                                                                },
                                                                                                {
                                                                                                    "operator_name": "HASH_JOIN",
                                                                                                    "cpu_time": 228.44676100000817,
                                                                                                    "extra_info": {
                                                                                                        "Join Type": "INNER",
                                                                                                        "Conditions": "ps_partkey = p_partkey",
                                                                                                        "Estimated Cardinality": "69739171"
                                                                                                    },
                                                                                                    "cumulative_cardinality": 1065204634,
                                                                                                    "operator_type": "HASH_JOIN",
                                                                                                    "operator_cardinality": 43469836,
                                                                                                    "cumulative_rows_scanned": 8000000000,
                                                                                                    "operator_rows_scanned": 0,
                                                                                                    "operator_timing": 45.43656600001384,
                                                                                                    "result_set_size": 695517376,
                                                                                                    "children": [
                                                                                                        {
                                                                                                            "result_set_size": 12799998080,
                                                                                                            "operator_timing": 122.90530499999427,
                                                                                                            "operator_rows_scanned": 6400000000,
                                                                                                            "cumulative_rows_scanned": 6400000000,
                                                                                                            "operator_cardinality": 799999880,
                                                                                                            "operator_type": "TABLE_SCAN",
                                                                                                            "cumulative_cardinality": 799999880,
                                                                                                            "cpu_time": 122.90530499999427,
                                                                                                            "operator_name": "SEQ_SCAN ",
                                                                                                            "extra_info": {
                                                                                                                "Table": "partsupp",
                                                                                                                "Type": "Sequential Scan",
                                                                                                                "Projections": [
                                                                                                                    "ps_suppkey",
                                                                                                                    "ps_partkey",
                                                                                                                    "ps_supplycost"
                                                                                                                ],
                                                                                                                "Estimated Cardinality": "800000000"
                                                                                                            },
                                                                                                            "children": []
                                                                                                        },
                                                                                                        {
                                                                                                            "result_set_size": 43469836,
                                                                                                            "operator_timing": 0.06275700000000528,
                                                                                                            "operator_rows_scanned": 0,
                                                                                                            "cumulative_rows_scanned": 1600000000,
                                                                                                            "operator_cardinality": 10867459,
                                                                                                            "operator_type": "PROJECTION",
                                                                                                            "cumulative_cardinality": 221734918,
                                                                                                            "cpu_time": 60.10489000000007,
                                                                                                            "operator_name": "PROJECTION",
                                                                                                            "extra_info": {
                                                                                                                "Projections": "#0",
                                                                                                                "Estimated Cardinality": "40000000"
                                                                                                            },
                                                                                                            "children": [
                                                                                                                {
                                                                                                                    "operator_name": "FILTER",
                                                                                                                    "cpu_time": 60.042133000000064,
                                                                                                                    "extra_info": {
                                                                                                                        "Expression": "contains(p_name, 'indian')",
                                                                                                                        "Estimated Cardinality": "40000000"
                                                                                                                    },
                                                                                                                    "cumulative_cardinality": 210867459,
                                                                                                                    "operator_type": "FILTER",
                                                                                                                    "operator_cardinality": 10867459,
                                                                                                                    "cumulative_rows_scanned": 1600000000,
                                                                                                                    "operator_rows_scanned": 0,
                                                                                                                    "operator_timing": 12.009723999999862,
                                                                                                                    "result_set_size": 217349180,
                                                                                                                    "children": [
                                                                                                                        {
                                                                                                                            "result_set_size": 4000000000,
                                                                                                                            "operator_timing": 48.0324090000002,
                                                                                                                            "operator_rows_scanned": 1600000000,
                                                                                                                            "cumulative_rows_scanned": 1600000000,
                                                                                                                            "operator_cardinality": 200000000,
                                                                                                                            "operator_type": "TABLE_SCAN",
                                                                                                                            "cumulative_cardinality": 200000000,
                                                                                                                            "cpu_time": 48.0324090000002,
                                                                                                                            "operator_name": "SEQ_SCAN ",
                                                                                                                            "extra_info": {
                                                                                                                                "Table": "part",
                                                                                                                                "Type": "Sequential Scan",
                                                                                                                                "Projections": [
                                                                                                                                    "p_partkey",
                                                                                                                                    "p_name"
                                                                                                                                ],
                                                                                                                                "Estimated Cardinality": "200000000"
                                                                                                                            },
                                                                                                                            "children": []
                                                                                                                        }
                                                                                                                    ]
                                                                                                                }
                                                                                                            ]
                                                                                                        }
                                                                                                    ]
                                                                                                }
                                                                                            ]
                                                                                        }
                                                                                    ]
                                                                                },
                                                                                {
                                                                                    "operator_name": "HASH_JOIN",
                                                                                    "cpu_time": 0.5079580000000015,
                                                                                    "extra_info": {
                                                                                        "Join Type": "INNER",
                                                                                        "Conditions": "s_nationkey = n_nationkey",
                                                                                        "Estimated Cardinality": "9615384"
                                                                                    },
                                                                                    "cumulative_cardinality": 20000025,
                                                                                    "operator_type": "HASH_JOIN",
                                                                                    "operator_cardinality": 10000000,
                                                                                    "cumulative_rows_scanned": 80000025,
                                                                                    "operator_rows_scanned": 0,
                                                                                    "operator_timing": 0.05372099999999971,
                                                                                    "result_set_size": 200000000,
                                                                                    "children": [
                                                                                        {
                                                                                            "result_set_size": 80000000,
                                                                                            "operator_timing": 0.45009300000000174,
                                                                                            "operator_rows_scanned": 80000000,
                                                                                            "cumulative_rows_scanned": 80000000,
                                                                                            "operator_cardinality": 10000000,
                                                                                            "operator_type": "TABLE_SCAN",
                                                                                            "cumulative_cardinality": 10000000,
                                                                                            "cpu_time": 0.45009300000000174,
                                                                                            "operator_name": "SEQ_SCAN ",
                                                                                            "extra_info": {
                                                                                                "Table": "supplier",
                                                                                                "Type": "Sequential Scan",
                                                                                                "Projections": [
                                                                                                    "s_suppkey",
                                                                                                    "s_nationkey"
                                                                                                ],
                                                                                                "Estimated Cardinality": "10000000"
                                                                                            },
                                                                                            "children": []
                                                                                        },
                                                                                        {
                                                                                            "result_set_size": 500,
                                                                                            "operator_timing": 0.004144,
                                                                                            "operator_rows_scanned": 25,
                                                                                            "cumulative_rows_scanned": 25,
                                                                                            "operator_cardinality": 25,
                                                                                            "operator_type": "TABLE_SCAN",
                                                                                            "cumulative_cardinality": 25,
                                                                                            "cpu_time": 0.004144,
                                                                                            "operator_name": "SEQ_SCAN ",
                                                                                            "extra_info": {
                                                                                                "Table": "nation",
                                                                                                "Type": "Sequential Scan",
                                                                                                "Projections": [
                                                                                                    "n_nationkey",
                                                                                                    "n_name"
                                                                                                ],
                                                                                                "Estimated Cardinality": "25"
                                                                                            },
                                                                                            "children": []
                                                                                        }
                                                                                    ]
                                                                                }
                                                                            ]
                                                                        }
                                                                    ]
                                                                }
                                                            ]
                                                        }
                                                    ]
                                                }
                                            ]
                                        }
                                    ]
                                }
                            ]
                        }
                    ]
                }
            ]
        }
    ]
}