{
    "result_set_size": 8,
    "cumulative_rows_scanned": 49599917672,
    "cumulative_cardinality": 424464001,
    "extra_info": {},
    "cpu_time": 1518.3709749964207,
    "blocked_thread_time": 0.42,
    "rows_returned": 1,
    "query_name": "select\n\t100.00 * sum(case\n\t\twhen p_type like 'PROMO%'\n\t\t\tthen l_extendedprice * (1 - l_discount)\n\t\telse 0\n\tend) / sum(l_extendedprice * (1 - l_discount)) as promo_revenue\nfrom\n\tlineitem,\n\tpart\nwhere\n\tl_partkey = p_partkey\n\tand l_shipdate >= date '1993-04-01'\n\tand l_shipdate < date '1993-04-01' + interval '1' month;",
    "latency": 215.91969,
    "children": [
        {
            "result_set_size": 8,
            "operator_timing": 0.00004,
            "operator_rows_scanned": 0,
            "cumulative_rows_scanned": 49599917672,
            "operator_cardinality": 1,
            "operator_type": "PROJECTION",
            "cumulative_cardinality": 424464001,
            "cpu_time": 1518.3709749964207,
            "operator_name": "PROJECTION",
            "extra_info": {
                "Projections": "promo_revenue",
                "Estimated Cardinality": "1"
            },
            "children": [
                {
                    "operator_name": "UNGROUPED_AGGREGATE",
                    "cpu_time": 1518.3709349964208,
                    "extra_info": {
                        "Aggregates": [
                            "sum(#0)",
                            "sum(#1)"
                        ]
                    },
                    "cumulative_cardinality": 424464000,
                    "operator_type": "UNGROUPED_AGGREGATE",
                    "operator_cardinality": 1,
                    "cumulative_rows_scanned": 49599917672,
                    "operator_rows_scanned": 0,
                    "operator_timing": 4.134224999972042,
                    "result_set_size": 32,
                    "children": [
                        {
                            "result_set_size": 1197141328,
                            "operator_timing": 102.94421699971349,
                            "operator_rows_scanned": 0,
                            "cumulative_rows_scanned": 49599917672,
                            "operator_cardinality": 74821333,
                            "operator_type": "PROJECTION",
                            "cumulative_cardinality": 424463999,
                            "cpu_time": 1514.2367099964488,
                            "operator_name": "PROJECTION",
                            "extra_info": {
                                "Projections": [
                                    "CASE  WHEN (prefix(p_type, 'PROMO')) THEN ((l_extendedprice * (1.00 - l_discount))) ELSE 0.0000 END",
                                    "(l_extendedprice * (1.00 - l_discount))"
                                ],
                                "Estimated Cardinality": "523042889"
                            },
                            "children": [
                                {
                                    "operator_name": "HASH_JOIN",
                                    "cpu_time": 1411.2924929967353,
                                    "extra_info": {
                                        "Join Type": "INNER",
                                        "Conditions": "l_partkey = p_partkey",
                                        "Estimated Cardinality": "523042889"
                                    },
                                    "cumulative_cardinality": 349642666,
                                    "operator_type": "HASH_JOIN",
                                    "operator_cardinality": 74821333,
                                    "cumulative_rows_scanned": 49599917672,
                                    "operator_rows_scanned": 0,
                                    "operator_timing": 408.95541399978276,
                                    "result_set_size": 2394282656,
                                    "children": [
                                        {
                                            "result_set_size": 1496426660,
                                            "operator_timing": 987.2299139969524,
                                            "operator_rows_scanned": 47999917672,
                                            "cumulative_rows_scanned": 47999917672,
                                            "operator_cardinality": 74821333,
                                            "operator_type": "TABLE_SCAN",
                                            "cumulative_cardinality": 74821333,
                                            "cpu_time": 987.2299139969524,
                                            "operator_name": "SEQ_SCAN ",
                                            "extra_info": {
                                                "Table": "lineitem",
                                                "Type": "Sequential Scan",
                                                "Projections": [
                                                    "l_partkey",
                                                    "l_extendedprice",
                                                    "l_discount"
                                                ],
                                                "Filters": "l_shipdate>='1993-04-01'::DATE AND l_shipdate<'1993-05-01'::DATE",
                                                "Estimated Cardinality": "1199997941"
                                            },
                                            "children": []
                                        },
                                        {
                                            "result_set_size": 4000000000,
                                            "operator_timing": 15.107165000000016,
                                            "operator_rows_scanned": 1600000000,
                                            "cumulative_rows_scanned": 1600000000,
                                            "operator_cardinality": 200000000,
                                            "operator_type": "TABLE_SCAN",
                                            "cumulative_cardinality": 200000000,
                                            "cpu_time": 15.107165000000016,
                                            "operator_name": "SEQ_SCAN ",
                                            "extra_info": {
                                                "Table": "part",
                                                "Type": "Sequential Scan",
                                                "Projections": [
                                                    "p_partkey",
                                                    "p_type"
                                                ],
                                                "Estimated Cardinality": "200000000"
                                            },
                                            "children": []
                                        }
                                    ]
                                }
                            ]
                        }
                    ]
                }
            ]
        }
    ]
}