{
    "result_set_size": 8,
    "cumulative_rows_scanned": 97599835344,
    "cumulative_cardinality": 12026263288,
    "extra_info": {},
    "cpu_time": 2204.994433001342,
    "blocked_thread_time": 0.02,
    "rows_returned": 1,
    "query_name": "select\n\tsum(l_extendedprice) / 7.0 as avg_yearly\nfrom\n\tlineitem,\n\tpart\nwhere\n\tp_partkey = l_partkey\n\tand p_brand = 'Brand#12'\n\tand p_container = 'SM CAN'\n\tand l_quantity < (\n\t\tselect\n\t\t\t0.2 * avg(l_quantity)\n\t\tfrom\n\t\t\tlineitem\n\t\twhere\n\t\t\tl_partkey = p_partkey\n\t);",
    "latency": 293.226039,
    "children": [
        {
            "result_set_size": 8,
            "operator_timing": 0.00119,
            "operator_rows_scanned": 0,
            "cumulative_rows_scanned": 97599835344,
            "operator_cardinality": 1,
            "operator_type": "PROJECTION",
            "cumulative_cardinality": 12026263288,
            "cpu_time": 2204.994433001342,
            "operator_name": "PROJECTION",
            "extra_info": {
                "Projections": "avg_yearly",
                "Estimated Cardinality": "1"
            },
            "children": [
                {
                    "operator_name": "UNGROUPED_AGGREGATE",
                    "cpu_time": 2204.993243001342,
                    "extra_info": {
                        "Aggregates": "sum(#0)"
                    },
                    "cumulative_cardinality": 12026263287,
                    "operator_type": "UNGROUPED_AGGREGATE",
                    "operator_cardinality": 1,
                    "cumulative_rows_scanned": 97599835344,
                    "operator_rows_scanned": 0,
                    "operator_timing": 0.020849000000000072,
                    "result_set_size": 16,
                    "children": [
                        {
                            "result_set_size": 4203168,
                            "operator_timing": 0.002450000000000007,
                            "operator_rows_scanned": 0,
                            "cumulative_rows_scanned": 97599835344,
                            "operator_cardinality": 525396,
                            "operator_type": "PROJECTION",
                            "cumulative_cardinality": 12026263286,
                            "cpu_time": 2204.972394001342,
                            "operator_name": "PROJECTION",
                            "extra_info": {
                                "Projections": "l_extendedprice",
                                "Estimated Cardinality": "198818219"
                            },
                            "children": [
                                {
                                    "operator_name": "PROJECTION",
                                    "cpu_time": 2204.969944001342,
                                    "extra_info": {
                                        "Projections": "#2",
                                        "Estimated Cardinality": "198818219"
                                    },
                                    "cumulative_cardinality": 12025737890,
                                    "operator_type": "PROJECTION",
                                    "operator_cardinality": 525396,
                                    "cumulative_rows_scanned": 97599835344,
                                    "operator_rows_scanned": 0,
                                    "operator_timing": 0.003281000000000025,
                                    "result_set_size": 4203168,
                                    "children": [
                                        {
                                            "result_set_size": 12609504,
                                            "operator_timing": 0.18175399999999992,
                                            "operator_rows_scanned": 0,
                                            "cumulative_rows_scanned": 97599835344,
                                            "operator_cardinality": 525396,
                                            "operator_type": "FILTER",
                                            "cumulative_cardinality": 12025212494,
                                            "cpu_time": 2204.966663001342,
                                            "operator_name": "FILTER",
                                            "extra_info": {
                                                "Expression": "(CAST(l_quantity AS DOUBLE) < SUBQUERY)",
                                                "Estimated Cardinality": "198818219"
                                            },
                                            "children": [
                                                {
                                                    "operator_name": "RIGHT_DELIM_JOIN",
                                                    "cpu_time": 2204.784909001342,
                                                    "extra_info": {
                                                        "Join Type": "RIGHT",
                                                        "Conditions": "p_partkey IS NOT DISTINCT FROM p_partkey",
                                                        "Estimated Cardinality": "198818219",
                                                        "Delim Index": "1"
                                                    },
                                                    "cumulative_cardinality": 12024687098,
                                                    "operator_type": "RIGHT_DELIM_JOIN",
                                                    "operator_cardinality": 0,
                                                    "cumulative_rows_scanned": 97599835344,
                                                    "operator_rows_scanned": 0,
                                                    "operator_timing": 3.539704,
                                                    "result_set_size": 0,
                                                    "children": [
                                                        {
                                                            "result_set_size": 143976360,
                                                            "operator_timing": 299.25634699981913,
                                                            "operator_rows_scanned": 0,
                                                            "cumulative_rows_scanned": 49599917672,
                                                            "operator_cardinality": 5999015,
                                                            "operator_type": "HASH_JOIN",
                                                            "cumulative_cardinality": 6006144675,
                                                            "cpu_time": 1547.65239200108,
                                                            "operator_name": "HASH_JOIN",
                                                            "extra_info": {
                                                                "Join Type": "INNER",
                                                                "Conditions": "l_partkey = p_partkey",
                                                                "Estimated Cardinality": "60818943"
                                                            },
                                                            "children": [
                                                                {
                                                                    "operator_name": "SEQ_SCAN ",
                                                                    "cpu_time": 1235.09916600126,
                                                                    "extra_info": {
                                                                        "Table": "lineitem",
                                                                        "Type": "Sequential Scan",
                                                                        "Projections": [
                                                                            "l_partkey",
                                                                            "l_quantity",
                                                                            "l_extendedprice"
                                                                        ],
                                                                        "Estimated Cardinality": "5999989709"
                                                                    },
                                                                    "cumulative_cardinality": 5999945801,
                                                                    "operator_type": "TABLE_SCAN",
                                                                    "operator_cardinality": 5999945801,
                                                                    "cumulative_rows_scanned": 47999917672,
                                                                    "operator_rows_scanned": 47999917672,
                                                                    "operator_timing": 1235.09916600126,
                                                                    "result_set_size": 119998916020,
                                                                    "children": []
                                                                },
                                                                {
                                                                    "operator_name": "SEQ_SCAN ",
                                                                    "cpu_time": 13.296879000000951,
                                                                    "extra_info": {
                                                                        "Table": "part",
                                                                        "Type": "Sequential Scan",
                                                                        "Projections": "p_partkey",
                                                                        "Filters": [
                                                                            "p_brand='Brand#12'",
                                                                            "p_container='SM CAN'"
                                                                        ],
                                                                        "Estimated Cardinality": "4651163"
                                                                    },
                                                                    "cumulative_cardinality": 199859,
                                                                    "operator_type": "TABLE_SCAN",
                                                                    "operator_cardinality": 199859,
                                                                    "cumulative_rows_scanned": 1600000000,
                                                                    "operator_rows_scanned": 1600000000,
                                                                    "operator_timing": 13.296879000000951,
                                                                    "result_set_size": 799436,
                                                                    "children": []
                                                                }
                                                            ]
                                                        },
                                                        {
                                                            "result_set_size": 143976360,
                                                            "operator_timing": 1.1631810000000002,
                                                            "operator_rows_scanned": 0,
                                                            "cumulative_rows_scanned": 47999917672,
                                                            "operator_cardinality": 5999015,
                                                            "operator_type": "HASH_JOIN",
                                                            "cumulative_cardinality": 6018342564,
                                                            "cpu_time": 653.015573000262,
                                                            "operator_name": "HASH_JOIN",
                                                            "extra_info": {
                                                                "Join Type": "RIGHT",
                                                                "Conditions": "p_partkey IS NOT DISTINCT FROM p_partkey",
                                                                "Estimated Cardinality": "198818219"
                                                            },
                                                            "children": [
                                                                {
                                                                    "operator_name": "PROJECTION",
                                                                    "cpu_time": 651.852392000262,
                                                                    "extra_info": {
                                                                        "Projections": [
                                                                            "(0.2 * avg(l_quantity))",
                                                                            "p_partkey"
                                                                        ],
                                                                        "Estimated Cardinality": "198818219"
                                                                    },
                                                                    "cumulative_cardinality": 6012343549,
                                                                    "operator_type": "PROJECTION",
                                                                    "operator_cardinality": 199859,
                                                                    "cumulative_rows_scanned": 47999917672,
                                                                    "operator_rows_scanned": 0,
                                                                    "operator_timing": 0.0032479999999999996,
                                                                    "result_set_size": 2398308,
                                                                    "children": [
                                                                        {
                                                                            "result_set_size": 2398308,
                                                                            "operator_timing": 1.812142,
                                                                            "operator_rows_scanned": 0,
                                                                            "cumulative_rows_scanned": 47999917672,
                                                                            "operator_cardinality": 199859,
                                                                            "operator_type": "HASH_GROUP_BY",
                                                                            "cumulative_cardinality": 6012143690,
                                                                            "cpu_time": 651.849144000262,
                                                                            "operator_name": "HASH_GROUP_BY",
                                                                            "extra_info": {
                                                                                "Groups": "#0",
                                                                                "Aggregates": "avg(#1)",
                                                                                "Estimated Cardinality": "198818219"
                                                                            },
                                                                            "children": [
                                                                                {
                                                                                    "operator_name": "PROJECTION",
                                                                                    "cpu_time": 650.037002000262,
                                                                                    "extra_info": {
                                                                                        "Projections": [
                                                                                            "p_partkey",
                                                                                            "l_quantity"
                                                                                        ],
                                                                                        "Estimated Cardinality": "397636439"
                                                                                    },
                                                                                    "cumulative_cardinality": 6011943831,
                                                                                    "operator_type": "PROJECTION",
                                                                                    "operator_cardinality": 5999015,
                                                                                    "cumulative_rows_scanned": 47999917672,
                                                                                    "operator_rows_scanned": 0,
                                                                                    "operator_timing": 0.005561000000000036,
                                                                                    "result_set_size": 71988180,
                                                                                    "children": [
                                                                                        {
                                                                                            "result_set_size": 95984240,
                                                                                            "operator_timing": 282.1982069999826,
                                                                                            "operator_rows_scanned": 0,
                                                                                            "cumulative_rows_scanned": 47999917672,
                                                                                            "operator_cardinality": 5999015,
                                                                                            "operator_type": "HASH_JOIN",
                                                                                            "cumulative_cardinality": 6005944816,
                                                                                            "cpu_time": 650.031441000262,
                                                                                            "operator_name": "HASH_JOIN",
                                                                                            "extra_info": {
                                                                                                "Join Type": "INNER",
                                                                                                "Conditions": "l_partkey = p_partkey",
                                                                                                "Estimated Cardinality": "397636439"
                                                                                            },
                                                                                            "children": [
                                                                                                {
                                                                                                    "operator_name": "SEQ_SCAN ",
                                                                                                    "cpu_time": 367.8332340002794,
                                                                                                    "extra_info": {
                                                                                                        "Table": "lineitem",
                                                                                                        "Type": "Sequential Scan",
                                                                                                        "Projections": [
                                                                                                            "l_partkey",
                                                                                                            "l_quantity"
                                                                                                        ],
                                                                                                        "Estimated Cardinality": "5999989709"
                                                                                                    },
                                                                                                    "cumulative_cardinality": 5999945801,
                                                                                                    "operator_type": "TABLE_SCAN",
                                                                                                    "operator_cardinality": 5999945801,
                                                                                                    "cumulative_rows_scanned": 47999917672,
                                                                                                    "operator_rows_scanned": 47999917672,
                                                                                                    "operator_timing": 367.8332340002794,
                                                                                                    "result_set_size": 71999349612,
                                                                                                    "children": []
                                                                                                },
                                                                                                {
                                                                                                    "operator_name": "DELIM_SCAN",
                                                                                                    "cpu_time": 0.0,
                                                                                                    "extra_info": {
                                                                                                        "Delim Index": "1",
                                                                                                        "Estimated Cardinality": "30409471"
                                                                                                    },
                                                                                                    "cumulative_cardinality": 0,
                                                                                                    "operator_type": "DELIM_SCAN",
                                                                                                    "operator_cardinality": 0,
                                                                                                    "cumulative_rows_scanned": 0,
                                                                                                    "operator_rows_scanned": 0,
                                                                                                    "operator_timing": 0.0,
                                                                                                    "result_set_size": 0,
                                                                                                    "children": []
                                                                                                }
                                                                                            ]
                                                                                        }
                                                                                    ]
                                                                                }
                                                                            ]
                                                                        }
                                                                    ]
                                                                },
                                                                {
                                                                    "operator_name": "DUMMY_SCAN",
                                                                    "cpu_time": 0.0,
                                                                    "extra_info": {},
                                                                    "cumulative_cardinality": 0,
                                                                    "operator_type": "DUMMY_SCAN",
                                                                    "operator_cardinality": 0,
                                                                    "cumulative_rows_scanned": 0,
                                                                    "operator_rows_scanned": 0,
                                                                    "operator_timing": 0.0,
                                                                    "result_set_size": 0,
                                                                    "children": []
                                                                }
                                                            ]
                                                        },
                                                        {
                                                            "result_set_size": 799436,
                                                            "operator_timing": 0.57724,
                                                            "operator_rows_scanned": 0,
                                                            "cumulative_rows_scanned": 0,
                                                            "operator_cardinality": 199859,
                                                            "operator_type": "HASH_GROUP_BY",
                                                            "cumulative_cardinality": 199859,
                                                            "cpu_time": 0.57724,
                                                            "operator_name": "HASH_GROUP_BY",
                                                            "extra_info": {
                                                                "Groups": "#0",
                                                                "Aggregates": "",
                                                                "Estimated Cardinality": "198818219"
                                                            },
                                                            "children": []
                                                        }
                                                    ]
                                                }
                                            ]
                                        }
                                    ]
                                }
                            ]
                        }
                    ]
                }
            ]
        }
    ]
}