{
    "result_set_size": 1500906652,
    "cumulative_rows_scanned": 61199917672,
    "cumulative_cardinality": 5447259407,
    "extra_info": {},
    "cpu_time": 1833.8480940012764,
    "blocked_thread_time": 0.0,
    "rows_returned": 53603809,
    "query_name": "select\n\tl_orderkey,\n\tsum(l_extendedprice * (1 - l_discount)) as revenue,\n\to_orderdate,\n\to_shippriority\nfrom\n\tcustomer,\n\torders,\n\tlineitem\nwhere\n\tc_mktsegment = 'BUILDING'\n\tand c_custkey = o_custkey\n\tand l_orderkey = o_orderkey\n\tand o_orderdate < date '1995-03-30'\n\tand l_shipdate > date '1995-03-30'\ngroup by\n\tl_orderkey,\n\to_orderdate,\n\to_shippriority\norder by\n\trevenue desc,\n\to_orderdate;",
    "latency": 268.148162,
    "children": [
        {
            "result_set_size": 1500906652,
            "operator_timing": 0.08734500000000005,
            "operator_rows_scanned": 0,
            "cumulative_rows_scanned": 61199917672,
            "operator_cardinality": 53603809,
            "operator_type": "PROJECTION",
            "cumulative_cardinality": 5447259407,
            "cpu_time": 1833.8480940012764,
            "operator_name": "PROJECTION",
            "extra_info": {
                "Projections": [
                    "#0",
                    "#1",
                    "#2",
                    "__internal_decompress_integral_integer(#3, 0)"
                ],
                "Estimated Cardinality": "33699022"
            },
            "children": [
                {
                    "operator_name": "ORDER_BY",
                    "cpu_time": 1833.7607490012765,
                    "extra_info": {
                        "Order By": [
                            "sum((tpch.main.lineitem.l_extendedprice * (1 - tpch.main.lineitem.l_discount))) DESC",
                            "tpch.main.orders.o_orderdate ASC"
                        ]
                    },
                    "cumulative_cardinality": 5393655598,
                    "operator_type": "ORDER_BY",
                    "operator_cardinality": 53603809,
                    "cumulative_rows_scanned": 61199917672,
                    "operator_rows_scanned": 0,
                    "operator_timing": 25.601980999999995,
                    "result_set_size": 1340095225,
                    "children": [
                        {
                            "result_set_size": 1340095225,
                            "operator_timing": 0.1589060000000017,
                            "operator_rows_scanned": 0,
                            "cumulative_rows_scanned": 61199917672,
                            "operator_cardinality": 53603809,
                            "operator_type": "PROJECTION",
                            "cumulative_cardinality": 5340051789,
                            "cpu_time": 1808.1587680012765,
                            "operator_name": "PROJECTION",
                            "extra_info": {
                                "Projections": [
                                    "#0",
                                    "#1",
                                    "#2",
                                    "__internal_compress_integral_utinyint(#3, 0)"
                                ],
                                "Estimated Cardinality": "33699022"
                            },
                            "children": [
                                {
                                    "operator_name": "PROJECTION",
                                    "cpu_time": 1807.9998620012766,
                                    "extra_info": {
                                        "Projections": [
                                            "l_orderkey",
                                            "revenue",
                                            "o_orderdate",
                                            "o_shippriority"
                                        ],
                                        "Estimated Cardinality": "33699022"
                                    },
                                    "cumulative_cardinality": 5286447980,
                                    "operator_type": "PROJECTION",
                                    "operator_cardinality": 53603809,
                                    "cumulative_rows_scanned": 61199917672,
                                    "operator_rows_scanned": 0,
                                    "operator_timing": 0.03561200000000066,
                                    "result_set_size": 1500906652,
                                    "children": [
                                        {
                                            "result_set_size": 1500906652,
                                            "operator_timing": 0.13941100000000162,
                                            "operator_rows_scanned": 0,
                                            "cumulative_rows_scanned": 61199917672,
                                            "operator_cardinality": 53603809,
                                            "operator_type": "PROJECTION",
                                            "cumulative_cardinality": 5232844171,
                                            "cpu_time": 1807.9642500012767,
                                            "operator_name": "PROJECTION",
                                            "extra_info": {
                                                "Projections": [
                                                    "#0",
                                                    "#1",
                                                    "__internal_decompress_integral_integer(#2, 0)",
                                                    "#3"
                                                ],
                                                "Estimated Cardinality": "33699022"
                                            },
                                            "children": [
                                                {
                                                    "operator_name": "HASH_GROUP_BY",
                                                    "cpu_time": 1807.8248390012766,
                                                    "extra_info": {
                                                        "Groups": [
                                                            "#0",
                                                            "#1",
                                                            "#2"
                                                        ],
                                                        "Aggregates": "sum(#3)",
                                                        "Estimated Cardinality": "33699022"
                                                    },
                                                    "cumulative_cardinality": 5179240362,
                                                    "operator_type": "HASH_GROUP_BY",
                                                    "operator_cardinality": 53603809,
                                                    "cumulative_rows_scanned": 61199917672,
                                                    "operator_rows_scanned": 0,
                                                    "operator_timing": 56.958950999975194,
                                                    "result_set_size": 1340095225,
                                                    "children": [
                                                        {
                                                            "result_set_size": 3549627200,
                                                            "operator_timing": 8.444138999980234,
                                                            "operator_rows_scanned": 0,
                                                            "cumulative_rows_scanned": 61199917672,
                                                            "operator_cardinality": 208801600,
                                                            "operator_type": "PROJECTION",
                                                            "cumulative_cardinality": 5125636553,
                                                            "cpu_time": 1750.8658880013013,
                                                            "operator_name": "PROJECTION",
                                                            "extra_info": {
                                                                "Projections": [
                                                                    "l_orderkey",
                                                                    "o_orderdate",
                                                                    "o_shippriority",
                                                                    "(l_extendedprice * (1.00 - l_discount))"
                                                                ],
                                                                "Estimated Cardinality": "67398044"
                                                            },
                                                            "children": [
                                                                {
                                                                    "operator_name": "PROJECTION",
                                                                    "cpu_time": 1742.4217490013211,
                                                                    "extra_info": {
                                                                        "Projections": [
                                                                            "#0",
                                                                            "#1",
                                                                            "#2",
                                                                            "#3",
                                                                            "__internal_compress_integral_utinyint(#4, 0)"
                                                                        ],
                                                                        "Estimated Cardinality": "67398044"
                                                                    },
                                                                    "cumulative_cardinality": 4916834953,
                                                                    "operator_type": "PROJECTION",
                                                                    "operator_cardinality": 208801600,
                                                                    "cumulative_rows_scanned": 61199917672,
                                                                    "operator_rows_scanned": 0,
                                                                    "operator_timing": 3.8587789999898394,
                                                                    "result_set_size": 5220040000,
                                                                    "children": [
                                                                        {
                                                                            "result_set_size": 5846444800,
                                                                            "operator_timing": 4.399828999990229,
                                                                            "operator_rows_scanned": 0,
                                                                            "cumulative_rows_scanned": 61199917672,
                                                                            "operator_cardinality": 208801600,
                                                                            "operator_type": "PROJECTION",
                                                                            "cumulative_cardinality": 4708033353,
                                                                            "cpu_time": 1738.5629700013312,
                                                                            "operator_name": "PROJECTION",
                                                                            "extra_info": {
                                                                                "Projections": [
                                                                                    "#0",
                                                                                    "#1",
                                                                                    "#2",
                                                                                    "#3",
                                                                                    "__internal_decompress_integral_integer(#4, 0)"
                                                                                ],
                                                                                "Estimated Cardinality": "67398044"
                                                                            },
                                                                            "children": [
                                                                                {
                                                                                    "operator_name": "HASH_JOIN",
                                                                                    "cpu_time": 1734.163141001341,
                                                                                    "extra_info": {
                                                                                        "Join Type": "INNER",
                                                                                        "Conditions": "l_orderkey = o_orderkey",
                                                                                        "Estimated Cardinality": "67398044"
                                                                                    },
                                                                                    "cumulative_cardinality": 4499231753,
                                                                                    "operator_type": "HASH_JOIN",
                                                                                    "operator_cardinality": 208801600,
                                                                                    "cumulative_rows_scanned": 61199917672,
                                                                                    "operator_rows_scanned": 0,
                                                                                    "operator_timing": 513.8178650000369,
                                                                                    "result_set_size": 5220040000,
                                                                                    "children": [
                                                                                        {
                                                                                            "result_set_size": 63939737720,
                                                                                            "operator_timing": 841.3262360013828,
                                                                                            "operator_rows_scanned": 47999917672,
                                                                                            "cumulative_rows_scanned": 47999917672,
                                                                                            "operator_cardinality": 3196986886,
                                                                                            "operator_type": "TABLE_SCAN",
                                                                                            "cumulative_cardinality": 3196986886,
                                                                                            "cpu_time": 841.3262360013828,
                                                                                            "operator_name": "SEQ_SCAN ",
                                                                                            "extra_info": {
                                                                                                "Table": "lineitem",
                                                                                                "Type": "Sequential Scan",
                                                                                                "Projections": [
                                                                                                    "l_orderkey",
                                                                                                    "l_extendedprice",
                                                                                                    "l_discount"
                                                                                                ],
                                                                                                "Filters": "l_shipdate>'1995-03-30'::DATE",
                                                                                                "Estimated Cardinality": "1199997941"
                                                                                            },
                                                                                            "children": []
                                                                                        },
                                                                                        {
                                                                                            "result_set_size": 1919340579,
                                                                                            "operator_timing": 2.4495059999994493,
                                                                                            "operator_rows_scanned": 0,
                                                                                            "cumulative_rows_scanned": 13200000000,
                                                                                            "operator_cardinality": 147641583,
                                                                                            "operator_type": "PROJECTION",
                                                                                            "cumulative_cardinality": 1093443267,
                                                                                            "cpu_time": 379.01903999992135,
                                                                                            "operator_name": "PROJECTION",
                                                                                            "extra_info": {
                                                                                                "Projections": [
                                                                                                    "#0",
                                                                                                    "#1",
                                                                                                    "__internal_compress_integral_utinyint(#2, 0)",
                                                                                                    "#3"
                                                                                                ],
                                                                                                "Estimated Cardinality": "44587224"
                                                                                            },
                                                                                            "children": [
                                                                                                {
                                                                                                    "operator_name": "HASH_JOIN",
                                                                                                    "cpu_time": 376.5695339999219,
                                                                                                    "extra_info": {
                                                                                                        "Join Type": "INNER",
                                                                                                        "Conditions": "o_custkey = c_custkey",
                                                                                                        "Estimated Cardinality": "44587224"
                                                                                                    },
                                                                                                    "cumulative_cardinality": 945801684,
                                                                                                    "operator_type": "HASH_JOIN",
                                                                                                    "operator_cardinality": 147641583,
                                                                                                    "cumulative_rows_scanned": 13200000000,
                                                                                                    "operator_rows_scanned": 0,
                                                                                                    "operator_timing": 146.4378459999443,
                                                                                                    "result_set_size": 2362265328,
                                                                                                    "children": [
                                                                                                        {
                                                                                                            "result_set_size": 11810620752,
                                                                                                            "operator_timing": 224.63011399997734,
                                                                                                            "operator_rows_scanned": 12000000000,
                                                                                                            "cumulative_rows_scanned": 12000000000,
                                                                                                            "operator_cardinality": 738163797,
                                                                                                            "operator_type": "TABLE_SCAN",
                                                                                                            "cumulative_cardinality": 738163797,
                                                                                                            "cpu_time": 224.63011399997734,
                                                                                                            "operator_name": "SEQ_SCAN ",
                                                                                                            "extra_info": {
                                                                                                                "Table": "orders",
                                                                                                                "Type": "Sequential Scan",
                                                                                                                "Projections": [
                                                                                                                    "o_custkey",
                                                                                                                    "o_orderkey",
                                                                                                                    "o_orderdate",
                                                                                                                    "o_shippriority"
                                                                                                                ],
                                                                                                                "Filters": "o_orderdate<'1995-03-30'::DATE",
                                                                                                                "Estimated Cardinality": "300000000"
                                                                                                            },
                                                                                                            "children": []
                                                                                                        },
                                                                                                        {
                                                                                                            "result_set_size": 119992608,
                                                                                                            "operator_timing": 0.2956840000000045,
                                                                                                            "operator_rows_scanned": 0,
                                                                                                            "cumulative_rows_scanned": 1200000000,
                                                                                                            "operator_cardinality": 29998152,
                                                                                                            "operator_type": "FILTER",
                                                                                                            "cumulative_cardinality": 59996304,
                                                                                                            "cpu_time": 5.501574000000236,
                                                                                                            "operator_name": "FILTER",
                                                                                                            "extra_info": {
                                                                                                                "Expression": "(c_custkey <= 149999999)",
                                                                                                                "Estimated Cardinality": "30000000"
                                                                                                            },
                                                                                                            "children": [
                                                                                                                {
                                                                                                                    "operator_name": "SEQ_SCAN ",
                                                                                                                    "cpu_time": 5.205890000000232,
                                                                                                                    "extra_info": {
                                                                                                                        "Table": "customer",
                                                                                                                        "Type": "Sequential Scan",
                                                                                                                        "Projections": "c_custkey",
                                                                                                                        "Filters": "c_mktsegment='BUILDING'",
                                                                                                                        "Estimated Cardinality": "30000000"
                                                                                                                    },
                                                                                                                    "cumulative_cardinality": 29998152,
                                                                                                                    "operator_type": "TABLE_SCAN",
                                                                                                                    "operator_cardinality": 29998152,
                                                                                                                    "cumulative_rows_scanned": 1200000000,
                                                                                                                    "operator_rows_scanned": 1200000000,
                                                                                                                    "operator_timing": 5.205890000000232,
                                                                                                                    "result_set_size": 119992608,
                                                                                                                    "children": []
                                                                                                                }
                                                                                                            ]
                                                                                                        }
                                                                                                    ]
                                                                                                }
                                                                                            ]
                                                                                        }
                                                                                    ]
                                                                                }
                                                                            ]
                                                                        }
                                                                    ]
                                                                }
                                                            ]
                                                        }
                                                    ]
                                                }
                                            ]
                                        }
                                    ]
                                }
                            ]
                        }
                    ]
                }
            ]
        }
    ]
}