{
    "result_set_size": 9448680,
    "cumulative_rows_scanned": 156079753041,
    "cumulative_cardinality": 35511275791,
    "extra_info": {},
    "cpu_time": 6831.115172993463,
    "blocked_thread_time": 14.42,
    "rows_returned": 393695,
    "query_name": "select\n\ts_name,\n\tcount(*) as numwait\nfrom\n\tsupplier,\n\tlineitem l1,\n\torders,\n\tnation\nwhere\n\ts_suppkey = l1.l_suppkey\n\tand o_orderkey = l1.l_orderkey\n\tand o_orderstatus = 'F'\n\tand l1.l_receiptdate > l1.l_commitdate\n\tand exists (\n\t\tselect\n\t\t\t*\n\t\tfrom\n\t\t\tlineitem l2\n\t\twhere\n\t\t\tl2.l_orderkey = l1.l_orderkey\n\t\t\tand l2.l_suppkey <> l1.l_suppkey\n\t)\n\tand not exists (\n\t\tselect\n\t\t\t*\n\t\tfrom\n\t\t\tlineitem l3\n\t\twhere\n\t\t\tl3.l_orderkey = l1.l_orderkey\n\t\t\tand l3.l_suppkey <> l1.l_suppkey\n\t\t\tand l3.l_receiptdate > l3.l_commitdate\n\t)\n\tand s_nationkey = n_nationkey\n\tand n_name = 'RUSSIA'\ngroup by\n\ts_name\norder by\n\tnumwait desc,\n\ts_name;",
    "latency": 941.548786,
    "children": [
        {
            "result_set_size": 9448680,
            "operator_timing": 0.27116100000000004,
            "operator_rows_scanned": 0,
            "cumulative_rows_scanned": 156079753041,
            "operator_cardinality": 393695,
            "operator_type": "ORDER_BY",
            "cumulative_cardinality": 35511275791,
            "cpu_time": 6831.115172993463,
            "operator_name": "ORDER_BY",
            "extra_info": {
                "Order By": [
                    "count_star() DESC",
                    "tpch.main.supplier.s_name ASC"
                ]
            },
            "children": [
                {
                    "operator_name": "HASH_GROUP_BY",
                    "cpu_time": 6830.844011993463,
                    "extra_info": {
                        "Groups": "#0",
                        "Aggregates": "count_star()",
                        "Estimated Cardinality": "275666032"
                    },
                    "cumulative_cardinality": 35510882096,
                    "operator_type": "HASH_GROUP_BY",
                    "operator_cardinality": 393695,
                    "cumulative_rows_scanned": 156079753041,
                    "operator_rows_scanned": 0,
                    "operator_timing": 11.307083000000002,
                    "result_set_size": 9448680,
                    "children": [
                        {
                            "result_set_size": 37545936,
                            "operator_timing": 0.0020109999999999985,
                            "operator_rows_scanned": 0,
                            "cumulative_rows_scanned": 156079753041,
                            "operator_cardinality": 2346621,
                            "operator_type": "PROJECTION",
                            "cumulative_cardinality": 35510488401,
                            "cpu_time": 6819.536928993463,
                            "operator_name": "PROJECTION",
                            "extra_info": {
                                "Projections": "s_name",
                                "Estimated Cardinality": "551332064"
                            },
                            "children": [
                                {
                                    "operator_name": "RIGHT_DELIM_JOIN",
                                    "cpu_time": 6819.534917993464,
                                    "extra_info": {
                                        "Join Type": "RIGHT_ANTI",
                                        "Conditions": [
                                            "l_orderkey IS NOT DISTINCT FROM l_orderkey",
                                            "l_suppkey IS NOT DISTINCT FROM l_suppkey"
                                        ],
                                        "Estimated Cardinality": "551332064",
                                        "Delim Index": "2"
                                    },
                                    "cumulative_cardinality": 35508141780,
                                    "operator_type": "RIGHT_DELIM_JOIN",
                                    "operator_cardinality": 0,
                                    "cumulative_rows_scanned": 156079753041,
                                    "operator_rows_scanned": 0,
                                    "operator_timing": 168.72549600000002,
                                    "result_set_size": 0,
                                    "children": [
                                        {
                                            "result_set_size": 0,
                                            "operator_timing": 679.1055460000058,
                                            "operator_rows_scanned": 0,
                                            "cumulative_rows_scanned": 108079835369,
                                            "operator_cardinality": 0,
                                            "operator_type": "RIGHT_DELIM_JOIN",
                                            "cumulative_cardinality": 21426057999,
                                            "cpu_time": 5193.359858994707,
                                            "operator_name": "RIGHT_DELIM_JOIN",
                                            "extra_info": {
                                                "Join Type": "RIGHT_SEMI",
                                                "Conditions": [
                                                    "l_orderkey IS NOT DISTINCT FROM l_orderkey",
                                                    "l_suppkey IS NOT DISTINCT FROM l_suppkey"
                                                ],
                                                "Estimated Cardinality": "314996834",
                                                "Delim Index": "1"
                                            },
                                            "children": [
                                                {
                                                    "operator_name": "HASH_JOIN",
                                                    "cpu_time": 2079.0838779982605,
                                                    "extra_info": {
                                                        "Join Type": "INNER",
                                                        "Conditions": "o_orderkey = l_orderkey",
                                                        "Estimated Cardinality": "35993918"
                                                    },
                                                    "cumulative_cardinality": 14585096587,
                                                    "operator_type": "HASH_JOIN",
                                                    "operator_cardinality": 115198591,
                                                    "cumulative_rows_scanned": 60079917697,
                                                    "operator_rows_scanned": 0,
                                                    "operator_timing": 591.5070649999824,
                                                    "result_set_size": 3225560548,
                                                    "children": [
                                                        {
                                                            "result_set_size": 2923226844,
                                                            "operator_timing": 178.71335299996966,
                                                            "operator_rows_scanned": 12000000000,
                                                            "cumulative_rows_scanned": 12000000000,
                                                            "operator_cardinality": 730806711,
                                                            "operator_type": "TABLE_SCAN",
                                                            "cumulative_cardinality": 730806711,
                                                            "cpu_time": 178.71335299996966,
                                                            "operator_name": "SEQ_SCAN ",
                                                            "extra_info": {
                                                                "Table": "orders",
                                                                "Type": "Sequential Scan",
                                                                "Projections": "o_orderkey",
                                                                "Filters": "o_orderstatus='F'",
                                                                "Estimated Cardinality": "500000000"
                                                            },
                                                            "children": []
                                                        },
                                                        {
                                                            "result_set_size": 3638631024,
                                                            "operator_timing": 348.68805699924906,
                                                            "operator_rows_scanned": 0,
                                                            "cumulative_rows_scanned": 48079917697,
                                                            "operator_cardinality": 151609626,
                                                            "operator_type": "HASH_JOIN",
                                                            "cumulative_cardinality": 13739091285,
                                                            "cpu_time": 1308.8634599983084,
                                                            "operator_name": "HASH_JOIN",
                                                            "extra_info": {
                                                                "Join Type": "INNER",
                                                                "Conditions": "l_suppkey = s_suppkey",
                                                                "Estimated Cardinality": "57148228"
                                                            },
                                                            "children": [
                                                                {
                                                                    "operator_name": "PROJECTION",
                                                                    "cpu_time": 958.5960729990592,
                                                                    "extra_info": {
                                                                        "Projections": [
                                                                            "#0",
                                                                            "#1"
                                                                        ],
                                                                        "Estimated Cardinality": "1199997941"
                                                                    },
                                                                    "cumulative_cardinality": 13586681668,
                                                                    "operator_type": "PROJECTION",
                                                                    "operator_cardinality": 3793353868,
                                                                    "cumulative_rows_scanned": 47999917672,
                                                                    "operator_rows_scanned": 0,
                                                                    "operator_timing": 1.9679770000016565,
                                                                    "result_set_size": 30346830944,
                                                                    "children": [
                                                                        {
                                                                            "result_set_size": 60693661888,
                                                                            "operator_timing": 24.84958600001201,
                                                                            "operator_rows_scanned": 0,
                                                                            "cumulative_rows_scanned": 47999917672,
                                                                            "operator_cardinality": 3793353868,
                                                                            "operator_type": "FILTER",
                                                                            "cumulative_cardinality": 9793327800,
                                                                            "cpu_time": 956.6280959990576,
                                                                            "operator_name": "FILTER",
                                                                            "extra_info": {
                                                                                "Expression": "(l_receiptdate > l_commitdate)",
                                                                                "Estimated Cardinality": "1199997941"
                                                                            },
                                                                            "children": [
                                                                                {
                                                                                    "operator_name": "SEQ_SCAN ",
                                                                                    "cpu_time": 931.7785099990456,
                                                                                    "extra_info": {
                                                                                        "Table": "lineitem",
                                                                                        "Type": "Sequential Scan",
                                                                                        "Projections": [
                                                                                            "l_suppkey",
                                                                                            "l_orderkey",
                                                                                            "l_receiptdate",
                                                                                            "l_commitdate"
                                                                                        ],
                                                                                        "Estimated Cardinality": "5999989709"
                                                                                    },
                                                                                    "cumulative_cardinality": 5999973932,
                                                                                    "operator_type": "TABLE_SCAN",
                                                                                    "operator_cardinality": 5999973932,
                                                                                    "cumulative_rows_scanned": 47999917672,
                                                                                    "operator_rows_scanned": 47999917672,
                                                                                    "operator_timing": 931.7785099990456,
                                                                                    "result_set_size": 95999582912,
                                                                                    "children": []
                                                                                }
                                                                            ]
                                                                        }
                                                                    ]
                                                                },
                                                                {
                                                                    "operator_name": "HASH_JOIN",
                                                                    "cpu_time": 1.5793299999999957,
                                                                    "extra_info": {
                                                                        "Join Type": "INNER",
                                                                        "Conditions": "s_nationkey = n_nationkey",
                                                                        "Estimated Cardinality": "384615"
                                                                    },
                                                                    "cumulative_cardinality": 799991,
                                                                    "operator_type": "HASH_JOIN",
                                                                    "operator_cardinality": 399995,
                                                                    "cumulative_rows_scanned": 80000025,
                                                                    "operator_rows_scanned": 0,
                                                                    "operator_timing": 0.02962400000000004,
                                                                    "result_set_size": 9599880,
                                                                    "children": [
                                                                        {
                                                                            "result_set_size": 9599880,
                                                                            "operator_timing": 1.5468919999999955,
                                                                            "operator_rows_scanned": 80000000,
                                                                            "cumulative_rows_scanned": 80000000,
                                                                            "operator_cardinality": 399995,
                                                                            "operator_type": "TABLE_SCAN",
                                                                            "cumulative_cardinality": 399995,
                                                                            "cpu_time": 1.5468919999999955,
                                                                            "operator_name": "SEQ_SCAN ",
                                                                            "extra_info": {
                                                                                "Table": "supplier",
                                                                                "Type": "Sequential Scan",
                                                                                "Projections": [
                                                                                    "s_suppkey",
                                                                                    "s_nationkey",
                                                                                    "s_name"
                                                                                ],
                                                                                "Estimated Cardinality": "10000000"
                                                                            },
                                                                            "children": []
                                                                        },
                                                                        {
                                                                            "result_set_size": 4,
                                                                            "operator_timing": 0.002814,
                                                                            "operator_rows_scanned": 25,
                                                                            "cumulative_rows_scanned": 25,
                                                                            "operator_cardinality": 1,
                                                                            "operator_type": "TABLE_SCAN",
                                                                            "cumulative_cardinality": 1,
                                                                            "cpu_time": 0.002814,
                                                                            "operator_name": "SEQ_SCAN ",
                                                                            "extra_info": {
                                                                                "Table": "nation",
                                                                                "Type": "Sequential Scan",
                                                                                "Projections": "n_nationkey",
                                                                                "Filters": "n_name='RUSSIA'",
                                                                                "Estimated Cardinality": "1"
                                                                            },
                                                                            "children": []
                                                                        }
                                                                    ]
                                                                }
                                                            ]
                                                        }
                                                    ]
                                                },
                                                {
                                                    "operator_name": "HASH_JOIN",
                                                    "cpu_time": 2391.4888019964405,
                                                    "extra_info": {
                                                        "Join Type": "RIGHT_SEMI",
                                                        "Conditions": [
                                                            "l_orderkey IS NOT DISTINCT FROM l_orderkey",
                                                            "l_suppkey IS NOT DISTINCT FROM l_suppkey"
                                                        ],
                                                        "Estimated Cardinality": "314996834"
                                                    },
                                                    "cumulative_cardinality": 6746035665,
                                                    "operator_type": "HASH_JOIN",
                                                    "operator_cardinality": 114048385,
                                                    "cumulative_rows_scanned": 47999917672,
                                                    "operator_rows_scanned": 0,
                                                    "operator_timing": 602.7948660000055,
                                                    "result_set_size": 2737161240,
                                                    "children": [
                                                        {
                                                            "result_set_size": 5055980568,
                                                            "operator_timing": 1070.0371299980116,
                                                            "operator_rows_scanned": 0,
                                                            "cumulative_rows_scanned": 47999917672,
                                                            "operator_cardinality": 631997571,
                                                            "operator_type": "HASH_JOIN",
                                                            "cumulative_cardinality": 6631987280,
                                                            "cpu_time": 1788.693935996435,
                                                            "operator_name": "HASH_JOIN",
                                                            "extra_info": {
                                                                "Join Type": "INNER",
                                                                "Conditions": [
                                                                    "l_orderkey = l_orderkey",
                                                                    "l_suppkey != l_suppkey"
                                                                ],
                                                                "Estimated Cardinality": "314996834"
                                                            },
                                                            "children": [
                                                                {
                                                                    "operator_name": "SEQ_SCAN ",
                                                                    "cpu_time": 718.6568059984234,
                                                                    "extra_info": {
                                                                        "Table": "lineitem",
                                                                        "Type": "Sequential Scan",
                                                                        "Projections": [
                                                                            "l_orderkey",
                                                                            "l_suppkey"
                                                                        ],
                                                                        "Estimated Cardinality": "5999989709"
                                                                    },
                                                                    "cumulative_cardinality": 5999989709,
                                                                    "operator_type": "TABLE_SCAN",
                                                                    "operator_cardinality": 5999989709,
                                                                    "cumulative_rows_scanned": 47999917672,
                                                                    "operator_rows_scanned": 47999917672,
                                                                    "operator_timing": 718.6568059984234,
                                                                    "result_set_size": 47999917672,
                                                                    "children": []
                                                                },
                                                                {
                                                                    "operator_name": "DELIM_SCAN",
                                                                    "cpu_time": 0.0,
                                                                    "extra_info": {
                                                                        "Delim Index": "1",
                                                                        "Estimated Cardinality": "17996959"
                                                                    },
                                                                    "cumulative_cardinality": 0,
                                                                    "operator_type": "DELIM_SCAN",
                                                                    "operator_cardinality": 0,
                                                                    "cumulative_rows_scanned": 0,
                                                                    "operator_rows_scanned": 0,
                                                                    "operator_timing": 0.0,
                                                                    "result_set_size": 0,
                                                                    "children": []
                                                                }
                                                            ]
                                                        },
                                                        {
                                                            "result_set_size": 0,
                                                            "operator_timing": 0.0,
                                                            "operator_rows_scanned": 0,
                                                            "cumulative_rows_scanned": 0,
                                                            "operator_cardinality": 0,
                                                            "operator_type": "DUMMY_SCAN",
                                                            "cumulative_cardinality": 0,
                                                            "cpu_time": 0.0,
                                                            "operator_name": "DUMMY_SCAN",
                                                            "extra_info": {},
                                                            "children": []
                                                        }
                                                    ]
                                                },
                                                {
                                                    "operator_name": "HASH_GROUP_BY",
                                                    "cpu_time": 43.68163299999991,
                                                    "extra_info": {
                                                        "Groups": [
                                                            "#1",
                                                            "#2"
                                                        ],
                                                        "Aggregates": "",
                                                        "Estimated Cardinality": "314996834"
                                                    },
                                                    "cumulative_cardinality": 94925747,
                                                    "operator_type": "HASH_GROUP_BY",
                                                    "operator_cardinality": 94925747,
                                                    "cumulative_rows_scanned": 0,
                                                    "operator_rows_scanned": 0,
                                                    "operator_timing": 43.68163299999991,
                                                    "result_set_size": 759405976,
                                                    "children": []
                                                }
                                            ]
                                        },
                                        {
                                            "result_set_size": 37545936,
                                            "operator_timing": 289.63060399999426,
                                            "operator_rows_scanned": 0,
                                            "cumulative_rows_scanned": 47999917672,
                                            "operator_cardinality": 2346621,
                                            "operator_type": "HASH_JOIN",
                                            "cumulative_cardinality": 13988308240,
                                            "cpu_time": 1433.4439089987563,
                                            "operator_name": "HASH_JOIN",
                                            "extra_info": {
                                                "Join Type": "RIGHT_ANTI",
                                                "Conditions": [
                                                    "l_orderkey IS NOT DISTINCT FROM l_orderkey",
                                                    "l_suppkey IS NOT DISTINCT FROM l_suppkey"
                                                ],
                                                "Estimated Cardinality": "551332064"
                                            },
                                            "children": [
                                                {
                                                    "operator_name": "HASH_JOIN",
                                                    "cpu_time": 1143.813304998762,
                                                    "extra_info": {
                                                        "Join Type": "INNER",
                                                        "Conditions": [
                                                            "l_orderkey = l_orderkey",
                                                            "l_suppkey != l_suppkey"
                                                        ],
                                                        "Estimated Cardinality": "551332064"
                                                    },
                                                    "cumulative_cardinality": 13985961619,
                                                    "operator_type": "HASH_JOIN",
                                                    "operator_cardinality": 399245021,
                                                    "cumulative_rows_scanned": 47999917672,
                                                    "operator_rows_scanned": 0,
                                                    "operator_timing": 326.75848999981486,
                                                    "result_set_size": 3193960168,
                                                    "children": [
                                                        {
                                                            "result_set_size": 30346909120,
                                                            "operator_timing": 1.922967000001742,
                                                            "operator_rows_scanned": 0,
                                                            "cumulative_rows_scanned": 47999917672,
                                                            "operator_cardinality": 3793363640,
                                                            "operator_type": "PROJECTION",
                                                            "cumulative_cardinality": 13586716598,
                                                            "cpu_time": 817.0548149989472,
                                                            "operator_name": "PROJECTION",
                                                            "extra_info": {
                                                                "Projections": [
                                                                    "#0",
                                                                    "#1"
                                                                ],
                                                                "Estimated Cardinality": "1199997941"
                                                            },
                                                            "children": [
                                                                {
                                                                    "operator_name": "FILTER",
                                                                    "cpu_time": 815.1318479989454,
                                                                    "extra_info": {
                                                                        "Expression": "(l_receiptdate > l_commitdate)",
                                                                        "Estimated Cardinality": "1199997941"
                                                                    },
                                                                    "cumulative_cardinality": 9793352958,
                                                                    "operator_type": "FILTER",
                                                                    "operator_cardinality": 3793363640,
                                                                    "cumulative_rows_scanned": 47999917672,
                                                                    "operator_rows_scanned": 0,
                                                                    "operator_timing": 15.713981999944219,
                                                                    "result_set_size": 60693818240,
                                                                    "children": [
                                                                        {
                                                                            "result_set_size": 95999829088,
                                                                            "operator_timing": 799.4178659990013,
                                                                            "operator_rows_scanned": 47999917672,
                                                                            "cumulative_rows_scanned": 47999917672,
                                                                            "operator_cardinality": 5999989318,
                                                                            "operator_type": "TABLE_SCAN",
                                                                            "cumulative_cardinality": 5999989318,
                                                                            "cpu_time": 799.4178659990013,
                                                                            "operator_name": "SEQ_SCAN ",
                                                                            "extra_info": {
                                                                                "Table": "lineitem",
                                                                                "Type": "Sequential Scan",
                                                                                "Projections": [
                                                                                    "l_orderkey",
                                                                                    "l_suppkey",
                                                                                    "l_receiptdate",
                                                                                    "l_commitdate"
                                                                                ],
                                                                                "Estimated Cardinality": "5999989709"
                                                                            },
                                                                            "children": []
                                                                        }
                                                                    ]
                                                                }
                                                            ]
                                                        },
                                                        {
                                                            "result_set_size": 0,
                                                            "operator_timing": 0.0,
                                                            "operator_rows_scanned": 0,
                                                            "cumulative_rows_scanned": 0,
                                                            "operator_cardinality": 0,
                                                            "operator_type": "DELIM_SCAN",
                                                            "cumulative_cardinality": 0,
                                                            "cpu_time": 0.0,
                                                            "operator_name": "DELIM_SCAN",
                                                            "extra_info": {
                                                                "Delim Index": "2",
                                                                "Estimated Cardinality": "157498417"
                                                            },
                                                            "children": []
                                                        }
                                                    ]
                                                },
                                                {
                                                    "operator_name": "DUMMY_SCAN",
                                                    "cpu_time": 0.0,
                                                    "extra_info": {},
                                                    "cumulative_cardinality": 0,
                                                    "operator_type": "DUMMY_SCAN",
                                                    "operator_cardinality": 0,
                                                    "cumulative_rows_scanned": 0,
                                                    "operator_rows_scanned": 0,
                                                    "operator_timing": 0.0,
                                                    "result_set_size": 0,
                                                    "children": []
                                                }
                                            ]
                                        },
                                        {
                                            "result_set_size": 750204328,
                                            "operator_timing": 24.005654000000455,
                                            "operator_rows_scanned": 0,
                                            "cumulative_rows_scanned": 0,
                                            "operator_cardinality": 93775541,
                                            "operator_type": "HASH_GROUP_BY",
                                            "cumulative_cardinality": 93775541,
                                            "cpu_time": 24.005654000000455,
                                            "operator_name": "HASH_GROUP_BY",
                                            "extra_info": {
                                                "Groups": [
                                                    "#0",
                                                    "#1"
                                                ],
                                                "Aggregates": "",
                                                "Estimated Cardinality": "551332064"
                                            },
                                            "children": []
                                        }
                                    ]
                                }
                            ]
                        }
                    ]
                }
            ]
        }
    ]
}