{
    "result_set_size": 160,
    "cumulative_rows_scanned": 61279917702,
    "cumulative_cardinality": 7153493959,
    "extra_info": {},
    "cpu_time": 1268.465352999355,
    "blocked_thread_time": 0.0,
    "rows_returned": 5,
    "query_name": "select\n\tn_name,\n\tsum(l_extendedprice * (1 - l_discount)) as revenue\nfrom\n\tcustomer,\n\torders,\n\tlineitem,\n\tsupplier,\n\tnation,\n\tregion\nwhere\n\tc_custkey = o_custkey\n\tand l_orderkey = o_orderkey\n\tand l_suppkey = s_suppkey\n\tand c_nationkey = s_nationkey\n\tand s_nationkey = n_nationkey\n\tand n_regionkey = r_regionkey\n\tand r_name = 'ASIA'\n\tand o_orderdate >= date '1995-01-01'\n\tand o_orderdate < date '1995-01-01' + interval '1' year\ngroup by\n\tn_name\norder by\n\trevenue desc;",
    "latency": 184.69546,
    "children": [
        {
            "result_set_size": 160,
            "operator_timing": 0.000006,
            "operator_rows_scanned": 0,
            "cumulative_rows_scanned": 61279917702,
            "operator_cardinality": 5,
            "operator_type": "PROJECTION",
            "cumulative_cardinality": 7153493959,
            "cpu_time": 1268.465352999355,
            "operator_name": "PROJECTION",
            "extra_info": {
                "Projections": [
                    "__internal_decompress_string(#0)",
                    "#1"
                ],
                "Estimated Cardinality": "201851540"
            },
            "children": [
                {
                    "operator_name": "ORDER_BY",
                    "cpu_time": 1268.465346999355,
                    "extra_info": {
                        "Order By": "sum((tpch.main.lineitem.l_extendedprice * (1 - tpch.main.lineitem.l_discount))) DESC"
                    },
                    "cumulative_cardinality": 7153493954,
                    "operator_type": "ORDER_BY",
                    "operator_cardinality": 5,
                    "cumulative_rows_scanned": 61279917702,
                    "operator_rows_scanned": 0,
                    "operator_timing": 0.0029730000000000004,
                    "result_set_size": 160,
                    "children": [
                        {
                            "result_set_size": 160,
                            "operator_timing": 0.0000049999999999999996,
                            "operator_rows_scanned": 0,
                            "cumulative_rows_scanned": 61279917702,
                            "operator_cardinality": 5,
                            "operator_type": "PROJECTION",
                            "cumulative_cardinality": 7153493949,
                            "cpu_time": 1268.462373999355,
                            "operator_name": "PROJECTION",
                            "extra_info": {
                                "Projections": [
                                    "__internal_compress_string_hugeint(#0)",
                                    "#1"
                                ],
                                "Estimated Cardinality": "201851540"
                            },
                            "children": [
                                {
                                    "operator_name": "PROJECTION",
                                    "cpu_time": 1268.4623689993548,
                                    "extra_info": {
                                        "Projections": [
                                            "__internal_decompress_string(#0)",
                                            "#1"
                                        ],
                                        "Estimated Cardinality": "201851540"
                                    },
                                    "cumulative_cardinality": 7153493944,
                                    "operator_type": "PROJECTION",
                                    "operator_cardinality": 5,
                                    "cumulative_rows_scanned": 61279917702,
                                    "operator_rows_scanned": 0,
                                    "operator_timing": 0.000008999999999999999,
                                    "result_set_size": 160,
                                    "children": [
                                        {
                                            "result_set_size": 160,
                                            "operator_timing": 0.4388270000000008,
                                            "operator_rows_scanned": 0,
                                            "cumulative_rows_scanned": 61279917702,
                                            "operator_cardinality": 5,
                                            "operator_type": "HASH_GROUP_BY",
                                            "cumulative_cardinality": 7153493939,
                                            "cpu_time": 1268.4623599993547,
                                            "operator_name": "HASH_GROUP_BY",
                                            "extra_info": {
                                                "Groups": "#0",
                                                "Aggregates": "sum(#1)",
                                                "Estimated Cardinality": "201851540"
                                            },
                                            "children": [
                                                {
                                                    "operator_name": "PROJECTION",
                                                    "cpu_time": 1268.0235329993548,
                                                    "extra_info": {
                                                        "Projections": [
                                                            "n_name",
                                                            "(l_extendedprice * (1.00 - l_discount))"
                                                        ],
                                                        "Estimated Cardinality": "401217236"
                                                    },
                                                    "cumulative_cardinality": 7153493934,
                                                    "operator_type": "PROJECTION",
                                                    "operator_cardinality": 11415739,
                                                    "cumulative_rows_scanned": 61279917702,
                                                    "operator_rows_scanned": 0,
                                                    "operator_timing": 0.26380699999999835,
                                                    "result_set_size": 273977736,
                                                    "children": [
                                                        {
                                                            "result_set_size": 422382343,
                                                            "operator_timing": 0.30812400000000145,
                                                            "operator_rows_scanned": 0,
                                                            "cumulative_rows_scanned": 61279917702,
                                                            "operator_cardinality": 11415739,
                                                            "operator_type": "PROJECTION",
                                                            "cumulative_cardinality": 7142078195,
                                                            "cpu_time": 1267.7597259993547,
                                                            "operator_name": "PROJECTION",
                                                            "extra_info": {
                                                                "Projections": [
                                                                    "__internal_compress_string_hugeint(#2)",
                                                                    "#0",
                                                                    "#1",
                                                                    "#3",
                                                                    "__internal_compress_integral_utinyint(#4, 0)"
                                                                ],
                                                                "Estimated Cardinality": "401217236"
                                                            },
                                                            "children": [
                                                                {
                                                                    "operator_name": "HASH_JOIN",
                                                                    "cpu_time": 1267.4516019993548,
                                                                    "extra_info": {
                                                                        "Join Type": "INNER",
                                                                        "Conditions": [
                                                                            "c_nationkey = s_nationkey",
                                                                            "l_suppkey = s_suppkey"
                                                                        ],
                                                                        "Estimated Cardinality": "401217236"
                                                                    },
                                                                    "cumulative_cardinality": 7130662456,
                                                                    "operator_type": "HASH_JOIN",
                                                                    "operator_cardinality": 11415739,
                                                                    "cumulative_rows_scanned": 61279917702,
                                                                    "operator_rows_scanned": 0,
                                                                    "operator_timing": 73.601330000051,
                                                                    "result_set_size": 456629560,
                                                                    "children": [
                                                                        {
                                                                            "result_set_size": 11422146880,
                                                                            "operator_timing": 9.382440999981021,
                                                                            "operator_rows_scanned": 0,
                                                                            "cumulative_rows_scanned": 61199917702,
                                                                            "operator_cardinality": 285553672,
                                                                            "operator_type": "PROJECTION",
                                                                            "cumulative_cardinality": 7109246717,
                                                                            "cpu_time": 1193.477883999304,
                                                                            "operator_name": "PROJECTION",
                                                                            "extra_info": {
                                                                                "Projections": [
                                                                                    "#0",
                                                                                    "#1",
                                                                                    "#2",
                                                                                    "__internal_decompress_integral_integer(#3, 0)",
                                                                                    "__internal_decompress_string(#4)"
                                                                                ],
                                                                                "Estimated Cardinality": "324029058"
                                                                            },
                                                                            "children": [
                                                                                {
                                                                                    "operator_name": "HASH_JOIN",
                                                                                    "cpu_time": 1184.0954429993228,
                                                                                    "extra_info": {
                                                                                        "Join Type": "INNER",
                                                                                        "Conditions": "l_orderkey = o_orderkey",
                                                                                        "Estimated Cardinality": "324029058"
                                                                                    },
                                                                                    "cumulative_cardinality": 6823693045,
                                                                                    "operator_type": "HASH_JOIN",
                                                                                    "operator_cardinality": 285553672,
                                                                                    "cumulative_rows_scanned": 61199917702,
                                                                                    "operator_rows_scanned": 0,
                                                                                    "operator_timing": 351.38830699974204,
                                                                                    "result_set_size": 10565485864,
                                                                                    "children": [
                                                                                        {
                                                                                            "result_set_size": 143999744304,
                                                                                            "operator_timing": 616.8029829995606,
                                                                                            "operator_rows_scanned": 47999917672,
                                                                                            "cumulative_rows_scanned": 47999917672,
                                                                                            "operator_cardinality": 5999989346,
                                                                                            "operator_type": "TABLE_SCAN",
                                                                                            "cumulative_cardinality": 5999989346,
                                                                                            "cpu_time": 616.8029829995606,
                                                                                            "operator_name": "SEQ_SCAN ",
                                                                                            "extra_info": {
                                                                                                "Table": "lineitem",
                                                                                                "Type": "Sequential Scan",
                                                                                                "Projections": [
                                                                                                    "l_orderkey",
                                                                                                    "l_suppkey",
                                                                                                    "l_extendedprice",
                                                                                                    "l_discount"
                                                                                                ],
                                                                                                "Estimated Cardinality": "5999989709"
                                                                                            },
                                                                                            "children": []
                                                                                        },
                                                                                        {
                                                                                            "result_set_size": 956007843,
                                                                                            "operator_timing": 1.335893000000608,
                                                                                            "operator_rows_scanned": 0,
                                                                                            "cumulative_rows_scanned": 13200000030,
                                                                                            "operator_cardinality": 45524183,
                                                                                            "operator_type": "PROJECTION",
                                                                                            "cumulative_cardinality": 538150027,
                                                                                            "cpu_time": 215.9041530000202,
                                                                                            "operator_name": "PROJECTION",
                                                                                            "extra_info": {
                                                                                                "Projections": [
                                                                                                    "#0",
                                                                                                    "__internal_compress_integral_utinyint(#1, 0)",
                                                                                                    "__internal_compress_string_hugeint(#2)"
                                                                                                ],
                                                                                                "Estimated Cardinality": "42872331"
                                                                                            },
                                                                                            "children": [
                                                                                                {
                                                                                                    "operator_name": "PROJECTION",
                                                                                                    "cpu_time": 214.5682600000196,
                                                                                                    "extra_info": {
                                                                                                        "Projections": [
                                                                                                            "#0",
                                                                                                            "__internal_decompress_integral_integer(#1, 0)",
                                                                                                            "__internal_decompress_string(#2)"
                                                                                                        ],
                                                                                                        "Estimated Cardinality": "42872331"
                                                                                                    },
                                                                                                    "cumulative_cardinality": 492625844,
                                                                                                    "operator_type": "PROJECTION",
                                                                                                    "operator_cardinality": 45524183,
                                                                                                    "cumulative_rows_scanned": 13200000030,
                                                                                                    "operator_rows_scanned": 0,
                                                                                                    "operator_timing": 1.3251740000006258,
                                                                                                    "result_set_size": 1092580392,
                                                                                                    "children": [
                                                                                                        {
                                                                                                            "result_set_size": 956007843,
                                                                                                            "operator_timing": 62.96076300004596,
                                                                                                            "operator_rows_scanned": 0,
                                                                                                            "cumulative_rows_scanned": 13200000030,
                                                                                                            "operator_cardinality": 45524183,
                                                                                                            "operator_type": "HASH_JOIN",
                                                                                                            "cumulative_cardinality": 447101661,
                                                                                                            "cpu_time": 213.24308600001896,
                                                                                                            "operator_name": "HASH_JOIN",
                                                                                                            "extra_info": {
                                                                                                                "Join Type": "INNER",
                                                                                                                "Conditions": "o_custkey = c_custkey",
                                                                                                                "Estimated Cardinality": "42872331"
                                                                                                            },
                                                                                                            "children": [
                                                                                                                {
                                                                                                                    "operator_name": "SEQ_SCAN ",
                                                                                                                    "cpu_time": 141.885239999973,
                                                                                                                    "extra_info": {
                                                                                                                        "Table": "orders",
                                                                                                                        "Type": "Sequential Scan",
                                                                                                                        "Projections": [
                                                                                                                            "o_custkey",
                                                                                                                            "o_orderkey"
                                                                                                                        ],
                                                                                                                        "Filters": "o_orderdate>='1995-01-01'::DATE AND o_orderdate<'1996-01-01'::DATE",
                                                                                                                        "Estimated Cardinality": "300000000"
                                                                                                                    },
                                                                                                                    "cumulative_cardinality": 227546412,
                                                                                                                    "operator_type": "TABLE_SCAN",
                                                                                                                    "operator_cardinality": 227546412,
                                                                                                                    "cumulative_rows_scanned": 12000000000,
                                                                                                                    "operator_rows_scanned": 12000000000,
                                                                                                                    "operator_timing": 141.885239999973,
                                                                                                                    "result_set_size": 1820371296,
                                                                                                                    "children": []
                                                                                                                },
                                                                                                                {
                                                                                                                    "operator_name": "PROJECTION",
                                                                                                                    "cpu_time": 8.397082999999977,
                                                                                                                    "extra_info": {
                                                                                                                        "Projections": [
                                                                                                                            "#0",
                                                                                                                            "__internal_compress_integral_utinyint(#1, 0)",
                                                                                                                            "__internal_compress_string_hugeint(#2)"
                                                                                                                        ],
                                                                                                                        "Estimated Cardinality": "28846153"
                                                                                                                    },
                                                                                                                    "cumulative_cardinality": 174031066,
                                                                                                                    "operator_type": "PROJECTION",
                                                                                                                    "operator_cardinality": 30007619,
                                                                                                                    "cumulative_rows_scanned": 1200000030,
                                                                                                                    "operator_rows_scanned": 0,
                                                                                                                    "operator_timing": 0.6655079999999591,
                                                                                                                    "result_set_size": 630159999,
                                                                                                                    "children": [
                                                                                                                        {
                                                                                                                            "result_set_size": 720182856,
                                                                                                                            "operator_timing": 0.3140439999999979,
                                                                                                                            "operator_rows_scanned": 0,
                                                                                                                            "cumulative_rows_scanned": 1200000030,
                                                                                                                            "operator_cardinality": 30007619,
                                                                                                                            "operator_type": "FILTER",
                                                                                                                            "cumulative_cardinality": 144023447,
                                                                                                                            "cpu_time": 7.731575000000018,
                                                                                                                            "operator_name": "FILTER",
                                                                                                                            "extra_info": {
                                                                                                                                "Expression": "(c_custkey <= 149999999)",
                                                                                                                                "Estimated Cardinality": "28846153"
                                                                                                                            },
                                                                                                                            "children": [
                                                                                                                                {
                                                                                                                                    "operator_name": "HASH_JOIN",
                                                                                                                                    "cpu_time": 7.41753100000002,
                                                                                                                                    "extra_info": {
                                                                                                                                        "Join Type": "INNER",
                                                                                                                                        "Conditions": "c_nationkey = n_nationkey",
                                                                                                                                        "Estimated Cardinality": "28846153"
                                                                                                                                    },
                                                                                                                                    "cumulative_cardinality": 114015828,
                                                                                                                                    "operator_type": "HASH_JOIN",
                                                                                                                                    "operator_cardinality": 30007619,
                                                                                                                                    "cumulative_rows_scanned": 1200000030,
                                                                                                                                    "operator_rows_scanned": 0,
                                                                                                                                    "operator_timing": 0.9834690000000065,
                                                                                                                                    "result_set_size": 720182856,
                                                                                                                                    "children": [
                                                                                                                                        {
                                                                                                                                            "result_set_size": 672065584,
                                                                                                                                            "operator_timing": 6.4299970000000135,
                                                                                                                                            "operator_rows_scanned": 1200000000,
                                                                                                                                            "cumulative_rows_scanned": 1200000000,
                                                                                                                                            "operator_cardinality": 84008198,
                                                                                                                                            "operator_type": "TABLE_SCAN",
                                                                                                                                            "cumulative_cardinality": 84008198,
                                                                                                                                            "cpu_time": 6.4299970000000135,
                                                                                                                                            "operator_name": "SEQ_SCAN ",
                                                                                                                                            "extra_info": {
                                                                                                                                                "Table": "customer",
                                                                                                                                                "Type": "Sequential Scan",
                                                                                                                                                "Projections": [
                                                                                                                                                    "c_custkey",
                                                                                                                                                    "c_nationkey"
                                                                                                                                                ],
                                                                                                                                                "Estimated Cardinality": "150000000"
                                                                                                                                            },
                                                                                                                                            "children": []
                                                                                                                                        },
                                                                                                                                        {
                                                                                                                                            "result_set_size": 120,
                                                                                                                                            "operator_timing": 0.00019700000000000002,
                                                                                                                                            "operator_rows_scanned": 0,
                                                                                                                                            "cumulative_rows_scanned": 30,
                                                                                                                                            "operator_cardinality": 5,
                                                                                                                                            "operator_type": "HASH_JOIN",
                                                                                                                                            "cumulative_cardinality": 11,
                                                                                                                                            "cpu_time": 0.004065,
                                                                                                                                            "operator_name": "HASH_JOIN",
                                                                                                                                            "extra_info": {
                                                                                                                                                "Join Type": "INNER",
                                                                                                                                                "Conditions": "n_regionkey = r_regionkey",
                                                                                                                                                "Estimated Cardinality": "5"
                                                                                                                                            },
                                                                                                                                            "children": [
                                                                                                                                                {
                                                                                                                                                    "operator_name": "SEQ_SCAN ",
                                                                                                                                                    "cpu_time": 0.00197,
                                                                                                                                                    "extra_info": {
                                                                                                                                                        "Table": "nation",
                                                                                                                                                        "Type": "Sequential Scan",
                                                                                                                                                        "Projections": [
                                                                                                                                                            "n_nationkey",
                                                                                                                                                            "n_regionkey",
                                                                                                                                                            "n_name"
                                                                                                                                                        ],
                                                                                                                                                        "Estimated Cardinality": "25"
                                                                                                                                                    },
                                                                                                                                                    "cumulative_cardinality": 5,
                                                                                                                                                    "operator_type": "TABLE_SCAN",
                                                                                                                                                    "operator_cardinality": 5,
                                                                                                                                                    "cumulative_rows_scanned": 25,
                                                                                                                                                    "operator_rows_scanned": 25,
                                                                                                                                                    "operator_timing": 0.00197,
                                                                                                                                                    "result_set_size": 120,
                                                                                                                                                    "children": []
                                                                                                                                                },
                                                                                                                                                {
                                                                                                                                                    "operator_name": "SEQ_SCAN ",
                                                                                                                                                    "cpu_time": 0.001898,
                                                                                                                                                    "extra_info": {
                                                                                                                                                        "Table": "region",
                                                                                                                                                        "Type": "Sequential Scan",
                                                                                                                                                        "Projections": "r_regionkey",
                                                                                                                                                        "Filters": "r_name='ASIA'",
                                                                                                                                                        "Estimated Cardinality": "1"
                                                                                                                                                    },
                                                                                                                                                    "cumulative_cardinality": 1,
                                                                                                                                                    "operator_type": "TABLE_SCAN",
                                                                                                                                                    "operator_cardinality": 1,
                                                                                                                                                    "cumulative_rows_scanned": 5,
                                                                                                                                                    "operator_rows_scanned": 5,
                                                                                                                                                    "operator_timing": 0.001898,
                                                                                                                                                    "result_set_size": 4,
                                                                                                                                                    "children": []
                                                                                                                                                }
                                                                                                                                            ]
                                                                                                                                        }
                                                                                                                                    ]
                                                                                                                                }
                                                                                                                            ]
                                                                                                                        }
                                                                                                                    ]
                                                                                                                }
                                                                                                            ]
                                                                                                        }
                                                                                                    ]
                                                                                                }
                                                                                            ]
                                                                                        }
                                                                                    ]
                                                                                }
                                                                            ]
                                                                        },
                                                                        {
                                                                            "result_set_size": 80000000,
                                                                            "operator_timing": 0.3723880000000016,
                                                                            "operator_rows_scanned": 80000000,
                                                                            "cumulative_rows_scanned": 80000000,
                                                                            "operator_cardinality": 10000000,
                                                                            "operator_type": "TABLE_SCAN",
                                                                            "cumulative_cardinality": 10000000,
                                                                            "cpu_time": 0.3723880000000016,
                                                                            "operator_name": "SEQ_SCAN ",
                                                                            "extra_info": {
                                                                                "Table": "supplier",
                                                                                "Type": "Sequential Scan",
                                                                                "Projections": [
                                                                                    "s_suppkey",
                                                                                    "s_nationkey"
                                                                                ],
                                                                                "Estimated Cardinality": "10000000"
                                                                            },
                                                                            "children": []
                                                                        }
                                                                    ]
                                                                }
                                                            ]
                                                        }
                                                    ]
                                                }
                                            ]
                                        }
                                    ]
                                }
                            ]
                        }
                    ]
                }
            ]
        }
    ]
}