{
    "result_set_size": 480,
    "cumulative_rows_scanned": 13200000000,
    "cumulative_cardinality": 8133285752,
    "extra_info": {},
    "cpu_time": 2934.1260919999086,
    "blocked_thread_time": 0.0,
    "rows_returned": 30,
    "query_name": "select\n\tc_count,\n\tcount(*) as custdist\nfrom\n\t(\n\t\tselect\n\t\t\tc_custkey,\n\t\t\tcount(o_orderkey)\n\t\tfrom\n\t\t\tcustomer left outer join orders on\n\t\t\t\tc_custkey = o_custkey\n\t\t\t\tand o_comment not like '%unusual%packages%'\n\t\tgroup by\n\t\t\tc_custkey\n\t) as c_orders (c_custkey, c_count)\ngroup by\n\tc_count\norder by\n\tcustdist desc,\n\tc_count desc;",
    "latency": 381.179423,
    "children": [
        {
            "result_set_size": 480,
            "operator_timing": 0.06905999999999998,
            "operator_rows_scanned": 0,
            "cumulative_rows_scanned": 13200000000,
            "operator_cardinality": 30,
            "operator_type": "ORDER_BY",
            "cumulative_cardinality": 8133285752,
            "cpu_time": 2934.1260919999086,
            "operator_name": "ORDER_BY",
            "extra_info": {
                "Order By": [
                    "count_star() DESC",
                    "c_orders.c_count DESC"
                ]
            },
            "children": [
                {
                    "operator_name": "HASH_GROUP_BY",
                    "cpu_time": 2934.0570319999088,
                    "extra_info": {
                        "Groups": "#0",
                        "Aggregates": "count_star()",
                        "Estimated Cardinality": "44351478"
                    },
                    "cumulative_cardinality": 8133285722,
                    "operator_type": "HASH_GROUP_BY",
                    "operator_cardinality": 30,
                    "cumulative_rows_scanned": 13200000000,
                    "operator_rows_scanned": 0,
                    "operator_timing": 2.7760420000000883,
                    "result_set_size": 480,
                    "children": [
                        {
                            "result_set_size": 1200000000,
                            "operator_timing": 0.03563000000000199,
                            "operator_rows_scanned": 0,
                            "cumulative_rows_scanned": 13200000000,
                            "operator_cardinality": 150000000,
                            "operator_type": "PROJECTION",
                            "cumulative_cardinality": 8133285692,
                            "cpu_time": 2931.280989999909,
                            "operator_name": "PROJECTION",
                            "extra_info": {
                                "Projections": "c_count",
                                "Estimated Cardinality": "88702956"
                            },
                            "children": [
                                {
                                    "operator_name": "PROJECTION",
                                    "cpu_time": 2931.245359999909,
                                    "extra_info": {
                                        "Projections": "count(o_orderkey)",
                                        "Estimated Cardinality": "88702956"
                                    },
                                    "cumulative_cardinality": 7983285692,
                                    "operator_type": "PROJECTION",
                                    "operator_cardinality": 150000000,
                                    "cumulative_rows_scanned": 13200000000,
                                    "operator_rows_scanned": 0,
                                    "operator_timing": 0.05698700000000459,
                                    "result_set_size": 1200000000,
                                    "children": [
                                        {
                                            "result_set_size": 1800000000,
                                            "operator_timing": 1340.769983999999,
                                            "operator_rows_scanned": 0,
                                            "cumulative_rows_scanned": 13200000000,
                                            "operator_cardinality": 150000000,
                                            "operator_type": "HASH_GROUP_BY",
                                            "cumulative_cardinality": 7833285692,
                                            "cpu_time": 2931.188372999909,
                                            "operator_name": "HASH_GROUP_BY",
                                            "extra_info": {
                                                "Groups": "#0",
                                                "Aggregates": "count(#1)",
                                                "Estimated Cardinality": "88702956"
                                            },
                                            "children": [
                                                {
                                                    "operator_name": "PROJECTION",
                                                    "cpu_time": 1590.4183889999097,
                                                    "extra_info": {
                                                        "Projections": [
                                                            "c_custkey",
                                                            "o_orderkey"
                                                        ],
                                                        "Estimated Cardinality": "300000000"
                                                    },
                                                    "cumulative_cardinality": 7683285692,
                                                    "operator_type": "PROJECTION",
                                                    "operator_cardinality": 1533321424,
                                                    "cumulative_rows_scanned": 13200000000,
                                                    "operator_rows_scanned": 0,
                                                    "operator_timing": 1.1847200000008336,
                                                    "result_set_size": 12266571392,
                                                    "children": [
                                                        {
                                                            "result_set_size": 12266571392,
                                                            "operator_timing": 614.0080689999097,
                                                            "operator_rows_scanned": 0,
                                                            "cumulative_rows_scanned": 13200000000,
                                                            "operator_cardinality": 1533321424,
                                                            "operator_type": "HASH_JOIN",
                                                            "cumulative_cardinality": 6149964268,
                                                            "cpu_time": 1589.2336689999088,
                                                            "operator_name": "HASH_JOIN",
                                                            "extra_info": {
                                                                "Join Type": "RIGHT",
                                                                "Conditions": "o_custkey = c_custkey",
                                                                "Estimated Cardinality": "300000000"
                                                            },
                                                            "children": [
                                                                {
                                                                    "operator_name": "PROJECTION",
                                                                    "cpu_time": 971.1045639999993,
                                                                    "extra_info": {
                                                                        "Projections": [
                                                                            "#0",
                                                                            "#2"
                                                                        ],
                                                                        "Estimated Cardinality": "300000000"
                                                                    },
                                                                    "cumulative_cardinality": 4466642844,
                                                                    "operator_type": "PROJECTION",
                                                                    "operator_cardinality": 1483321422,
                                                                    "cumulative_rows_scanned": 12000000000,
                                                                    "operator_rows_scanned": 0,
                                                                    "operator_timing": 0.9105730000006473,
                                                                    "result_set_size": 11866571376,
                                                                    "children": [
                                                                        {
                                                                            "result_set_size": 35599714128,
                                                                            "operator_timing": 144.43927600000373,
                                                                            "operator_rows_scanned": 0,
                                                                            "cumulative_rows_scanned": 12000000000,
                                                                            "operator_cardinality": 1483321422,
                                                                            "operator_type": "FILTER",
                                                                            "cumulative_cardinality": 2983321422,
                                                                            "cpu_time": 970.1939909999986,
                                                                            "operator_name": "FILTER",
                                                                            "extra_info": {
                                                                                "Expression": "(o_comment !~~ '%unusual%packages%')",
                                                                                "Estimated Cardinality": "300000000"
                                                                            },
                                                                            "children": [
                                                                                {
                                                                                    "operator_name": "SEQ_SCAN ",
                                                                                    "cpu_time": 825.7547149999949,
                                                                                    "extra_info": {
                                                                                        "Table": "orders",
                                                                                        "Type": "Sequential Scan",
                                                                                        "Projections": [
                                                                                            "o_custkey",
                                                                                            "o_comment",
                                                                                            "o_orderkey"
                                                                                        ],
                                                                                        "Estimated Cardinality": "1500000000"
                                                                                    },
                                                                                    "cumulative_cardinality": 1500000000,
                                                                                    "operator_type": "TABLE_SCAN",
                                                                                    "operator_cardinality": 1500000000,
                                                                                    "cumulative_rows_scanned": 12000000000,
                                                                                    "operator_rows_scanned": 12000000000,
                                                                                    "operator_timing": 825.7547149999949,
                                                                                    "result_set_size": 36000000000,
                                                                                    "children": []
                                                                                }
                                                                            ]
                                                                        }
                                                                    ]
                                                                },
                                                                {
                                                                    "operator_name": "SEQ_SCAN ",
                                                                    "cpu_time": 4.121035999999724,
                                                                    "extra_info": {
                                                                        "Table": "customer",
                                                                        "Type": "Sequential Scan",
                                                                        "Projections": "c_custkey",
                                                                        "Estimated Cardinality": "150000000"
                                                                    },
                                                                    "cumulative_cardinality": 150000000,
                                                                    "operator_type": "TABLE_SCAN",
                                                                    "operator_cardinality": 150000000,
                                                                    "cumulative_rows_scanned": 1200000000,
                                                                    "operator_rows_scanned": 1200000000,
                                                                    "operator_timing": 4.121035999999724,
                                                                    "result_set_size": 600000000,
                                                                    "children": []
                                                                }
                                                            ]
                                                        }
                                                    ]
                                                }
                                            ]
                                        }
                                    ]
                                }
                            ]
                        }
                    ]
                }
            ]
        }
    ]
}