{
    "result_set_size": 224,
    "cumulative_rows_scanned": 122559835394,
    "cumulative_cardinality": 3951135523,
    "extra_info": {},
    "cpu_time": 197.13030599999715,
    "blocked_thread_time": 0.0,
    "rows_returned": 4,
    "query_name": "select\n\tsupp_nation,\n\tcust_nation,\n\tl_year,\n\tsum(volume) as revenue\nfrom\n\t(\n\t\tselect\n\t\t\tn1.n_name as supp_nation,\n\t\t\tn2.n_name as cust_nation,\n\t\t\textract(year from l_shipdate) as l_year,\n\t\t\tl_extendedprice * (1 - l_discount) as volume\n\t\tfrom\n\t\t\tsupplier,\n\t\t\tlineitem,\n\t\t\torders,\n\t\t\tcustomer,\n\t\t\tnation n1,\n\t\t\tnation n2\n\t\twhere\n\t\t\ts_suppkey = l_suppkey\n\t\t\tand o_orderkey = l_orderkey\n\t\t\tand c_custkey = o_custkey\n\t\t\tand s_nationkey = n1.n_nationkey\n\t\t\tand c_nationkey = n2.n_nationkey\n\t\t\tand (\n\t\t\t\t(n1.n_name = 'ALGERIA' and n2.n_name = 'ARGENTINA')\n\t\t\t\tor (n1.n_name = 'ARGENTINA' and n2.n_name = 'ALGERIA')\n\t\t\t)\n\t\t\tand l_shipdate between date '1995-01-01' and date '1996-12-31'\n\t) as shipping\ngroup by\n\tsupp_nation,\n\tcust_nation,\n\tl_year\norder by\n\tsupp_nation,\n\tcust_nation,\n\tl_year;",
    "latency": 15.101115,
    "children": [
        {
            "result_set_size": 224,
            "operator_timing": 0.000003,
            "operator_rows_scanned": 0,
            "cumulative_rows_scanned": 122559835394,
            "operator_cardinality": 4,
            "operator_type": "PROJECTION",
            "cumulative_cardinality": 3951135523,
            "cpu_time": 197.13030599999715,
            "operator_name": "PROJECTION",
            "extra_info": {
                "Projections": [
                    "__internal_decompress_string(#0)",
                    "__internal_decompress_string(#1)",
                    "__internal_decompress_integral_bigint(#2, 1992)",
                    "#3"
                ],
                "Estimated Cardinality": "8076150"
            },
            "children": [
                {
                    "operator_name": "ORDER_BY",
                    "cpu_time": 197.13030299999716,
                    "extra_info": {
                        "Order By": [
                            "shipping.supp_nation ASC",
                            "shipping.cust_nation ASC",
                            "shipping.l_year ASC"
                        ]
                    },
                    "cumulative_cardinality": 3951135519,
                    "operator_type": "ORDER_BY",
                    "operator_cardinality": 4,
                    "cumulative_rows_scanned": 122559835394,
                    "operator_rows_scanned": 0,
                    "operator_timing": 0.0015270000000000001,
                    "result_set_size": 196,
                    "children": [
                        {
                            "result_set_size": 196,
                            "operator_timing": 0.000004,
                            "operator_rows_scanned": 0,
                            "cumulative_rows_scanned": 122559835394,
                            "operator_cardinality": 4,
                            "operator_type": "PROJECTION",
                            "cumulative_cardinality": 3951135515,
                            "cpu_time": 197.12877599999715,
                            "operator_name": "PROJECTION",
                            "extra_info": {
                                "Projections": [
                                    "__internal_compress_string_hugeint(#0)",
                                    "__internal_compress_string_hugeint(#1)",
                                    "__internal_compress_integral_utinyint(#2, 1992)",
                                    "#3"
                                ],
                                "Estimated Cardinality": "8076150"
                            },
                            "children": [
                                {
                                    "operator_name": "PROJECTION",
                                    "cpu_time": 197.12877199999716,
                                    "extra_info": {
                                        "Projections": [
                                            "__internal_decompress_string(#0)",
                                            "__internal_decompress_string(#1)",
                                            "__internal_decompress_integral_bigint(#2, 1992)",
                                            "#3"
                                        ],
                                        "Estimated Cardinality": "8076150"
                                    },
                                    "cumulative_cardinality": 3951135511,
                                    "operator_type": "PROJECTION",
                                    "operator_cardinality": 4,
                                    "cumulative_rows_scanned": 122559835394,
                                    "operator_rows_scanned": 0,
                                    "operator_timing": 0.000005999999999999999,
                                    "result_set_size": 224,
                                    "children": [
                                        {
                                            "result_set_size": 196,
                                            "operator_timing": 0.30551800000000223,
                                            "operator_rows_scanned": 0,
                                            "cumulative_rows_scanned": 122559835394,
                                            "operator_cardinality": 4,
                                            "operator_type": "HASH_GROUP_BY",
                                            "cumulative_cardinality": 3951135507,
                                            "cpu_time": 197.12876599999714,
                                            "operator_name": "HASH_GROUP_BY",
                                            "extra_info": {
                                                "Groups": [
                                                    "#0",
                                                    "#1",
                                                    "#2"
                                                ],
                                                "Aggregates": "sum(#3)",
                                                "Estimated Cardinality": "8076150"
                                            },
                                            "children": [
                                                {
                                                    "operator_name": "PROJECTION",
                                                    "cpu_time": 196.82324799999714,
                                                    "extra_info": {
                                                        "Projections": [
                                                            "supp_nation",
                                                            "cust_nation",
                                                            "l_year",
                                                            "volume"
                                                        ],
                                                        "Estimated Cardinality": "77157160"
                                                    },
                                                    "cumulative_cardinality": 3951135503,
                                                    "operator_type": "PROJECTION",
                                                    "operator_cardinality": 9137706,
                                                    "cumulative_rows_scanned": 122559835394,
                                                    "operator_rows_scanned": 0,
                                                    "operator_timing": 0.029719999999999313,
                                                    "result_set_size": 374645946,
                                                    "children": [
                                                        {
                                                            "result_set_size": 374645946,
                                                            "operator_timing": 0.37191700000000155,
                                                            "operator_rows_scanned": 0,
                                                            "cumulative_rows_scanned": 122559835394,
                                                            "operator_cardinality": 9137706,
                                                            "operator_type": "PROJECTION",
                                                            "cumulative_cardinality": 3941997797,
                                                            "cpu_time": 196.79352799999714,
                                                            "operator_name": "PROJECTION",
                                                            "extra_info": {
                                                                "Projections": [
                                                                    "__internal_compress_string_hugeint(#0)",
                                                                    "__internal_compress_string_hugeint(#1)",
                                                                    "__internal_compress_integral_utinyint(#2, 1992)",
                                                                    "#3"
                                                                ],
                                                                "Estimated Cardinality": "77157160"
                                                            },
                                                            "children": [
                                                                {
                                                                    "operator_name": "PROJECTION",
                                                                    "cpu_time": 196.42161099999714,
                                                                    "extra_info": {
                                                                        "Projections": [
                                                                            "supp_nation",
                                                                            "cust_nation",
                                                                            "l_year",
                                                                            "volume"
                                                                        ],
                                                                        "Estimated Cardinality": "77157160"
                                                                    },
                                                                    "cumulative_cardinality": 3932860091,
                                                                    "operator_type": "PROJECTION",
                                                                    "operator_cardinality": 9137706,
                                                                    "cumulative_rows_scanned": 122559835394,
                                                                    "operator_rows_scanned": 0,
                                                                    "operator_timing": 0.5064080000000085,
                                                                    "result_set_size": 438609888,
                                                                    "children": [
                                                                        {
                                                                            "result_set_size": 475160712,
                                                                            "operator_timing": 1.0732860000000042,
                                                                            "operator_rows_scanned": 0,
                                                                            "cumulative_rows_scanned": 122559835394,
                                                                            "operator_cardinality": 9137706,
                                                                            "operator_type": "FILTER",
                                                                            "cumulative_cardinality": 3923722385,
                                                                            "cpu_time": 195.91520299999712,
                                                                            "operator_name": "FILTER",
                                                                            "extra_info": {
                                                                                "Expression": "(((n_name = 'ALGERIA') AND (n_name = 'ARGENTINA')) OR ((n_name = 'ARGENTINA') AND (n_name = 'ALGERIA')))",
                                                                                "Estimated Cardinality": "77157160"
                                                                            },
                                                                            "children": [
                                                                                {
                                                                                    "operator_name": "PROJECTION",
                                                                                    "cpu_time": 194.84191699999712,
                                                                                    "extra_info": {
                                                                                        "Projections": [
                                                                                            "#3",
                                                                                            "#0",
                                                                                            "#1",
                                                                                            "#2",
                                                                                            "__internal_decompress_string(#4)"
                                                                                        ],
                                                                                        "Estimated Cardinality": "77157160"
                                                                                    },
                                                                                    "cumulative_cardinality": 3914584679,
                                                                                    "operator_type": "PROJECTION",
                                                                                    "operator_cardinality": 18275641,
                                                                                    "cumulative_rows_scanned": 122559835394,
                                                                                    "operator_rows_scanned": 0,
                                                                                    "operator_timing": 0.0921320000000056,
                                                                                    "result_set_size": 950333332,
                                                                                    "children": [
                                                                                        {
                                                                                            "result_set_size": 950333332,
                                                                                            "operator_timing": 15.019714000000523,
                                                                                            "operator_rows_scanned": 0,
                                                                                            "cumulative_rows_scanned": 122559835394,
                                                                                            "operator_cardinality": 18275641,
                                                                                            "operator_type": "HASH_JOIN",
                                                                                            "cumulative_cardinality": 3896309038,
                                                                                            "cpu_time": 194.74978499999713,
                                                                                            "operator_name": "HASH_JOIN",
                                                                                            "extra_info": {
                                                                                                "Join Type": "INNER",
                                                                                                "Conditions": "l_orderkey = o_orderkey",
                                                                                                "Estimated Cardinality": "77157160"
                                                                                            },
                                                                                            "children": [
                                                                                                {
                                                                                                    "operator_name": "HASH_JOIN",
                                                                                                    "cpu_time": 138.08332300001575,
                                                                                                    "extra_info": {
                                                                                                        "Join Type": "INNER",
                                                                                                        "Conditions": "l_suppkey = s_suppkey",
                                                                                                        "Estimated Cardinality": "285741144"
                                                                                                    },
                                                                                                    "cumulative_cardinality": 1970193185,
                                                                                                    "operator_type": "HASH_JOIN",
                                                                                                    "operator_cardinality": 145723789,
                                                                                                    "cumulative_rows_scanned": 96159835369,
                                                                                                    "operator_rows_scanned": 0,
                                                                                                    "operator_timing": 36.96908700000592,
                                                                                                    "result_set_size": 5828951560,
                                                                                                    "children": [
                                                                                                        {
                                                                                                            "result_set_size": 51040378004,
                                                                                                            "operator_timing": 101.03914500000985,
                                                                                                            "operator_rows_scanned": 95999835344,
                                                                                                            "cumulative_rows_scanned": 95999835344,
                                                                                                            "operator_cardinality": 1822870643,
                                                                                                            "operator_type": "TABLE_SCAN",
                                                                                                            "cumulative_cardinality": 1822870643,
                                                                                                            "cpu_time": 101.03914500000985,
                                                                                                            "operator_name": "SEQ_SCAN ",
                                                                                                            "extra_info": {
                                                                                                                "Table": "lineitem",
                                                                                                                "Type": "Sequential Scan",
                                                                                                                "Projections": [
                                                                                                                    "l_suppkey",
                                                                                                                    "l_orderkey",
                                                                                                                    "l_shipdate",
                                                                                                                    "l_extendedprice",
                                                                                                                    "l_discount"
                                                                                                                ],
                                                                                                                "Filters": "l_shipdate>='1995-01-01'::DATE AND l_shipdate<='1996-12-31'::DATE",
                                                                                                                "Estimated Cardinality": "1199997941"
                                                                                                            },
                                                                                                            "children": []
                                                                                                        },
                                                                                                        {
                                                                                                            "result_set_size": 15987260,
                                                                                                            "operator_timing": 0.00578500000000002,
                                                                                                            "operator_rows_scanned": 0,
                                                                                                            "cumulative_rows_scanned": 160000025,
                                                                                                            "operator_cardinality": 799363,
                                                                                                            "operator_type": "HASH_JOIN",
                                                                                                            "cumulative_cardinality": 1598753,
                                                                                                            "cpu_time": 0.07509100000000013,
                                                                                                            "operator_name": "HASH_JOIN",
                                                                                                            "extra_info": {
                                                                                                                "Join Type": "INNER",
                                                                                                                "Conditions": "s_nationkey = n_nationkey",
                                                                                                                "Estimated Cardinality": "1923076"
                                                                                                            },
                                                                                                            "children": [
                                                                                                                {
                                                                                                                    "operator_name": "SEQ_SCAN ",
                                                                                                                    "cpu_time": 0.06929600000000011,
                                                                                                                    "extra_info": {
                                                                                                                        "Table": "supplier",
                                                                                                                        "Type": "Sequential Scan",
                                                                                                                        "Projections": [
                                                                                                                            "s_suppkey",
                                                                                                                            "s_nationkey"
                                                                                                                        ],
                                                                                                                        "Estimated Cardinality": "10000000"
                                                                                                                    },
                                                                                                                    "cumulative_cardinality": 799363,
                                                                                                                    "operator_type": "TABLE_SCAN",
                                                                                                                    "operator_cardinality": 799363,
                                                                                                                    "cumulative_rows_scanned": 160000000,
                                                                                                                    "operator_rows_scanned": 160000000,
                                                                                                                    "operator_timing": 0.06929600000000011,
                                                                                                                    "result_set_size": 6394904,
                                                                                                                    "children": []
                                                                                                                },
                                                                                                                {
                                                                                                                    "operator_name": "FILTER",
                                                                                                                    "cpu_time": 0.00001,
                                                                                                                    "extra_info": {
                                                                                                                        "Expression": "((n_name = 'ALGERIA') OR (n_name = 'ARGENTINA'))",
                                                                                                                        "Estimated Cardinality": "5"
                                                                                                                    },
                                                                                                                    "cumulative_cardinality": 27,
                                                                                                                    "operator_type": "FILTER",
                                                                                                                    "operator_cardinality": 2,
                                                                                                                    "cumulative_rows_scanned": 25,
                                                                                                                    "operator_rows_scanned": 0,
                                                                                                                    "operator_timing": 0.000009,
                                                                                                                    "result_set_size": 40,
                                                                                                                    "children": [
                                                                                                                        {
                                                                                                                            "result_set_size": 500,
                                                                                                                            "operator_timing": 0.000001,
                                                                                                                            "operator_rows_scanned": 25,
                                                                                                                            "cumulative_rows_scanned": 25,
                                                                                                                            "operator_cardinality": 25,
                                                                                                                            "operator_type": "TABLE_SCAN",
                                                                                                                            "cumulative_cardinality": 25,
                                                                                                                            "cpu_time": 0.000001,
                                                                                                                            "operator_name": "SEQ_SCAN ",
                                                                                                                            "extra_info": {
                                                                                                                                "Table": "nation",
                                                                                                                                "Type": "Sequential Scan",
                                                                                                                                "Projections": [
                                                                                                                                    "n_nationkey",
                                                                                                                                    "n_name"
                                                                                                                                ],
                                                                                                                                "Filters": "optional: n_name='ALGERIA' OR n_name='ARGENTINA'",
                                                                                                                                "Estimated Cardinality": "25"
                                                                                                                            },
                                                                                                                            "children": []
                                                                                                                        }
                                                                                                                    ]
                                                                                                                }
                                                                                                            ]
                                                                                                        }
                                                                                                    ]
                                                                                                },
                                                                                                {
                                                                                                    "operator_name": "PROJECTION",
                                                                                                    "cpu_time": 41.64674799998083,
                                                                                                    "extra_info": {
                                                                                                        "Projections": [
                                                                                                            "#0",
                                                                                                            "__internal_compress_string_hugeint(#1)"
                                                                                                        ],
                                                                                                        "Estimated Cardinality": "214361657"
                                                                                                    },
                                                                                                    "cumulative_cardinality": 1907840212,
                                                                                                    "operator_type": "PROJECTION",
                                                                                                    "operator_cardinality": 119954779,
                                                                                                    "cumulative_rows_scanned": 26400000025,
                                                                                                    "operator_rows_scanned": 0,
                                                                                                    "operator_timing": 0.41108000000005884,
                                                                                                    "result_set_size": 2399095580,
                                                                                                    "children": [
                                                                                                        {
                                                                                                            "result_set_size": 2399095580,
                                                                                                            "operator_timing": 0.3766130000000343,
                                                                                                            "operator_rows_scanned": 0,
                                                                                                            "cumulative_rows_scanned": 26400000025,
                                                                                                            "operator_cardinality": 119954779,
                                                                                                            "operator_type": "PROJECTION",
                                                                                                            "cumulative_cardinality": 1787885433,
                                                                                                            "cpu_time": 41.23566799998077,
                                                                                                            "operator_name": "PROJECTION",
                                                                                                            "extra_info": {
                                                                                                                "Projections": [
                                                                                                                    "#0",
                                                                                                                    "__internal_decompress_string(#1)"
                                                                                                                ],
                                                                                                                "Estimated Cardinality": "214361657"
                                                                                                            },
                                                                                                            "children": [
                                                                                                                {
                                                                                                                    "operator_name": "HASH_JOIN",
                                                                                                                    "cpu_time": 40.859054999980735,
                                                                                                                    "extra_info": {
                                                                                                                        "Join Type": "INNER",
                                                                                                                        "Conditions": "o_custkey = c_custkey",
                                                                                                                        "Estimated Cardinality": "214361657"
                                                                                                                    },
                                                                                                                    "cumulative_cardinality": 1667930654,
                                                                                                                    "operator_type": "HASH_JOIN",
                                                                                                                    "operator_cardinality": 119954779,
                                                                                                                    "cumulative_rows_scanned": 26400000025,
                                                                                                                    "operator_rows_scanned": 0,
                                                                                                                    "operator_timing": 27.824569999990647,
                                                                                                                    "result_set_size": 2399095580,
                                                                                                                    "children": [
                                                                                                                        {
                                                                                                                            "result_set_size": 11999999840,
                                                                                                                            "operator_timing": 12.06631999999003,
                                                                                                                            "operator_rows_scanned": 24000000000,
                                                                                                                            "cumulative_rows_scanned": 24000000000,
                                                                                                                            "operator_cardinality": 1499999980,
                                                                                                                            "operator_type": "TABLE_SCAN",
                                                                                                                            "cumulative_cardinality": 1499999980,
                                                                                                                            "cpu_time": 12.06631999999003,
                                                                                                                            "operator_name": "SEQ_SCAN ",
                                                                                                                            "extra_info": {
                                                                                                                                "Table": "orders",
                                                                                                                                "Type": "Sequential Scan",
                                                                                                                                "Projections": [
                                                                                                                                    "o_orderkey",
                                                                                                                                    "o_custkey"
                                                                                                                                ],
                                                                                                                                "Estimated Cardinality": "1500000000"
                                                                                                                            },
                                                                                                                            "children": []
                                                                                                                        },
                                                                                                                        {
                                                                                                                            "result_set_size": 239879340,
                                                                                                                            "operator_timing": 0.052279000000001366,
                                                                                                                            "operator_rows_scanned": 0,
                                                                                                                            "cumulative_rows_scanned": 2400000025,
                                                                                                                            "operator_cardinality": 11993967,
                                                                                                                            "operator_type": "PROJECTION",
                                                                                                                            "cumulative_cardinality": 47975895,
                                                                                                                            "cpu_time": 0.9681650000000529,
                                                                                                                            "operator_name": "PROJECTION",
                                                                                                                            "extra_info": {
                                                                                                                                "Projections": [
                                                                                                                                    "#0",
                                                                                                                                    "__internal_compress_string_hugeint(#1)"
                                                                                                                                ],
                                                                                                                                "Estimated Cardinality": "28846153"
                                                                                                                            },
                                                                                                                            "children": [
                                                                                                                                {
                                                                                                                                    "operator_name": "FILTER",
                                                                                                                                    "cpu_time": 0.9158860000000515,
                                                                                                                                    "extra_info": {
                                                                                                                                        "Expression": "(c_custkey <= 149999999)",
                                                                                                                                        "Estimated Cardinality": "28846153"
                                                                                                                                    },
                                                                                                                                    "cumulative_cardinality": 35981928,
                                                                                                                                    "operator_type": "FILTER",
                                                                                                                                    "operator_cardinality": 11993967,
                                                                                                                                    "cumulative_rows_scanned": 2400000025,
                                                                                                                                    "operator_rows_scanned": 0,
                                                                                                                                    "operator_timing": 0.035926999999999605,
                                                                                                                                    "result_set_size": 239879340,
                                                                                                                                    "children": [
                                                                                                                                        {
                                                                                                                                            "result_set_size": 239879340,
                                                                                                                                            "operator_timing": 0.08692600000000472,
                                                                                                                                            "operator_rows_scanned": 0,
                                                                                                                                            "cumulative_rows_scanned": 2400000025,
                                                                                                                                            "operator_cardinality": 11993967,
                                                                                                                                            "operator_type": "HASH_JOIN",
                                                                                                                                            "cumulative_cardinality": 23987961,
                                                                                                                                            "cpu_time": 0.8799590000000519,
                                                                                                                                            "operator_name": "HASH_JOIN",
                                                                                                                                            "extra_info": {
                                                                                                                                                "Join Type": "INNER",
                                                                                                                                                "Conditions": "c_nationkey = n_nationkey",
                                                                                                                                                "Estimated Cardinality": "28846153"
                                                                                                                                            },
                                                                                                                                            "children": [
                                                                                                                                                {
                                                                                                                                                    "operator_name": "SEQ_SCAN ",
                                                                                                                                                    "cpu_time": 0.7930200000000471,
                                                                                                                                                    "extra_info": {
                                                                                                                                                        "Table": "customer",
                                                                                                                                                        "Type": "Sequential Scan",
                                                                                                                                                        "Projections": [
                                                                                                                                                            "c_custkey",
                                                                                                                                                            "c_nationkey"
                                                                                                                                                        ],
                                                                                                                                                        "Estimated Cardinality": "150000000"
                                                                                                                                                    },
                                                                                                                                                    "cumulative_cardinality": 11993967,
                                                                                                                                                    "operator_type": "TABLE_SCAN",
                                                                                                                                                    "operator_cardinality": 11993967,
                                                                                                                                                    "cumulative_rows_scanned": 2400000000,
                                                                                                                                                    "operator_rows_scanned": 2400000000,
                                                                                                                                                    "operator_timing": 0.7930200000000471,
                                                                                                                                                    "result_set_size": 95951736,
                                                                                                                                                    "children": []
                                                                                                                                                },
                                                                                                                                                {
                                                                                                                                                    "operator_name": "FILTER",
                                                                                                                                                    "cpu_time": 0.000013000000000000001,
                                                                                                                                                    "extra_info": {
                                                                                                                                                        "Expression": "((n_name = 'ARGENTINA') OR (n_name = 'ALGERIA'))",
                                                                                                                                                        "Estimated Cardinality": "25"
                                                                                                                                                    },
                                                                                                                                                    "cumulative_cardinality": 27,
                                                                                                                                                    "operator_type": "FILTER",
                                                                                                                                                    "operator_cardinality": 2,
                                                                                                                                                    "cumulative_rows_scanned": 25,
                                                                                                                                                    "operator_rows_scanned": 0,
                                                                                                                                                    "operator_timing": 0.000005,
                                                                                                                                                    "result_set_size": 40,
                                                                                                                                                    "children": [
                                                                                                                                                        {
                                                                                                                                                            "result_set_size": 500,
                                                                                                                                                            "operator_timing": 0.000008,
                                                                                                                                                            "operator_rows_scanned": 25,
                                                                                                                                                            "cumulative_rows_scanned": 25,
                                                                                                                                                            "operator_cardinality": 25,
                                                                                                                                                            "operator_type": "TABLE_SCAN",
                                                                                                                                                            "cumulative_cardinality": 25,
                                                                                                                                                            "cpu_time": 0.000008,
                                                                                                                                                            "operator_name": "SEQ_SCAN ",
                                                                                                                                                            "extra_info": {
                                                                                                                                                                "Table": "nation",
                                                                                                                                                                "Type": "Sequential Scan",
                                                                                                                                                                "Projections": [
                                                                                                                                                                    "n_nationkey",
                                                                                                                                                                    "n_name"
                                                                                                                                                                ],
                                                                                                                                                                "Filters": "optional: n_name='ARGENTINA' OR n_name='ALGERIA'",
                                                                                                                                                                "Estimated Cardinality": "25"
                                                                                                                                                            },
                                                                                                                                                            "children": []
                                                                                                                                                        }
                                                                                                                                                    ]
                                                                                                                                                }
                                                                                                                                            ]
                                                                                                                                        }
                                                                                                                                    ]
                                                                                                                                }
                                                                                                                            ]
                                                                                                                        }
                                                                                                                    ]
                                                                                                                }
                                                                                                            ]
                                                                                                        }
                                                                                                    ]
                                                                                                }
                                                                                            ]
                                                                                        }
                                                                                    ]
                                                                                }
                                                                            ]
                                                                        }
                                                                    ]
                                                                }
                                                            ]
                                                        }
                                                    ]
                                                }
                                            ]
                                        }
                                    ]
                                }
                            ]
                        }
                    ]
                }
            ]
        }
    ]
}