{
    "result_set_size": 9448680,
    "cumulative_rows_scanned": 312159506057,
    "cumulative_cardinality": 35511275398,
    "extra_info": {},
    "cpu_time": 607.54147199963,
    "blocked_thread_time": 0.06,
    "rows_returned": 393695,
    "query_name": "select\n\ts_name,\n\tcount(*) as numwait\nfrom\n\tsupplier,\n\tlineitem l1,\n\torders,\n\tnation\nwhere\n\ts_suppkey = l1.l_suppkey\n\tand o_orderkey = l1.l_orderkey\n\tand o_orderstatus = 'F'\n\tand l1.l_receiptdate > l1.l_commitdate\n\tand exists (\n\t\tselect\n\t\t\t*\n\t\tfrom\n\t\t\tlineitem l2\n\t\twhere\n\t\t\tl2.l_orderkey = l1.l_orderkey\n\t\t\tand l2.l_suppkey <> l1.l_suppkey\n\t)\n\tand not exists (\n\t\tselect\n\t\t\t*\n\t\tfrom\n\t\t\tlineitem l3\n\t\twhere\n\t\t\tl3.l_orderkey = l1.l_orderkey\n\t\t\tand l3.l_suppkey <> l1.l_suppkey\n\t\t\tand l3.l_receiptdate > l3.l_commitdate\n\t)\n\tand s_nationkey = n_nationkey\n\tand n_name = 'RUSSIA'\ngroup by\n\ts_name\norder by\n\tnumwait desc,\n\ts_name;",
    "latency": 47.824335,
    "children": [
        {
            "result_set_size": 9448680,
            "operator_timing": 0.041437999999999996,
            "operator_rows_scanned": 0,
            "cumulative_rows_scanned": 312159506057,
            "operator_cardinality": 393695,
            "operator_type": "ORDER_BY",
            "cumulative_cardinality": 35511275398,
            "cpu_time": 607.54147199963,
            "operator_name": "ORDER_BY",
            "extra_info": {
                "Order By": [
                    "count_star() DESC",
                    "tpch.main.supplier.s_name ASC"
                ]
            },
            "children": [
                {
                    "operator_name": "HASH_GROUP_BY",
                    "cpu_time": 607.50003399963,
                    "extra_info": {
                        "Groups": "#0",
                        "Aggregates": "count_star()",
                        "Estimated Cardinality": "275666032"
                    },
                    "cumulative_cardinality": 35510881703,
                    "operator_type": "HASH_GROUP_BY",
                    "operator_cardinality": 393695,
                    "cumulative_rows_scanned": 312159506057,
                    "operator_rows_scanned": 0,
                    "operator_timing": 1.1952209999999999,
                    "result_set_size": 9448680,
                    "children": [
                        {
                            "result_set_size": 37545936,
                            "operator_timing": 0.00032100000000000005,
                            "operator_rows_scanned": 0,
                            "cumulative_rows_scanned": 312159506057,
                            "operator_cardinality": 2346621,
                            "operator_type": "PROJECTION",
                            "cumulative_cardinality": 35510488008,
                            "cpu_time": 606.30481299963,
                            "operator_name": "PROJECTION",
                            "extra_info": {
                                "Projections": "s_name",
                                "Estimated Cardinality": "551332064"
                            },
                            "children": [
                                {
                                    "operator_name": "RIGHT_DELIM_JOIN",
                                    "cpu_time": 606.30449199963,
                                    "extra_info": {
                                        "Join Type": "RIGHT_ANTI",
                                        "Conditions": [
                                            "l_orderkey IS NOT DISTINCT FROM l_orderkey",
                                            "l_suppkey IS NOT DISTINCT FROM l_suppkey"
                                        ],
                                        "Estimated Cardinality": "551332064",
                                        "Delim Index": "2"
                                    },
                                    "cumulative_cardinality": 35508141387,
                                    "operator_type": "RIGHT_DELIM_JOIN",
                                    "operator_cardinality": 0,
                                    "cumulative_rows_scanned": 312159506057,
                                    "operator_rows_scanned": 0,
                                    "operator_timing": 5.545468000000001,
                                    "result_set_size": 0,
                                    "children": [
                                        {
                                            "result_set_size": 0,
                                            "operator_timing": 35.775304000001874,
                                            "operator_rows_scanned": 0,
                                            "cumulative_rows_scanned": 216159670713,
                                            "operator_cardinality": 0,
                                            "operator_type": "RIGHT_DELIM_JOIN",
                                            "cumulative_cardinality": 21426057606,
                                            "cpu_time": 403.6813069997656,
                                            "operator_name": "RIGHT_DELIM_JOIN",
                                            "extra_info": {
                                                "Join Type": "RIGHT_SEMI",
                                                "Conditions": [
                                                    "l_orderkey IS NOT DISTINCT FROM l_orderkey",
                                                    "l_suppkey IS NOT DISTINCT FROM l_suppkey"
                                                ],
                                                "Estimated Cardinality": "314996834",
                                                "Delim Index": "1"
                                            },
                                            "children": [
                                                {
                                                    "operator_name": "HASH_JOIN",
                                                    "cpu_time": 208.19700799992086,
                                                    "extra_info": {
                                                        "Join Type": "INNER",
                                                        "Conditions": "o_orderkey = l_orderkey",
                                                        "Estimated Cardinality": "35993918"
                                                    },
                                                    "cumulative_cardinality": 14585096585,
                                                    "operator_type": "HASH_JOIN",
                                                    "operator_cardinality": 115198591,
                                                    "cumulative_rows_scanned": 120159835369,
                                                    "operator_rows_scanned": 0,
                                                    "operator_timing": 33.84811800000092,
                                                    "result_set_size": 3225560548,
                                                    "children": [
                                                        {
                                                            "result_set_size": 2923226836,
                                                            "operator_timing": 26.17168699999241,
                                                            "operator_rows_scanned": 24000000000,
                                                            "cumulative_rows_scanned": 24000000000,
                                                            "operator_cardinality": 730806709,
                                                            "operator_type": "TABLE_SCAN",
                                                            "cumulative_cardinality": 730806709,
                                                            "cpu_time": 26.17168699999241,
                                                            "operator_name": "SEQ_SCAN ",
                                                            "extra_info": {
                                                                "Table": "orders",
                                                                "Type": "Sequential Scan",
                                                                "Projections": "o_orderkey",
                                                                "Filters": "o_orderstatus='F'",
                                                                "Estimated Cardinality": "500000000"
                                                            },
                                                            "children": []
                                                        },
                                                        {
                                                            "result_set_size": 3638631024,
                                                            "operator_timing": 47.30155000004401,
                                                            "operator_rows_scanned": 0,
                                                            "cumulative_rows_scanned": 96159835369,
                                                            "operator_cardinality": 151609626,
                                                            "operator_type": "HASH_JOIN",
                                                            "cumulative_cardinality": 13739091285,
                                                            "cpu_time": 148.17720299992752,
                                                            "operator_name": "HASH_JOIN",
                                                            "extra_info": {
                                                                "Join Type": "INNER",
                                                                "Conditions": "l_suppkey = s_suppkey",
                                                                "Estimated Cardinality": "57148228"
                                                            },
                                                            "children": [
                                                                {
                                                                    "operator_name": "PROJECTION",
                                                                    "cpu_time": 100.79398999988351,
                                                                    "extra_info": {
                                                                        "Projections": [
                                                                            "#0",
                                                                            "#1"
                                                                        ],
                                                                        "Estimated Cardinality": "1199997941"
                                                                    },
                                                                    "cumulative_cardinality": 13586681668,
                                                                    "operator_type": "PROJECTION",
                                                                    "operator_cardinality": 3793353868,
                                                                    "cumulative_rows_scanned": 95999835344,
                                                                    "operator_rows_scanned": 0,
                                                                    "operator_timing": 0.2355759999999375,
                                                                    "result_set_size": 30346830944,
                                                                    "children": [
                                                                        {
                                                                            "result_set_size": 60693661888,
                                                                            "operator_timing": 9.786970999990837,
                                                                            "operator_rows_scanned": 0,
                                                                            "cumulative_rows_scanned": 95999835344,
                                                                            "operator_cardinality": 3793353868,
                                                                            "operator_type": "FILTER",
                                                                            "cumulative_cardinality": 9793327800,
                                                                            "cpu_time": 100.55841399988357,
                                                                            "operator_name": "FILTER",
                                                                            "extra_info": {
                                                                                "Expression": "(l_receiptdate > l_commitdate)",
                                                                                "Estimated Cardinality": "1199997941"
                                                                            },
                                                                            "children": [
                                                                                {
                                                                                    "operator_name": "SEQ_SCAN ",
                                                                                    "cpu_time": 90.77144299989273,
                                                                                    "extra_info": {
                                                                                        "Table": "lineitem",
                                                                                        "Type": "Sequential Scan",
                                                                                        "Projections": [
                                                                                            "l_suppkey",
                                                                                            "l_orderkey",
                                                                                            "l_receiptdate",
                                                                                            "l_commitdate"
                                                                                        ],
                                                                                        "Estimated Cardinality": "5999989709"
                                                                                    },
                                                                                    "cumulative_cardinality": 5999973932,
                                                                                    "operator_type": "TABLE_SCAN",
                                                                                    "operator_cardinality": 5999973932,
                                                                                    "cumulative_rows_scanned": 95999835344,
                                                                                    "operator_rows_scanned": 95999835344,
                                                                                    "operator_timing": 90.77144299989273,
                                                                                    "result_set_size": 95999582912,
                                                                                    "children": []
                                                                                }
                                                                            ]
                                                                        }
                                                                    ]
                                                                },
                                                                {
                                                                    "operator_name": "HASH_JOIN",
                                                                    "cpu_time": 0.08166299999999999,
                                                                    "extra_info": {
                                                                        "Join Type": "INNER",
                                                                        "Conditions": "s_nationkey = n_nationkey",
                                                                        "Estimated Cardinality": "384615"
                                                                    },
                                                                    "cumulative_cardinality": 799991,
                                                                    "operator_type": "HASH_JOIN",
                                                                    "operator_cardinality": 399995,
                                                                    "cumulative_rows_scanned": 160000025,
                                                                    "operator_rows_scanned": 0,
                                                                    "operator_timing": 0.006602000000000033,
                                                                    "result_set_size": 9599880,
                                                                    "children": [
                                                                        {
                                                                            "result_set_size": 9599880,
                                                                            "operator_timing": 0.07505199999999995,
                                                                            "operator_rows_scanned": 160000000,
                                                                            "cumulative_rows_scanned": 160000000,
                                                                            "operator_cardinality": 399995,
                                                                            "operator_type": "TABLE_SCAN",
                                                                            "cumulative_cardinality": 399995,
                                                                            "cpu_time": 0.07505199999999995,
                                                                            "operator_name": "SEQ_SCAN ",
                                                                            "extra_info": {
                                                                                "Table": "supplier",
                                                                                "Type": "Sequential Scan",
                                                                                "Projections": [
                                                                                    "s_suppkey",
                                                                                    "s_nationkey",
                                                                                    "s_name"
                                                                                ],
                                                                                "Estimated Cardinality": "10000000"
                                                                            },
                                                                            "children": []
                                                                        },
                                                                        {
                                                                            "result_set_size": 4,
                                                                            "operator_timing": 0.000009,
                                                                            "operator_rows_scanned": 25,
                                                                            "cumulative_rows_scanned": 25,
                                                                            "operator_cardinality": 1,
                                                                            "operator_type": "TABLE_SCAN",
                                                                            "cumulative_cardinality": 1,
                                                                            "cpu_time": 0.000009,
                                                                            "operator_name": "SEQ_SCAN ",
                                                                            "extra_info": {
                                                                                "Table": "nation",
                                                                                "Type": "Sequential Scan",
                                                                                "Projections": "n_nationkey",
                                                                                "Filters": "n_name='RUSSIA'",
                                                                                "Estimated Cardinality": "1"
                                                                            },
                                                                            "children": []
                                                                        }
                                                                    ]
                                                                }
                                                            ]
                                                        }
                                                    ]
                                                },
                                                {
                                                    "operator_name": "HASH_JOIN",
                                                    "cpu_time": 155.22515499984274,
                                                    "extra_info": {
                                                        "Join Type": "RIGHT_SEMI",
                                                        "Conditions": [
                                                            "l_orderkey IS NOT DISTINCT FROM l_orderkey",
                                                            "l_suppkey IS NOT DISTINCT FROM l_suppkey"
                                                        ],
                                                        "Estimated Cardinality": "314996834"
                                                    },
                                                    "cumulative_cardinality": 6746035274,
                                                    "operator_type": "HASH_JOIN",
                                                    "operator_cardinality": 114048385,
                                                    "cumulative_rows_scanned": 95999835344,
                                                    "operator_rows_scanned": 0,
                                                    "operator_timing": 20.227174999974288,
                                                    "result_set_size": 2737161240,
                                                    "children": [
                                                        {
                                                            "result_set_size": 5055980568,
                                                            "operator_timing": 71.5705080000245,
                                                            "operator_rows_scanned": 0,
                                                            "cumulative_rows_scanned": 95999835344,
                                                            "operator_cardinality": 631997571,
                                                            "operator_type": "HASH_JOIN",
                                                            "cumulative_cardinality": 6631986889,
                                                            "cpu_time": 134.99797999986845,
                                                            "operator_name": "HASH_JOIN",
                                                            "extra_info": {
                                                                "Join Type": "INNER",
                                                                "Conditions": [
                                                                    "l_orderkey = l_orderkey",
                                                                    "l_suppkey != l_suppkey"
                                                                ],
                                                                "Estimated Cardinality": "314996834"
                                                            },
                                                            "children": [
                                                                {
                                                                    "operator_name": "SEQ_SCAN ",
                                                                    "cpu_time": 63.42747199984393,
                                                                    "extra_info": {
                                                                        "Table": "lineitem",
                                                                        "Type": "Sequential Scan",
                                                                        "Projections": [
                                                                            "l_orderkey",
                                                                            "l_suppkey"
                                                                        ],
                                                                        "Estimated Cardinality": "5999989709"
                                                                    },
                                                                    "cumulative_cardinality": 5999989318,
                                                                    "operator_type": "TABLE_SCAN",
                                                                    "operator_cardinality": 5999989318,
                                                                    "cumulative_rows_scanned": 95999835344,
                                                                    "operator_rows_scanned": 95999835344,
                                                                    "operator_timing": 63.42747199984393,
                                                                    "result_set_size": 47999914544,
                                                                    "children": []
                                                                },
                                                                {
                                                                    "operator_name": "DELIM_SCAN",
                                                                    "cpu_time": 0.0,
                                                                    "extra_info": {
                                                                        "Delim Index": "1",
                                                                        "Estimated Cardinality": "17996959"
                                                                    },
                                                                    "cumulative_cardinality": 0,
                                                                    "operator_type": "DELIM_SCAN",
                                                                    "operator_cardinality": 0,
                                                                    "cumulative_rows_scanned": 0,
                                                                    "operator_rows_scanned": 0,
                                                                    "operator_timing": 0.0,
                                                                    "result_set_size": 0,
                                                                    "children": []
                                                                }
                                                            ]
                                                        },
                                                        {
                                                            "result_set_size": 0,
                                                            "operator_timing": 0.0,
                                                            "operator_rows_scanned": 0,
                                                            "cumulative_rows_scanned": 0,
                                                            "operator_cardinality": 0,
                                                            "operator_type": "DUMMY_SCAN",
                                                            "cumulative_cardinality": 0,
                                                            "cpu_time": 0.0,
                                                            "operator_name": "DUMMY_SCAN",
                                                            "extra_info": {},
                                                            "children": []
                                                        }
                                                    ]
                                                },
                                                {
                                                    "operator_name": "HASH_GROUP_BY",
                                                    "cpu_time": 4.483840000000078,
                                                    "extra_info": {
                                                        "Groups": [
                                                            "#1",
                                                            "#2"
                                                        ],
                                                        "Aggregates": "",
                                                        "Estimated Cardinality": "314996834"
                                                    },
                                                    "cumulative_cardinality": 94925747,
                                                    "operator_type": "HASH_GROUP_BY",
                                                    "operator_cardinality": 94925747,
                                                    "cumulative_rows_scanned": 0,
                                                    "operator_rows_scanned": 0,
                                                    "operator_timing": 4.483840000000078,
                                                    "result_set_size": 759405976,
                                                    "children": []
                                                }
                                            ]
                                        },
                                        {
                                            "result_set_size": 37545936,
                                            "operator_timing": 21.153693999976834,
                                            "operator_rows_scanned": 0,
                                            "cumulative_rows_scanned": 95999835344,
                                            "operator_cardinality": 2346621,
                                            "operator_type": "HASH_JOIN",
                                            "cumulative_cardinality": 13988308240,
                                            "cpu_time": 192.93464499986436,
                                            "operator_name": "HASH_JOIN",
                                            "extra_info": {
                                                "Join Type": "RIGHT_ANTI",
                                                "Conditions": [
                                                    "l_orderkey IS NOT DISTINCT FROM l_orderkey",
                                                    "l_suppkey IS NOT DISTINCT FROM l_suppkey"
                                                ],
                                                "Estimated Cardinality": "551332064"
                                            },
                                            "children": [
                                                {
                                                    "operator_name": "HASH_JOIN",
                                                    "cpu_time": 171.78095099988752,
                                                    "extra_info": {
                                                        "Join Type": "INNER",
                                                        "Conditions": [
                                                            "l_orderkey = l_orderkey",
                                                            "l_suppkey != l_suppkey"
                                                        ],
                                                        "Estimated Cardinality": "551332064"
                                                    },
                                                    "cumulative_cardinality": 13985961619,
                                                    "operator_type": "HASH_JOIN",
                                                    "operator_cardinality": 399245021,
                                                    "cumulative_rows_scanned": 95999835344,
                                                    "operator_rows_scanned": 0,
                                                    "operator_timing": 60.66903400003959,
                                                    "result_set_size": 3193960168,
                                                    "children": [
                                                        {
                                                            "result_set_size": 30346909120,
                                                            "operator_timing": 0.26444799999993807,
                                                            "operator_rows_scanned": 0,
                                                            "cumulative_rows_scanned": 95999835344,
                                                            "operator_cardinality": 3793363640,
                                                            "operator_type": "PROJECTION",
                                                            "cumulative_cardinality": 13586716598,
                                                            "cpu_time": 111.11191699984792,
                                                            "operator_name": "PROJECTION",
                                                            "extra_info": {
                                                                "Projections": [
                                                                    "#0",
                                                                    "#1"
                                                                ],
                                                                "Estimated Cardinality": "1199997941"
                                                            },
                                                            "children": [
                                                                {
                                                                    "operator_name": "FILTER",
                                                                    "cpu_time": 110.84746899984798,
                                                                    "extra_info": {
                                                                        "Expression": "(l_receiptdate > l_commitdate)",
                                                                        "Estimated Cardinality": "1199997941"
                                                                    },
                                                                    "cumulative_cardinality": 9793352958,
                                                                    "operator_type": "FILTER",
                                                                    "operator_cardinality": 3793363640,
                                                                    "cumulative_rows_scanned": 95999835344,
                                                                    "operator_rows_scanned": 0,
                                                                    "operator_timing": 3.7289630000030476,
                                                                    "result_set_size": 60693818240,
                                                                    "children": [
                                                                        {
                                                                            "result_set_size": 95999829088,
                                                                            "operator_timing": 107.11850599984493,
                                                                            "operator_rows_scanned": 95999835344,
                                                                            "cumulative_rows_scanned": 95999835344,
                                                                            "operator_cardinality": 5999989318,
                                                                            "operator_type": "TABLE_SCAN",
                                                                            "cumulative_cardinality": 5999989318,
                                                                            "cpu_time": 107.11850599984493,
                                                                            "operator_name": "SEQ_SCAN ",
                                                                            "extra_info": {
                                                                                "Table": "lineitem",
                                                                                "Type": "Sequential Scan",
                                                                                "Projections": [
                                                                                    "l_orderkey",
                                                                                    "l_suppkey",
                                                                                    "l_receiptdate",
                                                                                    "l_commitdate"
                                                                                ],
                                                                                "Estimated Cardinality": "5999989709"
                                                                            },
                                                                            "children": []
                                                                        }
                                                                    ]
                                                                }
                                                            ]
                                                        },
                                                        {
                                                            "result_set_size": 0,
                                                            "operator_timing": 0.0,
                                                            "operator_rows_scanned": 0,
                                                            "cumulative_rows_scanned": 0,
                                                            "operator_cardinality": 0,
                                                            "operator_type": "DELIM_SCAN",
                                                            "cumulative_cardinality": 0,
                                                            "cpu_time": 0.0,
                                                            "operator_name": "DELIM_SCAN",
                                                            "extra_info": {
                                                                "Delim Index": "2",
                                                                "Estimated Cardinality": "157498417"
                                                            },
                                                            "children": []
                                                        }
                                                    ]
                                                },
                                                {
                                                    "operator_name": "DUMMY_SCAN",
                                                    "cpu_time": 0.0,
                                                    "extra_info": {},
                                                    "cumulative_cardinality": 0,
                                                    "operator_type": "DUMMY_SCAN",
                                                    "operator_cardinality": 0,
                                                    "cumulative_rows_scanned": 0,
                                                    "operator_rows_scanned": 0,
                                                    "operator_timing": 0.0,
                                                    "result_set_size": 0,
                                                    "children": []
                                                }
                                            ]
                                        },
                                        {
                                            "result_set_size": 750204328,
                                            "operator_timing": 4.143072000000111,
                                            "operator_rows_scanned": 0,
                                            "cumulative_rows_scanned": 0,
                                            "operator_cardinality": 93775541,
                                            "operator_type": "HASH_GROUP_BY",
                                            "cumulative_cardinality": 93775541,
                                            "cpu_time": 4.143072000000111,
                                            "operator_name": "HASH_GROUP_BY",
                                            "extra_info": {
                                                "Groups": [
                                                    "#0",
                                                    "#1"
                                                ],
                                                "Aggregates": "",
                                                "Estimated Cardinality": "551332064"
                                            },
                                            "children": []
                                        }
                                    ]
                                }
                            ]
                        }
                    ]
                }
            ]
        }
    ]
}