{
    "result_set_size": 16,
    "cumulative_rows_scanned": 99199835344,
    "cumulative_cardinality": 2757346605,
    "extra_info": {},
    "cpu_time": 212.71162900015466,
    "blocked_thread_time": 0.0,
    "rows_returned": 1,
    "query_name": "select\n\tsum(l_extendedprice* (1 - l_discount)) as revenue\nfrom\n\tlineitem,\n\tpart\nwhere\n\t(\n\t\tp_partkey = l_partkey\n\t\tand p_brand = 'Brand#12'\n\t\tand p_container in ('SM CASE', 'SM BOX', 'SM PACK', 'SM PKG')\n\t\tand l_quantity >= 3 and l_quantity <= 3 + 10\n\t\tand p_size between 1 and 5\n\t\tand l_shipmode in ('AIR', 'AIR REG')\n\t\tand l_shipinstruct = 'DELIVER IN PERSON'\n\t)\n\tor\n\t(\n\t\tp_partkey = l_partkey\n\t\tand p_brand = 'Brand#52'\n\t\tand p_container in ('MED BAG', 'MED BOX', 'MED PKG', 'MED PACK')\n\t\tand l_quantity >= 15 and l_quantity <= 15 + 10\n\t\tand p_size between 1 and 10\n\t\tand l_shipmode in ('AIR', 'AIR REG')\n\t\tand l_shipinstruct = 'DELIVER IN PERSON'\n\t)\n\tor\n\t(\n\t\tp_partkey = l_partkey\n\t\tand p_brand = 'Brand#24'\n\t\tand p_container in ('LG CASE', 'LG BOX', 'LG PACK', 'LG PKG')\n\t\tand l_quantity >= 27 and l_quantity <= 27 + 10\n\t\tand p_size between 1 and 15\n\t\tand l_shipmode in ('AIR', 'AIR REG')\n\t\tand l_shipinstruct = 'DELIVER IN PERSON'\n\t);",
    "latency": 23.124449,
    "children": [
        {
            "result_set_size": 16,
            "operator_timing": 0.00016200000000000003,
            "operator_rows_scanned": 0,
            "cumulative_rows_scanned": 99199835344,
            "operator_cardinality": 1,
            "operator_type": "UNGROUPED_AGGREGATE",
            "cumulative_cardinality": 2757346605,
            "cpu_time": 212.71162900015466,
            "operator_name": "UNGROUPED_AGGREGATE",
            "extra_info": {
                "Aggregates": "sum(#0)"
            },
            "children": [
                {
                    "operator_name": "PROJECTION",
                    "cpu_time": 212.71146700015467,
                    "extra_info": {
                        "Projections": "(l_extendedprice * (1.00 - l_discount))",
                        "Estimated Cardinality": "130760722"
                    },
                    "cumulative_cardinality": 2757346604,
                    "operator_type": "PROJECTION",
                    "operator_cardinality": 113796,
                    "cumulative_rows_scanned": 99199835344,
                    "operator_rows_scanned": 0,
                    "operator_timing": 0.00033500000000000007,
                    "result_set_size": 910368,
                    "children": [
                        {
                            "result_set_size": 1820736,
                            "operator_timing": 0.000030000000000000008,
                            "operator_rows_scanned": 0,
                            "cumulative_rows_scanned": 99199835344,
                            "operator_cardinality": 113796,
                            "operator_type": "PROJECTION",
                            "cumulative_cardinality": 2757232808,
                            "cpu_time": 212.71113200015466,
                            "operator_name": "PROJECTION",
                            "extra_info": {
                                "Projections": [
                                    "#1",
                                    "#2"
                                ],
                                "Estimated Cardinality": "130760722"
                            },
                            "children": [
                                {
                                    "operator_name": "FILTER",
                                    "cpu_time": 212.71110200015465,
                                    "extra_info": {
                                        "Expression": "(((l_quantity >= 3.00) AND (l_quantity <= 13.00) AND (p_size <= 5) AND (p_brand = 'Brand#12') AND ((p_container = 'SM CASE') OR (p_container = 'SM BOX') OR (p_container = 'SM PACK') OR (p_container = 'SM PKG'))) OR ((l_quantity >= 15.00) AND (l_quantity <= 25.00) AND (p_size <= 10) AND (p_brand = 'Brand#52') AND ((p_container = 'MED BAG') OR (p_container = 'MED BOX') OR (p_container = 'MED PKG') OR (p_container = 'MED PACK'))) OR ((l_quantity >= 27.00) AND (l_quantity <= 37.00) AND (p_size <= 15) AND (p_brand = 'Brand#24') AND ((p_container = 'LG CASE') OR (p_container = 'LG BOX') OR (p_container = 'LG PACK') OR (p_container = 'LG PKG'))))",
                                        "Estimated Cardinality": "130760722"
                                    },
                                    "cumulative_cardinality": 2757119012,
                                    "operator_type": "FILTER",
                                    "operator_cardinality": 113796,
                                    "cumulative_rows_scanned": 99199835344,
                                    "operator_rows_scanned": 0,
                                    "operator_timing": 35.536530999992365,
                                    "result_set_size": 6827760,
                                    "children": [
                                        {
                                            "result_set_size": 12855607320,
                                            "operator_timing": 2.719061000001966,
                                            "operator_rows_scanned": 0,
                                            "cumulative_rows_scanned": 99199835344,
                                            "operator_cardinality": 214260122,
                                            "operator_type": "PROJECTION",
                                            "cumulative_cardinality": 2757005216,
                                            "cpu_time": 177.1745710001623,
                                            "operator_name": "PROJECTION",
                                            "extra_info": {
                                                "Projections": [
                                                    "#0",
                                                    "#1",
                                                    "#2",
                                                    "__internal_decompress_string(#3)",
                                                    "__internal_decompress_string(#4)",
                                                    "__internal_decompress_integral_integer(#5, 1)"
                                                ],
                                                "Estimated Cardinality": "130760722"
                                            },
                                            "children": [
                                                {
                                                    "operator_name": "HASH_JOIN",
                                                    "cpu_time": 174.45551000016033,
                                                    "extra_info": {
                                                        "Join Type": "INNER",
                                                        "Conditions": "l_partkey = p_partkey",
                                                        "Estimated Cardinality": "130760722"
                                                    },
                                                    "cumulative_cardinality": 2542745094,
                                                    "operator_type": "HASH_JOIN",
                                                    "operator_cardinality": 214260122,
                                                    "cumulative_rows_scanned": 99199835344,
                                                    "operator_rows_scanned": 0,
                                                    "operator_timing": 25.21012400001085,
                                                    "result_set_size": 12212826954,
                                                    "children": [
                                                        {
                                                            "result_set_size": 5999283416,
                                                            "operator_timing": 0.3657740000000317,
                                                            "operator_rows_scanned": 0,
                                                            "cumulative_rows_scanned": 95999835344,
                                                            "operator_cardinality": 214260122,
                                                            "operator_type": "PROJECTION",
                                                            "cumulative_cardinality": 1928484972,
                                                            "cpu_time": 148.7187140001495,
                                                            "operator_name": "PROJECTION",
                                                            "extra_info": {
                                                                "Projections": [
                                                                    "#0",
                                                                    "#1",
                                                                    "#3",
                                                                    "#4"
                                                                ],
                                                                "Estimated Cardinality": "299999485"
                                                            },
                                                            "children": [
                                                                {
                                                                    "operator_name": "FILTER",
                                                                    "cpu_time": 148.35294000014946,
                                                                    "extra_info": {
                                                                        "Expression": "((l_shipmode = 'AIR') OR (l_shipmode = 'AIR REG'))",
                                                                        "Estimated Cardinality": "299999485"
                                                                    },
                                                                    "cumulative_cardinality": 1714224850,
                                                                    "operator_type": "FILTER",
                                                                    "operator_cardinality": 214260122,
                                                                    "cumulative_rows_scanned": 95999835344,
                                                                    "operator_rows_scanned": 0,
                                                                    "operator_timing": 15.55134599999322,
                                                                    "result_set_size": 9427445368,
                                                                    "children": [
                                                                        {
                                                                            "result_set_size": 65998448032,
                                                                            "operator_timing": 132.80159400015623,
                                                                            "operator_rows_scanned": 95999835344,
                                                                            "cumulative_rows_scanned": 95999835344,
                                                                            "operator_cardinality": 1499964728,
                                                                            "operator_type": "TABLE_SCAN",
                                                                            "cumulative_cardinality": 1499964728,
                                                                            "cpu_time": 132.80159400015623,
                                                                            "operator_name": "SEQ_SCAN ",
                                                                            "extra_info": {
                                                                                "Table": "lineitem",
                                                                                "Type": "Sequential Scan",
                                                                                "Projections": [
                                                                                    "l_partkey",
                                                                                    "l_quantity",
                                                                                    "l_shipmode",
                                                                                    "l_extendedprice",
                                                                                    "l_discount"
                                                                                ],
                                                                                "Filters": [
                                                                                    "l_shipinstruct='DELIVER IN PERSON'",
                                                                                    "optional: l_shipmode IN ('AIR', 'AIR REG')"
                                                                                ],
                                                                                "Estimated Cardinality": "1499997428"
                                                                            },
                                                                            "children": []
                                                                        }
                                                                    ]
                                                                }
                                                            ]
                                                        },
                                                        {
                                                            "result_set_size": 7400000000,
                                                            "operator_timing": 0.17108700000000016,
                                                            "operator_rows_scanned": 0,
                                                            "cumulative_rows_scanned": 3200000000,
                                                            "operator_cardinality": 200000000,
                                                            "operator_type": "PROJECTION",
                                                            "cumulative_cardinality": 400000000,
                                                            "cpu_time": 0.5266719999999938,
                                                            "operator_name": "PROJECTION",
                                                            "extra_info": {
                                                                "Projections": [
                                                                    "#0",
                                                                    "__internal_compress_string_hugeint(#1)",
                                                                    "__internal_compress_string_hugeint(#2)",
                                                                    "__internal_compress_integral_utinyint(#3, 1)"
                                                                ],
                                                                "Estimated Cardinality": "200000000"
                                                            },
                                                            "children": [
                                                                {
                                                                    "operator_name": "SEQ_SCAN ",
                                                                    "cpu_time": 0.35558499999999366,
                                                                    "extra_info": {
                                                                        "Table": "part",
                                                                        "Type": "Sequential Scan",
                                                                        "Projections": [
                                                                            "p_partkey",
                                                                            "p_brand",
                                                                            "p_container",
                                                                            "p_size"
                                                                        ],
                                                                        "Estimated Cardinality": "200000000"
                                                                    },
                                                                    "cumulative_cardinality": 200000000,
                                                                    "operator_type": "TABLE_SCAN",
                                                                    "operator_cardinality": 200000000,
                                                                    "cumulative_rows_scanned": 3200000000,
                                                                    "operator_rows_scanned": 3200000000,
                                                                    "operator_timing": 0.35558499999999366,
                                                                    "result_set_size": 8000000000,
                                                                    "children": []
                                                                }
                                                            ]
                                                        }
                                                    ]
                                                }
                                            ]
                                        }
                                    ]
                                }
                            ]
                        }
                    ]
                }
            ]
        }
    ]
}