{
    "result_set_size": 280,
    "cumulative_rows_scanned": 28800000000,
    "cumulative_cardinality": 2710401566,
    "extra_info": {},
    "cpu_time": 65.1141539999883,
    "blocked_thread_time": 0.02,
    "rows_returned": 7,
    "query_name": "select\n\tcntrycode,\n\tcount(*) as numcust,\n\tsum(c_acctbal) as totacctbal\nfrom\n\t(\n\t\tselect\n\t\t\tsubstring(c_phone from 1 for 2) as cntrycode,\n\t\t\tc_acctbal\n\t\tfrom\n\t\t\tcustomer\n\t\twhere\n\t\t\tsubstring(c_phone from 1 for 2) in\n\t\t\t\t('15', '17', '25', '11', '24', '29', '18')\n\t\t\tand c_acctbal > (\n\t\t\t\tselect\n\t\t\t\t\tavg(c_acctbal)\n\t\t\t\tfrom\n\t\t\t\t\tcustomer\n\t\t\t\twhere\n\t\t\t\t\tc_acctbal > 0.00\n\t\t\t\t\tand substring(c_phone from 1 for 2) in\n\t\t\t\t\t\t('15', '17', '25', '11', '24', '29', '18')\n\t\t\t)\n\t\t\tand not exists (\n\t\t\t\tselect\n\t\t\t\t\t*\n\t\t\t\tfrom\n\t\t\t\t\torders\n\t\t\t\twhere\n\t\t\t\t\to_custkey = c_custkey\n\t\t\t)\n\t) as custsale\ngroup by\n\tcntrycode\norder by\n\tcntrycode;",
    "latency": 4.782229,
    "children": [
        {
            "result_set_size": 280,
            "operator_timing": 0.002914,
            "operator_rows_scanned": 0,
            "cumulative_rows_scanned": 28800000000,
            "operator_cardinality": 7,
            "operator_type": "ORDER_BY",
            "cumulative_cardinality": 2710401566,
            "cpu_time": 65.1141539999883,
            "operator_name": "ORDER_BY",
            "extra_info": {
                "Order By": "custsale.cntrycode ASC"
            },
            "children": [
                {
                    "operator_name": "HASH_GROUP_BY",
                    "cpu_time": 65.1112399999883,
                    "extra_info": {
                        "Groups": "#0",
                        "Aggregates": [
                            "count_star()",
                            "sum(#1)"
                        ],
                        "Estimated Cardinality": "1"
                    },
                    "cumulative_cardinality": 2710401559,
                    "operator_type": "HASH_GROUP_BY",
                    "operator_cardinality": 7,
                    "cumulative_rows_scanned": 28800000000,
                    "operator_rows_scanned": 0,
                    "operator_timing": 0.06421700000000004,
                    "result_set_size": 280,
                    "children": [
                        {
                            "result_set_size": 152747832,
                            "operator_timing": 0.00024800000000000007,
                            "operator_rows_scanned": 0,
                            "cumulative_rows_scanned": 28800000000,
                            "operator_cardinality": 6364493,
                            "operator_type": "PROJECTION",
                            "cumulative_cardinality": 2710401552,
                            "cpu_time": 65.0470229999883,
                            "operator_name": "PROJECTION",
                            "extra_info": {
                                "Projections": [
                                    "cntrycode",
                                    "c_acctbal"
                                ],
                                "Estimated Cardinality": "222"
                            },
                            "children": [
                                {
                                    "operator_name": "PROJECTION",
                                    "cpu_time": 65.0467749999883,
                                    "extra_info": {
                                        "Projections": [
                                            "cntrycode",
                                            "c_acctbal"
                                        ],
                                        "Estimated Cardinality": "222"
                                    },
                                    "cumulative_cardinality": 2704037059,
                                    "operator_type": "PROJECTION",
                                    "operator_cardinality": 6364493,
                                    "cumulative_rows_scanned": 28800000000,
                                    "operator_rows_scanned": 0,
                                    "operator_timing": 0.056735999999999946,
                                    "result_set_size": 152747832,
                                    "children": [
                                        {
                                            "result_set_size": 0,
                                            "operator_timing": 1.7749570000000088,
                                            "operator_rows_scanned": 0,
                                            "cumulative_rows_scanned": 28800000000,
                                            "operator_cardinality": 0,
                                            "operator_type": "RIGHT_DELIM_JOIN",
                                            "cumulative_cardinality": 2697672566,
                                            "cpu_time": 64.9900389999883,
                                            "operator_name": "RIGHT_DELIM_JOIN",
                                            "extra_info": {
                                                "Join Type": "RIGHT_ANTI",
                                                "Conditions": "c_custkey IS NOT DISTINCT FROM c_custkey",
                                                "Estimated Cardinality": "222",
                                                "Delim Index": "1"
                                            },
                                            "children": [
                                                {
                                                    "operator_name": "NESTED_LOOP_JOIN",
                                                    "cpu_time": 13.977342999999962,
                                                    "extra_info": {
                                                        "Join Type": "INNER",
                                                        "Conditions": "CAST(c_acctbal AS DOUBLE) > SUBQUERY",
                                                        "Estimated Cardinality": "61"
                                                    },
                                                    "cumulative_cardinality": 790387434,
                                                    "operator_type": "NESTED_LOOP_JOIN",
                                                    "operator_cardinality": 19093886,
                                                    "cumulative_rows_scanned": 4800000000,
                                                    "operator_rows_scanned": 0,
                                                    "operator_timing": 0.7216470000000317,
                                                    "result_set_size": 687379896,
                                                    "children": [
                                                        {
                                                            "result_set_size": 1176007728,
                                                            "operator_timing": 0.008131000000000091,
                                                            "operator_rows_scanned": 0,
                                                            "cumulative_rows_scanned": 2400000000,
                                                            "operator_cardinality": 42000276,
                                                            "operator_type": "PROJECTION",
                                                            "cumulative_cardinality": 384000559,
                                                            "cpu_time": 5.654454000000173,
                                                            "operator_name": "PROJECTION",
                                                            "extra_info": {
                                                                "Projections": [
                                                                    "#0",
                                                                    "#1",
                                                                    "#2"
                                                                ],
                                                                "Estimated Cardinality": "30000000"
                                                            },
                                                            "children": [
                                                                {
                                                                    "operator_name": "FILTER",
                                                                    "cpu_time": 5.646323000000173,
                                                                    "extra_info": {
                                                                        "Expression": "IN (...)",
                                                                        "Estimated Cardinality": "30000000"
                                                                    },
                                                                    "cumulative_cardinality": 342000283,
                                                                    "operator_type": "FILTER",
                                                                    "operator_cardinality": 42000276,
                                                                    "cumulative_rows_scanned": 2400000000,
                                                                    "operator_rows_scanned": 0,
                                                                    "operator_timing": 0.3504730000000207,
                                                                    "result_set_size": 1218008004,
                                                                    "children": [
                                                                        {
                                                                            "result_set_size": 4350000000,
                                                                            "operator_timing": 2.3146590000000273,
                                                                            "operator_rows_scanned": 0,
                                                                            "cumulative_rows_scanned": 2400000000,
                                                                            "operator_cardinality": 150000000,
                                                                            "operator_type": "HASH_JOIN",
                                                                            "cumulative_cardinality": 300000007,
                                                                            "cpu_time": 5.2958500000001525,
                                                                            "operator_name": "HASH_JOIN",
                                                                            "extra_info": {
                                                                                "Join Type": "MARK",
                                                                                "Conditions": "\"substring\"(c_phone, 1, 2) = #0",
                                                                                "Estimated Cardinality": "150000000"
                                                                            },
                                                                            "children": [
                                                                                {
                                                                                    "operator_name": "SEQ_SCAN ",
                                                                                    "cpu_time": 2.981190000000125,
                                                                                    "extra_info": {
                                                                                        "Table": "customer",
                                                                                        "Type": "Sequential Scan",
                                                                                        "Projections": [
                                                                                            "c_phone",
                                                                                            "c_acctbal",
                                                                                            "c_custkey"
                                                                                        ],
                                                                                        "Estimated Cardinality": "150000000"
                                                                                    },
                                                                                    "cumulative_cardinality": 150000000,
                                                                                    "operator_type": "TABLE_SCAN",
                                                                                    "operator_cardinality": 150000000,
                                                                                    "cumulative_rows_scanned": 2400000000,
                                                                                    "operator_rows_scanned": 2400000000,
                                                                                    "operator_timing": 2.981190000000125,
                                                                                    "result_set_size": 4200000000,
                                                                                    "children": []
                                                                                },
                                                                                {
                                                                                    "operator_name": "COLUMN_DATA_SCAN",
                                                                                    "cpu_time": 0.000001,
                                                                                    "extra_info": {
                                                                                        "Estimated Cardinality": "0"
                                                                                    },
                                                                                    "cumulative_cardinality": 7,
                                                                                    "operator_type": "COLUMN_DATA_SCAN",
                                                                                    "operator_cardinality": 7,
                                                                                    "cumulative_rows_scanned": 0,
                                                                                    "operator_rows_scanned": 0,
                                                                                    "operator_timing": 0.000001,
                                                                                    "result_set_size": 112,
                                                                                    "children": []
                                                                                }
                                                                            ]
                                                                        }
                                                                    ]
                                                                }
                                                            ]
                                                        },
                                                        {
                                                            "result_set_size": 8,
                                                            "operator_timing": 0.000005,
                                                            "operator_rows_scanned": 0,
                                                            "cumulative_rows_scanned": 2400000000,
                                                            "operator_cardinality": 1,
                                                            "operator_type": "PROJECTION",
                                                            "cumulative_cardinality": 387292989,
                                                            "cpu_time": 7.601241999999757,
                                                            "operator_name": "PROJECTION",
                                                            "extra_info": {
                                                                "Projections": [
                                                                    "CASE  WHEN ((#1 > 1)) THEN (error('More than one row returned by a subquery used as an expression - scalar subqueries can only return a single row.",
                                                                    "Use \"SET scalar_subquery_error_on_multiple_rows=false\" to revert to previous behavior of returning a random row.')) ELSE #0 END"
                                                                ],
                                                                "Estimated Cardinality": "1"
                                                            },
                                                            "children": [
                                                                {
                                                                    "operator_name": "UNGROUPED_AGGREGATE",
                                                                    "cpu_time": 7.601236999999757,
                                                                    "extra_info": {
                                                                        "Aggregates": [
                                                                            "\"first\"(#0)",
                                                                            "count_star()"
                                                                        ]
                                                                    },
                                                                    "cumulative_cardinality": 387292988,
                                                                    "operator_type": "UNGROUPED_AGGREGATE",
                                                                    "operator_cardinality": 1,
                                                                    "cumulative_rows_scanned": 2400000000,
                                                                    "operator_rows_scanned": 0,
                                                                    "operator_timing": 0.000002,
                                                                    "result_set_size": 16,
                                                                    "children": [
                                                                        {
                                                                            "result_set_size": 8,
                                                                            "operator_timing": 0.0,
                                                                            "operator_rows_scanned": 0,
                                                                            "cumulative_rows_scanned": 2400000000,
                                                                            "operator_cardinality": 1,
                                                                            "operator_type": "PROJECTION",
                                                                            "cumulative_cardinality": 387292987,
                                                                            "cpu_time": 7.601234999999757,
                                                                            "operator_name": "PROJECTION",
                                                                            "extra_info": {
                                                                                "Projections": "#0",
                                                                                "Estimated Cardinality": "1"
                                                                            },
                                                                            "children": [
                                                                                {
                                                                                    "operator_name": "UNGROUPED_AGGREGATE",
                                                                                    "cpu_time": 7.601234999999757,
                                                                                    "extra_info": {
                                                                                        "Aggregates": "avg(#0)"
                                                                                    },
                                                                                    "cumulative_cardinality": 387292986,
                                                                                    "operator_type": "UNGROUPED_AGGREGATE",
                                                                                    "operator_cardinality": 1,
                                                                                    "cumulative_rows_scanned": 2400000000,
                                                                                    "operator_rows_scanned": 0,
                                                                                    "operator_timing": 0.0800230000000034,
                                                                                    "result_set_size": 8,
                                                                                    "children": [
                                                                                        {
                                                                                            "result_set_size": 305483152,
                                                                                            "operator_timing": 0.006339000000000048,
                                                                                            "operator_rows_scanned": 0,
                                                                                            "cumulative_rows_scanned": 2400000000,
                                                                                            "operator_cardinality": 38185394,
                                                                                            "operator_type": "PROJECTION",
                                                                                            "cumulative_cardinality": 387292985,
                                                                                            "cpu_time": 7.521211999999753,
                                                                                            "operator_name": "PROJECTION",
                                                                                            "extra_info": {
                                                                                                "Projections": "c_acctbal",
                                                                                                "Estimated Cardinality": "6000000"
                                                                                            },
                                                                                            "children": [
                                                                                                {
                                                                                                    "operator_name": "PROJECTION",
                                                                                                    "cpu_time": 7.514872999999754,
                                                                                                    "extra_info": {
                                                                                                        "Projections": [
                                                                                                            "#0",
                                                                                                            "#1"
                                                                                                        ],
                                                                                                        "Estimated Cardinality": "6000000"
                                                                                                    },
                                                                                                    "cumulative_cardinality": 349107591,
                                                                                                    "operator_type": "PROJECTION",
                                                                                                    "operator_cardinality": 38185394,
                                                                                                    "cumulative_rows_scanned": 2400000000,
                                                                                                    "operator_rows_scanned": 0,
                                                                                                    "operator_timing": 0.007586000000000073,
                                                                                                    "result_set_size": 916449456,
                                                                                                    "children": [
                                                                                                        {
                                                                                                            "result_set_size": 954634850,
                                                                                                            "operator_timing": 0.3415180000000197,
                                                                                                            "operator_rows_scanned": 0,
                                                                                                            "cumulative_rows_scanned": 2400000000,
                                                                                                            "operator_cardinality": 38185394,
                                                                                                            "operator_type": "FILTER",
                                                                                                            "cumulative_cardinality": 310922197,
                                                                                                            "cpu_time": 7.507286999999754,
                                                                                                            "operator_name": "FILTER",
                                                                                                            "extra_info": {
                                                                                                                "Expression": "IN (...)",
                                                                                                                "Estimated Cardinality": "6000000"
                                                                                                            },
                                                                                                            "children": [
                                                                                                                {
                                                                                                                    "operator_name": "HASH_JOIN",
                                                                                                                    "cpu_time": 7.1657689999997345,
                                                                                                                    "extra_info": {
                                                                                                                        "Join Type": "MARK",
                                                                                                                        "Conditions": "\"substring\"(c_phone, 1, 2) = #0",
                                                                                                                        "Estimated Cardinality": "30000000"
                                                                                                                    },
                                                                                                                    "cumulative_cardinality": 272736803,
                                                                                                                    "operator_type": "HASH_JOIN",
                                                                                                                    "operator_cardinality": 136368398,
                                                                                                                    "cumulative_rows_scanned": 2400000000,
                                                                                                                    "operator_rows_scanned": 0,
                                                                                                                    "operator_timing": 2.0726379999999214,
                                                                                                                    "result_set_size": 3409209950,
                                                                                                                    "children": [
                                                                                                                        {
                                                                                                                            "result_set_size": 3272841552,
                                                                                                                            "operator_timing": 5.093129999999813,
                                                                                                                            "operator_rows_scanned": 2400000000,
                                                                                                                            "cumulative_rows_scanned": 2400000000,
                                                                                                                            "operator_cardinality": 136368398,
                                                                                                                            "operator_type": "TABLE_SCAN",
                                                                                                                            "cumulative_cardinality": 136368398,
                                                                                                                            "cpu_time": 5.093129999999813,
                                                                                                                            "operator_name": "SEQ_SCAN ",
                                                                                                                            "extra_info": {
                                                                                                                                "Table": "customer",
                                                                                                                                "Type": "Sequential Scan",
                                                                                                                                "Projections": [
                                                                                                                                    "c_acctbal",
                                                                                                                                    "c_phone"
                                                                                                                                ],
                                                                                                                                "Filters": "c_acctbal>0.00",
                                                                                                                                "Estimated Cardinality": "30000000"
                                                                                                                            },
                                                                                                                            "children": []
                                                                                                                        },
                                                                                                                        {
                                                                                                                            "result_set_size": 112,
                                                                                                                            "operator_timing": 0.000001,
                                                                                                                            "operator_rows_scanned": 0,
                                                                                                                            "cumulative_rows_scanned": 0,
                                                                                                                            "operator_cardinality": 7,
                                                                                                                            "operator_type": "COLUMN_DATA_SCAN",
                                                                                                                            "cumulative_cardinality": 7,
                                                                                                                            "cpu_time": 0.000001,
                                                                                                                            "operator_name": "COLUMN_DATA_SCAN",
                                                                                                                            "extra_info": {
                                                                                                                                "Estimated Cardinality": "0"
                                                                                                                            },
                                                                                                                            "children": []
                                                                                                                        }
                                                                                                                    ]
                                                                                                                }
                                                                                                            ]
                                                                                                        }
                                                                                                    ]
                                                                                                }
                                                                                            ]
                                                                                        }
                                                                                    ]
                                                                                }
                                                                            ]
                                                                        }
                                                                    ]
                                                                }
                                                            ]
                                                        }
                                                    ]
                                                },
                                                {
                                                    "operator_name": "HASH_JOIN",
                                                    "cpu_time": 48.68691399998833,
                                                    "extra_info": {
                                                        "Join Type": "RIGHT_ANTI",
                                                        "Conditions": "c_custkey IS NOT DISTINCT FROM c_custkey",
                                                        "Estimated Cardinality": "222"
                                                    },
                                                    "cumulative_cardinality": 1888191246,
                                                    "operator_type": "HASH_JOIN",
                                                    "operator_cardinality": 6364493,
                                                    "cumulative_rows_scanned": 24000000000,
                                                    "operator_rows_scanned": 0,
                                                    "operator_timing": 9.458124999999946,
                                                    "result_set_size": 152747832,
                                                    "children": [
                                                        {
                                                            "result_set_size": 763653728,
                                                            "operator_timing": 0.08610800000000586,
                                                            "operator_rows_scanned": 0,
                                                            "cumulative_rows_scanned": 24000000000,
                                                            "operator_cardinality": 190913432,
                                                            "operator_type": "PROJECTION",
                                                            "cumulative_cardinality": 1881826753,
                                                            "cpu_time": 39.22878899998838,
                                                            "operator_name": "PROJECTION",
                                                            "extra_info": {
                                                                "Projections": "c_custkey",
                                                                "Estimated Cardinality": "222"
                                                            },
                                                            "children": [
                                                                {
                                                                    "operator_name": "HASH_JOIN",
                                                                    "cpu_time": 39.14268099998838,
                                                                    "extra_info": {
                                                                        "Join Type": "INNER",
                                                                        "Conditions": "o_custkey = c_custkey",
                                                                        "Estimated Cardinality": "222"
                                                                    },
                                                                    "cumulative_cardinality": 1690913321,
                                                                    "operator_type": "HASH_JOIN",
                                                                    "operator_cardinality": 190913432,
                                                                    "cumulative_rows_scanned": 24000000000,
                                                                    "operator_rows_scanned": 0,
                                                                    "operator_timing": 26.968752999992663,
                                                                    "result_set_size": 1527307456,
                                                                    "children": [
                                                                        {
                                                                            "result_set_size": 5999999556,
                                                                            "operator_timing": 12.173927999995714,
                                                                            "operator_rows_scanned": 24000000000,
                                                                            "cumulative_rows_scanned": 24000000000,
                                                                            "operator_cardinality": 1499999889,
                                                                            "operator_type": "TABLE_SCAN",
                                                                            "cumulative_cardinality": 1499999889,
                                                                            "cpu_time": 12.173927999995714,
                                                                            "operator_name": "SEQ_SCAN ",
                                                                            "extra_info": {
                                                                                "Table": "orders",
                                                                                "Type": "Sequential Scan",
                                                                                "Projections": "o_custkey",
                                                                                "Estimated Cardinality": "1500000000"
                                                                            },
                                                                            "children": []
                                                                        },
                                                                        {
                                                                            "result_set_size": 0,
                                                                            "operator_timing": 0.0,
                                                                            "operator_rows_scanned": 0,
                                                                            "cumulative_rows_scanned": 0,
                                                                            "operator_cardinality": 0,
                                                                            "operator_type": "DELIM_SCAN",
                                                                            "cumulative_cardinality": 0,
                                                                            "cpu_time": 0.0,
                                                                            "operator_name": "DELIM_SCAN",
                                                                            "extra_info": {
                                                                                "Delim Index": "1",
                                                                                "Estimated Cardinality": "30"
                                                                            },
                                                                            "children": []
                                                                        }
                                                                    ]
                                                                }
                                                            ]
                                                        },
                                                        {
                                                            "result_set_size": 0,
                                                            "operator_timing": 0.0,
                                                            "operator_rows_scanned": 0,
                                                            "cumulative_rows_scanned": 0,
                                                            "operator_cardinality": 0,
                                                            "operator_type": "DUMMY_SCAN",
                                                            "cumulative_cardinality": 0,
                                                            "cpu_time": 0.0,
                                                            "operator_name": "DUMMY_SCAN",
                                                            "extra_info": {},
                                                            "children": []
                                                        }
                                                    ]
                                                },
                                                {
                                                    "operator_name": "HASH_GROUP_BY",
                                                    "cpu_time": 0.5508250000000012,
                                                    "extra_info": {
                                                        "Groups": "#2",
                                                        "Aggregates": "",
                                                        "Estimated Cardinality": "222"
                                                    },
                                                    "cumulative_cardinality": 19093886,
                                                    "operator_type": "HASH_GROUP_BY",
                                                    "operator_cardinality": 19093886,
                                                    "cumulative_rows_scanned": 0,
                                                    "operator_rows_scanned": 0,
                                                    "operator_timing": 0.5508250000000012,
                                                    "result_set_size": 76375544,
                                                    "children": []
                                                }
                                            ]
                                        }
                                    ]
                                }
                            ]
                        }
                    ]
                }
            ]
        }
    ]
}