{
    "result_set_size": 9448680,
    "cumulative_rows_scanned": 312159506057,
    "cumulative_cardinality": 35511275398,
    "extra_info": {},
    "cpu_time": 611.7255059995608,
    "blocked_thread_time": 0.04,
    "rows_returned": 393695,
    "query_name": "select\n\ts_name,\n\tcount(*) as numwait\nfrom\n\tsupplier,\n\tlineitem l1,\n\torders,\n\tnation\nwhere\n\ts_suppkey = l1.l_suppkey\n\tand o_orderkey = l1.l_orderkey\n\tand o_orderstatus = 'F'\n\tand l1.l_receiptdate > l1.l_commitdate\n\tand exists (\n\t\tselect\n\t\t\t*\n\t\tfrom\n\t\t\tlineitem l2\n\t\twhere\n\t\t\tl2.l_orderkey = l1.l_orderkey\n\t\t\tand l2.l_suppkey <> l1.l_suppkey\n\t)\n\tand not exists (\n\t\tselect\n\t\t\t*\n\t\tfrom\n\t\t\tlineitem l3\n\t\twhere\n\t\t\tl3.l_orderkey = l1.l_orderkey\n\t\t\tand l3.l_suppkey <> l1.l_suppkey\n\t\t\tand l3.l_receiptdate > l3.l_commitdate\n\t)\n\tand s_nationkey = n_nationkey\n\tand n_name = 'RUSSIA'\ngroup by\n\ts_name\norder by\n\tnumwait desc,\n\ts_name;",
    "latency": 47.936881,
    "children": [
        {
            "result_set_size": 9448680,
            "operator_timing": 0.042616,
            "operator_rows_scanned": 0,
            "cumulative_rows_scanned": 312159506057,
            "operator_cardinality": 393695,
            "operator_type": "ORDER_BY",
            "cumulative_cardinality": 35511275398,
            "cpu_time": 611.7255059995608,
            "operator_name": "ORDER_BY",
            "extra_info": {
                "Order By": [
                    "count_star() DESC",
                    "tpch.main.supplier.s_name ASC"
                ]
            },
            "children": [
                {
                    "operator_name": "HASH_GROUP_BY",
                    "cpu_time": 611.6828899995609,
                    "extra_info": {
                        "Groups": "#0",
                        "Aggregates": "count_star()",
                        "Estimated Cardinality": "275666032"
                    },
                    "cumulative_cardinality": 35510881703,
                    "operator_type": "HASH_GROUP_BY",
                    "operator_cardinality": 393695,
                    "cumulative_rows_scanned": 312159506057,
                    "operator_rows_scanned": 0,
                    "operator_timing": 1.567514,
                    "result_set_size": 9448680,
                    "children": [
                        {
                            "result_set_size": 37545936,
                            "operator_timing": 0.000321,
                            "operator_rows_scanned": 0,
                            "cumulative_rows_scanned": 312159506057,
                            "operator_cardinality": 2346621,
                            "operator_type": "PROJECTION",
                            "cumulative_cardinality": 35510488008,
                            "cpu_time": 610.1153759995609,
                            "operator_name": "PROJECTION",
                            "extra_info": {
                                "Projections": "s_name",
                                "Estimated Cardinality": "551332064"
                            },
                            "children": [
                                {
                                    "operator_name": "RIGHT_DELIM_JOIN",
                                    "cpu_time": 610.1150549995609,
                                    "extra_info": {
                                        "Join Type": "RIGHT_ANTI",
                                        "Conditions": [
                                            "l_orderkey IS NOT DISTINCT FROM l_orderkey",
                                            "l_suppkey IS NOT DISTINCT FROM l_suppkey"
                                        ],
                                        "Estimated Cardinality": "551332064",
                                        "Delim Index": "2"
                                    },
                                    "cumulative_cardinality": 35508141387,
                                    "operator_type": "RIGHT_DELIM_JOIN",
                                    "operator_cardinality": 0,
                                    "cumulative_rows_scanned": 312159506057,
                                    "operator_rows_scanned": 0,
                                    "operator_timing": 4.935616999999972,
                                    "result_set_size": 0,
                                    "children": [
                                        {
                                            "result_set_size": 0,
                                            "operator_timing": 37.58647300000259,
                                            "operator_rows_scanned": 0,
                                            "cumulative_rows_scanned": 216159670713,
                                            "operator_cardinality": 0,
                                            "operator_type": "RIGHT_DELIM_JOIN",
                                            "cumulative_cardinality": 21426057606,
                                            "cpu_time": 411.5402359997412,
                                            "operator_name": "RIGHT_DELIM_JOIN",
                                            "extra_info": {
                                                "Join Type": "RIGHT_SEMI",
                                                "Conditions": [
                                                    "l_orderkey IS NOT DISTINCT FROM l_orderkey",
                                                    "l_suppkey IS NOT DISTINCT FROM l_suppkey"
                                                ],
                                                "Estimated Cardinality": "314996834",
                                                "Delim Index": "1"
                                            },
                                            "children": [
                                                {
                                                    "operator_name": "HASH_JOIN",
                                                    "cpu_time": 228.07433699988877,
                                                    "extra_info": {
                                                        "Join Type": "INNER",
                                                        "Conditions": "o_orderkey = l_orderkey",
                                                        "Estimated Cardinality": "35993918"
                                                    },
                                                    "cumulative_cardinality": 14585096585,
                                                    "operator_type": "HASH_JOIN",
                                                    "operator_cardinality": 115198591,
                                                    "cumulative_rows_scanned": 120159835369,
                                                    "operator_rows_scanned": 0,
                                                    "operator_timing": 52.2851180000021,
                                                    "result_set_size": 3225560548,
                                                    "children": [
                                                        {
                                                            "result_set_size": 2923226836,
                                                            "operator_timing": 23.504278999991644,
                                                            "operator_rows_scanned": 24000000000,
                                                            "cumulative_rows_scanned": 24000000000,
                                                            "operator_cardinality": 730806709,
                                                            "operator_type": "TABLE_SCAN",
                                                            "cumulative_cardinality": 730806709,
                                                            "cpu_time": 23.504278999991644,
                                                            "operator_name": "SEQ_SCAN ",
                                                            "extra_info": {
                                                                "Table": "orders",
                                                                "Type": "Sequential Scan",
                                                                "Projections": "o_orderkey",
                                                                "Filters": "o_orderstatus='F'",
                                                                "Estimated Cardinality": "500000000"
                                                            },
                                                            "children": []
                                                        },
                                                        {
                                                            "result_set_size": 3638631024,
                                                            "operator_timing": 47.429853000039714,
                                                            "operator_rows_scanned": 0,
                                                            "cumulative_rows_scanned": 96159835369,
                                                            "operator_cardinality": 151609626,
                                                            "operator_type": "HASH_JOIN",
                                                            "cumulative_cardinality": 13739091285,
                                                            "cpu_time": 152.28493999989504,
                                                            "operator_name": "HASH_JOIN",
                                                            "extra_info": {
                                                                "Join Type": "INNER",
                                                                "Conditions": "l_suppkey = s_suppkey",
                                                                "Estimated Cardinality": "57148228"
                                                            },
                                                            "children": [
                                                                {
                                                                    "operator_name": "PROJECTION",
                                                                    "cpu_time": 104.67241399985534,
                                                                    "extra_info": {
                                                                        "Projections": [
                                                                            "#0",
                                                                            "#1"
                                                                        ],
                                                                        "Estimated Cardinality": "1199997941"
                                                                    },
                                                                    "cumulative_cardinality": 13586681668,
                                                                    "operator_type": "PROJECTION",
                                                                    "operator_cardinality": 3793353868,
                                                                    "cumulative_rows_scanned": 95999835344,
                                                                    "operator_rows_scanned": 0,
                                                                    "operator_timing": 0.24684499999993054,
                                                                    "result_set_size": 30346830944,
                                                                    "children": [
                                                                        {
                                                                            "result_set_size": 60693661888,
                                                                            "operator_timing": 9.733988999990643,
                                                                            "operator_rows_scanned": 0,
                                                                            "cumulative_rows_scanned": 95999835344,
                                                                            "operator_cardinality": 3793353868,
                                                                            "operator_type": "FILTER",
                                                                            "cumulative_cardinality": 9793327800,
                                                                            "cpu_time": 104.4255689998554,
                                                                            "operator_name": "FILTER",
                                                                            "extra_info": {
                                                                                "Expression": "(l_receiptdate > l_commitdate)",
                                                                                "Estimated Cardinality": "1199997941"
                                                                            },
                                                                            "children": [
                                                                                {
                                                                                    "operator_name": "SEQ_SCAN ",
                                                                                    "cpu_time": 94.69157999986476,
                                                                                    "extra_info": {
                                                                                        "Table": "lineitem",
                                                                                        "Type": "Sequential Scan",
                                                                                        "Projections": [
                                                                                            "l_suppkey",
                                                                                            "l_orderkey",
                                                                                            "l_receiptdate",
                                                                                            "l_commitdate"
                                                                                        ],
                                                                                        "Estimated Cardinality": "5999989709"
                                                                                    },
                                                                                    "cumulative_cardinality": 5999973932,
                                                                                    "operator_type": "TABLE_SCAN",
                                                                                    "operator_cardinality": 5999973932,
                                                                                    "cumulative_rows_scanned": 95999835344,
                                                                                    "operator_rows_scanned": 95999835344,
                                                                                    "operator_timing": 94.69157999986476,
                                                                                    "result_set_size": 95999582912,
                                                                                    "children": []
                                                                                }
                                                                            ]
                                                                        }
                                                                    ]
                                                                },
                                                                {
                                                                    "operator_name": "HASH_JOIN",
                                                                    "cpu_time": 0.18267300000000014,
                                                                    "extra_info": {
                                                                        "Join Type": "INNER",
                                                                        "Conditions": "s_nationkey = n_nationkey",
                                                                        "Estimated Cardinality": "384615"
                                                                    },
                                                                    "cumulative_cardinality": 799991,
                                                                    "operator_type": "HASH_JOIN",
                                                                    "operator_cardinality": 399995,
                                                                    "cumulative_rows_scanned": 160000025,
                                                                    "operator_rows_scanned": 0,
                                                                    "operator_timing": 0.0067680000000000335,
                                                                    "result_set_size": 9599880,
                                                                    "children": [
                                                                        {
                                                                            "result_set_size": 9599880,
                                                                            "operator_timing": 0.17554200000000011,
                                                                            "operator_rows_scanned": 160000000,
                                                                            "cumulative_rows_scanned": 160000000,
                                                                            "operator_cardinality": 399995,
                                                                            "operator_type": "TABLE_SCAN",
                                                                            "cumulative_cardinality": 399995,
                                                                            "cpu_time": 0.17554200000000011,
                                                                            "operator_name": "SEQ_SCAN ",
                                                                            "extra_info": {
                                                                                "Table": "supplier",
                                                                                "Type": "Sequential Scan",
                                                                                "Projections": [
                                                                                    "s_suppkey",
                                                                                    "s_nationkey",
                                                                                    "s_name"
                                                                                ],
                                                                                "Estimated Cardinality": "10000000"
                                                                            },
                                                                            "children": []
                                                                        },
                                                                        {
                                                                            "result_set_size": 4,
                                                                            "operator_timing": 0.000363,
                                                                            "operator_rows_scanned": 25,
                                                                            "cumulative_rows_scanned": 25,
                                                                            "operator_cardinality": 1,
                                                                            "operator_type": "TABLE_SCAN",
                                                                            "cumulative_cardinality": 1,
                                                                            "cpu_time": 0.000363,
                                                                            "operator_name": "SEQ_SCAN ",
                                                                            "extra_info": {
                                                                                "Table": "nation",
                                                                                "Type": "Sequential Scan",
                                                                                "Projections": "n_nationkey",
                                                                                "Filters": "n_name='RUSSIA'",
                                                                                "Estimated Cardinality": "1"
                                                                            },
                                                                            "children": []
                                                                        }
                                                                    ]
                                                                }
                                                            ]
                                                        }
                                                    ]
                                                },
                                                {
                                                    "operator_name": "HASH_JOIN",
                                                    "cpu_time": 141.3266499998497,
                                                    "extra_info": {
                                                        "Join Type": "RIGHT_SEMI",
                                                        "Conditions": [
                                                            "l_orderkey IS NOT DISTINCT FROM l_orderkey",
                                                            "l_suppkey IS NOT DISTINCT FROM l_suppkey"
                                                        ],
                                                        "Estimated Cardinality": "314996834"
                                                    },
                                                    "cumulative_cardinality": 6746035274,
                                                    "operator_type": "HASH_JOIN",
                                                    "operator_cardinality": 114048385,
                                                    "cumulative_rows_scanned": 95999835344,
                                                    "operator_rows_scanned": 0,
                                                    "operator_timing": 19.50507899997471,
                                                    "result_set_size": 2737161240,
                                                    "children": [
                                                        {
                                                            "result_set_size": 5055980568,
                                                            "operator_timing": 68.18943200001246,
                                                            "operator_rows_scanned": 0,
                                                            "cumulative_rows_scanned": 95999835344,
                                                            "operator_cardinality": 631997571,
                                                            "operator_type": "HASH_JOIN",
                                                            "cumulative_cardinality": 6631986889,
                                                            "cpu_time": 121.82157099987501,
                                                            "operator_name": "HASH_JOIN",
                                                            "extra_info": {
                                                                "Join Type": "INNER",
                                                                "Conditions": [
                                                                    "l_orderkey = l_orderkey",
                                                                    "l_suppkey != l_suppkey"
                                                                ],
                                                                "Estimated Cardinality": "314996834"
                                                            },
                                                            "children": [
                                                                {
                                                                    "operator_name": "SEQ_SCAN ",
                                                                    "cpu_time": 53.63213899986255,
                                                                    "extra_info": {
                                                                        "Table": "lineitem",
                                                                        "Type": "Sequential Scan",
                                                                        "Projections": [
                                                                            "l_orderkey",
                                                                            "l_suppkey"
                                                                        ],
                                                                        "Estimated Cardinality": "5999989709"
                                                                    },
                                                                    "cumulative_cardinality": 5999989318,
                                                                    "operator_type": "TABLE_SCAN",
                                                                    "operator_cardinality": 5999989318,
                                                                    "cumulative_rows_scanned": 95999835344,
                                                                    "operator_rows_scanned": 95999835344,
                                                                    "operator_timing": 53.63213899986255,
                                                                    "result_set_size": 47999914544,
                                                                    "children": []
                                                                },
                                                                {
                                                                    "operator_name": "DELIM_SCAN",
                                                                    "cpu_time": 0.0,
                                                                    "extra_info": {
                                                                        "Delim Index": "1",
                                                                        "Estimated Cardinality": "17996959"
                                                                    },
                                                                    "cumulative_cardinality": 0,
                                                                    "operator_type": "DELIM_SCAN",
                                                                    "operator_cardinality": 0,
                                                                    "cumulative_rows_scanned": 0,
                                                                    "operator_rows_scanned": 0,
                                                                    "operator_timing": 0.0,
                                                                    "result_set_size": 0,
                                                                    "children": []
                                                                }
                                                            ]
                                                        },
                                                        {
                                                            "result_set_size": 0,
                                                            "operator_timing": 0.0,
                                                            "operator_rows_scanned": 0,
                                                            "cumulative_rows_scanned": 0,
                                                            "operator_cardinality": 0,
                                                            "operator_type": "DUMMY_SCAN",
                                                            "cumulative_cardinality": 0,
                                                            "cpu_time": 0.0,
                                                            "operator_name": "DUMMY_SCAN",
                                                            "extra_info": {},
                                                            "children": []
                                                        }
                                                    ]
                                                },
                                                {
                                                    "operator_name": "HASH_GROUP_BY",
                                                    "cpu_time": 4.552776000000081,
                                                    "extra_info": {
                                                        "Groups": [
                                                            "#1",
                                                            "#2"
                                                        ],
                                                        "Aggregates": "",
                                                        "Estimated Cardinality": "314996834"
                                                    },
                                                    "cumulative_cardinality": 94925747,
                                                    "operator_type": "HASH_GROUP_BY",
                                                    "operator_cardinality": 94925747,
                                                    "cumulative_rows_scanned": 0,
                                                    "operator_rows_scanned": 0,
                                                    "operator_timing": 4.552776000000081,
                                                    "result_set_size": 759405976,
                                                    "children": []
                                                }
                                            ]
                                        },
                                        {
                                            "result_set_size": 37545936,
                                            "operator_timing": 23.64349999995146,
                                            "operator_rows_scanned": 0,
                                            "cumulative_rows_scanned": 95999835344,
                                            "operator_cardinality": 2346621,
                                            "operator_type": "HASH_JOIN",
                                            "cumulative_cardinality": 13988308240,
                                            "cpu_time": 189.39222299981964,
                                            "operator_name": "HASH_JOIN",
                                            "extra_info": {
                                                "Join Type": "RIGHT_ANTI",
                                                "Conditions": [
                                                    "l_orderkey IS NOT DISTINCT FROM l_orderkey",
                                                    "l_suppkey IS NOT DISTINCT FROM l_suppkey"
                                                ],
                                                "Estimated Cardinality": "551332064"
                                            },
                                            "children": [
                                                {
                                                    "operator_name": "HASH_JOIN",
                                                    "cpu_time": 165.74872299986816,
                                                    "extra_info": {
                                                        "Join Type": "INNER",
                                                        "Conditions": [
                                                            "l_orderkey = l_orderkey",
                                                            "l_suppkey != l_suppkey"
                                                        ],
                                                        "Estimated Cardinality": "551332064"
                                                    },
                                                    "cumulative_cardinality": 13985961619,
                                                    "operator_type": "HASH_JOIN",
                                                    "operator_cardinality": 399245021,
                                                    "cumulative_rows_scanned": 95999835344,
                                                    "operator_rows_scanned": 0,
                                                    "operator_timing": 56.93275200002601,
                                                    "result_set_size": 3193960168,
                                                    "children": [
                                                        {
                                                            "result_set_size": 30346909120,
                                                            "operator_timing": 0.25908699999993695,
                                                            "operator_rows_scanned": 0,
                                                            "cumulative_rows_scanned": 95999835344,
                                                            "operator_cardinality": 3793363640,
                                                            "operator_type": "PROJECTION",
                                                            "cumulative_cardinality": 13586716598,
                                                            "cpu_time": 108.81597099984216,
                                                            "operator_name": "PROJECTION",
                                                            "extra_info": {
                                                                "Projections": [
                                                                    "#0",
                                                                    "#1"
                                                                ],
                                                                "Estimated Cardinality": "1199997941"
                                                            },
                                                            "children": [
                                                                {
                                                                    "operator_name": "FILTER",
                                                                    "cpu_time": 108.55688399984223,
                                                                    "extra_info": {
                                                                        "Expression": "(l_receiptdate > l_commitdate)",
                                                                        "Estimated Cardinality": "1199997941"
                                                                    },
                                                                    "cumulative_cardinality": 9793352958,
                                                                    "operator_type": "FILTER",
                                                                    "operator_cardinality": 3793363640,
                                                                    "cumulative_rows_scanned": 95999835344,
                                                                    "operator_rows_scanned": 0,
                                                                    "operator_timing": 3.6491420000030566,
                                                                    "result_set_size": 60693818240,
                                                                    "children": [
                                                                        {
                                                                            "result_set_size": 95999829088,
                                                                            "operator_timing": 104.90774199983917,
                                                                            "operator_rows_scanned": 95999835344,
                                                                            "cumulative_rows_scanned": 95999835344,
                                                                            "operator_cardinality": 5999989318,
                                                                            "operator_type": "TABLE_SCAN",
                                                                            "cumulative_cardinality": 5999989318,
                                                                            "cpu_time": 104.90774199983917,
                                                                            "operator_name": "SEQ_SCAN ",
                                                                            "extra_info": {
                                                                                "Table": "lineitem",
                                                                                "Type": "Sequential Scan",
                                                                                "Projections": [
                                                                                    "l_orderkey",
                                                                                    "l_suppkey",
                                                                                    "l_receiptdate",
                                                                                    "l_commitdate"
                                                                                ],
                                                                                "Estimated Cardinality": "5999989709"
                                                                            },
                                                                            "children": []
                                                                        }
                                                                    ]
                                                                }
                                                            ]
                                                        },
                                                        {
                                                            "result_set_size": 0,
                                                            "operator_timing": 0.0,
                                                            "operator_rows_scanned": 0,
                                                            "cumulative_rows_scanned": 0,
                                                            "operator_cardinality": 0,
                                                            "operator_type": "DELIM_SCAN",
                                                            "cumulative_cardinality": 0,
                                                            "cpu_time": 0.0,
                                                            "operator_name": "DELIM_SCAN",
                                                            "extra_info": {
                                                                "Delim Index": "2",
                                                                "Estimated Cardinality": "157498417"
                                                            },
                                                            "children": []
                                                        }
                                                    ]
                                                },
                                                {
                                                    "operator_name": "DUMMY_SCAN",
                                                    "cpu_time": 0.0,
                                                    "extra_info": {},
                                                    "cumulative_cardinality": 0,
                                                    "operator_type": "DUMMY_SCAN",
                                                    "operator_cardinality": 0,
                                                    "cumulative_rows_scanned": 0,
                                                    "operator_rows_scanned": 0,
                                                    "operator_timing": 0.0,
                                                    "result_set_size": 0,
                                                    "children": []
                                                }
                                            ]
                                        },
                                        {
                                            "result_set_size": 750204328,
                                            "operator_timing": 4.246979000000098,
                                            "operator_rows_scanned": 0,
                                            "cumulative_rows_scanned": 0,
                                            "operator_cardinality": 93775541,
                                            "operator_type": "HASH_GROUP_BY",
                                            "cumulative_cardinality": 93775541,
                                            "cpu_time": 4.246979000000098,
                                            "operator_name": "HASH_GROUP_BY",
                                            "extra_info": {
                                                "Groups": [
                                                    "#0",
                                                    "#1"
                                                ],
                                                "Aggregates": "",
                                                "Estimated Cardinality": "551332064"
                                            },
                                            "children": []
                                        }
                                    ]
                                }
                            ]
                        }
                    ]
                }
            ]
        }
    ]
}