{
    "result_set_size": 120,
    "cumulative_rows_scanned": 119999835344,
    "cumulative_cardinality": 14314688406,
    "extra_info": {},
    "cpu_time": 130.85648700000314,
    "blocked_thread_time": 0.02,
    "rows_returned": 5,
    "query_name": "select\n\to_orderpriority,\n\tcount(*) as order_count\nfrom\n\torders\nwhere\n\to_orderdate >= date '1997-08-01'\n\tand o_orderdate < date '1997-08-01' + interval '3' month\n\tand exists (\n\t\tselect\n\t\t\t*\n\t\tfrom\n\t\t\tlineitem\n\t\twhere\n\t\t\tl_orderkey = o_orderkey\n\t\t\tand l_commitdate < l_receiptdate\n\t)\ngroup by\n\to_orderpriority\norder by\n\to_orderpriority;",
    "latency": 11.119042,
    "children": [
        {
            "result_set_size": 120,
            "operator_timing": 0.000001,
            "operator_rows_scanned": 0,
            "cumulative_rows_scanned": 119999835344,
            "operator_cardinality": 5,
            "operator_type": "PROJECTION",
            "cumulative_cardinality": 14314688406,
            "cpu_time": 130.85648700000314,
            "operator_name": "PROJECTION",
            "extra_info": {
                "Projections": [
                    "__internal_decompress_string(#0)",
                    "#1"
                ],
                "Estimated Cardinality": "525083433"
            },
            "children": [
                {
                    "operator_name": "ORDER_BY",
                    "cpu_time": 130.85648600000314,
                    "extra_info": {
                        "Order By": "tpch.main.orders.o_orderpriority ASC"
                    },
                    "cumulative_cardinality": 14314688401,
                    "operator_type": "ORDER_BY",
                    "operator_cardinality": 5,
                    "cumulative_rows_scanned": 119999835344,
                    "operator_rows_scanned": 0,
                    "operator_timing": 0.000444,
                    "result_set_size": 120,
                    "children": [
                        {
                            "result_set_size": 120,
                            "operator_timing": 0.000001,
                            "operator_rows_scanned": 0,
                            "cumulative_rows_scanned": 119999835344,
                            "operator_cardinality": 5,
                            "operator_type": "PROJECTION",
                            "cumulative_cardinality": 14314688396,
                            "cpu_time": 130.85604200000316,
                            "operator_name": "PROJECTION",
                            "extra_info": {
                                "Projections": [
                                    "__internal_compress_string_hugeint(#0)",
                                    "#1"
                                ],
                                "Estimated Cardinality": "525083433"
                            },
                            "children": [
                                {
                                    "operator_name": "PROJECTION",
                                    "cpu_time": 130.85604100000316,
                                    "extra_info": {
                                        "Projections": [
                                            "__internal_decompress_string(#0)",
                                            "#1"
                                        ],
                                        "Estimated Cardinality": "525083433"
                                    },
                                    "cumulative_cardinality": 14314688391,
                                    "operator_type": "PROJECTION",
                                    "operator_cardinality": 5,
                                    "cumulative_rows_scanned": 119999835344,
                                    "operator_rows_scanned": 0,
                                    "operator_timing": 0.000002,
                                    "result_set_size": 120,
                                    "children": [
                                        {
                                            "result_set_size": 120,
                                            "operator_timing": 0.35640000000000344,
                                            "operator_rows_scanned": 0,
                                            "cumulative_rows_scanned": 119999835344,
                                            "operator_cardinality": 5,
                                            "operator_type": "HASH_GROUP_BY",
                                            "cumulative_cardinality": 14314688386,
                                            "cpu_time": 130.85603900000316,
                                            "operator_name": "HASH_GROUP_BY",
                                            "extra_info": {
                                                "Groups": "#0",
                                                "Aggregates": "count_star()",
                                                "Estimated Cardinality": "525083433"
                                            },
                                            "children": [
                                                {
                                                    "operator_name": "PROJECTION",
                                                    "cpu_time": 130.49963900000316,
                                                    "extra_info": {
                                                        "Projections": "o_orderpriority",
                                                        "Estimated Cardinality": "1050166867"
                                                    },
                                                    "cumulative_cardinality": 14314688381,
                                                    "operator_type": "PROJECTION",
                                                    "operator_cardinality": 55075008,
                                                    "cumulative_rows_scanned": 119999835344,
                                                    "operator_rows_scanned": 0,
                                                    "operator_timing": 0.0015289999999999972,
                                                    "result_set_size": 881200128,
                                                    "children": [
                                                        {
                                                            "result_set_size": 881200128,
                                                            "operator_timing": 0.23981799999999845,
                                                            "operator_rows_scanned": 0,
                                                            "cumulative_rows_scanned": 119999835344,
                                                            "operator_cardinality": 55075008,
                                                            "operator_type": "PROJECTION",
                                                            "cumulative_cardinality": 14259613373,
                                                            "cpu_time": 130.49811000000315,
                                                            "operator_name": "PROJECTION",
                                                            "extra_info": {
                                                                "Projections": "__internal_compress_string_hugeint(#0)",
                                                                "Estimated Cardinality": "1050166867"
                                                            },
                                                            "children": [
                                                                {
                                                                    "operator_name": "RIGHT_DELIM_JOIN",
                                                                    "cpu_time": 130.25829200000317,
                                                                    "extra_info": {
                                                                        "Join Type": "RIGHT_SEMI",
                                                                        "Conditions": "o_orderkey IS NOT DISTINCT FROM o_orderkey",
                                                                        "Estimated Cardinality": "1050166867",
                                                                        "Delim Index": "1"
                                                                    },
                                                                    "cumulative_cardinality": 14204538365,
                                                                    "operator_type": "RIGHT_DELIM_JOIN",
                                                                    "operator_cardinality": 0,
                                                                    "cumulative_rows_scanned": 119999835344,
                                                                    "operator_rows_scanned": 0,
                                                                    "operator_timing": 7.68313099999958,
                                                                    "result_set_size": 0,
                                                                    "children": [
                                                                        {
                                                                            "result_set_size": 1147102280,
                                                                            "operator_timing": 6.969890999999315,
                                                                            "operator_rows_scanned": 24000000000,
                                                                            "cumulative_rows_scanned": 24000000000,
                                                                            "operator_cardinality": 57355114,
                                                                            "operator_type": "TABLE_SCAN",
                                                                            "cumulative_cardinality": 57355114,
                                                                            "cpu_time": 6.969890999999315,
                                                                            "operator_name": "SEQ_SCAN ",
                                                                            "extra_info": {
                                                                                "Table": "orders",
                                                                                "Type": "Sequential Scan",
                                                                                "Projections": [
                                                                                    "o_orderkey",
                                                                                    "o_orderpriority"
                                                                                ],
                                                                                "Filters": "o_orderdate>='1997-08-01'::DATE AND o_orderdate<'1997-11-01'::DATE",
                                                                                "Estimated Cardinality": "300000000"
                                                                            },
                                                                            "children": []
                                                                        },
                                                                        {
                                                                            "result_set_size": 881200128,
                                                                            "operator_timing": 10.090083999994754,
                                                                            "operator_rows_scanned": 0,
                                                                            "cumulative_rows_scanned": 95999835344,
                                                                            "operator_cardinality": 55075008,
                                                                            "operator_type": "HASH_JOIN",
                                                                            "cumulative_cardinality": 14090451237,
                                                                            "cpu_time": 114.01866200000427,
                                                                            "operator_name": "HASH_JOIN",
                                                                            "extra_info": {
                                                                                "Join Type": "RIGHT_SEMI",
                                                                                "Conditions": "o_orderkey IS NOT DISTINCT FROM o_orderkey",
                                                                                "Estimated Cardinality": "1050166867"
                                                                            },
                                                                            "children": [
                                                                                {
                                                                                    "operator_name": "PROJECTION",
                                                                                    "cpu_time": 103.92857800000951,
                                                                                    "extra_info": {
                                                                                        "Projections": "o_orderkey",
                                                                                        "Estimated Cardinality": "1050166867"
                                                                                    },
                                                                                    "cumulative_cardinality": 14035376229,
                                                                                    "operator_type": "PROJECTION",
                                                                                    "operator_cardinality": 224329852,
                                                                                    "cumulative_rows_scanned": 95999835344,
                                                                                    "operator_rows_scanned": 0,
                                                                                    "operator_timing": 0.1568079999999886,
                                                                                    "result_set_size": 897319408,
                                                                                    "children": [
                                                                                        {
                                                                                            "result_set_size": 1794638816,
                                                                                            "operator_timing": 55.04826700006815,
                                                                                            "operator_rows_scanned": 0,
                                                                                            "cumulative_rows_scanned": 95999835344,
                                                                                            "operator_cardinality": 224329852,
                                                                                            "operator_type": "HASH_JOIN",
                                                                                            "cumulative_cardinality": 13811046377,
                                                                                            "cpu_time": 103.77177000000952,
                                                                                            "operator_name": "HASH_JOIN",
                                                                                            "extra_info": {
                                                                                                "Join Type": "INNER",
                                                                                                "Conditions": "l_orderkey = o_orderkey",
                                                                                                "Estimated Cardinality": "1050166867"
                                                                                            },
                                                                                            "children": [
                                                                                                {
                                                                                                    "operator_name": "PROJECTION",
                                                                                                    "cpu_time": 48.72350299994137,
                                                                                                    "extra_info": {
                                                                                                        "Projections": "#0",
                                                                                                        "Estimated Cardinality": "1199997941"
                                                                                                    },
                                                                                                    "cumulative_cardinality": 13586716525,
                                                                                                    "operator_type": "PROJECTION",
                                                                                                    "operator_cardinality": 3793363621,
                                                                                                    "cumulative_rows_scanned": 95999835344,
                                                                                                    "operator_rows_scanned": 0,
                                                                                                    "operator_timing": 0.18424599999997082,
                                                                                                    "result_set_size": 15173454484,
                                                                                                    "children": [
                                                                                                        {
                                                                                                            "result_set_size": 45520363452,
                                                                                                            "operator_timing": 3.67906800000296,
                                                                                                            "operator_rows_scanned": 0,
                                                                                                            "cumulative_rows_scanned": 95999835344,
                                                                                                            "operator_cardinality": 3793363621,
                                                                                                            "operator_type": "FILTER",
                                                                                                            "cumulative_cardinality": 9793352904,
                                                                                                            "cpu_time": 48.539256999941394,
                                                                                                            "operator_name": "FILTER",
                                                                                                            "extra_info": {
                                                                                                                "Expression": "(l_commitdate < l_receiptdate)",
                                                                                                                "Estimated Cardinality": "1199997941"
                                                                                                            },
                                                                                                            "children": [
                                                                                                                {
                                                                                                                    "operator_name": "SEQ_SCAN ",
                                                                                                                    "cpu_time": 44.86018899993844,
                                                                                                                    "extra_info": {
                                                                                                                        "Table": "lineitem",
                                                                                                                        "Type": "Sequential Scan",
                                                                                                                        "Projections": [
                                                                                                                            "l_orderkey",
                                                                                                                            "l_commitdate",
                                                                                                                            "l_receiptdate"
                                                                                                                        ],
                                                                                                                        "Estimated Cardinality": "5999989709"
                                                                                                                    },
                                                                                                                    "cumulative_cardinality": 5999989283,
                                                                                                                    "operator_type": "TABLE_SCAN",
                                                                                                                    "operator_cardinality": 5999989283,
                                                                                                                    "cumulative_rows_scanned": 95999835344,
                                                                                                                    "operator_rows_scanned": 95999835344,
                                                                                                                    "operator_timing": 44.86018899993844,
                                                                                                                    "result_set_size": 71999871396,
                                                                                                                    "children": []
                                                                                                                }
                                                                                                            ]
                                                                                                        }
                                                                                                    ]
                                                                                                },
                                                                                                {
                                                                                                    "operator_name": "DELIM_SCAN",
                                                                                                    "cpu_time": 0.0,
                                                                                                    "extra_info": {
                                                                                                        "Delim Index": "1",
                                                                                                        "Estimated Cardinality": "150000000"
                                                                                                    },
                                                                                                    "cumulative_cardinality": 0,
                                                                                                    "operator_type": "DELIM_SCAN",
                                                                                                    "operator_cardinality": 0,
                                                                                                    "cumulative_rows_scanned": 0,
                                                                                                    "operator_rows_scanned": 0,
                                                                                                    "operator_timing": 0.0,
                                                                                                    "result_set_size": 0,
                                                                                                    "children": []
                                                                                                }
                                                                                            ]
                                                                                        }
                                                                                    ]
                                                                                },
                                                                                {
                                                                                    "operator_name": "DUMMY_SCAN",
                                                                                    "cpu_time": 0.0,
                                                                                    "extra_info": {},
                                                                                    "cumulative_cardinality": 0,
                                                                                    "operator_type": "DUMMY_SCAN",
                                                                                    "operator_cardinality": 0,
                                                                                    "cumulative_rows_scanned": 0,
                                                                                    "operator_rows_scanned": 0,
                                                                                    "operator_timing": 0.0,
                                                                                    "result_set_size": 0,
                                                                                    "children": []
                                                                                }
                                                                            ]
                                                                        },
                                                                        {
                                                                            "result_set_size": 226928056,
                                                                            "operator_timing": 1.5866080000000238,
                                                                            "operator_rows_scanned": 0,
                                                                            "cumulative_rows_scanned": 0,
                                                                            "operator_cardinality": 56732014,
                                                                            "operator_type": "HASH_GROUP_BY",
                                                                            "cumulative_cardinality": 56732014,
                                                                            "cpu_time": 1.5866080000000238,
                                                                            "operator_name": "HASH_GROUP_BY",
                                                                            "extra_info": {
                                                                                "Groups": "#0",
                                                                                "Aggregates": "",
                                                                                "Estimated Cardinality": "1050166867"
                                                                            },
                                                                            "children": []
                                                                        }
                                                                    ]
                                                                }
                                                            ]
                                                        }
                                                    ]
                                                }
                                            ]
                                        }
                                    ]
                                }
                            ]
                        }
                    ]
                }
            ]
        }
    ]
}