{
    "result_set_size": 9448680,
    "cumulative_rows_scanned": 312159506057,
    "cumulative_cardinality": 35511275398,
    "extra_info": {},
    "cpu_time": 599.2734009996651,
    "blocked_thread_time": 0.04,
    "rows_returned": 393695,
    "query_name": "select\n\ts_name,\n\tcount(*) as numwait\nfrom\n\tsupplier,\n\tlineitem l1,\n\torders,\n\tnation\nwhere\n\ts_suppkey = l1.l_suppkey\n\tand o_orderkey = l1.l_orderkey\n\tand o_orderstatus = 'F'\n\tand l1.l_receiptdate > l1.l_commitdate\n\tand exists (\n\t\tselect\n\t\t\t*\n\t\tfrom\n\t\t\tlineitem l2\n\t\twhere\n\t\t\tl2.l_orderkey = l1.l_orderkey\n\t\t\tand l2.l_suppkey <> l1.l_suppkey\n\t)\n\tand not exists (\n\t\tselect\n\t\t\t*\n\t\tfrom\n\t\t\tlineitem l3\n\t\twhere\n\t\t\tl3.l_orderkey = l1.l_orderkey\n\t\t\tand l3.l_suppkey <> l1.l_suppkey\n\t\t\tand l3.l_receiptdate > l3.l_commitdate\n\t)\n\tand s_nationkey = n_nationkey\n\tand n_name = 'RUSSIA'\ngroup by\n\ts_name\norder by\n\tnumwait desc,\n\ts_name;",
    "latency": 47.213577,
    "children": [
        {
            "result_set_size": 9448680,
            "operator_timing": 0.04304500000000001,
            "operator_rows_scanned": 0,
            "cumulative_rows_scanned": 312159506057,
            "operator_cardinality": 393695,
            "operator_type": "ORDER_BY",
            "cumulative_cardinality": 35511275398,
            "cpu_time": 599.2734009996651,
            "operator_name": "ORDER_BY",
            "extra_info": {
                "Order By": [
                    "count_star() DESC",
                    "tpch.main.supplier.s_name ASC"
                ]
            },
            "children": [
                {
                    "operator_name": "HASH_GROUP_BY",
                    "cpu_time": 599.2303559996651,
                    "extra_info": {
                        "Groups": "#0",
                        "Aggregates": "count_star()",
                        "Estimated Cardinality": "275666032"
                    },
                    "cumulative_cardinality": 35510881703,
                    "operator_type": "HASH_GROUP_BY",
                    "operator_cardinality": 393695,
                    "cumulative_rows_scanned": 312159506057,
                    "operator_rows_scanned": 0,
                    "operator_timing": 1.0003829999999998,
                    "result_set_size": 9448680,
                    "children": [
                        {
                            "result_set_size": 37545936,
                            "operator_timing": 0.00041,
                            "operator_rows_scanned": 0,
                            "cumulative_rows_scanned": 312159506057,
                            "operator_cardinality": 2346621,
                            "operator_type": "PROJECTION",
                            "cumulative_cardinality": 35510488008,
                            "cpu_time": 598.229972999665,
                            "operator_name": "PROJECTION",
                            "extra_info": {
                                "Projections": "s_name",
                                "Estimated Cardinality": "551332064"
                            },
                            "children": [
                                {
                                    "operator_name": "RIGHT_DELIM_JOIN",
                                    "cpu_time": 598.2295629996651,
                                    "extra_info": {
                                        "Join Type": "RIGHT_ANTI",
                                        "Conditions": [
                                            "l_orderkey IS NOT DISTINCT FROM l_orderkey",
                                            "l_suppkey IS NOT DISTINCT FROM l_suppkey"
                                        ],
                                        "Estimated Cardinality": "551332064",
                                        "Delim Index": "2"
                                    },
                                    "cumulative_cardinality": 35508141387,
                                    "operator_type": "RIGHT_DELIM_JOIN",
                                    "operator_cardinality": 0,
                                    "cumulative_rows_scanned": 312159506057,
                                    "operator_rows_scanned": 0,
                                    "operator_timing": 6.031380000000003,
                                    "result_set_size": 0,
                                    "children": [
                                        {
                                            "result_set_size": 0,
                                            "operator_timing": 33.80073200000092,
                                            "operator_rows_scanned": 0,
                                            "cumulative_rows_scanned": 216159670713,
                                            "operator_cardinality": 0,
                                            "operator_type": "RIGHT_DELIM_JOIN",
                                            "cumulative_cardinality": 21426057606,
                                            "cpu_time": 412.28565299978305,
                                            "operator_name": "RIGHT_DELIM_JOIN",
                                            "extra_info": {
                                                "Join Type": "RIGHT_SEMI",
                                                "Conditions": [
                                                    "l_orderkey IS NOT DISTINCT FROM l_orderkey",
                                                    "l_suppkey IS NOT DISTINCT FROM l_suppkey"
                                                ],
                                                "Estimated Cardinality": "314996834",
                                                "Delim Index": "1"
                                            },
                                            "children": [
                                                {
                                                    "operator_name": "HASH_JOIN",
                                                    "cpu_time": 230.4643419998999,
                                                    "extra_info": {
                                                        "Join Type": "INNER",
                                                        "Conditions": "o_orderkey = l_orderkey",
                                                        "Estimated Cardinality": "35993918"
                                                    },
                                                    "cumulative_cardinality": 14585096585,
                                                    "operator_type": "HASH_JOIN",
                                                    "operator_cardinality": 115198591,
                                                    "cumulative_rows_scanned": 120159835369,
                                                    "operator_rows_scanned": 0,
                                                    "operator_timing": 56.3764110000006,
                                                    "result_set_size": 3225560548,
                                                    "children": [
                                                        {
                                                            "result_set_size": 2923226836,
                                                            "operator_timing": 21.450045999993414,
                                                            "operator_rows_scanned": 24000000000,
                                                            "cumulative_rows_scanned": 24000000000,
                                                            "operator_cardinality": 730806709,
                                                            "operator_type": "TABLE_SCAN",
                                                            "cumulative_cardinality": 730806709,
                                                            "cpu_time": 21.450045999993414,
                                                            "operator_name": "SEQ_SCAN ",
                                                            "extra_info": {
                                                                "Table": "orders",
                                                                "Type": "Sequential Scan",
                                                                "Projections": "o_orderkey",
                                                                "Filters": "o_orderstatus='F'",
                                                                "Estimated Cardinality": "500000000"
                                                            },
                                                            "children": []
                                                        },
                                                        {
                                                            "result_set_size": 3638631024,
                                                            "operator_timing": 47.50178400003936,
                                                            "operator_rows_scanned": 0,
                                                            "cumulative_rows_scanned": 96159835369,
                                                            "operator_cardinality": 151609626,
                                                            "operator_type": "HASH_JOIN",
                                                            "cumulative_cardinality": 13739091285,
                                                            "cpu_time": 152.63788499990588,
                                                            "operator_name": "HASH_JOIN",
                                                            "extra_info": {
                                                                "Join Type": "INNER",
                                                                "Conditions": "l_suppkey = s_suppkey",
                                                                "Estimated Cardinality": "57148228"
                                                            },
                                                            "children": [
                                                                {
                                                                    "operator_name": "PROJECTION",
                                                                    "cpu_time": 104.9555069998665,
                                                                    "extra_info": {
                                                                        "Projections": [
                                                                            "#0",
                                                                            "#1"
                                                                        ],
                                                                        "Estimated Cardinality": "1199997941"
                                                                    },
                                                                    "cumulative_cardinality": 13586681668,
                                                                    "operator_type": "PROJECTION",
                                                                    "operator_cardinality": 3793353868,
                                                                    "cumulative_rows_scanned": 95999835344,
                                                                    "operator_rows_scanned": 0,
                                                                    "operator_timing": 0.24008299999993268,
                                                                    "result_set_size": 30346830944,
                                                                    "children": [
                                                                        {
                                                                            "result_set_size": 60693661888,
                                                                            "operator_timing": 9.796252999990148,
                                                                            "operator_rows_scanned": 0,
                                                                            "cumulative_rows_scanned": 95999835344,
                                                                            "operator_cardinality": 3793353868,
                                                                            "operator_type": "FILTER",
                                                                            "cumulative_cardinality": 9793327800,
                                                                            "cpu_time": 104.71542399986657,
                                                                            "operator_name": "FILTER",
                                                                            "extra_info": {
                                                                                "Expression": "(l_receiptdate > l_commitdate)",
                                                                                "Estimated Cardinality": "1199997941"
                                                                            },
                                                                            "children": [
                                                                                {
                                                                                    "operator_name": "SEQ_SCAN ",
                                                                                    "cpu_time": 94.91917099987643,
                                                                                    "extra_info": {
                                                                                        "Table": "lineitem",
                                                                                        "Type": "Sequential Scan",
                                                                                        "Projections": [
                                                                                            "l_suppkey",
                                                                                            "l_orderkey",
                                                                                            "l_receiptdate",
                                                                                            "l_commitdate"
                                                                                        ],
                                                                                        "Estimated Cardinality": "5999989709"
                                                                                    },
                                                                                    "cumulative_cardinality": 5999973932,
                                                                                    "operator_type": "TABLE_SCAN",
                                                                                    "operator_cardinality": 5999973932,
                                                                                    "cumulative_rows_scanned": 95999835344,
                                                                                    "operator_rows_scanned": 95999835344,
                                                                                    "operator_timing": 94.91917099987643,
                                                                                    "result_set_size": 95999582912,
                                                                                    "children": []
                                                                                }
                                                                            ]
                                                                        }
                                                                    ]
                                                                },
                                                                {
                                                                    "operator_name": "HASH_JOIN",
                                                                    "cpu_time": 0.1805940000000002,
                                                                    "extra_info": {
                                                                        "Join Type": "INNER",
                                                                        "Conditions": "s_nationkey = n_nationkey",
                                                                        "Estimated Cardinality": "384615"
                                                                    },
                                                                    "cumulative_cardinality": 799991,
                                                                    "operator_type": "HASH_JOIN",
                                                                    "operator_cardinality": 399995,
                                                                    "cumulative_rows_scanned": 160000025,
                                                                    "operator_rows_scanned": 0,
                                                                    "operator_timing": 0.006756000000000032,
                                                                    "result_set_size": 9599880,
                                                                    "children": [
                                                                        {
                                                                            "result_set_size": 9599880,
                                                                            "operator_timing": 0.17349400000000015,
                                                                            "operator_rows_scanned": 160000000,
                                                                            "cumulative_rows_scanned": 160000000,
                                                                            "operator_cardinality": 399995,
                                                                            "operator_type": "TABLE_SCAN",
                                                                            "cumulative_cardinality": 399995,
                                                                            "cpu_time": 0.17349400000000015,
                                                                            "operator_name": "SEQ_SCAN ",
                                                                            "extra_info": {
                                                                                "Table": "supplier",
                                                                                "Type": "Sequential Scan",
                                                                                "Projections": [
                                                                                    "s_suppkey",
                                                                                    "s_nationkey",
                                                                                    "s_name"
                                                                                ],
                                                                                "Estimated Cardinality": "10000000"
                                                                            },
                                                                            "children": []
                                                                        },
                                                                        {
                                                                            "result_set_size": 4,
                                                                            "operator_timing": 0.000344,
                                                                            "operator_rows_scanned": 25,
                                                                            "cumulative_rows_scanned": 25,
                                                                            "operator_cardinality": 1,
                                                                            "operator_type": "TABLE_SCAN",
                                                                            "cumulative_cardinality": 1,
                                                                            "cpu_time": 0.000344,
                                                                            "operator_name": "SEQ_SCAN ",
                                                                            "extra_info": {
                                                                                "Table": "nation",
                                                                                "Type": "Sequential Scan",
                                                                                "Projections": "n_nationkey",
                                                                                "Filters": "n_name='RUSSIA'",
                                                                                "Estimated Cardinality": "1"
                                                                            },
                                                                            "children": []
                                                                        }
                                                                    ]
                                                                }
                                                            ]
                                                        }
                                                    ]
                                                },
                                                {
                                                    "operator_name": "HASH_JOIN",
                                                    "cpu_time": 142.98947399988225,
                                                    "extra_info": {
                                                        "Join Type": "RIGHT_SEMI",
                                                        "Conditions": [
                                                            "l_orderkey IS NOT DISTINCT FROM l_orderkey",
                                                            "l_suppkey IS NOT DISTINCT FROM l_suppkey"
                                                        ],
                                                        "Estimated Cardinality": "314996834"
                                                    },
                                                    "cumulative_cardinality": 6746035274,
                                                    "operator_type": "HASH_JOIN",
                                                    "operator_cardinality": 114048385,
                                                    "cumulative_rows_scanned": 95999835344,
                                                    "operator_rows_scanned": 0,
                                                    "operator_timing": 20.70958399997063,
                                                    "result_set_size": 2737161240,
                                                    "children": [
                                                        {
                                                            "result_set_size": 5055980568,
                                                            "operator_timing": 70.74536700002751,
                                                            "operator_rows_scanned": 0,
                                                            "cumulative_rows_scanned": 95999835344,
                                                            "operator_cardinality": 631997571,
                                                            "operator_type": "HASH_JOIN",
                                                            "cumulative_cardinality": 6631986889,
                                                            "cpu_time": 122.27988999991163,
                                                            "operator_name": "HASH_JOIN",
                                                            "extra_info": {
                                                                "Join Type": "INNER",
                                                                "Conditions": [
                                                                    "l_orderkey = l_orderkey",
                                                                    "l_suppkey != l_suppkey"
                                                                ],
                                                                "Estimated Cardinality": "314996834"
                                                            },
                                                            "children": [
                                                                {
                                                                    "operator_name": "SEQ_SCAN ",
                                                                    "cpu_time": 51.534522999884125,
                                                                    "extra_info": {
                                                                        "Table": "lineitem",
                                                                        "Type": "Sequential Scan",
                                                                        "Projections": [
                                                                            "l_orderkey",
                                                                            "l_suppkey"
                                                                        ],
                                                                        "Estimated Cardinality": "5999989709"
                                                                    },
                                                                    "cumulative_cardinality": 5999989318,
                                                                    "operator_type": "TABLE_SCAN",
                                                                    "operator_cardinality": 5999989318,
                                                                    "cumulative_rows_scanned": 95999835344,
                                                                    "operator_rows_scanned": 95999835344,
                                                                    "operator_timing": 51.534522999884125,
                                                                    "result_set_size": 47999914544,
                                                                    "children": []
                                                                },
                                                                {
                                                                    "operator_name": "DELIM_SCAN",
                                                                    "cpu_time": 0.0,
                                                                    "extra_info": {
                                                                        "Delim Index": "1",
                                                                        "Estimated Cardinality": "17996959"
                                                                    },
                                                                    "cumulative_cardinality": 0,
                                                                    "operator_type": "DELIM_SCAN",
                                                                    "operator_cardinality": 0,
                                                                    "cumulative_rows_scanned": 0,
                                                                    "operator_rows_scanned": 0,
                                                                    "operator_timing": 0.0,
                                                                    "result_set_size": 0,
                                                                    "children": []
                                                                }
                                                            ]
                                                        },
                                                        {
                                                            "result_set_size": 0,
                                                            "operator_timing": 0.0,
                                                            "operator_rows_scanned": 0,
                                                            "cumulative_rows_scanned": 0,
                                                            "operator_cardinality": 0,
                                                            "operator_type": "DUMMY_SCAN",
                                                            "cumulative_cardinality": 0,
                                                            "cpu_time": 0.0,
                                                            "operator_name": "DUMMY_SCAN",
                                                            "extra_info": {},
                                                            "children": []
                                                        }
                                                    ]
                                                },
                                                {
                                                    "operator_name": "HASH_GROUP_BY",
                                                    "cpu_time": 5.031105000000036,
                                                    "extra_info": {
                                                        "Groups": [
                                                            "#1",
                                                            "#2"
                                                        ],
                                                        "Aggregates": "",
                                                        "Estimated Cardinality": "314996834"
                                                    },
                                                    "cumulative_cardinality": 94925747,
                                                    "operator_type": "HASH_GROUP_BY",
                                                    "operator_cardinality": 94925747,
                                                    "cumulative_rows_scanned": 0,
                                                    "operator_rows_scanned": 0,
                                                    "operator_timing": 5.031105000000036,
                                                    "result_set_size": 759405976,
                                                    "children": []
                                                }
                                            ]
                                        },
                                        {
                                            "result_set_size": 37545936,
                                            "operator_timing": 22.575096999958525,
                                            "operator_rows_scanned": 0,
                                            "cumulative_rows_scanned": 95999835344,
                                            "operator_cardinality": 2346621,
                                            "operator_type": "HASH_JOIN",
                                            "cumulative_cardinality": 13988308240,
                                            "cpu_time": 176.13555699988194,
                                            "operator_name": "HASH_JOIN",
                                            "extra_info": {
                                                "Join Type": "RIGHT_ANTI",
                                                "Conditions": [
                                                    "l_orderkey IS NOT DISTINCT FROM l_orderkey",
                                                    "l_suppkey IS NOT DISTINCT FROM l_suppkey"
                                                ],
                                                "Estimated Cardinality": "551332064"
                                            },
                                            "children": [
                                                {
                                                    "operator_name": "HASH_JOIN",
                                                    "cpu_time": 153.5604599999234,
                                                    "extra_info": {
                                                        "Join Type": "INNER",
                                                        "Conditions": [
                                                            "l_orderkey = l_orderkey",
                                                            "l_suppkey != l_suppkey"
                                                        ],
                                                        "Estimated Cardinality": "551332064"
                                                    },
                                                    "cumulative_cardinality": 13985961619,
                                                    "operator_type": "HASH_JOIN",
                                                    "operator_cardinality": 399245021,
                                                    "cumulative_rows_scanned": 95999835344,
                                                    "operator_rows_scanned": 0,
                                                    "operator_timing": 57.863038000033136,
                                                    "result_set_size": 3193960168,
                                                    "children": [
                                                        {
                                                            "result_set_size": 30346909120,
                                                            "operator_timing": 0.24177499999993252,
                                                            "operator_rows_scanned": 0,
                                                            "cumulative_rows_scanned": 95999835344,
                                                            "operator_cardinality": 3793363640,
                                                            "operator_type": "PROJECTION",
                                                            "cumulative_cardinality": 13586716598,
                                                            "cpu_time": 95.69742199989027,
                                                            "operator_name": "PROJECTION",
                                                            "extra_info": {
                                                                "Projections": [
                                                                    "#0",
                                                                    "#1"
                                                                ],
                                                                "Estimated Cardinality": "1199997941"
                                                            },
                                                            "children": [
                                                                {
                                                                    "operator_name": "FILTER",
                                                                    "cpu_time": 95.45564699989033,
                                                                    "extra_info": {
                                                                        "Expression": "(l_receiptdate > l_commitdate)",
                                                                        "Estimated Cardinality": "1199997941"
                                                                    },
                                                                    "cumulative_cardinality": 9793352958,
                                                                    "operator_type": "FILTER",
                                                                    "operator_cardinality": 3793363640,
                                                                    "cumulative_rows_scanned": 95999835344,
                                                                    "operator_rows_scanned": 0,
                                                                    "operator_timing": 3.728279000003076,
                                                                    "result_set_size": 60693818240,
                                                                    "children": [
                                                                        {
                                                                            "result_set_size": 95999829088,
                                                                            "operator_timing": 91.72736799988726,
                                                                            "operator_rows_scanned": 95999835344,
                                                                            "cumulative_rows_scanned": 95999835344,
                                                                            "operator_cardinality": 5999989318,
                                                                            "operator_type": "TABLE_SCAN",
                                                                            "cumulative_cardinality": 5999989318,
                                                                            "cpu_time": 91.72736799988726,
                                                                            "operator_name": "SEQ_SCAN ",
                                                                            "extra_info": {
                                                                                "Table": "lineitem",
                                                                                "Type": "Sequential Scan",
                                                                                "Projections": [
                                                                                    "l_orderkey",
                                                                                    "l_suppkey",
                                                                                    "l_receiptdate",
                                                                                    "l_commitdate"
                                                                                ],
                                                                                "Estimated Cardinality": "5999989709"
                                                                            },
                                                                            "children": []
                                                                        }
                                                                    ]
                                                                }
                                                            ]
                                                        },
                                                        {
                                                            "result_set_size": 0,
                                                            "operator_timing": 0.0,
                                                            "operator_rows_scanned": 0,
                                                            "cumulative_rows_scanned": 0,
                                                            "operator_cardinality": 0,
                                                            "operator_type": "DELIM_SCAN",
                                                            "cumulative_cardinality": 0,
                                                            "cpu_time": 0.0,
                                                            "operator_name": "DELIM_SCAN",
                                                            "extra_info": {
                                                                "Delim Index": "2",
                                                                "Estimated Cardinality": "157498417"
                                                            },
                                                            "children": []
                                                        }
                                                    ]
                                                },
                                                {
                                                    "operator_name": "DUMMY_SCAN",
                                                    "cpu_time": 0.0,
                                                    "extra_info": {},
                                                    "cumulative_cardinality": 0,
                                                    "operator_type": "DUMMY_SCAN",
                                                    "operator_cardinality": 0,
                                                    "cumulative_rows_scanned": 0,
                                                    "operator_rows_scanned": 0,
                                                    "operator_timing": 0.0,
                                                    "result_set_size": 0,
                                                    "children": []
                                                }
                                            ]
                                        },
                                        {
                                            "result_set_size": 750204328,
                                            "operator_timing": 3.7769730000001505,
                                            "operator_rows_scanned": 0,
                                            "cumulative_rows_scanned": 0,
                                            "operator_cardinality": 93775541,
                                            "operator_type": "HASH_GROUP_BY",
                                            "cumulative_cardinality": 93775541,
                                            "cpu_time": 3.7769730000001505,
                                            "operator_name": "HASH_GROUP_BY",
                                            "extra_info": {
                                                "Groups": [
                                                    "#0",
                                                    "#1"
                                                ],
                                                "Aggregates": "",
                                                "Estimated Cardinality": "551332064"
                                            },
                                            "children": []
                                        }
                                    ]
                                }
                            ]
                        }
                    ]
                }
            ]
        }
    ]
}