{
    "result_set_size": 512,
    "cumulative_rows_scanned": 95999835344,
    "cumulative_cardinality": 23468906096,
    "extra_info": {},
    "cpu_time": 241.7608479999475,
    "blocked_thread_time": 0.0,
    "rows_returned": 4,
    "query_name": "select\n\tl_returnflag,\n\tl_linestatus,\n\tsum(l_quantity) as sum_qty,\n\tsum(l_extendedprice) as sum_base_price,\n\tsum(l_extendedprice * (1 - l_discount)) as sum_disc_price,\n\tsum(l_extendedprice * (1 - l_discount) * (1 + l_tax)) as sum_charge,\n\tavg(l_quantity) as avg_qty,\n\tavg(l_extendedprice) as avg_price,\n\tavg(l_discount) as avg_disc,\n\tcount(*) as count_order\nfrom\n\tlineitem\nwhere\n\tl_shipdate <= date '1998-12-01' - interval '113' day\ngroup by\n\tl_returnflag,\n\tl_linestatus\norder by\n\tl_returnflag,\n\tl_linestatus;",
    "latency": 18.465821,
    "children": [
        {
            "result_set_size": 512,
            "operator_timing": 0.000001,
            "operator_rows_scanned": 0,
            "cumulative_rows_scanned": 95999835344,
            "operator_cardinality": 4,
            "operator_type": "PROJECTION",
            "cumulative_cardinality": 23468906096,
            "cpu_time": 241.7608479999475,
            "operator_name": "PROJECTION",
            "extra_info": {
                "Projections": [
                    "__internal_decompress_string(#0)",
                    "__internal_decompress_string(#1)",
                    "#2",
                    "#3",
                    "#4",
                    "#5",
                    "#6",
                    "#7",
                    "#8",
                    "#9"
                ],
                "Estimated Cardinality": "3"
            },
            "children": [
                {
                    "operator_name": "ORDER_BY",
                    "cpu_time": 241.7608469999475,
                    "extra_info": {
                        "Order By": [
                            "tpch.main.lineitem.l_returnflag ASC",
                            "tpch.main.lineitem.l_linestatus ASC"
                        ]
                    },
                    "cumulative_cardinality": 23468906092,
                    "operator_type": "ORDER_BY",
                    "operator_cardinality": 4,
                    "cumulative_rows_scanned": 95999835344,
                    "operator_rows_scanned": 0,
                    "operator_timing": 0.00005,
                    "result_set_size": 392,
                    "children": [
                        {
                            "result_set_size": 392,
                            "operator_timing": 0.000001,
                            "operator_rows_scanned": 0,
                            "cumulative_rows_scanned": 95999835344,
                            "operator_cardinality": 4,
                            "operator_type": "PROJECTION",
                            "cumulative_cardinality": 23468906088,
                            "cpu_time": 241.7607969999475,
                            "operator_name": "PROJECTION",
                            "extra_info": {
                                "Projections": [
                                    "__internal_compress_string_utinyint(#0)",
                                    "__internal_compress_string_utinyint(#1)",
                                    "#2",
                                    "#3",
                                    "#4",
                                    "#5",
                                    "#6",
                                    "#7",
                                    "#8",
                                    "#9"
                                ],
                                "Estimated Cardinality": "3"
                            },
                            "children": [
                                {
                                    "operator_name": "PROJECTION",
                                    "cpu_time": 241.7607959999475,
                                    "extra_info": {
                                        "Projections": [
                                            "__internal_decompress_string(#0)",
                                            "__internal_decompress_string(#1)",
                                            "#2",
                                            "#3",
                                            "#4",
                                            "#5",
                                            "#6",
                                            "#7",
                                            "#8",
                                            "#9"
                                        ],
                                        "Estimated Cardinality": "3"
                                    },
                                    "cumulative_cardinality": 23468906084,
                                    "operator_type": "PROJECTION",
                                    "operator_cardinality": 4,
                                    "cumulative_rows_scanned": 95999835344,
                                    "operator_rows_scanned": 0,
                                    "operator_timing": 0.000003,
                                    "result_set_size": 512,
                                    "children": [
                                        {
                                            "result_set_size": 392,
                                            "operator_timing": 116.99478799993213,
                                            "operator_rows_scanned": 0,
                                            "cumulative_rows_scanned": 95999835344,
                                            "operator_cardinality": 4,
                                            "operator_type": "PERFECT_HASH_GROUP_BY",
                                            "cumulative_cardinality": 23468906080,
                                            "cpu_time": 241.7607929999475,
                                            "operator_name": "PERFECT_HASH_GROUP_BY",
                                            "extra_info": {
                                                "Groups": [
                                                    "#0",
                                                    "#1"
                                                ],
                                                "Aggregates": [
                                                    "sum_no_overflow(#2)",
                                                    "sum_no_overflow(#3)",
                                                    "sum_no_overflow(#4)",
                                                    "sum(#5)",
                                                    "avg(#6)",
                                                    "avg(#7)",
                                                    "avg(#8)",
                                                    "count_star()"
                                                ]
                                            },
                                            "children": [
                                                {
                                                    "operator_name": "PROJECTION",
                                                    "cpu_time": 124.76600500001538,
                                                    "extra_info": {
                                                        "Projections": [
                                                            "l_returnflag",
                                                            "l_linestatus",
                                                            "l_quantity",
                                                            "l_extendedprice",
                                                            "#4",
                                                            "(#4 * (1.00 + l_tax))",
                                                            "l_quantity",
                                                            "l_extendedprice",
                                                            "l_discount"
                                                        ],
                                                        "Estimated Cardinality": "1199997941"
                                                    },
                                                    "cumulative_cardinality": 23468906076,
                                                    "operator_type": "PROJECTION",
                                                    "operator_cardinality": 5867226519,
                                                    "cumulative_rows_scanned": 95999835344,
                                                    "operator_rows_scanned": 0,
                                                    "operator_timing": 13.246777999986332,
                                                    "result_set_size": 340299138102,
                                                    "children": [
                                                        {
                                                            "result_set_size": 246423513798,
                                                            "operator_timing": 3.193733000002416,
                                                            "operator_rows_scanned": 0,
                                                            "cumulative_rows_scanned": 95999835344,
                                                            "operator_cardinality": 5867226519,
                                                            "operator_type": "PROJECTION",
                                                            "cumulative_cardinality": 17601679557,
                                                            "cpu_time": 111.51922700002905,
                                                            "operator_name": "PROJECTION",
                                                            "extra_info": {
                                                                "Projections": [
                                                                    "__internal_compress_string_utinyint(#0)",
                                                                    "__internal_compress_string_utinyint(#1)",
                                                                    "#2",
                                                                    "#3",
                                                                    "#4",
                                                                    "#5",
                                                                    "#6"
                                                                ],
                                                                "Estimated Cardinality": "1199997941"
                                                            },
                                                            "children": [
                                                                {
                                                                    "operator_name": "PROJECTION",
                                                                    "cpu_time": 108.32549400002664,
                                                                    "extra_info": {
                                                                        "Projections": [
                                                                            "l_returnflag",
                                                                            "l_linestatus",
                                                                            "l_quantity",
                                                                            "l_extendedprice",
                                                                            "(l_extendedprice * (1.00 - l_discount))",
                                                                            "l_tax",
                                                                            "l_discount"
                                                                        ],
                                                                        "Estimated Cardinality": "1199997941"
                                                                    },
                                                                    "cumulative_cardinality": 11734453038,
                                                                    "operator_type": "PROJECTION",
                                                                    "operator_cardinality": 5867226519,
                                                                    "cumulative_rows_scanned": 95999835344,
                                                                    "operator_rows_scanned": 0,
                                                                    "operator_timing": 13.527139999988938,
                                                                    "result_set_size": 422440309368,
                                                                    "children": [
                                                                        {
                                                                            "result_set_size": 375502497216,
                                                                            "operator_timing": 94.7983540000377,
                                                                            "operator_rows_scanned": 95999835344,
                                                                            "cumulative_rows_scanned": 95999835344,
                                                                            "operator_cardinality": 5867226519,
                                                                            "operator_type": "TABLE_SCAN",
                                                                            "cumulative_cardinality": 5867226519,
                                                                            "cpu_time": 94.7983540000377,
                                                                            "operator_name": "SEQ_SCAN ",
                                                                            "extra_info": {
                                                                                "Table": "lineitem",
                                                                                "Type": "Sequential Scan",
                                                                                "Projections": [
                                                                                    "l_returnflag",
                                                                                    "l_linestatus",
                                                                                    "l_quantity",
                                                                                    "l_extendedprice",
                                                                                    "l_discount",
                                                                                    "l_tax"
                                                                                ],
                                                                                "Filters": "l_shipdate<='1998-08-10'::DATE",
                                                                                "Estimated Cardinality": "1199997941"
                                                                            },
                                                                            "children": []
                                                                        }
                                                                    ]
                                                                }
                                                            ]
                                                        }
                                                    ]
                                                }
                                            ]
                                        }
                                    ]
                                }
                            ]
                        }
                    ]
                }
            ]
        }
    ]
}