{
    "result_set_size": 1500906652,
    "cumulative_rows_scanned": 122399835344,
    "cumulative_cardinality": 5447259407,
    "extra_info": {},
    "cpu_time": 269.1646319998358,
    "blocked_thread_time": 0.0,
    "rows_returned": 53603809,
    "query_name": "select\n\tl_orderkey,\n\tsum(l_extendedprice * (1 - l_discount)) as revenue,\n\to_orderdate,\n\to_shippriority\nfrom\n\tcustomer,\n\torders,\n\tlineitem\nwhere\n\tc_mktsegment = 'BUILDING'\n\tand c_custkey = o_custkey\n\tand l_orderkey = o_orderkey\n\tand o_orderdate < date '1995-03-30'\n\tand l_shipdate > date '1995-03-30'\ngroup by\n\tl_orderkey,\n\to_orderdate,\n\to_shippriority\norder by\n\trevenue desc,\n\to_orderdate;",
    "latency": 22.390576,
    "children": [
        {
            "result_set_size": 1500906652,
            "operator_timing": 0.01349000000000014,
            "operator_rows_scanned": 0,
            "cumulative_rows_scanned": 122399835344,
            "operator_cardinality": 53603809,
            "operator_type": "PROJECTION",
            "cumulative_cardinality": 5447259407,
            "cpu_time": 269.1646319998358,
            "operator_name": "PROJECTION",
            "extra_info": {
                "Projections": [
                    "#0",
                    "#1",
                    "#2",
                    "__internal_decompress_integral_integer(#3, 0)"
                ],
                "Estimated Cardinality": "33699022"
            },
            "children": [
                {
                    "operator_name": "ORDER_BY",
                    "cpu_time": 269.15114199983583,
                    "extra_info": {
                        "Order By": [
                            "sum((tpch.main.lineitem.l_extendedprice * (1 - tpch.main.lineitem.l_discount))) DESC",
                            "tpch.main.orders.o_orderdate ASC"
                        ]
                    },
                    "cumulative_cardinality": 5393655598,
                    "operator_type": "ORDER_BY",
                    "operator_cardinality": 53603809,
                    "cumulative_rows_scanned": 122399835344,
                    "operator_rows_scanned": 0,
                    "operator_timing": 19.853169999999995,
                    "result_set_size": 1340095225,
                    "children": [
                        {
                            "result_set_size": 1340095225,
                            "operator_timing": 0.028798999999999422,
                            "operator_rows_scanned": 0,
                            "cumulative_rows_scanned": 122399835344,
                            "operator_cardinality": 53603809,
                            "operator_type": "PROJECTION",
                            "cumulative_cardinality": 5340051789,
                            "cpu_time": 249.29797199983585,
                            "operator_name": "PROJECTION",
                            "extra_info": {
                                "Projections": [
                                    "#0",
                                    "#1",
                                    "#2",
                                    "__internal_compress_integral_utinyint(#3, 0)"
                                ],
                                "Estimated Cardinality": "33699022"
                            },
                            "children": [
                                {
                                    "operator_name": "PROJECTION",
                                    "cpu_time": 249.26917299983586,
                                    "extra_info": {
                                        "Projections": [
                                            "l_orderkey",
                                            "revenue",
                                            "o_orderdate",
                                            "o_shippriority"
                                        ],
                                        "Estimated Cardinality": "33699022"
                                    },
                                    "cumulative_cardinality": 5286447980,
                                    "operator_type": "PROJECTION",
                                    "operator_cardinality": 53603809,
                                    "cumulative_rows_scanned": 122399835344,
                                    "operator_rows_scanned": 0,
                                    "operator_timing": 0.0036459999999999965,
                                    "result_set_size": 1500906652,
                                    "children": [
                                        {
                                            "result_set_size": 1500906652,
                                            "operator_timing": 0.014480000000000175,
                                            "operator_rows_scanned": 0,
                                            "cumulative_rows_scanned": 122399835344,
                                            "operator_cardinality": 53603809,
                                            "operator_type": "PROJECTION",
                                            "cumulative_cardinality": 5232844171,
                                            "cpu_time": 249.26552699983586,
                                            "operator_name": "PROJECTION",
                                            "extra_info": {
                                                "Projections": [
                                                    "#0",
                                                    "#1",
                                                    "__internal_decompress_integral_integer(#2, 0)",
                                                    "#3"
                                                ],
                                                "Estimated Cardinality": "33699022"
                                            },
                                            "children": [
                                                {
                                                    "operator_name": "HASH_GROUP_BY",
                                                    "cpu_time": 249.25104699983586,
                                                    "extra_info": {
                                                        "Groups": [
                                                            "#0",
                                                            "#1",
                                                            "#2"
                                                        ],
                                                        "Aggregates": "sum(#3)",
                                                        "Estimated Cardinality": "33699022"
                                                    },
                                                    "cumulative_cardinality": 5179240362,
                                                    "operator_type": "HASH_GROUP_BY",
                                                    "operator_cardinality": 53603809,
                                                    "cumulative_rows_scanned": 122399835344,
                                                    "operator_rows_scanned": 0,
                                                    "operator_timing": 16.36177299997516,
                                                    "result_set_size": 1340095225,
                                                    "children": [
                                                        {
                                                            "result_set_size": 3549627200,
                                                            "operator_timing": 3.076462000001814,
                                                            "operator_rows_scanned": 0,
                                                            "cumulative_rows_scanned": 122399835344,
                                                            "operator_cardinality": 208801600,
                                                            "operator_type": "PROJECTION",
                                                            "cumulative_cardinality": 5125636553,
                                                            "cpu_time": 232.8892739998607,
                                                            "operator_name": "PROJECTION",
                                                            "extra_info": {
                                                                "Projections": [
                                                                    "l_orderkey",
                                                                    "o_orderdate",
                                                                    "o_shippriority",
                                                                    "(l_extendedprice * (1.00 - l_discount))"
                                                                ],
                                                                "Estimated Cardinality": "67398044"
                                                            },
                                                            "children": [
                                                                {
                                                                    "operator_name": "PROJECTION",
                                                                    "cpu_time": 229.8128119998589,
                                                                    "extra_info": {
                                                                        "Projections": [
                                                                            "#0",
                                                                            "#1",
                                                                            "#2",
                                                                            "#3",
                                                                            "__internal_compress_integral_utinyint(#4, 0)"
                                                                        ],
                                                                        "Estimated Cardinality": "67398044"
                                                                    },
                                                                    "cumulative_cardinality": 4916834953,
                                                                    "operator_type": "PROJECTION",
                                                                    "operator_cardinality": 208801600,
                                                                    "cumulative_rows_scanned": 122399835344,
                                                                    "operator_rows_scanned": 0,
                                                                    "operator_timing": 0.9651690000004387,
                                                                    "result_set_size": 5220040000,
                                                                    "children": [
                                                                        {
                                                                            "result_set_size": 5846444800,
                                                                            "operator_timing": 0.9645360000004153,
                                                                            "operator_rows_scanned": 0,
                                                                            "cumulative_rows_scanned": 122399835344,
                                                                            "operator_cardinality": 208801600,
                                                                            "operator_type": "PROJECTION",
                                                                            "cumulative_cardinality": 4708033353,
                                                                            "cpu_time": 228.84764299985846,
                                                                            "operator_name": "PROJECTION",
                                                                            "extra_info": {
                                                                                "Projections": [
                                                                                    "#0",
                                                                                    "#1",
                                                                                    "#2",
                                                                                    "#3",
                                                                                    "__internal_decompress_integral_integer(#4, 0)"
                                                                                ],
                                                                                "Estimated Cardinality": "67398044"
                                                                            },
                                                                            "children": [
                                                                                {
                                                                                    "operator_name": "HASH_JOIN",
                                                                                    "cpu_time": 227.88310699985806,
                                                                                    "extra_info": {
                                                                                        "Join Type": "INNER",
                                                                                        "Conditions": "l_orderkey = o_orderkey",
                                                                                        "Estimated Cardinality": "67398044"
                                                                                    },
                                                                                    "cumulative_cardinality": 4499231753,
                                                                                    "operator_type": "HASH_JOIN",
                                                                                    "operator_cardinality": 208801600,
                                                                                    "cumulative_rows_scanned": 122399835344,
                                                                                    "operator_rows_scanned": 0,
                                                                                    "operator_timing": 64.46930400005154,
                                                                                    "result_set_size": 5220040000,
                                                                                    "children": [
                                                                                        {
                                                                                            "result_set_size": 63939737720,
                                                                                            "operator_timing": 116.10599699979589,
                                                                                            "operator_rows_scanned": 95999835344,
                                                                                            "cumulative_rows_scanned": 95999835344,
                                                                                            "operator_cardinality": 3196986886,
                                                                                            "operator_type": "TABLE_SCAN",
                                                                                            "cumulative_cardinality": 3196986886,
                                                                                            "cpu_time": 116.10599699979589,
                                                                                            "operator_name": "SEQ_SCAN ",
                                                                                            "extra_info": {
                                                                                                "Table": "lineitem",
                                                                                                "Type": "Sequential Scan",
                                                                                                "Projections": [
                                                                                                    "l_orderkey",
                                                                                                    "l_extendedprice",
                                                                                                    "l_discount"
                                                                                                ],
                                                                                                "Filters": "l_shipdate>'1995-03-30'::DATE",
                                                                                                "Estimated Cardinality": "1199997941"
                                                                                            },
                                                                                            "children": []
                                                                                        },
                                                                                        {
                                                                                            "result_set_size": 1919340579,
                                                                                            "operator_timing": 0.35340500000001107,
                                                                                            "operator_rows_scanned": 0,
                                                                                            "cumulative_rows_scanned": 26400000000,
                                                                                            "operator_cardinality": 147641583,
                                                                                            "operator_type": "PROJECTION",
                                                                                            "cumulative_cardinality": 1093443267,
                                                                                            "cpu_time": 47.30780600001062,
                                                                                            "operator_name": "PROJECTION",
                                                                                            "extra_info": {
                                                                                                "Projections": [
                                                                                                    "#0",
                                                                                                    "#1",
                                                                                                    "__internal_compress_integral_utinyint(#2, 0)",
                                                                                                    "#3"
                                                                                                ],
                                                                                                "Estimated Cardinality": "44587224"
                                                                                            },
                                                                                            "children": [
                                                                                                {
                                                                                                    "operator_name": "HASH_JOIN",
                                                                                                    "cpu_time": 46.95440100001061,
                                                                                                    "extra_info": {
                                                                                                        "Join Type": "INNER",
                                                                                                        "Conditions": "o_custkey = c_custkey",
                                                                                                        "Estimated Cardinality": "44587224"
                                                                                                    },
                                                                                                    "cumulative_cardinality": 945801684,
                                                                                                    "operator_type": "HASH_JOIN",
                                                                                                    "operator_cardinality": 147641583,
                                                                                                    "cumulative_rows_scanned": 26400000000,
                                                                                                    "operator_rows_scanned": 0,
                                                                                                    "operator_timing": 21.164074000005133,
                                                                                                    "result_set_size": 2362265328,
                                                                                                    "children": [
                                                                                                        {
                                                                                                            "result_set_size": 11810620752,
                                                                                                            "operator_timing": 23.199649000005298,
                                                                                                            "operator_rows_scanned": 24000000000,
                                                                                                            "cumulative_rows_scanned": 24000000000,
                                                                                                            "operator_cardinality": 738163797,
                                                                                                            "operator_type": "TABLE_SCAN",
                                                                                                            "cumulative_cardinality": 738163797,
                                                                                                            "cpu_time": 23.199649000005298,
                                                                                                            "operator_name": "SEQ_SCAN ",
                                                                                                            "extra_info": {
                                                                                                                "Table": "orders",
                                                                                                                "Type": "Sequential Scan",
                                                                                                                "Projections": [
                                                                                                                    "o_custkey",
                                                                                                                    "o_orderkey",
                                                                                                                    "o_orderdate",
                                                                                                                    "o_shippriority"
                                                                                                                ],
                                                                                                                "Filters": "o_orderdate<'1995-03-30'::DATE",
                                                                                                                "Estimated Cardinality": "300000000"
                                                                                                            },
                                                                                                            "children": []
                                                                                                        },
                                                                                                        {
                                                                                                            "result_set_size": 119992608,
                                                                                                            "operator_timing": 0.06390500000000224,
                                                                                                            "operator_rows_scanned": 0,
                                                                                                            "cumulative_rows_scanned": 2400000000,
                                                                                                            "operator_cardinality": 29998152,
                                                                                                            "operator_type": "FILTER",
                                                                                                            "cumulative_cardinality": 59996304,
                                                                                                            "cpu_time": 2.5906780000001794,
                                                                                                            "operator_name": "FILTER",
                                                                                                            "extra_info": {
                                                                                                                "Expression": "(c_custkey <= 149999999)",
                                                                                                                "Estimated Cardinality": "30000000"
                                                                                                            },
                                                                                                            "children": [
                                                                                                                {
                                                                                                                    "operator_name": "SEQ_SCAN ",
                                                                                                                    "cpu_time": 2.526773000000177,
                                                                                                                    "extra_info": {
                                                                                                                        "Table": "customer",
                                                                                                                        "Type": "Sequential Scan",
                                                                                                                        "Projections": "c_custkey",
                                                                                                                        "Filters": "c_mktsegment='BUILDING'",
                                                                                                                        "Estimated Cardinality": "30000000"
                                                                                                                    },
                                                                                                                    "cumulative_cardinality": 29998152,
                                                                                                                    "operator_type": "TABLE_SCAN",
                                                                                                                    "operator_cardinality": 29998152,
                                                                                                                    "cumulative_rows_scanned": 2400000000,
                                                                                                                    "operator_rows_scanned": 2400000000,
                                                                                                                    "operator_timing": 2.526773000000177,
                                                                                                                    "result_set_size": 119992608,
                                                                                                                    "children": []
                                                                                                                }
                                                                                                            ]
                                                                                                        }
                                                                                                    ]
                                                                                                }
                                                                                            ]
                                                                                        }
                                                                                    ]
                                                                                }
                                                                            ]
                                                                        }
                                                                    ]
                                                                }
                                                            ]
                                                        }
                                                    ]
                                                }
                                            ]
                                        }
                                    ]
                                }
                            ]
                        }
                    ]
                }
            ]
        }
    ]
}