{
    "result_set_size": 3567584,
    "cumulative_rows_scanned": 112159835369,
    "cumulative_cardinality": 1776800518,
    "extra_info": {},
    "cpu_time": 165.5778909997736,
    "blocked_thread_time": 0.02,
    "rows_returned": 111487,
    "query_name": "select\n\ts_name,\n\ts_address\nfrom\n\tsupplier,\n\tnation\nwhere\n\ts_suppkey in (\n\t\tselect\n\t\t\tps_suppkey\n\t\tfrom\n\t\t\tpartsupp\n\t\twhere\n\t\t\tps_partkey in (\n\t\t\t\tselect\n\t\t\t\t\tp_partkey\n\t\t\t\tfrom\n\t\t\t\t\tpart\n\t\t\t\twhere\n\t\t\t\t\tp_name like 'ghost%'\n\t\t\t)\n\t\t\tand ps_availqty > (\n\t\t\t\tselect\n\t\t\t\t\t0.5 * sum(l_quantity)\n\t\t\t\tfrom\n\t\t\t\t\tlineitem\n\t\t\t\twhere\n\t\t\t\t\tl_partkey = ps_partkey\n\t\t\t\t\tand l_suppkey = ps_suppkey\n\t\t\t\t\tand l_shipdate >= date '1997-01-01'\n\t\t\t\t\tand l_shipdate < date '1997-01-01' + interval '1' year\n\t\t\t)\n\t)\n\tand s_nationkey = n_nationkey\n\tand n_name = 'ETHIOPIA'\norder by\n\ts_name;",
    "latency": 12.167265,
    "children": [
        {
            "result_set_size": 3567584,
            "operator_timing": 0.0054,
            "operator_rows_scanned": 0,
            "cumulative_rows_scanned": 112159835369,
            "operator_cardinality": 111487,
            "operator_type": "ORDER_BY",
            "cumulative_cardinality": 1776800518,
            "cpu_time": 165.5778909997736,
            "operator_name": "ORDER_BY",
            "extra_info": {
                "Order By": "tpch.main.supplier.s_name ASC"
            },
            "children": [
                {
                    "operator_name": "HASH_JOIN",
                    "cpu_time": 165.57249099977358,
                    "extra_info": {
                        "Join Type": "RIGHT_SEMI",
                        "Conditions": "#0 = s_suppkey",
                        "Estimated Cardinality": "76923"
                    },
                    "cumulative_cardinality": 1776689031,
                    "operator_type": "HASH_JOIN",
                    "operator_cardinality": 111487,
                    "cumulative_rows_scanned": 112159835369,
                    "operator_rows_scanned": 0,
                    "operator_timing": 0.09357499999999991,
                    "result_set_size": 3567584,
                    "children": [
                        {
                            "result_set_size": 13162428,
                            "operator_timing": 0.00018800000000000004,
                            "operator_rows_scanned": 0,
                            "cumulative_rows_scanned": 111999835344,
                            "operator_cardinality": 3290607,
                            "operator_type": "PROJECTION",
                            "cumulative_cardinality": 1775777733,
                            "cpu_time": 164.7388219997736,
                            "operator_name": "PROJECTION",
                            "extra_info": {
                                "Projections": "#2",
                                "Estimated Cardinality": "160000000"
                            },
                            "children": [
                                {
                                    "operator_name": "FILTER",
                                    "cpu_time": 164.73863399977358,
                                    "extra_info": {
                                        "Expression": "(CAST(ps_availqty AS DECIMAL(38,3)) > SUBQUERY)",
                                        "Estimated Cardinality": "160000000"
                                    },
                                    "cumulative_cardinality": 1772487126,
                                    "operator_type": "FILTER",
                                    "operator_cardinality": 3290607,
                                    "cumulative_rows_scanned": 111999835344,
                                    "operator_rows_scanned": 0,
                                    "operator_timing": 0.06176900000000002,
                                    "result_set_size": 78974568,
                                    "children": [
                                        {
                                            "result_set_size": 0,
                                            "operator_timing": 0.6154160000000001,
                                            "operator_rows_scanned": 0,
                                            "cumulative_rows_scanned": 111999835344,
                                            "operator_cardinality": 0,
                                            "operator_type": "RIGHT_DELIM_JOIN",
                                            "cumulative_cardinality": 1769196519,
                                            "cpu_time": 164.67686499977358,
                                            "operator_name": "RIGHT_DELIM_JOIN",
                                            "extra_info": {
                                                "Join Type": "RIGHT",
                                                "Conditions": [
                                                    "ps_partkey IS NOT DISTINCT FROM ps_partkey",
                                                    "ps_suppkey IS NOT DISTINCT FROM ps_suppkey"
                                                ],
                                                "Estimated Cardinality": "160000000",
                                                "Delim Index": "1"
                                            },
                                            "children": [
                                                {
                                                    "operator_name": "HASH_JOIN",
                                                    "cpu_time": 22.985671999996526,
                                                    "extra_info": {
                                                        "Join Type": "SEMI",
                                                        "Conditions": "ps_partkey = #0",
                                                        "Estimated Cardinality": "160000000"
                                                    },
                                                    "cumulative_cardinality": 815203692,
                                                    "operator_type": "HASH_JOIN",
                                                    "operator_cardinality": 8687904,
                                                    "cumulative_rows_scanned": 16000000000,
                                                    "operator_rows_scanned": 0,
                                                    "operator_timing": 5.478451000000309,
                                                    "result_set_size": 104254848,
                                                    "children": [
                                                        {
                                                            "result_set_size": 9599998320,
                                                            "operator_timing": 7.827891999996574,
                                                            "operator_rows_scanned": 12800000000,
                                                            "cumulative_rows_scanned": 12800000000,
                                                            "operator_cardinality": 799999860,
                                                            "operator_type": "TABLE_SCAN",
                                                            "cumulative_cardinality": 799999860,
                                                            "cpu_time": 7.827891999996574,
                                                            "operator_name": "SEQ_SCAN ",
                                                            "extra_info": {
                                                                "Table": "partsupp",
                                                                "Type": "Sequential Scan",
                                                                "Projections": [
                                                                    "ps_partkey",
                                                                    "ps_availqty",
                                                                    "ps_suppkey"
                                                                ],
                                                                "Estimated Cardinality": "800000000"
                                                            },
                                                            "children": []
                                                        },
                                                        {
                                                            "result_set_size": 8687904,
                                                            "operator_timing": 0.0003940000000000001,
                                                            "operator_rows_scanned": 0,
                                                            "cumulative_rows_scanned": 3200000000,
                                                            "operator_cardinality": 2171976,
                                                            "operator_type": "PROJECTION",
                                                            "cumulative_cardinality": 6515928,
                                                            "cpu_time": 9.679328999999646,
                                                            "operator_name": "PROJECTION",
                                                            "extra_info": {
                                                                "Projections": "#1",
                                                                "Estimated Cardinality": "8000000"
                                                            },
                                                            "children": [
                                                                {
                                                                    "operator_name": "FILTER",
                                                                    "cpu_time": 9.678934999999646,
                                                                    "extra_info": {
                                                                        "Expression": "prefix(p_name, 'ghost')",
                                                                        "Estimated Cardinality": "8000000"
                                                                    },
                                                                    "cumulative_cardinality": 4343952,
                                                                    "operator_type": "FILTER",
                                                                    "operator_cardinality": 2171976,
                                                                    "cumulative_rows_scanned": 3200000000,
                                                                    "operator_rows_scanned": 0,
                                                                    "operator_timing": 0.2719589999999976,
                                                                    "result_set_size": 43439520,
                                                                    "children": [
                                                                        {
                                                                            "result_set_size": 43439520,
                                                                            "operator_timing": 9.406975999999649,
                                                                            "operator_rows_scanned": 3200000000,
                                                                            "cumulative_rows_scanned": 3200000000,
                                                                            "operator_cardinality": 2171976,
                                                                            "operator_type": "TABLE_SCAN",
                                                                            "cumulative_cardinality": 2171976,
                                                                            "cpu_time": 9.406975999999649,
                                                                            "operator_name": "SEQ_SCAN ",
                                                                            "extra_info": {
                                                                                "Table": "part",
                                                                                "Type": "Sequential Scan",
                                                                                "Projections": [
                                                                                    "p_name",
                                                                                    "p_partkey"
                                                                                ],
                                                                                "Filters": "p_name>='ghost' AND p_name<'ghosu'",
                                                                                "Estimated Cardinality": "40000000"
                                                                            },
                                                                            "children": []
                                                                        }
                                                                    ]
                                                                }
                                                            ]
                                                        }
                                                    ]
                                                },
                                                {
                                                    "operator_name": "HASH_JOIN",
                                                    "cpu_time": 140.83362999977706,
                                                    "extra_info": {
                                                        "Join Type": "RIGHT",
                                                        "Conditions": [
                                                            "ps_partkey IS NOT DISTINCT FROM ps_partkey",
                                                            "ps_suppkey IS NOT DISTINCT FROM ps_suppkey"
                                                        ],
                                                        "Estimated Cardinality": "160000000"
                                                    },
                                                    "cumulative_cardinality": 945304923,
                                                    "operator_type": "HASH_JOIN",
                                                    "operator_cardinality": 8687904,
                                                    "cumulative_rows_scanned": 95999835344,
                                                    "operator_rows_scanned": 0,
                                                    "operator_timing": 0.3318049999999998,
                                                    "result_set_size": 208509696,
                                                    "children": [
                                                        {
                                                            "result_set_size": 79275312,
                                                            "operator_timing": 0.016954000000000014,
                                                            "operator_rows_scanned": 0,
                                                            "cumulative_rows_scanned": 95999835344,
                                                            "operator_cardinality": 3303138,
                                                            "operator_type": "PROJECTION",
                                                            "cumulative_cardinality": 936617019,
                                                            "cpu_time": 140.50182499977706,
                                                            "operator_name": "PROJECTION",
                                                            "extra_info": {
                                                                "Projections": [
                                                                    "(0.5 * sum(l_quantity))",
                                                                    "ps_partkey",
                                                                    "ps_suppkey"
                                                                ],
                                                                "Estimated Cardinality": "52304288"
                                                            },
                                                            "children": [
                                                                {
                                                                    "operator_name": "HASH_GROUP_BY",
                                                                    "cpu_time": 140.48487099977706,
                                                                    "extra_info": {
                                                                        "Groups": [
                                                                            "#0",
                                                                            "#1"
                                                                        ],
                                                                        "Aggregates": "sum(#2)",
                                                                        "Estimated Cardinality": "52304288"
                                                                    },
                                                                    "cumulative_cardinality": 933313881,
                                                                    "operator_type": "HASH_GROUP_BY",
                                                                    "operator_cardinality": 3303138,
                                                                    "cumulative_rows_scanned": 95999835344,
                                                                    "operator_rows_scanned": 0,
                                                                    "operator_timing": 1.0025630000000005,
                                                                    "result_set_size": 79275312,
                                                                    "children": [
                                                                        {
                                                                            "result_set_size": 158110416,
                                                                            "operator_timing": 0.003814999999999994,
                                                                            "operator_rows_scanned": 0,
                                                                            "cumulative_rows_scanned": 95999835344,
                                                                            "operator_cardinality": 9881901,
                                                                            "operator_type": "PROJECTION",
                                                                            "cumulative_cardinality": 930010743,
                                                                            "cpu_time": 139.48230799977705,
                                                                            "operator_name": "PROJECTION",
                                                                            "extra_info": {
                                                                                "Projections": [
                                                                                    "ps_partkey",
                                                                                    "ps_suppkey",
                                                                                    "l_quantity"
                                                                                ],
                                                                                "Estimated Cardinality": "104608577"
                                                                            },
                                                                            "children": [
                                                                                {
                                                                                    "operator_name": "HASH_JOIN",
                                                                                    "cpu_time": 139.47849299977705,
                                                                                    "extra_info": {
                                                                                        "Join Type": "INNER",
                                                                                        "Conditions": [
                                                                                            "l_partkey = ps_partkey",
                                                                                            "l_suppkey = ps_suppkey"
                                                                                        ],
                                                                                        "Estimated Cardinality": "104608577"
                                                                                    },
                                                                                    "cumulative_cardinality": 920128842,
                                                                                    "operator_type": "HASH_JOIN",
                                                                                    "operator_cardinality": 9881901,
                                                                                    "cumulative_rows_scanned": 95999835344,
                                                                                    "operator_rows_scanned": 0,
                                                                                    "operator_timing": 16.50410600001162,
                                                                                    "result_set_size": 237165624,
                                                                                    "children": [
                                                                                        {
                                                                                            "result_set_size": 14563951056,
                                                                                            "operator_timing": 122.97438699976543,
                                                                                            "operator_rows_scanned": 95999835344,
                                                                                            "cumulative_rows_scanned": 95999835344,
                                                                                            "operator_cardinality": 910246941,
                                                                                            "operator_type": "TABLE_SCAN",
                                                                                            "cumulative_cardinality": 910246941,
                                                                                            "cpu_time": 122.97438699976543,
                                                                                            "operator_name": "SEQ_SCAN ",
                                                                                            "extra_info": {
                                                                                                "Table": "lineitem",
                                                                                                "Type": "Sequential Scan",
                                                                                                "Projections": [
                                                                                                    "l_partkey",
                                                                                                    "l_suppkey",
                                                                                                    "l_quantity"
                                                                                                ],
                                                                                                "Filters": "l_shipdate>='1997-01-01'::DATE AND l_shipdate<'1998-01-01'::DATE",
                                                                                                "Estimated Cardinality": "1199997941"
                                                                                            },
                                                                                            "children": []
                                                                                        },
                                                                                        {
                                                                                            "result_set_size": 0,
                                                                                            "operator_timing": 0.0,
                                                                                            "operator_rows_scanned": 0,
                                                                                            "cumulative_rows_scanned": 0,
                                                                                            "operator_cardinality": 0,
                                                                                            "operator_type": "DELIM_SCAN",
                                                                                            "cumulative_cardinality": 0,
                                                                                            "cpu_time": 0.0,
                                                                                            "operator_name": "DELIM_SCAN",
                                                                                            "extra_info": {
                                                                                                "Delim Index": "1",
                                                                                                "Estimated Cardinality": "80000000"
                                                                                            },
                                                                                            "children": []
                                                                                        }
                                                                                    ]
                                                                                }
                                                                            ]
                                                                        }
                                                                    ]
                                                                }
                                                            ]
                                                        },
                                                        {
                                                            "result_set_size": 0,
                                                            "operator_timing": 0.0,
                                                            "operator_rows_scanned": 0,
                                                            "cumulative_rows_scanned": 0,
                                                            "operator_cardinality": 0,
                                                            "operator_type": "DUMMY_SCAN",
                                                            "cumulative_cardinality": 0,
                                                            "cpu_time": 0.0,
                                                            "operator_name": "DUMMY_SCAN",
                                                            "extra_info": {},
                                                            "children": []
                                                        }
                                                    ]
                                                },
                                                {
                                                    "operator_name": "HASH_GROUP_BY",
                                                    "cpu_time": 0.24214700000000036,
                                                    "extra_info": {
                                                        "Groups": [
                                                            "#0",
                                                            "#2"
                                                        ],
                                                        "Aggregates": "",
                                                        "Estimated Cardinality": "160000000"
                                                    },
                                                    "cumulative_cardinality": 8687904,
                                                    "operator_type": "HASH_GROUP_BY",
                                                    "operator_cardinality": 8687904,
                                                    "cumulative_rows_scanned": 0,
                                                    "operator_rows_scanned": 0,
                                                    "operator_timing": 0.24214700000000036,
                                                    "result_set_size": 69503232,
                                                    "children": []
                                                }
                                            ]
                                        }
                                    ]
                                }
                            ]
                        },
                        {
                            "result_set_size": 15996200,
                            "operator_timing": 0.008059000000000035,
                            "operator_rows_scanned": 0,
                            "cumulative_rows_scanned": 160000025,
                            "operator_cardinality": 399905,
                            "operator_type": "HASH_JOIN",
                            "cumulative_cardinality": 799811,
                            "cpu_time": 0.7400939999999994,
                            "operator_name": "HASH_JOIN",
                            "extra_info": {
                                "Join Type": "INNER",
                                "Conditions": "s_nationkey = n_nationkey",
                                "Estimated Cardinality": "384615"
                            },
                            "children": [
                                {
                                    "operator_name": "SEQ_SCAN ",
                                    "cpu_time": 0.7317549999999994,
                                    "extra_info": {
                                        "Table": "supplier",
                                        "Type": "Sequential Scan",
                                        "Projections": [
                                            "s_suppkey",
                                            "s_nationkey",
                                            "s_name",
                                            "s_address"
                                        ],
                                        "Estimated Cardinality": "10000000"
                                    },
                                    "cumulative_cardinality": 399905,
                                    "operator_type": "TABLE_SCAN",
                                    "operator_cardinality": 399905,
                                    "cumulative_rows_scanned": 160000000,
                                    "operator_rows_scanned": 160000000,
                                    "operator_timing": 0.7317549999999994,
                                    "result_set_size": 15996200,
                                    "children": []
                                },
                                {
                                    "operator_name": "SEQ_SCAN ",
                                    "cpu_time": 0.00028,
                                    "extra_info": {
                                        "Table": "nation",
                                        "Type": "Sequential Scan",
                                        "Projections": "n_nationkey",
                                        "Filters": "n_name='ETHIOPIA'",
                                        "Estimated Cardinality": "1"
                                    },
                                    "cumulative_cardinality": 1,
                                    "operator_type": "TABLE_SCAN",
                                    "operator_cardinality": 1,
                                    "cumulative_rows_scanned": 25,
                                    "operator_rows_scanned": 25,
                                    "operator_timing": 0.00028,
                                    "result_set_size": 4,
                                    "children": []
                                }
                            ]
                        }
                    ]
                }
            ]
        }
    ]
}