{
    "result_set_size": 96,
    "cumulative_rows_scanned": 119999835344,
    "cumulative_cardinality": 2678607887,
    "extra_info": {},
    "cpu_time": 113.52292999994961,
    "blocked_thread_time": 0.0,
    "rows_returned": 2,
    "query_name": "select\n\tl_shipmode,\n\tsum(case\n\t\twhen o_orderpriority = '1-URGENT'\n\t\t\tor o_orderpriority = '2-HIGH'\n\t\t\tthen 1\n\t\telse 0\n\tend) as high_line_count,\n\tsum(case\n\t\twhen o_orderpriority <> '1-URGENT'\n\t\t\tand o_orderpriority <> '2-HIGH'\n\t\t\tthen 1\n\t\telse 0\n\tend) as low_line_count\nfrom\n\torders,\n\tlineitem\nwhere\n\to_orderkey = l_orderkey\n\tand l_shipmode in ('MAIL', 'REG AIR')\n\tand l_commitdate < l_receiptdate\n\tand l_shipdate < l_commitdate\n\tand l_receiptdate >= date '1996-01-01'\n\tand l_receiptdate < date '1996-01-01' + interval '1' year\ngroup by\n\tl_shipmode\norder by\n\tl_shipmode;",
    "latency": 10.065551,
    "children": [
        {
            "result_set_size": 96,
            "operator_timing": 0.0,
            "operator_rows_scanned": 0,
            "cumulative_rows_scanned": 119999835344,
            "operator_cardinality": 2,
            "operator_type": "PROJECTION",
            "cumulative_cardinality": 2678607887,
            "cpu_time": 113.52292999994961,
            "operator_name": "PROJECTION",
            "extra_info": {
                "Projections": [
                    "__internal_decompress_string(#0)",
                    "#1",
                    "#2"
                ],
                "Estimated Cardinality": "5"
            },
            "children": [
                {
                    "operator_name": "ORDER_BY",
                    "cpu_time": 113.52292999994961,
                    "extra_info": {
                        "Order By": "tpch.main.lineitem.l_shipmode ASC"
                    },
                    "cumulative_cardinality": 2678607885,
                    "operator_type": "ORDER_BY",
                    "operator_cardinality": 2,
                    "cumulative_rows_scanned": 119999835344,
                    "operator_rows_scanned": 0,
                    "operator_timing": 0.000508,
                    "result_set_size": 80,
                    "children": [
                        {
                            "result_set_size": 80,
                            "operator_timing": 0.000001,
                            "operator_rows_scanned": 0,
                            "cumulative_rows_scanned": 119999835344,
                            "operator_cardinality": 2,
                            "operator_type": "PROJECTION",
                            "cumulative_cardinality": 2678607883,
                            "cpu_time": 113.52242199994961,
                            "operator_name": "PROJECTION",
                            "extra_info": {
                                "Projections": [
                                    "__internal_compress_string_ubigint(#0)",
                                    "#1",
                                    "#2"
                                ],
                                "Estimated Cardinality": "5"
                            },
                            "children": [
                                {
                                    "operator_name": "PROJECTION",
                                    "cpu_time": 113.52242099994962,
                                    "extra_info": {
                                        "Projections": [
                                            "__internal_decompress_string(#0)",
                                            "#1",
                                            "#2"
                                        ],
                                        "Estimated Cardinality": "5"
                                    },
                                    "cumulative_cardinality": 2678607881,
                                    "operator_type": "PROJECTION",
                                    "operator_cardinality": 2,
                                    "cumulative_rows_scanned": 119999835344,
                                    "operator_rows_scanned": 0,
                                    "operator_timing": 0.0,
                                    "result_set_size": 96,
                                    "children": [
                                        {
                                            "result_set_size": 80,
                                            "operator_timing": 0.7345370000001837,
                                            "operator_rows_scanned": 0,
                                            "cumulative_rows_scanned": 119999835344,
                                            "operator_cardinality": 2,
                                            "operator_type": "HASH_GROUP_BY",
                                            "cumulative_cardinality": 2678607879,
                                            "cpu_time": 113.52242099994962,
                                            "operator_name": "HASH_GROUP_BY",
                                            "extra_info": {
                                                "Groups": "#0",
                                                "Aggregates": [
                                                    "sum(#1)",
                                                    "sum(#2)"
                                                ],
                                                "Estimated Cardinality": "5"
                                            },
                                            "children": [
                                                {
                                                    "operator_name": "PROJECTION",
                                                    "cpu_time": 112.78788399994943,
                                                    "extra_info": {
                                                        "Projections": [
                                                            "l_shipmode",
                                                            "CASE  WHEN (((o_orderpriority = '1-URGENT') OR (o_orderpriority = '2-HIGH'))) THEN (1) ELSE 0 END",
                                                            "CASE  WHEN (((o_orderpriority != '1-URGENT') AND (o_orderpriority != '2-HIGH'))) THEN (1) ELSE 0 END"
                                                        ],
                                                        "Estimated Cardinality": "453479966"
                                                    },
                                                    "cumulative_cardinality": 2678607877,
                                                    "operator_type": "PROJECTION",
                                                    "operator_cardinality": 49022782,
                                                    "cumulative_rows_scanned": 119999835344,
                                                    "operator_rows_scanned": 0,
                                                    "operator_timing": 2.511293000000601,
                                                    "result_set_size": 784364512,
                                                    "children": [
                                                        {
                                                            "result_set_size": 1176546768,
                                                            "operator_timing": 0.1679569999999765,
                                                            "operator_rows_scanned": 0,
                                                            "cumulative_rows_scanned": 119999835344,
                                                            "operator_cardinality": 49022782,
                                                            "operator_type": "PROJECTION",
                                                            "cumulative_cardinality": 2629585095,
                                                            "cpu_time": 110.27659099994882,
                                                            "operator_name": "PROJECTION",
                                                            "extra_info": {
                                                                "Projections": [
                                                                    "#0",
                                                                    "__internal_compress_string_ubigint(#1)"
                                                                ],
                                                                "Estimated Cardinality": "453479966"
                                                            },
                                                            "children": [
                                                                {
                                                                    "operator_name": "PROJECTION",
                                                                    "cpu_time": 110.10863399994885,
                                                                    "extra_info": {
                                                                        "Projections": [
                                                                            "#0",
                                                                            "__internal_decompress_string(#1)"
                                                                        ],
                                                                        "Estimated Cardinality": "453479966"
                                                                    },
                                                                    "cumulative_cardinality": 2580562313,
                                                                    "operator_type": "PROJECTION",
                                                                    "operator_cardinality": 49022782,
                                                                    "cumulative_rows_scanned": 119999835344,
                                                                    "operator_rows_scanned": 0,
                                                                    "operator_timing": 0.13992399999999688,
                                                                    "result_set_size": 1568729024,
                                                                    "children": [
                                                                        {
                                                                            "result_set_size": 1176546768,
                                                                            "operator_timing": 35.41302099999616,
                                                                            "operator_rows_scanned": 0,
                                                                            "cumulative_rows_scanned": 119999835344,
                                                                            "operator_cardinality": 49022782,
                                                                            "operator_type": "HASH_JOIN",
                                                                            "cumulative_cardinality": 2531539531,
                                                                            "cpu_time": 109.96870999994886,
                                                                            "operator_name": "HASH_JOIN",
                                                                            "extra_info": {
                                                                                "Join Type": "INNER",
                                                                                "Conditions": "o_orderkey = l_orderkey",
                                                                                "Estimated Cardinality": "453479966"
                                                                            },
                                                                            "children": [
                                                                                {
                                                                                    "operator_name": "SEQ_SCAN ",
                                                                                    "cpu_time": 4.998585000000265,
                                                                                    "extra_info": {
                                                                                        "Table": "orders",
                                                                                        "Type": "Sequential Scan",
                                                                                        "Projections": [
                                                                                            "o_orderkey",
                                                                                            "o_orderpriority"
                                                                                        ],
                                                                                        "Estimated Cardinality": "1500000000"
                                                                                    },
                                                                                    "cumulative_cardinality": 1499999981,
                                                                                    "operator_type": "TABLE_SCAN",
                                                                                    "operator_cardinality": 1499999981,
                                                                                    "cumulative_rows_scanned": 24000000000,
                                                                                    "operator_rows_scanned": 24000000000,
                                                                                    "operator_timing": 4.998585000000265,
                                                                                    "result_set_size": 29999999620,
                                                                                    "children": []
                                                                                },
                                                                                {
                                                                                    "operator_name": "PROJECTION",
                                                                                    "cpu_time": 69.55710399995243,
                                                                                    "extra_info": {
                                                                                        "Projections": [
                                                                                            "#0",
                                                                                            "__internal_compress_string_ubigint(#1)"
                                                                                        ],
                                                                                        "Estimated Cardinality": "239999588"
                                                                                    },
                                                                                    "cumulative_cardinality": 982516768,
                                                                                    "operator_type": "PROJECTION",
                                                                                    "operator_cardinality": 31257299,
                                                                                    "cumulative_rows_scanned": 95999835344,
                                                                                    "operator_rows_scanned": 0,
                                                                                    "operator_timing": 0.07224399999999966,
                                                                                    "result_set_size": 375087588,
                                                                                    "children": [
                                                                                        {
                                                                                            "result_set_size": 625145980,
                                                                                            "operator_timing": 0.004786000000000011,
                                                                                            "operator_rows_scanned": 0,
                                                                                            "cumulative_rows_scanned": 95999835344,
                                                                                            "operator_cardinality": 31257299,
                                                                                            "operator_type": "PROJECTION",
                                                                                            "cumulative_cardinality": 951259469,
                                                                                            "cpu_time": 69.48485999995243,
                                                                                            "operator_name": "PROJECTION",
                                                                                            "extra_info": {
                                                                                                "Projections": [
                                                                                                    "#0",
                                                                                                    "#1"
                                                                                                ],
                                                                                                "Estimated Cardinality": "239999588"
                                                                                            },
                                                                                            "children": [
                                                                                                {
                                                                                                    "operator_name": "FILTER",
                                                                                                    "cpu_time": 69.48007399995244,
                                                                                                    "extra_info": {
                                                                                                        "Expression": "((l_commitdate < l_receiptdate) AND (l_shipdate < l_commitdate) AND ((l_shipmode = 'MAIL') OR (l_shipmode = 'REG AIR')))",
                                                                                                        "Estimated Cardinality": "239999588"
                                                                                                    },
                                                                                                    "cumulative_cardinality": 920002170,
                                                                                                    "operator_type": "FILTER",
                                                                                                    "operator_cardinality": 31257299,
                                                                                                    "cumulative_rows_scanned": 95999835344,
                                                                                                    "operator_rows_scanned": 0,
                                                                                                    "operator_timing": 20.304741999972737,
                                                                                                    "result_set_size": 1000233568,
                                                                                                    "children": [
                                                                                                        {
                                                                                                            "result_set_size": 28439835872,
                                                                                                            "operator_timing": 49.1753319999797,
                                                                                                            "operator_rows_scanned": 95999835344,
                                                                                                            "cumulative_rows_scanned": 95999835344,
                                                                                                            "operator_cardinality": 888744871,
                                                                                                            "operator_type": "TABLE_SCAN",
                                                                                                            "cumulative_cardinality": 888744871,
                                                                                                            "cpu_time": 49.1753319999797,
                                                                                                            "operator_name": "SEQ_SCAN ",
                                                                                                            "extra_info": {
                                                                                                                "Table": "lineitem",
                                                                                                                "Type": "Sequential Scan",
                                                                                                                "Projections": [
                                                                                                                    "l_orderkey",
                                                                                                                    "l_shipmode",
                                                                                                                    "l_commitdate",
                                                                                                                    "l_receiptdate",
                                                                                                                    "l_shipdate"
                                                                                                                ],
                                                                                                                "Filters": [
                                                                                                                    "l_receiptdate>='1996-01-01'::DATE AND l_receiptdate<'1997-01-01'::DATE",
                                                                                                                    "l_commitdate<'1997-01-01'::DATE",
                                                                                                                    "l_shipdate<'1997-01-01'::DATE",
                                                                                                                    "optional: l_shipmode IN ('MAIL', 'REG AIR')"
                                                                                                                ],
                                                                                                                "Estimated Cardinality": "1199997941"
                                                                                                            },
                                                                                                            "children": []
                                                                                                        }
                                                                                                    ]
                                                                                                }
                                                                                            ]
                                                                                        }
                                                                                    ]
                                                                                }
                                                                            ]
                                                                        }
                                                                    ]
                                                                }
                                                            ]
                                                        }
                                                    ]
                                                }
                                            ]
                                        }
                                    ]
                                }
                            ]
                        }
                    ]
                }
            ]
        }
    ]
}