{
    "result_set_size": 18553560,
    "cumulative_rows_scanned": 25920000050,
    "cumulative_cardinality": 1794731463,
    "extra_info": {},
    "cpu_time": 25.282537000000723,
    "blocked_thread_time": 0.0,
    "rows_returned": 927678,
    "query_name": "select\n\tps_partkey,\n\tsum(ps_supplycost * ps_availqty) as value\nfrom\n\tpartsupp,\n\tsupplier,\n\tnation\nwhere\n\tps_suppkey = s_suppkey\n\tand s_nationkey = n_nationkey\n\tand n_name = 'VIETNAM'\ngroup by\n\tps_partkey having\n\t\tsum(ps_supplycost * ps_availqty) > (\n\t\t\tselect\n\t\t\t\tsum(ps_supplycost * ps_availqty) * 0.0000001000\n\t\t\tfrom\n\t\t\t\tpartsupp,\n\t\t\t\tsupplier,\n\t\t\t\tnation\n\t\t\twhere\n\t\t\t\tps_suppkey = s_suppkey\n\t\t\t\tand s_nationkey = n_nationkey\n\t\t\t\tand n_name = 'VIETNAM'\n\t\t)\norder by\n\tvalue desc;",
    "latency": 2.213903,
    "children": [
        {
            "result_set_size": 18553560,
            "operator_timing": 0.08480499999999999,
            "operator_rows_scanned": 0,
            "cumulative_rows_scanned": 25920000050,
            "operator_cardinality": 927678,
            "operator_type": "ORDER_BY",
            "cumulative_cardinality": 1794731463,
            "cpu_time": 25.282537000000723,
            "operator_name": "ORDER_BY",
            "extra_info": {
                "Order By": "sum((tpch.main.partsupp.ps_supplycost * tpch.main.partsupp.ps_availqty)) DESC"
            },
            "children": [
                {
                    "operator_name": "PROJECTION",
                    "cpu_time": 25.197732000000723,
                    "extra_info": {
                        "Projections": [
                            "ps_partkey",
                            "value"
                        ],
                        "Estimated Cardinality": "11"
                    },
                    "cumulative_cardinality": 1793803785,
                    "operator_type": "PROJECTION",
                    "operator_cardinality": 927678,
                    "cumulative_rows_scanned": 25920000050,
                    "operator_rows_scanned": 0,
                    "operator_timing": 0.0010619999999999987,
                    "result_set_size": 18553560,
                    "children": [
                        {
                            "result_set_size": 33396408,
                            "operator_timing": 0.3372960000000016,
                            "operator_rows_scanned": 0,
                            "cumulative_rows_scanned": 25920000050,
                            "operator_cardinality": 927678,
                            "operator_type": "NESTED_LOOP_JOIN",
                            "cumulative_cardinality": 1792876107,
                            "cpu_time": 25.196670000000722,
                            "operator_name": "NESTED_LOOP_JOIN",
                            "extra_info": {
                                "Join Type": "INNER",
                                "Conditions": "CAST(sum((ps_supplycost * CAST(ps_availqty AS DECIMAL(18,0)))) AS DECIMAL(38,12)) > SUBQUERY",
                                "Estimated Cardinality": "11"
                            },
                            "children": [
                                {
                                    "operator_name": "HASH_GROUP_BY",
                                    "cpu_time": 14.427273000000739,
                                    "extra_info": {
                                        "Groups": "#0",
                                        "Aggregates": "sum(#1)",
                                        "Estimated Cardinality": "36645423"
                                    },
                                    "cumulative_cardinality": 927075801,
                                    "operator_type": "HASH_GROUP_BY",
                                    "operator_cardinality": 30165498,
                                    "cumulative_rows_scanned": 12960000025,
                                    "operator_rows_scanned": 0,
                                    "operator_timing": 2.994871000000661,
                                    "result_set_size": 603309960,
                                    "children": [
                                        {
                                            "result_set_size": 384452160,
                                            "operator_timing": 0.3654580000000179,
                                            "operator_rows_scanned": 0,
                                            "cumulative_rows_scanned": 12960000025,
                                            "operator_cardinality": 32037680,
                                            "operator_type": "PROJECTION",
                                            "cumulative_cardinality": 896910303,
                                            "cpu_time": 11.432402000000078,
                                            "operator_name": "PROJECTION",
                                            "extra_info": {
                                                "Projections": [
                                                    "ps_partkey",
                                                    "(ps_supplycost * CAST(ps_availqty AS DECIMAL(18,0)))"
                                                ],
                                                "Estimated Cardinality": "38884824"
                                            },
                                            "children": [
                                                {
                                                    "operator_name": "PROJECTION",
                                                    "cpu_time": 11.06694400000006,
                                                    "extra_info": {
                                                        "Projections": [
                                                            "#0",
                                                            "#1",
                                                            "#2",
                                                            "#3",
                                                            "#4",
                                                            "__internal_compress_integral_utinyint(#5, 0)",
                                                            "__internal_compress_integral_utinyint(#6, 0)"
                                                        ],
                                                        "Estimated Cardinality": "38884824"
                                                    },
                                                    "cumulative_cardinality": 864872623,
                                                    "operator_type": "PROJECTION",
                                                    "operator_cardinality": 32037680,
                                                    "cumulative_rows_scanned": 12960000025,
                                                    "operator_rows_scanned": 0,
                                                    "operator_timing": 0.25011799999993467,
                                                    "result_set_size": 832979680,
                                                    "children": [
                                                        {
                                                            "result_set_size": 1025205760,
                                                            "operator_timing": 8.77449699999971,
                                                            "operator_rows_scanned": 0,
                                                            "cumulative_rows_scanned": 12960000025,
                                                            "operator_cardinality": 32037680,
                                                            "operator_type": "HASH_JOIN",
                                                            "cumulative_cardinality": 832834943,
                                                            "cpu_time": 10.816826000000125,
                                                            "operator_name": "HASH_JOIN",
                                                            "extra_info": {
                                                                "Join Type": "INNER",
                                                                "Conditions": "ps_suppkey = s_suppkey",
                                                                "Estimated Cardinality": "38884824"
                                                            },
                                                            "children": [
                                                                {
                                                                    "operator_name": "SEQ_SCAN ",
                                                                    "cpu_time": 2.0251880000004148,
                                                                    "extra_info": {
                                                                        "Table": "partsupp",
                                                                        "Type": "Sequential Scan",
                                                                        "Projections": [
                                                                            "ps_suppkey",
                                                                            "ps_partkey",
                                                                            "ps_supplycost",
                                                                            "ps_availqty"
                                                                        ],
                                                                        "Estimated Cardinality": "800000000"
                                                                    },
                                                                    "cumulative_cardinality": 799996320,
                                                                    "operator_type": "TABLE_SCAN",
                                                                    "operator_cardinality": 799996320,
                                                                    "cumulative_rows_scanned": 12800000000,
                                                                    "operator_rows_scanned": 12800000000,
                                                                    "operator_timing": 2.0251880000004148,
                                                                    "result_set_size": 15999926400,
                                                                    "children": []
                                                                },
                                                                {
                                                                    "operator_name": "HASH_JOIN",
                                                                    "cpu_time": 0.017141000000000055,
                                                                    "extra_info": {
                                                                        "Join Type": "INNER",
                                                                        "Conditions": "s_nationkey = n_nationkey",
                                                                        "Estimated Cardinality": "384615"
                                                                    },
                                                                    "cumulative_cardinality": 800943,
                                                                    "operator_type": "HASH_JOIN",
                                                                    "operator_cardinality": 400471,
                                                                    "cumulative_rows_scanned": 160000025,
                                                                    "operator_rows_scanned": 0,
                                                                    "operator_timing": 0.004766000000000005,
                                                                    "result_set_size": 4805652,
                                                                    "children": [
                                                                        {
                                                                            "result_set_size": 3203768,
                                                                            "operator_timing": 0.012373000000000052,
                                                                            "operator_rows_scanned": 160000000,
                                                                            "cumulative_rows_scanned": 160000000,
                                                                            "operator_cardinality": 400471,
                                                                            "operator_type": "TABLE_SCAN",
                                                                            "cumulative_cardinality": 400471,
                                                                            "cpu_time": 0.012373000000000052,
                                                                            "operator_name": "SEQ_SCAN ",
                                                                            "extra_info": {
                                                                                "Table": "supplier",
                                                                                "Type": "Sequential Scan",
                                                                                "Projections": [
                                                                                    "s_suppkey",
                                                                                    "s_nationkey"
                                                                                ],
                                                                                "Estimated Cardinality": "10000000"
                                                                            },
                                                                            "children": []
                                                                        },
                                                                        {
                                                                            "result_set_size": 4,
                                                                            "operator_timing": 0.000002,
                                                                            "operator_rows_scanned": 25,
                                                                            "cumulative_rows_scanned": 25,
                                                                            "operator_cardinality": 1,
                                                                            "operator_type": "TABLE_SCAN",
                                                                            "cumulative_cardinality": 1,
                                                                            "cpu_time": 0.000002,
                                                                            "operator_name": "SEQ_SCAN ",
                                                                            "extra_info": {
                                                                                "Table": "nation",
                                                                                "Type": "Sequential Scan",
                                                                                "Projections": "n_nationkey",
                                                                                "Filters": "n_name='VIETNAM'",
                                                                                "Estimated Cardinality": "1"
                                                                            },
                                                                            "children": []
                                                                        }
                                                                    ]
                                                                }
                                                            ]
                                                        }
                                                    ]
                                                }
                                            ]
                                        }
                                    ]
                                },
                                {
                                    "operator_name": "PROJECTION",
                                    "cpu_time": 10.432100999999983,
                                    "extra_info": {
                                        "Projections": [
                                            "CASE  WHEN ((#1 > 1)) THEN (error('More than one row returned by a subquery used as an expression - scalar subqueries can only return a single row.",
                                            "Use \"SET scalar_subquery_error_on_multiple_rows=false\" to revert to previous behavior of returning a random row.')) ELSE #0 END"
                                        ],
                                        "Estimated Cardinality": "1"
                                    },
                                    "cumulative_cardinality": 864872628,
                                    "operator_type": "PROJECTION",
                                    "operator_cardinality": 1,
                                    "cumulative_rows_scanned": 12960000025,
                                    "operator_rows_scanned": 0,
                                    "operator_timing": 0.000001,
                                    "result_set_size": 16,
                                    "children": [
                                        {
                                            "result_set_size": 24,
                                            "operator_timing": 0.000001,
                                            "operator_rows_scanned": 0,
                                            "cumulative_rows_scanned": 12960000025,
                                            "operator_cardinality": 1,
                                            "operator_type": "UNGROUPED_AGGREGATE",
                                            "cumulative_cardinality": 864872627,
                                            "cpu_time": 10.432099999999984,
                                            "operator_name": "UNGROUPED_AGGREGATE",
                                            "extra_info": {
                                                "Aggregates": [
                                                    "\"first\"(#0)",
                                                    "count_star()"
                                                ]
                                            },
                                            "children": [
                                                {
                                                    "operator_name": "PROJECTION",
                                                    "cpu_time": 10.432098999999985,
                                                    "extra_info": {
                                                        "Projections": "#0",
                                                        "Estimated Cardinality": "1"
                                                    },
                                                    "cumulative_cardinality": 864872626,
                                                    "operator_type": "PROJECTION",
                                                    "operator_cardinality": 1,
                                                    "cumulative_rows_scanned": 12960000025,
                                                    "operator_rows_scanned": 0,
                                                    "operator_timing": 0.0,
                                                    "result_set_size": 16,
                                                    "children": [
                                                        {
                                                            "result_set_size": 16,
                                                            "operator_timing": 0.000001,
                                                            "operator_rows_scanned": 0,
                                                            "cumulative_rows_scanned": 12960000025,
                                                            "operator_cardinality": 1,
                                                            "operator_type": "PROJECTION",
                                                            "cumulative_cardinality": 864872625,
                                                            "cpu_time": 10.432098999999985,
                                                            "operator_name": "PROJECTION",
                                                            "extra_info": {
                                                                "Projections": "(sum((ps_supplycost * CAST(ps_availqty AS DECIMAL(18,0)))) * 0.0000001000)",
                                                                "Estimated Cardinality": "1"
                                                            },
                                                            "children": [
                                                                {
                                                                    "operator_name": "UNGROUPED_AGGREGATE",
                                                                    "cpu_time": 10.432097999999986,
                                                                    "extra_info": {
                                                                        "Aggregates": "sum(#0)"
                                                                    },
                                                                    "cumulative_cardinality": 864872624,
                                                                    "operator_type": "UNGROUPED_AGGREGATE",
                                                                    "operator_cardinality": 1,
                                                                    "cumulative_rows_scanned": 12960000025,
                                                                    "operator_rows_scanned": 0,
                                                                    "operator_timing": 0.06822900000000352,
                                                                    "result_set_size": 16,
                                                                    "children": [
                                                                        {
                                                                            "result_set_size": 256301440,
                                                                            "operator_timing": 0.35270100000000676,
                                                                            "operator_rows_scanned": 0,
                                                                            "cumulative_rows_scanned": 12960000025,
                                                                            "operator_cardinality": 32037680,
                                                                            "operator_type": "PROJECTION",
                                                                            "cumulative_cardinality": 864872623,
                                                                            "cpu_time": 10.363868999999982,
                                                                            "operator_name": "PROJECTION",
                                                                            "extra_info": {
                                                                                "Projections": "(ps_supplycost * CAST(ps_availqty AS DECIMAL(18,0)))",
                                                                                "Estimated Cardinality": "38884824"
                                                                            },
                                                                            "children": [
                                                                                {
                                                                                    "operator_name": "HASH_JOIN",
                                                                                    "cpu_time": 10.011167999999975,
                                                                                    "extra_info": {
                                                                                        "Join Type": "INNER",
                                                                                        "Conditions": "ps_suppkey = s_suppkey",
                                                                                        "Estimated Cardinality": "38884824"
                                                                                    },
                                                                                    "cumulative_cardinality": 832834943,
                                                                                    "operator_type": "HASH_JOIN",
                                                                                    "operator_cardinality": 32037680,
                                                                                    "cumulative_rows_scanned": 12960000025,
                                                                                    "operator_rows_scanned": 0,
                                                                                    "operator_timing": 8.478782999999469,
                                                                                    "result_set_size": 897055040,
                                                                                    "children": [
                                                                                        {
                                                                                            "result_set_size": 12799941120,
                                                                                            "operator_timing": 1.5143330000005044,
                                                                                            "operator_rows_scanned": 12800000000,
                                                                                            "cumulative_rows_scanned": 12800000000,
                                                                                            "operator_cardinality": 799996320,
                                                                                            "operator_type": "TABLE_SCAN",
                                                                                            "cumulative_cardinality": 799996320,
                                                                                            "cpu_time": 1.5143330000005044,
                                                                                            "operator_name": "SEQ_SCAN ",
                                                                                            "extra_info": {
                                                                                                "Table": "partsupp",
                                                                                                "Type": "Sequential Scan",
                                                                                                "Projections": [
                                                                                                    "ps_suppkey",
                                                                                                    "ps_supplycost",
                                                                                                    "ps_availqty"
                                                                                                ],
                                                                                                "Estimated Cardinality": "800000000"
                                                                                            },
                                                                                            "children": []
                                                                                        },
                                                                                        {
                                                                                            "result_set_size": 4805652,
                                                                                            "operator_timing": 0.00514600000000001,
                                                                                            "operator_rows_scanned": 0,
                                                                                            "cumulative_rows_scanned": 160000025,
                                                                                            "operator_cardinality": 400471,
                                                                                            "operator_type": "HASH_JOIN",
                                                                                            "cumulative_cardinality": 800943,
                                                                                            "cpu_time": 0.01805200000000007,
                                                                                            "operator_name": "HASH_JOIN",
                                                                                            "extra_info": {
                                                                                                "Join Type": "INNER",
                                                                                                "Conditions": "s_nationkey = n_nationkey",
                                                                                                "Estimated Cardinality": "384615"
                                                                                            },
                                                                                            "children": [
                                                                                                {
                                                                                                    "operator_name": "SEQ_SCAN ",
                                                                                                    "cpu_time": 0.01290300000000006,
                                                                                                    "extra_info": {
                                                                                                        "Table": "supplier",
                                                                                                        "Type": "Sequential Scan",
                                                                                                        "Projections": [
                                                                                                            "s_suppkey",
                                                                                                            "s_nationkey"
                                                                                                        ],
                                                                                                        "Estimated Cardinality": "10000000"
                                                                                                    },
                                                                                                    "cumulative_cardinality": 400471,
                                                                                                    "operator_type": "TABLE_SCAN",
                                                                                                    "operator_cardinality": 400471,
                                                                                                    "cumulative_rows_scanned": 160000000,
                                                                                                    "operator_rows_scanned": 160000000,
                                                                                                    "operator_timing": 0.01290300000000006,
                                                                                                    "result_set_size": 3203768,
                                                                                                    "children": []
                                                                                                },
                                                                                                {
                                                                                                    "operator_name": "SEQ_SCAN ",
                                                                                                    "cpu_time": 0.000003,
                                                                                                    "extra_info": {
                                                                                                        "Table": "nation",
                                                                                                        "Type": "Sequential Scan",
                                                                                                        "Projections": "n_nationkey",
                                                                                                        "Filters": "n_name='VIETNAM'",
                                                                                                        "Estimated Cardinality": "1"
                                                                                                    },
                                                                                                    "cumulative_cardinality": 1,
                                                                                                    "operator_type": "TABLE_SCAN",
                                                                                                    "operator_cardinality": 1,
                                                                                                    "cumulative_rows_scanned": 25,
                                                                                                    "operator_rows_scanned": 25,
                                                                                                    "operator_timing": 0.000003,
                                                                                                    "result_set_size": 4,
                                                                                                    "children": []
                                                                                                }
                                                                                            ]
                                                                                        }
                                                                                    ]
                                                                                }
                                                                            ]
                                                                        }
                                                                    ]
                                                                }
                                                            ]
                                                        }
                                                    ]
                                                }
                                            ]
                                        }
                                    ]
                                }
                            ]
                        }
                    ]
                }
            ]
        }
    ]
}