{
    "result_set_size": 4569847256,
    "cumulative_rows_scanned": 218399670688,
    "cumulative_cardinality": 23279530959,
    "extra_info": {},
    "cpu_time": 653.0544719998638,
    "blocked_thread_time": 0.0,
    "rows_returned": 87881678,
    "query_name": "select\n\tc_name,\n\tc_custkey,\n\to_orderkey,\n\to_orderdate,\n\to_totalprice,\n\tsum(l_quantity)\nfrom\n\tcustomer,\n\torders,\n\tlineitem\nwhere\n\to_orderkey in (\n\t\tselect\n\t\t\tl_orderkey\n\t\tfrom\n\t\t\tlineitem\n\t\tgroup by\n\t\t\tl_orderkey having\n\t\t\t\tsum(l_quantity) > 313\n\t)\n\tand c_custkey = o_custkey\n\tand o_orderkey = l_orderkey\ngroup by\n\tc_name,\n\tc_custkey,\n\to_orderkey,\n\to_orderdate,\n\to_totalprice\norder by\n\to_totalprice desc,\n\to_orderdate;",
    "latency": 51.318684,
    "children": [
        {
            "result_set_size": 4569847256,
            "operator_timing": 39.99822899999998,
            "operator_rows_scanned": 0,
            "cumulative_rows_scanned": 218399670688,
            "operator_cardinality": 87881678,
            "operator_type": "ORDER_BY",
            "cumulative_cardinality": 23279530959,
            "cpu_time": 653.0544719998638,
            "operator_name": "ORDER_BY",
            "extra_info": {
                "Order By": [
                    "tpch.main.orders.o_totalprice DESC",
                    "tpch.main.orders.o_orderdate ASC"
                ]
            },
            "children": [
                {
                    "operator_name": "HASH_GROUP_BY",
                    "cpu_time": 613.0562429998639,
                    "extra_info": {
                        "Groups": [
                            "#0",
                            "#1",
                            "#2",
                            "#3",
                            "#4"
                        ],
                        "Aggregates": "sum(#5)",
                        "Estimated Cardinality": "793859506"
                    },
                    "cumulative_cardinality": 23191649281,
                    "operator_type": "HASH_GROUP_BY",
                    "operator_cardinality": 87881678,
                    "cumulative_rows_scanned": 218399670688,
                    "operator_rows_scanned": 0,
                    "operator_timing": 52.706414000011065,
                    "result_set_size": 4569847256,
                    "children": [
                        {
                            "result_set_size": 46626477920,
                            "operator_timing": 0.3477980000000082,
                            "operator_rows_scanned": 0,
                            "cumulative_rows_scanned": 218399670688,
                            "operator_cardinality": 1059692680,
                            "operator_type": "PROJECTION",
                            "cumulative_cardinality": 23103767603,
                            "cpu_time": 560.3498289998529,
                            "operator_name": "PROJECTION",
                            "extra_info": {
                                "Projections": [
                                    "c_name",
                                    "c_custkey",
                                    "o_orderkey",
                                    "o_orderdate",
                                    "o_totalprice",
                                    "l_quantity"
                                ],
                                "Estimated Cardinality": "1684951104"
                            },
                            "children": [
                                {
                                    "operator_name": "HASH_JOIN",
                                    "cpu_time": 560.0020309998529,
                                    "extra_info": {
                                        "Join Type": "INNER",
                                        "Conditions": "l_orderkey = o_orderkey",
                                        "Estimated Cardinality": "1684951104"
                                    },
                                    "cumulative_cardinality": 22044074923,
                                    "operator_type": "HASH_JOIN",
                                    "operator_cardinality": 1059692680,
                                    "cumulative_rows_scanned": 218399670688,
                                    "operator_rows_scanned": 0,
                                    "operator_timing": 69.01241999996255,
                                    "result_set_size": 46626477920,
                                    "children": [
                                        {
                                            "result_set_size": 71971292052,
                                            "operator_timing": 40.4050369999344,
                                            "operator_rows_scanned": 95999835344,
                                            "cumulative_rows_scanned": 95999835344,
                                            "operator_cardinality": 5997607671,
                                            "operator_type": "TABLE_SCAN",
                                            "cumulative_cardinality": 5997607671,
                                            "cpu_time": 40.4050369999344,
                                            "operator_name": "SEQ_SCAN ",
                                            "extra_info": {
                                                "Table": "lineitem",
                                                "Type": "Sequential Scan",
                                                "Projections": [
                                                    "l_orderkey",
                                                    "l_quantity"
                                                ],
                                                "Estimated Cardinality": "5999989709"
                                            },
                                            "children": []
                                        },
                                        {
                                            "result_set_size": 3163740408,
                                            "operator_timing": 19.664790000000583,
                                            "operator_rows_scanned": 0,
                                            "cumulative_rows_scanned": 122399835344,
                                            "operator_cardinality": 87881678,
                                            "operator_type": "HASH_JOIN",
                                            "cumulative_cardinality": 14986774572,
                                            "cpu_time": 450.584573999956,
                                            "operator_name": "HASH_JOIN",
                                            "extra_info": {
                                                "Join Type": "INNER",
                                                "Conditions": "o_custkey = c_custkey",
                                                "Estimated Cardinality": "222936124"
                                            },
                                            "children": [
                                                {
                                                    "operator_name": "HASH_JOIN",
                                                    "cpu_time": 427.35163399995537,
                                                    "extra_info": {
                                                        "Join Type": "SEMI",
                                                        "Conditions": "o_orderkey = #0",
                                                        "Estimated Cardinality": "300000000"
                                                    },
                                                    "cumulative_cardinality": 14748892895,
                                                    "operator_type": "HASH_JOIN",
                                                    "operator_cardinality": 87881678,
                                                    "cumulative_rows_scanned": 119999835344,
                                                    "operator_rows_scanned": 0,
                                                    "operator_timing": 25.27592299999335,
                                                    "result_set_size": 1757633560,
                                                    "children": [
                                                        {
                                                            "result_set_size": 29988089740,
                                                            "operator_timing": 29.04081399999124,
                                                            "operator_rows_scanned": 24000000000,
                                                            "cumulative_rows_scanned": 24000000000,
                                                            "operator_cardinality": 1499404487,
                                                            "operator_type": "TABLE_SCAN",
                                                            "cumulative_cardinality": 1499404487,
                                                            "cpu_time": 29.04081399999124,
                                                            "operator_name": "SEQ_SCAN ",
                                                            "extra_info": {
                                                                "Table": "orders",
                                                                "Type": "Sequential Scan",
                                                                "Projections": [
                                                                    "o_orderkey",
                                                                    "o_custkey",
                                                                    "o_orderdate",
                                                                    "o_totalprice"
                                                                ],
                                                                "Estimated Cardinality": "1500000000"
                                                            },
                                                            "children": []
                                                        },
                                                        {
                                                            "result_set_size": 175770976,
                                                            "operator_timing": 0.013142000000000197,
                                                            "operator_rows_scanned": 0,
                                                            "cumulative_rows_scanned": 95999835344,
                                                            "operator_cardinality": 43942744,
                                                            "operator_type": "PROJECTION",
                                                            "cumulative_cardinality": 13161606730,
                                                            "cpu_time": 373.0348969999708,
                                                            "operator_name": "PROJECTION",
                                                            "extra_info": {
                                                                "Projections": "#0",
                                                                "Estimated Cardinality": "34280207"
                                                            },
                                                            "children": [
                                                                {
                                                                    "operator_name": "FILTER",
                                                                    "cpu_time": 373.02175499997077,
                                                                    "extra_info": {
                                                                        "Expression": "(sum(l_quantity) > 313.00)",
                                                                        "Estimated Cardinality": "34280207"
                                                                    },
                                                                    "cumulative_cardinality": 13117663986,
                                                                    "operator_type": "FILTER",
                                                                    "operator_cardinality": 43942744,
                                                                    "cumulative_rows_scanned": 95999835344,
                                                                    "operator_rows_scanned": 0,
                                                                    "operator_timing": 1.1086830000003203,
                                                                    "result_set_size": 878854880,
                                                                    "children": [
                                                                        {
                                                                            "result_set_size": 21474836480,
                                                                            "operator_timing": 326.4517080000359,
                                                                            "operator_rows_scanned": 0,
                                                                            "cumulative_rows_scanned": 95999835344,
                                                                            "operator_cardinality": 1073741824,
                                                                            "operator_type": "HASH_GROUP_BY",
                                                                            "cumulative_cardinality": 13073721242,
                                                                            "cpu_time": 371.91307199997044,
                                                                            "operator_name": "HASH_GROUP_BY",
                                                                            "extra_info": {
                                                                                "Groups": "#0",
                                                                                "Aggregates": "sum_no_overflow(#1)",
                                                                                "Estimated Cardinality": "171401038"
                                                                            },
                                                                            "children": [
                                                                                {
                                                                                    "operator_name": "PROJECTION",
                                                                                    "cpu_time": 45.461363999934534,
                                                                                    "extra_info": {
                                                                                        "Projections": [
                                                                                            "l_orderkey",
                                                                                            "l_quantity"
                                                                                        ],
                                                                                        "Estimated Cardinality": "5999989709"
                                                                                    },
                                                                                    "cumulative_cardinality": 11999979418,
                                                                                    "operator_type": "PROJECTION",
                                                                                    "operator_cardinality": 5999989709,
                                                                                    "cumulative_rows_scanned": 95999835344,
                                                                                    "operator_rows_scanned": 0,
                                                                                    "operator_timing": 0.29274999999997076,
                                                                                    "result_set_size": 71999876508,
                                                                                    "children": [
                                                                                        {
                                                                                            "result_set_size": 71999876508,
                                                                                            "operator_timing": 45.168613999934564,
                                                                                            "operator_rows_scanned": 95999835344,
                                                                                            "cumulative_rows_scanned": 95999835344,
                                                                                            "operator_cardinality": 5999989709,
                                                                                            "operator_type": "TABLE_SCAN",
                                                                                            "cumulative_cardinality": 5999989709,
                                                                                            "cpu_time": 45.168613999934564,
                                                                                            "operator_name": "SEQ_SCAN ",
                                                                                            "extra_info": {
                                                                                                "Table": "lineitem",
                                                                                                "Type": "Sequential Scan",
                                                                                                "Projections": [
                                                                                                    "l_orderkey",
                                                                                                    "l_quantity"
                                                                                                ],
                                                                                                "Estimated Cardinality": "5999989709"
                                                                                            },
                                                                                            "children": []
                                                                                        }
                                                                                    ]
                                                                                }
                                                                            ]
                                                                        }
                                                                    ]
                                                                }
                                                            ]
                                                        }
                                                    ]
                                                },
                                                {
                                                    "operator_name": "SEQ_SCAN ",
                                                    "cpu_time": 3.568149999999977,
                                                    "extra_info": {
                                                        "Table": "customer",
                                                        "Type": "Sequential Scan",
                                                        "Projections": [
                                                            "c_custkey",
                                                            "c_name"
                                                        ],
                                                        "Filters": "c_custkey<=149999999",
                                                        "Estimated Cardinality": "150000000"
                                                    },
                                                    "cumulative_cardinality": 149999999,
                                                    "operator_type": "TABLE_SCAN",
                                                    "operator_cardinality": 149999999,
                                                    "cumulative_rows_scanned": 2400000000,
                                                    "operator_rows_scanned": 2400000000,
                                                    "operator_timing": 3.568149999999977,
                                                    "result_set_size": 2999999980,
                                                    "children": []
                                                }
                                            ]
                                        }
                                    ]
                                }
                            ]
                        }
                    ]
                }
            ]
        }
    ]
}