{
    "result_set_size": 280,
    "cumulative_rows_scanned": 28800000000,
    "cumulative_cardinality": 2710401566,
    "extra_info": {},
    "cpu_time": 57.005516999995876,
    "blocked_thread_time": 0.02,
    "rows_returned": 7,
    "query_name": "select\n\tcntrycode,\n\tcount(*) as numcust,\n\tsum(c_acctbal) as totacctbal\nfrom\n\t(\n\t\tselect\n\t\t\tsubstring(c_phone from 1 for 2) as cntrycode,\n\t\t\tc_acctbal\n\t\tfrom\n\t\t\tcustomer\n\t\twhere\n\t\t\tsubstring(c_phone from 1 for 2) in\n\t\t\t\t('15', '17', '25', '11', '24', '29', '18')\n\t\t\tand c_acctbal > (\n\t\t\t\tselect\n\t\t\t\t\tavg(c_acctbal)\n\t\t\t\tfrom\n\t\t\t\t\tcustomer\n\t\t\t\twhere\n\t\t\t\t\tc_acctbal > 0.00\n\t\t\t\t\tand substring(c_phone from 1 for 2) in\n\t\t\t\t\t\t('15', '17', '25', '11', '24', '29', '18')\n\t\t\t)\n\t\t\tand not exists (\n\t\t\t\tselect\n\t\t\t\t\t*\n\t\t\t\tfrom\n\t\t\t\t\torders\n\t\t\t\twhere\n\t\t\t\t\to_custkey = c_custkey\n\t\t\t)\n\t) as custsale\ngroup by\n\tcntrycode\norder by\n\tcntrycode;",
    "latency": 4.229828,
    "children": [
        {
            "result_set_size": 280,
            "operator_timing": 0.002780000000000001,
            "operator_rows_scanned": 0,
            "cumulative_rows_scanned": 28800000000,
            "operator_cardinality": 7,
            "operator_type": "ORDER_BY",
            "cumulative_cardinality": 2710401566,
            "cpu_time": 57.005516999995876,
            "operator_name": "ORDER_BY",
            "extra_info": {
                "Order By": "custsale.cntrycode ASC"
            },
            "children": [
                {
                    "operator_name": "HASH_GROUP_BY",
                    "cpu_time": 57.002736999995875,
                    "extra_info": {
                        "Groups": "#0",
                        "Aggregates": [
                            "count_star()",
                            "sum(#1)"
                        ],
                        "Estimated Cardinality": "1"
                    },
                    "cumulative_cardinality": 2710401559,
                    "operator_type": "HASH_GROUP_BY",
                    "operator_cardinality": 7,
                    "cumulative_rows_scanned": 28800000000,
                    "operator_rows_scanned": 0,
                    "operator_timing": 0.05952699999999997,
                    "result_set_size": 280,
                    "children": [
                        {
                            "result_set_size": 152747832,
                            "operator_timing": 0.00024200000000000003,
                            "operator_rows_scanned": 0,
                            "cumulative_rows_scanned": 28800000000,
                            "operator_cardinality": 6364493,
                            "operator_type": "PROJECTION",
                            "cumulative_cardinality": 2710401552,
                            "cpu_time": 56.94320999999587,
                            "operator_name": "PROJECTION",
                            "extra_info": {
                                "Projections": [
                                    "cntrycode",
                                    "c_acctbal"
                                ],
                                "Estimated Cardinality": "222"
                            },
                            "children": [
                                {
                                    "operator_name": "PROJECTION",
                                    "cpu_time": 56.94296799999587,
                                    "extra_info": {
                                        "Projections": [
                                            "cntrycode",
                                            "c_acctbal"
                                        ],
                                        "Estimated Cardinality": "222"
                                    },
                                    "cumulative_cardinality": 2704037059,
                                    "operator_type": "PROJECTION",
                                    "operator_cardinality": 6364493,
                                    "cumulative_rows_scanned": 28800000000,
                                    "operator_rows_scanned": 0,
                                    "operator_timing": 0.05484899999999988,
                                    "result_set_size": 152747832,
                                    "children": [
                                        {
                                            "result_set_size": 0,
                                            "operator_timing": 1.625793999999989,
                                            "operator_rows_scanned": 0,
                                            "cumulative_rows_scanned": 28800000000,
                                            "operator_cardinality": 0,
                                            "operator_type": "RIGHT_DELIM_JOIN",
                                            "cumulative_cardinality": 2697672566,
                                            "cpu_time": 56.888118999995875,
                                            "operator_name": "RIGHT_DELIM_JOIN",
                                            "extra_info": {
                                                "Join Type": "RIGHT_ANTI",
                                                "Conditions": "c_custkey IS NOT DISTINCT FROM c_custkey",
                                                "Estimated Cardinality": "222",
                                                "Delim Index": "1"
                                            },
                                            "children": [
                                                {
                                                    "operator_name": "NESTED_LOOP_JOIN",
                                                    "cpu_time": 11.418407000000325,
                                                    "extra_info": {
                                                        "Join Type": "INNER",
                                                        "Conditions": "CAST(c_acctbal AS DOUBLE) > SUBQUERY",
                                                        "Estimated Cardinality": "61"
                                                    },
                                                    "cumulative_cardinality": 790387434,
                                                    "operator_type": "NESTED_LOOP_JOIN",
                                                    "operator_cardinality": 19093886,
                                                    "cumulative_rows_scanned": 4800000000,
                                                    "operator_rows_scanned": 0,
                                                    "operator_timing": 0.7913240000000394,
                                                    "result_set_size": 687379896,
                                                    "children": [
                                                        {
                                                            "result_set_size": 1176007728,
                                                            "operator_timing": 0.008939000000000098,
                                                            "operator_rows_scanned": 0,
                                                            "cumulative_rows_scanned": 2400000000,
                                                            "operator_cardinality": 42000276,
                                                            "operator_type": "PROJECTION",
                                                            "cumulative_cardinality": 384000559,
                                                            "cpu_time": 5.486277000000227,
                                                            "operator_name": "PROJECTION",
                                                            "extra_info": {
                                                                "Projections": [
                                                                    "#0",
                                                                    "#1",
                                                                    "#2"
                                                                ],
                                                                "Estimated Cardinality": "30000000"
                                                            },
                                                            "children": [
                                                                {
                                                                    "operator_name": "FILTER",
                                                                    "cpu_time": 5.477338000000227,
                                                                    "extra_info": {
                                                                        "Expression": "IN (...)",
                                                                        "Estimated Cardinality": "30000000"
                                                                    },
                                                                    "cumulative_cardinality": 342000283,
                                                                    "operator_type": "FILTER",
                                                                    "operator_cardinality": 42000276,
                                                                    "cumulative_rows_scanned": 2400000000,
                                                                    "operator_rows_scanned": 0,
                                                                    "operator_timing": 0.3612940000000213,
                                                                    "result_set_size": 1218008004,
                                                                    "children": [
                                                                        {
                                                                            "result_set_size": 4350000000,
                                                                            "operator_timing": 2.423386000000064,
                                                                            "operator_rows_scanned": 0,
                                                                            "cumulative_rows_scanned": 2400000000,
                                                                            "operator_cardinality": 150000000,
                                                                            "operator_type": "HASH_JOIN",
                                                                            "cumulative_cardinality": 300000007,
                                                                            "cpu_time": 5.116044000000206,
                                                                            "operator_name": "HASH_JOIN",
                                                                            "extra_info": {
                                                                                "Join Type": "MARK",
                                                                                "Conditions": "\"substring\"(c_phone, 1, 2) = #0",
                                                                                "Estimated Cardinality": "150000000"
                                                                            },
                                                                            "children": [
                                                                                {
                                                                                    "operator_name": "SEQ_SCAN ",
                                                                                    "cpu_time": 2.6926570000001417,
                                                                                    "extra_info": {
                                                                                        "Table": "customer",
                                                                                        "Type": "Sequential Scan",
                                                                                        "Projections": [
                                                                                            "c_phone",
                                                                                            "c_acctbal",
                                                                                            "c_custkey"
                                                                                        ],
                                                                                        "Estimated Cardinality": "150000000"
                                                                                    },
                                                                                    "cumulative_cardinality": 150000000,
                                                                                    "operator_type": "TABLE_SCAN",
                                                                                    "operator_cardinality": 150000000,
                                                                                    "cumulative_rows_scanned": 2400000000,
                                                                                    "operator_rows_scanned": 2400000000,
                                                                                    "operator_timing": 2.6926570000001417,
                                                                                    "result_set_size": 4200000000,
                                                                                    "children": []
                                                                                },
                                                                                {
                                                                                    "operator_name": "COLUMN_DATA_SCAN",
                                                                                    "cpu_time": 0.000001,
                                                                                    "extra_info": {
                                                                                        "Estimated Cardinality": "0"
                                                                                    },
                                                                                    "cumulative_cardinality": 7,
                                                                                    "operator_type": "COLUMN_DATA_SCAN",
                                                                                    "operator_cardinality": 7,
                                                                                    "cumulative_rows_scanned": 0,
                                                                                    "operator_rows_scanned": 0,
                                                                                    "operator_timing": 0.000001,
                                                                                    "result_set_size": 112,
                                                                                    "children": []
                                                                                }
                                                                            ]
                                                                        }
                                                                    ]
                                                                }
                                                            ]
                                                        },
                                                        {
                                                            "result_set_size": 8,
                                                            "operator_timing": 0.000005,
                                                            "operator_rows_scanned": 0,
                                                            "cumulative_rows_scanned": 2400000000,
                                                            "operator_cardinality": 1,
                                                            "operator_type": "PROJECTION",
                                                            "cumulative_cardinality": 387292989,
                                                            "cpu_time": 5.14080600000006,
                                                            "operator_name": "PROJECTION",
                                                            "extra_info": {
                                                                "Projections": [
                                                                    "CASE  WHEN ((#1 > 1)) THEN (error('More than one row returned by a subquery used as an expression - scalar subqueries can only return a single row.",
                                                                    "Use \"SET scalar_subquery_error_on_multiple_rows=false\" to revert to previous behavior of returning a random row.')) ELSE #0 END"
                                                                ],
                                                                "Estimated Cardinality": "1"
                                                            },
                                                            "children": [
                                                                {
                                                                    "operator_name": "UNGROUPED_AGGREGATE",
                                                                    "cpu_time": 5.14080100000006,
                                                                    "extra_info": {
                                                                        "Aggregates": [
                                                                            "\"first\"(#0)",
                                                                            "count_star()"
                                                                        ]
                                                                    },
                                                                    "cumulative_cardinality": 387292988,
                                                                    "operator_type": "UNGROUPED_AGGREGATE",
                                                                    "operator_cardinality": 1,
                                                                    "cumulative_rows_scanned": 2400000000,
                                                                    "operator_rows_scanned": 0,
                                                                    "operator_timing": 0.000002,
                                                                    "result_set_size": 16,
                                                                    "children": [
                                                                        {
                                                                            "result_set_size": 8,
                                                                            "operator_timing": 0.0,
                                                                            "operator_rows_scanned": 0,
                                                                            "cumulative_rows_scanned": 2400000000,
                                                                            "operator_cardinality": 1,
                                                                            "operator_type": "PROJECTION",
                                                                            "cumulative_cardinality": 387292987,
                                                                            "cpu_time": 5.14079900000006,
                                                                            "operator_name": "PROJECTION",
                                                                            "extra_info": {
                                                                                "Projections": "#0",
                                                                                "Estimated Cardinality": "1"
                                                                            },
                                                                            "children": [
                                                                                {
                                                                                    "operator_name": "UNGROUPED_AGGREGATE",
                                                                                    "cpu_time": 5.14079900000006,
                                                                                    "extra_info": {
                                                                                        "Aggregates": "avg(#0)"
                                                                                    },
                                                                                    "cumulative_cardinality": 387292986,
                                                                                    "operator_type": "UNGROUPED_AGGREGATE",
                                                                                    "operator_cardinality": 1,
                                                                                    "cumulative_rows_scanned": 2400000000,
                                                                                    "operator_rows_scanned": 0,
                                                                                    "operator_timing": 0.06172700000000226,
                                                                                    "result_set_size": 8,
                                                                                    "children": [
                                                                                        {
                                                                                            "result_set_size": 305483152,
                                                                                            "operator_timing": 0.004545000000000007,
                                                                                            "operator_rows_scanned": 0,
                                                                                            "cumulative_rows_scanned": 2400000000,
                                                                                            "operator_cardinality": 38185394,
                                                                                            "operator_type": "PROJECTION",
                                                                                            "cumulative_cardinality": 387292985,
                                                                                            "cpu_time": 5.079072000000058,
                                                                                            "operator_name": "PROJECTION",
                                                                                            "extra_info": {
                                                                                                "Projections": "c_acctbal",
                                                                                                "Estimated Cardinality": "6000000"
                                                                                            },
                                                                                            "children": [
                                                                                                {
                                                                                                    "operator_name": "PROJECTION",
                                                                                                    "cpu_time": 5.0745270000000575,
                                                                                                    "extra_info": {
                                                                                                        "Projections": [
                                                                                                            "#0",
                                                                                                            "#1"
                                                                                                        ],
                                                                                                        "Estimated Cardinality": "6000000"
                                                                                                    },
                                                                                                    "cumulative_cardinality": 349107591,
                                                                                                    "operator_type": "PROJECTION",
                                                                                                    "operator_cardinality": 38185394,
                                                                                                    "cumulative_rows_scanned": 2400000000,
                                                                                                    "operator_rows_scanned": 0,
                                                                                                    "operator_timing": 0.0054560000000000285,
                                                                                                    "result_set_size": 916449456,
                                                                                                    "children": [
                                                                                                        {
                                                                                                            "result_set_size": 954634850,
                                                                                                            "operator_timing": 0.34476200000001855,
                                                                                                            "operator_rows_scanned": 0,
                                                                                                            "cumulative_rows_scanned": 2400000000,
                                                                                                            "operator_cardinality": 38185394,
                                                                                                            "operator_type": "FILTER",
                                                                                                            "cumulative_cardinality": 310922197,
                                                                                                            "cpu_time": 5.069071000000058,
                                                                                                            "operator_name": "FILTER",
                                                                                                            "extra_info": {
                                                                                                                "Expression": "IN (...)",
                                                                                                                "Estimated Cardinality": "6000000"
                                                                                                            },
                                                                                                            "children": [
                                                                                                                {
                                                                                                                    "operator_name": "HASH_JOIN",
                                                                                                                    "cpu_time": 4.724309000000039,
                                                                                                                    "extra_info": {
                                                                                                                        "Join Type": "MARK",
                                                                                                                        "Conditions": "\"substring\"(c_phone, 1, 2) = #0",
                                                                                                                        "Estimated Cardinality": "30000000"
                                                                                                                    },
                                                                                                                    "cumulative_cardinality": 272736803,
                                                                                                                    "operator_type": "HASH_JOIN",
                                                                                                                    "operator_cardinality": 136368398,
                                                                                                                    "cumulative_rows_scanned": 2400000000,
                                                                                                                    "operator_rows_scanned": 0,
                                                                                                                    "operator_timing": 2.163458999999966,
                                                                                                                    "result_set_size": 3409209950,
                                                                                                                    "children": [
                                                                                                                        {
                                                                                                                            "result_set_size": 3272841552,
                                                                                                                            "operator_timing": 2.560849000000073,
                                                                                                                            "operator_rows_scanned": 2400000000,
                                                                                                                            "cumulative_rows_scanned": 2400000000,
                                                                                                                            "operator_cardinality": 136368398,
                                                                                                                            "operator_type": "TABLE_SCAN",
                                                                                                                            "cumulative_cardinality": 136368398,
                                                                                                                            "cpu_time": 2.560849000000073,
                                                                                                                            "operator_name": "SEQ_SCAN ",
                                                                                                                            "extra_info": {
                                                                                                                                "Table": "customer",
                                                                                                                                "Type": "Sequential Scan",
                                                                                                                                "Projections": [
                                                                                                                                    "c_acctbal",
                                                                                                                                    "c_phone"
                                                                                                                                ],
                                                                                                                                "Filters": "c_acctbal>0.00",
                                                                                                                                "Estimated Cardinality": "30000000"
                                                                                                                            },
                                                                                                                            "children": []
                                                                                                                        },
                                                                                                                        {
                                                                                                                            "result_set_size": 112,
                                                                                                                            "operator_timing": 0.000001,
                                                                                                                            "operator_rows_scanned": 0,
                                                                                                                            "cumulative_rows_scanned": 0,
                                                                                                                            "operator_cardinality": 7,
                                                                                                                            "operator_type": "COLUMN_DATA_SCAN",
                                                                                                                            "cumulative_cardinality": 7,
                                                                                                                            "cpu_time": 0.000001,
                                                                                                                            "operator_name": "COLUMN_DATA_SCAN",
                                                                                                                            "extra_info": {
                                                                                                                                "Estimated Cardinality": "0"
                                                                                                                            },
                                                                                                                            "children": []
                                                                                                                        }
                                                                                                                    ]
                                                                                                                }
                                                                                                            ]
                                                                                                        }
                                                                                                    ]
                                                                                                }
                                                                                            ]
                                                                                        }
                                                                                    ]
                                                                                }
                                                                            ]
                                                                        }
                                                                    ]
                                                                }
                                                            ]
                                                        }
                                                    ]
                                                },
                                                {
                                                    "operator_name": "HASH_JOIN",
                                                    "cpu_time": 43.32363399999556,
                                                    "extra_info": {
                                                        "Join Type": "RIGHT_ANTI",
                                                        "Conditions": "c_custkey IS NOT DISTINCT FROM c_custkey",
                                                        "Estimated Cardinality": "222"
                                                    },
                                                    "cumulative_cardinality": 1888191246,
                                                    "operator_type": "HASH_JOIN",
                                                    "operator_cardinality": 6364493,
                                                    "cumulative_rows_scanned": 24000000000,
                                                    "operator_rows_scanned": 0,
                                                    "operator_timing": 10.602526999999945,
                                                    "result_set_size": 152747832,
                                                    "children": [
                                                        {
                                                            "result_set_size": 763653728,
                                                            "operator_timing": 0.07420700000000457,
                                                            "operator_rows_scanned": 0,
                                                            "cumulative_rows_scanned": 24000000000,
                                                            "operator_cardinality": 190913432,
                                                            "operator_type": "PROJECTION",
                                                            "cumulative_cardinality": 1881826753,
                                                            "cpu_time": 32.72110699999561,
                                                            "operator_name": "PROJECTION",
                                                            "extra_info": {
                                                                "Projections": "c_custkey",
                                                                "Estimated Cardinality": "222"
                                                            },
                                                            "children": [
                                                                {
                                                                    "operator_name": "HASH_JOIN",
                                                                    "cpu_time": 32.64689999999561,
                                                                    "extra_info": {
                                                                        "Join Type": "INNER",
                                                                        "Conditions": "o_custkey = c_custkey",
                                                                        "Estimated Cardinality": "222"
                                                                    },
                                                                    "cumulative_cardinality": 1690913321,
                                                                    "operator_type": "HASH_JOIN",
                                                                    "operator_cardinality": 190913432,
                                                                    "cumulative_rows_scanned": 24000000000,
                                                                    "operator_rows_scanned": 0,
                                                                    "operator_timing": 31.07117399999486,
                                                                    "result_set_size": 1527307456,
                                                                    "children": [
                                                                        {
                                                                            "result_set_size": 5999999556,
                                                                            "operator_timing": 1.5757260000007556,
                                                                            "operator_rows_scanned": 24000000000,
                                                                            "cumulative_rows_scanned": 24000000000,
                                                                            "operator_cardinality": 1499999889,
                                                                            "operator_type": "TABLE_SCAN",
                                                                            "cumulative_cardinality": 1499999889,
                                                                            "cpu_time": 1.5757260000007556,
                                                                            "operator_name": "SEQ_SCAN ",
                                                                            "extra_info": {
                                                                                "Table": "orders",
                                                                                "Type": "Sequential Scan",
                                                                                "Projections": "o_custkey",
                                                                                "Estimated Cardinality": "1500000000"
                                                                            },
                                                                            "children": []
                                                                        },
                                                                        {
                                                                            "result_set_size": 0,
                                                                            "operator_timing": 0.0,
                                                                            "operator_rows_scanned": 0,
                                                                            "cumulative_rows_scanned": 0,
                                                                            "operator_cardinality": 0,
                                                                            "operator_type": "DELIM_SCAN",
                                                                            "cumulative_cardinality": 0,
                                                                            "cpu_time": 0.0,
                                                                            "operator_name": "DELIM_SCAN",
                                                                            "extra_info": {
                                                                                "Delim Index": "1",
                                                                                "Estimated Cardinality": "30"
                                                                            },
                                                                            "children": []
                                                                        }
                                                                    ]
                                                                }
                                                            ]
                                                        },
                                                        {
                                                            "result_set_size": 0,
                                                            "operator_timing": 0.0,
                                                            "operator_rows_scanned": 0,
                                                            "cumulative_rows_scanned": 0,
                                                            "operator_cardinality": 0,
                                                            "operator_type": "DUMMY_SCAN",
                                                            "cumulative_cardinality": 0,
                                                            "cpu_time": 0.0,
                                                            "operator_name": "DUMMY_SCAN",
                                                            "extra_info": {},
                                                            "children": []
                                                        }
                                                    ]
                                                },
                                                {
                                                    "operator_name": "HASH_GROUP_BY",
                                                    "cpu_time": 0.5202840000000015,
                                                    "extra_info": {
                                                        "Groups": "#2",
                                                        "Aggregates": "",
                                                        "Estimated Cardinality": "222"
                                                    },
                                                    "cumulative_cardinality": 19093886,
                                                    "operator_type": "HASH_GROUP_BY",
                                                    "operator_cardinality": 19093886,
                                                    "cumulative_rows_scanned": 0,
                                                    "operator_rows_scanned": 0,
                                                    "operator_timing": 0.5202840000000015,
                                                    "result_set_size": 76375544,
                                                    "children": []
                                                }
                                            ]
                                        }
                                    ]
                                }
                            ]
                        }
                    ]
                }
            ]
        }
    ]
}