{
    "result_set_size": 569376,
    "cumulative_rows_scanned": 2804151633,
    "cumulative_cardinality": 180575330,
    "extra_info": {},
    "cpu_time": 29.472301000000073,
    "blocked_thread_time": 0.0,
    "rows_returned": 17793,
    "query_name": "select\n\ts_name,\n\ts_address\nfrom\n\tsupplier,\n\tnation\nwhere\n\ts_suppkey in (\n\t\tselect\n\t\t\tps_suppkey\n\t\tfrom\n\t\t\tpartsupp\n\t\twhere\n\t\t\tps_partkey in (\n\t\t\t\tselect\n\t\t\t\t\tp_partkey\n\t\t\t\tfrom\n\t\t\t\t\tpart\n\t\t\t\twhere\n\t\t\t\t\tp_name like 'sky%'\n\t\t\t)\n\t\t\tand ps_availqty > (\n\t\t\t\tselect\n\t\t\t\t\t0.5 * sum(l_quantity)\n\t\t\t\tfrom\n\t\t\t\t\tlineitem\n\t\t\t\twhere\n\t\t\t\t\tl_partkey = ps_partkey\n\t\t\t\t\tand l_suppkey = ps_suppkey\n\t\t\t\t\tand l_shipdate >= date '1996-01-01'\n\t\t\t\t\tand l_shipdate < date '1996-01-01' + interval '1' year\n\t\t\t)\n\t)\n\tand s_nationkey = n_nationkey\n\tand n_name = 'JORDAN'\norder by\n\ts_name;",
    "latency": 9.800421,
    "children": [
        {
            "result_set_size": 569376,
            "operator_timing": 0.002006,
            "operator_rows_scanned": 0,
            "cumulative_rows_scanned": 2804151633,
            "operator_cardinality": 17793,
            "operator_type": "ORDER_BY",
            "cumulative_cardinality": 180575330,
            "cpu_time": 29.472301000000073,
            "operator_name": "ORDER_BY",
            "extra_info": {
                "Order By": "tpch.main.supplier.s_name ASC"
            },
            "children": [
                {
                    "operator_name": "HASH_JOIN",
                    "cpu_time": 29.47029500000007,
                    "extra_info": {
                        "Join Type": "RIGHT_SEMI",
                        "Conditions": "#0 = s_suppkey",
                        "Estimated Cardinality": "15384"
                    },
                    "cumulative_cardinality": 180557537,
                    "operator_type": "HASH_JOIN",
                    "operator_cardinality": 17793,
                    "cumulative_rows_scanned": 2804151633,
                    "operator_rows_scanned": 0,
                    "operator_timing": 0.307994,
                    "result_set_size": 569376,
                    "children": [
                        {
                            "result_set_size": 4730088,
                            "operator_timing": 0.0002969999999999997,
                            "operator_rows_scanned": 0,
                            "cumulative_rows_scanned": 2800151608,
                            "operator_cardinality": 591261,
                            "operator_type": "PROJECTION",
                            "cumulative_cardinality": 180460097,
                            "cpu_time": 29.13963500000007,
                            "operator_name": "PROJECTION",
                            "extra_info": {
                                "Projections": "#2",
                                "Estimated Cardinality": "16000000"
                            },
                            "children": [
                                {
                                    "operator_name": "FILTER",
                                    "cpu_time": 29.13933800000007,
                                    "extra_info": {
                                        "Expression": "(CAST(ps_availqty AS DECIMAL(38,3)) > SUBQUERY)",
                                        "Estimated Cardinality": "16000000"
                                    },
                                    "cumulative_cardinality": 179868836,
                                    "operator_type": "FILTER",
                                    "operator_cardinality": 591261,
                                    "cumulative_rows_scanned": 2800151608,
                                    "operator_rows_scanned": 0,
                                    "operator_timing": 0.02778,
                                    "result_set_size": 18920352,
                                    "children": [
                                        {
                                            "result_set_size": 0,
                                            "operator_timing": 1.3993430000000002,
                                            "operator_rows_scanned": 0,
                                            "cumulative_rows_scanned": 2800151608,
                                            "operator_cardinality": 0,
                                            "operator_type": "RIGHT_DELIM_JOIN",
                                            "cumulative_cardinality": 179277575,
                                            "cpu_time": 29.11155800000007,
                                            "operator_name": "RIGHT_DELIM_JOIN",
                                            "extra_info": {
                                                "Join Type": "RIGHT",
                                                "Conditions": [
                                                    "ps_partkey IS NOT DISTINCT FROM ps_partkey",
                                                    "ps_suppkey IS NOT DISTINCT FROM ps_suppkey"
                                                ],
                                                "Estimated Cardinality": "16000000",
                                                "Delim Index": "1"
                                            },
                                            "children": [
                                                {
                                                    "operator_name": "HASH_JOIN",
                                                    "cpu_time": 4.604626999999699,
                                                    "extra_info": {
                                                        "Join Type": "SEMI",
                                                        "Conditions": "ps_partkey = #0",
                                                        "Estimated Cardinality": "16000000"
                                                    },
                                                    "cumulative_cardinality": 81518722,
                                                    "operator_type": "HASH_JOIN",
                                                    "operator_cardinality": 867992,
                                                    "cumulative_rows_scanned": 400000000,
                                                    "operator_rows_scanned": 0,
                                                    "operator_timing": 2.1583709999997285,
                                                    "result_set_size": 20831808,
                                                    "children": [
                                                        {
                                                            "result_set_size": 1919993664,
                                                            "operator_timing": 0.414051999999969,
                                                            "operator_rows_scanned": 320000000,
                                                            "cumulative_rows_scanned": 320000000,
                                                            "operator_cardinality": 79999736,
                                                            "operator_type": "TABLE_SCAN",
                                                            "cumulative_cardinality": 79999736,
                                                            "cpu_time": 0.414051999999969,
                                                            "operator_name": "SEQ_SCAN ",
                                                            "extra_info": {
                                                                "Table": "partsupp",
                                                                "Type": "Sequential Scan",
                                                                "Projections": [
                                                                    "ps_partkey",
                                                                    "ps_availqty",
                                                                    "ps_suppkey"
                                                                ],
                                                                "Estimated Cardinality": "80000000"
                                                            },
                                                            "children": []
                                                        },
                                                        {
                                                            "result_set_size": 1735984,
                                                            "operator_timing": 0.00012100000000000004,
                                                            "operator_rows_scanned": 0,
                                                            "cumulative_rows_scanned": 80000000,
                                                            "operator_cardinality": 216998,
                                                            "operator_type": "PROJECTION",
                                                            "cumulative_cardinality": 650994,
                                                            "cpu_time": 2.0322040000000015,
                                                            "operator_name": "PROJECTION",
                                                            "extra_info": {
                                                                "Projections": "#1",
                                                                "Estimated Cardinality": "800000"
                                                            },
                                                            "children": [
                                                                {
                                                                    "operator_name": "FILTER",
                                                                    "cpu_time": 2.0320830000000014,
                                                                    "extra_info": {
                                                                        "Expression": "prefix(p_name, 'sky')",
                                                                        "Estimated Cardinality": "800000"
                                                                    },
                                                                    "cumulative_cardinality": 433996,
                                                                    "operator_type": "FILTER",
                                                                    "operator_cardinality": 216998,
                                                                    "cumulative_rows_scanned": 80000000,
                                                                    "operator_rows_scanned": 0,
                                                                    "operator_timing": 0.06975000000000105,
                                                                    "result_set_size": 5207952,
                                                                    "children": [
                                                                        {
                                                                            "result_set_size": 5207952,
                                                                            "operator_timing": 1.9623330000000003,
                                                                            "operator_rows_scanned": 80000000,
                                                                            "cumulative_rows_scanned": 80000000,
                                                                            "operator_cardinality": 216998,
                                                                            "operator_type": "TABLE_SCAN",
                                                                            "cumulative_cardinality": 216998,
                                                                            "cpu_time": 1.9623330000000003,
                                                                            "operator_name": "SEQ_SCAN ",
                                                                            "extra_info": {
                                                                                "Table": "part",
                                                                                "Type": "Sequential Scan",
                                                                                "Projections": [
                                                                                    "p_name",
                                                                                    "p_partkey"
                                                                                ],
                                                                                "Filters": "p_name>='sky' AND p_name<'skz'",
                                                                                "Estimated Cardinality": "4000000"
                                                                            },
                                                                            "children": []
                                                                        }
                                                                    ]
                                                                }
                                                            ]
                                                        }
                                                    ]
                                                },
                                                {
                                                    "operator_name": "HASH_JOIN",
                                                    "cpu_time": 22.992194000000374,
                                                    "extra_info": {
                                                        "Join Type": "RIGHT",
                                                        "Conditions": [
                                                            "ps_partkey IS NOT DISTINCT FROM ps_partkey",
                                                            "ps_suppkey IS NOT DISTINCT FROM ps_suppkey"
                                                        ],
                                                        "Estimated Cardinality": "16000000"
                                                    },
                                                    "cumulative_cardinality": 96890861,
                                                    "operator_type": "HASH_JOIN",
                                                    "operator_cardinality": 867992,
                                                    "cumulative_rows_scanned": 2400151608,
                                                    "operator_rows_scanned": 0,
                                                    "operator_timing": 0.18245000000000008,
                                                    "result_set_size": 27775744,
                                                    "children": [
                                                        {
                                                            "result_set_size": 18959840,
                                                            "operator_timing": 0.011982000000000001,
                                                            "operator_rows_scanned": 0,
                                                            "cumulative_rows_scanned": 2400151608,
                                                            "operator_cardinality": 592495,
                                                            "operator_type": "PROJECTION",
                                                            "cumulative_cardinality": 96022869,
                                                            "cpu_time": 22.809744000000375,
                                                            "operator_name": "PROJECTION",
                                                            "extra_info": {
                                                                "Projections": [
                                                                    "(0.5 * sum(l_quantity))",
                                                                    "ps_partkey",
                                                                    "ps_suppkey"
                                                                ],
                                                                "Estimated Cardinality": "9693157"
                                                            },
                                                            "children": [
                                                                {
                                                                    "operator_name": "PROJECTION",
                                                                    "cpu_time": 22.797762000000375,
                                                                    "extra_info": {
                                                                        "Projections": [
                                                                            "__internal_decompress_integral_bigint(#0, 1)",
                                                                            "__internal_decompress_integral_bigint(#1, 1)",
                                                                            "#2"
                                                                        ],
                                                                        "Estimated Cardinality": "9693157"
                                                                    },
                                                                    "cumulative_cardinality": 95430374,
                                                                    "operator_type": "PROJECTION",
                                                                    "operator_cardinality": 592495,
                                                                    "cumulative_rows_scanned": 2400151608,
                                                                    "operator_rows_scanned": 0,
                                                                    "operator_timing": 0.0023450000000000003,
                                                                    "result_set_size": 18959840,
                                                                    "children": [
                                                                        {
                                                                            "result_set_size": 14219880,
                                                                            "operator_timing": 0.23984400000000006,
                                                                            "operator_rows_scanned": 0,
                                                                            "cumulative_rows_scanned": 2400151608,
                                                                            "operator_cardinality": 592495,
                                                                            "operator_type": "HASH_GROUP_BY",
                                                                            "cumulative_cardinality": 94837879,
                                                                            "cpu_time": 22.795417000000377,
                                                                            "operator_name": "HASH_GROUP_BY",
                                                                            "extra_info": {
                                                                                "Groups": [
                                                                                    "#0",
                                                                                    "#1"
                                                                                ],
                                                                                "Aggregates": "sum(#2)",
                                                                                "Estimated Cardinality": "9693157"
                                                                            },
                                                                            "children": [
                                                                                {
                                                                                    "operator_name": "PROJECTION",
                                                                                    "cpu_time": 22.555573000000376,
                                                                                    "extra_info": {
                                                                                        "Projections": [
                                                                                            "ps_partkey",
                                                                                            "ps_suppkey",
                                                                                            "l_quantity"
                                                                                        ],
                                                                                        "Estimated Cardinality": "19386314"
                                                                                    },
                                                                                    "cumulative_cardinality": 94245384,
                                                                                    "operator_type": "PROJECTION",
                                                                                    "operator_cardinality": 990590,
                                                                                    "cumulative_rows_scanned": 2400151608,
                                                                                    "operator_rows_scanned": 0,
                                                                                    "operator_timing": 0.0005699999999999989,
                                                                                    "result_set_size": 15849440,
                                                                                    "children": [
                                                                                        {
                                                                                            "result_set_size": 31698880,
                                                                                            "operator_timing": 0.005936000000000002,
                                                                                            "operator_rows_scanned": 0,
                                                                                            "cumulative_rows_scanned": 2400151608,
                                                                                            "operator_cardinality": 990590,
                                                                                            "operator_type": "PROJECTION",
                                                                                            "cumulative_cardinality": 93254794,
                                                                                            "cpu_time": 22.555003000000376,
                                                                                            "operator_name": "PROJECTION",
                                                                                            "extra_info": {
                                                                                                "Projections": [
                                                                                                    "__internal_compress_integral_uinteger(#0, 1)",
                                                                                                    "__internal_compress_integral_uinteger(#1, 1)",
                                                                                                    "#2",
                                                                                                    "#3",
                                                                                                    "#4"
                                                                                                ],
                                                                                                "Estimated Cardinality": "19386314"
                                                                                            },
                                                                                            "children": [
                                                                                                {
                                                                                                    "operator_name": "HASH_JOIN",
                                                                                                    "cpu_time": 22.549067000000377,
                                                                                                    "extra_info": {
                                                                                                        "Join Type": "INNER",
                                                                                                        "Conditions": [
                                                                                                            "l_partkey = ps_partkey",
                                                                                                            "l_suppkey = ps_suppkey"
                                                                                                        ],
                                                                                                        "Estimated Cardinality": "19386314"
                                                                                                    },
                                                                                                    "cumulative_cardinality": 92264204,
                                                                                                    "operator_type": "HASH_JOIN",
                                                                                                    "operator_cardinality": 990590,
                                                                                                    "cumulative_rows_scanned": 2400151608,
                                                                                                    "operator_rows_scanned": 0,
                                                                                                    "operator_timing": 11.394838000001638,
                                                                                                    "result_set_size": 39623600,
                                                                                                    "children": [
                                                                                                        {
                                                                                                            "result_set_size": 2190566736,
                                                                                                            "operator_timing": 11.15422899999874,
                                                                                                            "operator_rows_scanned": 2400151608,
                                                                                                            "cumulative_rows_scanned": 2400151608,
                                                                                                            "operator_cardinality": 91273614,
                                                                                                            "operator_type": "TABLE_SCAN",
                                                                                                            "cumulative_cardinality": 91273614,
                                                                                                            "cpu_time": 11.15422899999874,
                                                                                                            "operator_name": "SEQ_SCAN ",
                                                                                                            "extra_info": {
                                                                                                                "Table": "lineitem",
                                                                                                                "Type": "Sequential Scan",
                                                                                                                "Projections": [
                                                                                                                    "l_partkey",
                                                                                                                    "l_suppkey",
                                                                                                                    "l_quantity"
                                                                                                                ],
                                                                                                                "Filters": "l_shipdate>='1996-01-01'::DATE AND l_shipdate<'1997-01-01'::DATE",
                                                                                                                "Estimated Cardinality": "120007580"
                                                                                                            },
                                                                                                            "children": []
                                                                                                        },
                                                                                                        {
                                                                                                            "result_set_size": 0,
                                                                                                            "operator_timing": 0.0,
                                                                                                            "operator_rows_scanned": 0,
                                                                                                            "cumulative_rows_scanned": 0,
                                                                                                            "operator_cardinality": 0,
                                                                                                            "operator_type": "DELIM_SCAN",
                                                                                                            "cumulative_cardinality": 0,
                                                                                                            "cpu_time": 0.0,
                                                                                                            "operator_name": "DELIM_SCAN",
                                                                                                            "extra_info": {
                                                                                                                "Delim Index": "1",
                                                                                                                "Estimated Cardinality": "8000000"
                                                                                                            },
                                                                                                            "children": []
                                                                                                        }
                                                                                                    ]
                                                                                                }
                                                                                            ]
                                                                                        }
                                                                                    ]
                                                                                }
                                                                            ]
                                                                        }
                                                                    ]
                                                                }
                                                            ]
                                                        },
                                                        {
                                                            "result_set_size": 0,
                                                            "operator_timing": 0.0,
                                                            "operator_rows_scanned": 0,
                                                            "cumulative_rows_scanned": 0,
                                                            "operator_cardinality": 0,
                                                            "operator_type": "DUMMY_SCAN",
                                                            "cumulative_cardinality": 0,
                                                            "cpu_time": 0.0,
                                                            "operator_name": "DUMMY_SCAN",
                                                            "extra_info": {},
                                                            "children": []
                                                        }
                                                    ]
                                                },
                                                {
                                                    "operator_name": "HASH_GROUP_BY",
                                                    "cpu_time": 0.11539400000000002,
                                                    "extra_info": {
                                                        "Groups": [
                                                            "#0",
                                                            "#2"
                                                        ],
                                                        "Aggregates": "",
                                                        "Estimated Cardinality": "16000000"
                                                    },
                                                    "cumulative_cardinality": 867992,
                                                    "operator_type": "HASH_GROUP_BY",
                                                    "operator_cardinality": 867992,
                                                    "cumulative_rows_scanned": 0,
                                                    "operator_rows_scanned": 0,
                                                    "operator_timing": 0.11539400000000002,
                                                    "result_set_size": 13887872,
                                                    "children": []
                                                }
                                            ]
                                        }
                                    ]
                                }
                            ]
                        },
                        {
                            "result_set_size": 1752212,
                            "operator_timing": 0.002622,
                            "operator_rows_scanned": 0,
                            "cumulative_rows_scanned": 4000025,
                            "operator_cardinality": 39823,
                            "operator_type": "HASH_JOIN",
                            "cumulative_cardinality": 79647,
                            "cpu_time": 0.022666000000000013,
                            "operator_name": "HASH_JOIN",
                            "extra_info": {
                                "Join Type": "INNER",
                                "Conditions": "s_nationkey = n_nationkey",
                                "Estimated Cardinality": "76923"
                            },
                            "children": [
                                {
                                    "operator_name": "SEQ_SCAN ",
                                    "cpu_time": 0.020023000000000013,
                                    "extra_info": {
                                        "Table": "supplier",
                                        "Type": "Sequential Scan",
                                        "Projections": [
                                            "s_suppkey",
                                            "s_nationkey",
                                            "s_name",
                                            "s_address"
                                        ],
                                        "Estimated Cardinality": "1000000"
                                    },
                                    "cumulative_cardinality": 39823,
                                    "operator_type": "TABLE_SCAN",
                                    "operator_cardinality": 39823,
                                    "cumulative_rows_scanned": 4000000,
                                    "operator_rows_scanned": 4000000,
                                    "operator_timing": 0.020023000000000013,
                                    "result_set_size": 1752212,
                                    "children": []
                                },
                                {
                                    "operator_name": "SEQ_SCAN ",
                                    "cpu_time": 0.000021,
                                    "extra_info": {
                                        "Table": "nation",
                                        "Type": "Sequential Scan",
                                        "Projections": "n_nationkey",
                                        "Filters": "n_name='JORDAN'",
                                        "Estimated Cardinality": "2"
                                    },
                                    "cumulative_cardinality": 1,
                                    "operator_type": "TABLE_SCAN",
                                    "operator_cardinality": 1,
                                    "cumulative_rows_scanned": 25,
                                    "operator_rows_scanned": 25,
                                    "operator_timing": 0.000021,
                                    "result_set_size": 4,
                                    "children": []
                                }
                            ]
                        }
                    ]
                }
            ]
        }
    ]
}