{
    "result_set_size": 16,
    "cumulative_rows_scanned": 2400151608,
    "cumulative_cardinality": 23829513,
    "extra_info": {},
    "cpu_time": 6.783087999997756,
    "blocked_thread_time": 0.0,
    "rows_returned": 1,
    "query_name": "select\n\tsum(l_extendedprice * l_discount) as revenue\nfrom\n\tlineitem\nwhere\n\tl_shipdate >= date '1995-01-01'\n\tand l_shipdate < date '1995-01-01' + interval '1' year\n\tand l_discount between 0.07 - 0.01 and 0.07 + 0.01\n\tand l_quantity < 25;",
    "latency": 3.731021,
    "children": [
        {
            "result_set_size": 16,
            "operator_timing": 0.21875200000013503,
            "operator_rows_scanned": 0,
            "cumulative_rows_scanned": 2400151608,
            "operator_cardinality": 1,
            "operator_type": "UNGROUPED_AGGREGATE",
            "cumulative_cardinality": 23829513,
            "cpu_time": 6.783087999997756,
            "operator_name": "UNGROUPED_AGGREGATE",
            "extra_info": {
                "Aggregates": "sum_no_overflow(#0)"
            },
            "children": [
                {
                    "operator_name": "PROJECTION",
                    "cpu_time": 6.5643359999976205,
                    "extra_info": {
                        "Projections": "(l_extendedprice * l_discount)",
                        "Estimated Cardinality": "120007580"
                    },
                    "cumulative_cardinality": 23829512,
                    "operator_type": "PROJECTION",
                    "operator_cardinality": 11914756,
                    "cumulative_rows_scanned": 2400151608,
                    "operator_rows_scanned": 0,
                    "operator_timing": 0.5542690000003937,
                    "result_set_size": 95318048,
                    "children": [
                        {
                            "result_set_size": 190636096,
                            "operator_timing": 6.0100669999972265,
                            "operator_rows_scanned": 2400151608,
                            "cumulative_rows_scanned": 2400151608,
                            "operator_cardinality": 11914756,
                            "operator_type": "TABLE_SCAN",
                            "cumulative_cardinality": 11914756,
                            "cpu_time": 6.0100669999972265,
                            "operator_name": "SEQ_SCAN ",
                            "extra_info": {
                                "Table": "lineitem",
                                "Type": "Sequential Scan",
                                "Projections": [
                                    "l_discount",
                                    "l_extendedprice"
                                ],
                                "Filters": [
                                    "l_shipdate>='1995-01-01'::DATE AND l_shipdate<'1996-01-01'::DATE",
                                    "l_discount>=0.06 AND l_discount<=0.08",
                                    "l_quantity<25.00"
                                ],
                                "Estimated Cardinality": "120007580"
                            },
                            "children": []
                        }
                    ]
                }
            ]
        }
    ]
}