{
    "result_set_size": 8,
    "cumulative_rows_scanned": 4880303216,
    "cumulative_cardinality": 1203211687,
    "extra_info": {},
    "cpu_time": 43.861895999995674,
    "blocked_thread_time": 0.02,
    "rows_returned": 1,
    "query_name": "select\n\tsum(l_extendedprice) / 7.0 as avg_yearly\nfrom\n\tlineitem,\n\tpart\nwhere\n\tp_partkey = l_partkey\n\tand p_brand = 'Brand#51'\n\tand p_container = 'WRAP BAG'\n\tand l_quantity < (\n\t\tselect\n\t\t\t0.2 * avg(l_quantity)\n\t\tfrom\n\t\t\tlineitem\n\t\twhere\n\t\t\tl_partkey = p_partkey\n\t);",
    "latency": 13.595175,
    "children": [
        {
            "result_set_size": 8,
            "operator_timing": 0.000006,
            "operator_rows_scanned": 0,
            "cumulative_rows_scanned": 4880303216,
            "operator_cardinality": 1,
            "operator_type": "PROJECTION",
            "cumulative_cardinality": 1203211687,
            "cpu_time": 43.861895999995674,
            "operator_name": "PROJECTION",
            "extra_info": {
                "Projections": "avg_yearly",
                "Estimated Cardinality": "1"
            },
            "children": [
                {
                    "operator_name": "UNGROUPED_AGGREGATE",
                    "cpu_time": 43.861889999995675,
                    "extra_info": {
                        "Aggregates": "sum(#0)"
                    },
                    "cumulative_cardinality": 1203211686,
                    "operator_type": "UNGROUPED_AGGREGATE",
                    "operator_cardinality": 1,
                    "cumulative_rows_scanned": 4880303216,
                    "operator_rows_scanned": 0,
                    "operator_timing": 0.0005299999999999994,
                    "result_set_size": 16,
                    "children": [
                        {
                            "result_set_size": 426896,
                            "operator_timing": 0.00009600000000000003,
                            "operator_rows_scanned": 0,
                            "cumulative_rows_scanned": 4880303216,
                            "operator_cardinality": 53362,
                            "operator_type": "PROJECTION",
                            "cumulative_cardinality": 1203211685,
                            "cpu_time": 43.86135999999568,
                            "operator_name": "PROJECTION",
                            "extra_info": {
                                "Projections": "l_extendedprice",
                                "Estimated Cardinality": "62471609"
                            },
                            "children": [
                                {
                                    "operator_name": "PROJECTION",
                                    "cpu_time": 43.86126399999568,
                                    "extra_info": {
                                        "Projections": "#2",
                                        "Estimated Cardinality": "62471609"
                                    },
                                    "cumulative_cardinality": 1203158323,
                                    "operator_type": "PROJECTION",
                                    "operator_cardinality": 53362,
                                    "cumulative_rows_scanned": 4880303216,
                                    "operator_rows_scanned": 0,
                                    "operator_timing": 0.00012400000000000003,
                                    "result_set_size": 426896,
                                    "children": [
                                        {
                                            "result_set_size": 1280688,
                                            "operator_timing": 0.011767000000000001,
                                            "operator_rows_scanned": 0,
                                            "cumulative_rows_scanned": 4880303216,
                                            "operator_cardinality": 53362,
                                            "operator_type": "FILTER",
                                            "cumulative_cardinality": 1203104961,
                                            "cpu_time": 43.86113999999568,
                                            "operator_name": "FILTER",
                                            "extra_info": {
                                                "Expression": "(CAST(l_quantity AS DOUBLE) < SUBQUERY)",
                                                "Estimated Cardinality": "62471609"
                                            },
                                            "children": [
                                                {
                                                    "operator_name": "RIGHT_DELIM_JOIN",
                                                    "cpu_time": 43.84937299999568,
                                                    "extra_info": {
                                                        "Join Type": "RIGHT",
                                                        "Conditions": "p_partkey IS NOT DISTINCT FROM p_partkey",
                                                        "Estimated Cardinality": "62471609",
                                                        "Delim Index": "1"
                                                    },
                                                    "cumulative_cardinality": 1203051599,
                                                    "operator_type": "RIGHT_DELIM_JOIN",
                                                    "operator_cardinality": 0,
                                                    "cumulative_rows_scanned": 4880303216,
                                                    "operator_rows_scanned": 0,
                                                    "operator_timing": 0.40284200000000003,
                                                    "result_set_size": 0,
                                                    "children": [
                                                        {
                                                            "result_set_size": 18991712,
                                                            "operator_timing": 9.930959999994748,
                                                            "operator_rows_scanned": 0,
                                                            "cumulative_rows_scanned": 2480151608,
                                                            "operator_cardinality": 593491,
                                                            "operator_type": "HASH_JOIN",
                                                            "cumulative_cardinality": 600605920,
                                                            "cpu_time": 29.90123799999287,
                                                            "operator_name": "HASH_JOIN",
                                                            "extra_info": {
                                                                "Join Type": "INNER",
                                                                "Conditions": "l_partkey = p_partkey",
                                                                "Estimated Cardinality": "10311871"
                                                            },
                                                            "children": [
                                                                {
                                                                    "operator_name": "SEQ_SCAN ",
                                                                    "cpu_time": 19.664947999998112,
                                                                    "extra_info": {
                                                                        "Table": "lineitem",
                                                                        "Type": "Sequential Scan",
                                                                        "Projections": [
                                                                            "l_partkey",
                                                                            "l_quantity",
                                                                            "l_extendedprice"
                                                                        ],
                                                                        "Estimated Cardinality": "600037902"
                                                                    },
                                                                    "cumulative_cardinality": 599992667,
                                                                    "operator_type": "TABLE_SCAN",
                                                                    "operator_cardinality": 599992667,
                                                                    "cumulative_rows_scanned": 2400151608,
                                                                    "operator_rows_scanned": 2400151608,
                                                                    "operator_timing": 19.664947999998112,
                                                                    "result_set_size": 14399824008,
                                                                    "children": []
                                                                },
                                                                {
                                                                    "operator_name": "SEQ_SCAN ",
                                                                    "cpu_time": 0.3053300000000075,
                                                                    "extra_info": {
                                                                        "Table": "part",
                                                                        "Type": "Sequential Scan",
                                                                        "Projections": "p_partkey",
                                                                        "Filters": [
                                                                            "p_brand='Brand#51'",
                                                                            "p_container='WRAP BAG'"
                                                                        ],
                                                                        "Estimated Cardinality": "425532"
                                                                    },
                                                                    "cumulative_cardinality": 19762,
                                                                    "operator_type": "TABLE_SCAN",
                                                                    "operator_cardinality": 19762,
                                                                    "cumulative_rows_scanned": 80000000,
                                                                    "operator_rows_scanned": 80000000,
                                                                    "operator_timing": 0.3053300000000075,
                                                                    "result_set_size": 158096,
                                                                    "children": []
                                                                }
                                                            ]
                                                        },
                                                        {
                                                            "result_set_size": 14243784,
                                                            "operator_timing": 0.054319,
                                                            "operator_rows_scanned": 0,
                                                            "cumulative_rows_scanned": 2400151608,
                                                            "operator_cardinality": 593491,
                                                            "operator_type": "HASH_JOIN",
                                                            "cumulative_cardinality": 602425917,
                                                            "cpu_time": 13.541739000002808,
                                                            "operator_name": "HASH_JOIN",
                                                            "extra_info": {
                                                                "Join Type": "RIGHT",
                                                                "Conditions": "p_partkey IS NOT DISTINCT FROM p_partkey",
                                                                "Estimated Cardinality": "62471609"
                                                            },
                                                            "children": [
                                                                {
                                                                    "operator_name": "PROJECTION",
                                                                    "cpu_time": 13.487420000002809,
                                                                    "extra_info": {
                                                                        "Projections": [
                                                                            "(0.2 * avg(l_quantity))",
                                                                            "p_partkey"
                                                                        ],
                                                                        "Estimated Cardinality": "62471609"
                                                                    },
                                                                    "cumulative_cardinality": 601832426,
                                                                    "operator_type": "PROJECTION",
                                                                    "operator_cardinality": 19762,
                                                                    "cumulative_rows_scanned": 2400151608,
                                                                    "operator_rows_scanned": 0,
                                                                    "operator_timing": 0.000075,
                                                                    "result_set_size": 316192,
                                                                    "children": [
                                                                        {
                                                                            "result_set_size": 316192,
                                                                            "operator_timing": 0.00007199999999999999,
                                                                            "operator_rows_scanned": 0,
                                                                            "cumulative_rows_scanned": 2400151608,
                                                                            "operator_cardinality": 19762,
                                                                            "operator_type": "PROJECTION",
                                                                            "cumulative_cardinality": 601812664,
                                                                            "cpu_time": 13.487345000002808,
                                                                            "operator_name": "PROJECTION",
                                                                            "extra_info": {
                                                                                "Projections": [
                                                                                    "__internal_decompress_integral_bigint(#0, 1)",
                                                                                    "#1"
                                                                                ],
                                                                                "Estimated Cardinality": "62471609"
                                                                            },
                                                                            "children": [
                                                                                {
                                                                                    "operator_name": "HASH_GROUP_BY",
                                                                                    "cpu_time": 13.487273000002808,
                                                                                    "extra_info": {
                                                                                        "Groups": "#0",
                                                                                        "Aggregates": "avg(#1)",
                                                                                        "Estimated Cardinality": "62471609"
                                                                                    },
                                                                                    "cumulative_cardinality": 601792902,
                                                                                    "operator_type": "HASH_GROUP_BY",
                                                                                    "operator_cardinality": 19762,
                                                                                    "cumulative_rows_scanned": 2400151608,
                                                                                    "operator_rows_scanned": 0,
                                                                                    "operator_timing": 0.05334900000000001,
                                                                                    "result_set_size": 237144,
                                                                                    "children": [
                                                                                        {
                                                                                            "result_set_size": 7121892,
                                                                                            "operator_timing": 0.0002859999999999997,
                                                                                            "operator_rows_scanned": 0,
                                                                                            "cumulative_rows_scanned": 2400151608,
                                                                                            "operator_cardinality": 593491,
                                                                                            "operator_type": "PROJECTION",
                                                                                            "cumulative_cardinality": 601773140,
                                                                                            "cpu_time": 13.433924000002808,
                                                                                            "operator_name": "PROJECTION",
                                                                                            "extra_info": {
                                                                                                "Projections": [
                                                                                                    "p_partkey",
                                                                                                    "l_quantity"
                                                                                                ],
                                                                                                "Estimated Cardinality": "124943219"
                                                                                            },
                                                                                            "children": [
                                                                                                {
                                                                                                    "operator_name": "PROJECTION",
                                                                                                    "cpu_time": 13.433638000002809,
                                                                                                    "extra_info": {
                                                                                                        "Projections": [
                                                                                                            "__internal_compress_integral_uinteger(#0, 1)",
                                                                                                            "#1",
                                                                                                            "#2"
                                                                                                        ],
                                                                                                        "Estimated Cardinality": "124943219"
                                                                                                    },
                                                                                                    "cumulative_cardinality": 601179649,
                                                                                                    "operator_type": "PROJECTION",
                                                                                                    "operator_cardinality": 593491,
                                                                                                    "cumulative_rows_scanned": 2400151608,
                                                                                                    "operator_rows_scanned": 0,
                                                                                                    "operator_timing": 0.0021699999999999988,
                                                                                                    "result_set_size": 11869820,
                                                                                                    "children": [
                                                                                                        {
                                                                                                            "result_set_size": 14243784,
                                                                                                            "operator_timing": 9.341407999999474,
                                                                                                            "operator_rows_scanned": 0,
                                                                                                            "cumulative_rows_scanned": 2400151608,
                                                                                                            "operator_cardinality": 593491,
                                                                                                            "operator_type": "HASH_JOIN",
                                                                                                            "cumulative_cardinality": 600586158,
                                                                                                            "cpu_time": 13.431468000002809,
                                                                                                            "operator_name": "HASH_JOIN",
                                                                                                            "extra_info": {
                                                                                                                "Join Type": "INNER",
                                                                                                                "Conditions": "l_partkey = p_partkey",
                                                                                                                "Estimated Cardinality": "124943219"
                                                                                                            },
                                                                                                            "children": [
                                                                                                                {
                                                                                                                    "operator_name": "SEQ_SCAN ",
                                                                                                                    "cpu_time": 4.090060000003335,
                                                                                                                    "extra_info": {
                                                                                                                        "Table": "lineitem",
                                                                                                                        "Type": "Sequential Scan",
                                                                                                                        "Projections": [
                                                                                                                            "l_partkey",
                                                                                                                            "l_quantity"
                                                                                                                        ],
                                                                                                                        "Estimated Cardinality": "600037902"
                                                                                                                    },
                                                                                                                    "cumulative_cardinality": 599992667,
                                                                                                                    "operator_type": "TABLE_SCAN",
                                                                                                                    "operator_cardinality": 599992667,
                                                                                                                    "cumulative_rows_scanned": 2400151608,
                                                                                                                    "operator_rows_scanned": 2400151608,
                                                                                                                    "operator_timing": 4.090060000003335,
                                                                                                                    "result_set_size": 9599882672,
                                                                                                                    "children": []
                                                                                                                },
                                                                                                                {
                                                                                                                    "operator_name": "DELIM_SCAN",
                                                                                                                    "cpu_time": 0.0,
                                                                                                                    "extra_info": {
                                                                                                                        "Delim Index": "1",
                                                                                                                        "Estimated Cardinality": "5155935"
                                                                                                                    },
                                                                                                                    "cumulative_cardinality": 0,
                                                                                                                    "operator_type": "DELIM_SCAN",
                                                                                                                    "operator_cardinality": 0,
                                                                                                                    "cumulative_rows_scanned": 0,
                                                                                                                    "operator_rows_scanned": 0,
                                                                                                                    "operator_timing": 0.0,
                                                                                                                    "result_set_size": 0,
                                                                                                                    "children": []
                                                                                                                }
                                                                                                            ]
                                                                                                        }
                                                                                                    ]
                                                                                                }
                                                                                            ]
                                                                                        }
                                                                                    ]
                                                                                }
                                                                            ]
                                                                        }
                                                                    ]
                                                                },
                                                                {
                                                                    "operator_name": "DUMMY_SCAN",
                                                                    "cpu_time": 0.0,
                                                                    "extra_info": {},
                                                                    "cumulative_cardinality": 0,
                                                                    "operator_type": "DUMMY_SCAN",
                                                                    "operator_cardinality": 0,
                                                                    "cumulative_rows_scanned": 0,
                                                                    "operator_rows_scanned": 0,
                                                                    "operator_timing": 0.0,
                                                                    "result_set_size": 0,
                                                                    "children": []
                                                                }
                                                            ]
                                                        },
                                                        {
                                                            "result_set_size": 158096,
                                                            "operator_timing": 0.0035540000000000003,
                                                            "operator_rows_scanned": 0,
                                                            "cumulative_rows_scanned": 0,
                                                            "operator_cardinality": 19762,
                                                            "operator_type": "HASH_GROUP_BY",
                                                            "cumulative_cardinality": 19762,
                                                            "cpu_time": 0.0035540000000000003,
                                                            "operator_name": "HASH_GROUP_BY",
                                                            "extra_info": {
                                                                "Groups": "#0",
                                                                "Aggregates": "",
                                                                "Estimated Cardinality": "62471609"
                                                            },
                                                            "children": []
                                                        }
                                                    ]
                                                }
                                            ]
                                        }
                                    ]
                                }
                            ]
                        }
                    ]
                }
            ]
        }
    ]
}