{
    "result_set_size": 2240,
    "cumulative_rows_scanned": 3060151633,
    "cumulative_cardinality": 442349947,
    "extra_info": {},
    "cpu_time": 151.71495200003363,
    "blocked_thread_time": 0.0,
    "rows_returned": 20,
    "query_name": "select\n\tc_custkey,\n\tc_name,\n\tsum(l_extendedprice * (1 - l_discount)) as revenue,\n\tc_acctbal,\n\tn_name,\n\tc_address,\n\tc_phone,\n\tc_comment\nfrom\n\tcustomer,\n\torders,\n\tlineitem,\n\tnation\nwhere\n\tc_custkey = o_custkey\n\tand l_orderkey = o_orderkey\n\tand o_orderdate >= date '1994-08-01'\n\tand o_orderdate < date '1994-08-01' + interval '3' month\n\tand l_returnflag = 'R'\n\tand c_nationkey = n_nationkey\ngroup by\n\tc_custkey,\n\tc_name,\n\tc_acctbal,\n\tc_phone,\n\tn_name,\n\tc_address,\n\tc_comment\norder by\n\trevenue desc\nLIMIT 20;",
    "latency": 41.821336,
    "children": [
        {
            "result_set_size": 2240,
            "operator_timing": 0.019717000000000064,
            "operator_rows_scanned": 0,
            "cumulative_rows_scanned": 3060151633,
            "operator_cardinality": 20,
            "operator_type": "TOP_N",
            "cumulative_cardinality": 442349947,
            "cpu_time": 151.71495200003363,
            "operator_name": "TOP_N",
            "extra_info": {
                "Top": "20",
                "Order By": "sum((tpch.main.lineitem.l_extendedprice * (1 - tpch.main.lineitem.l_discount))) DESC"
            },
            "children": [
                {
                    "operator_name": "PROJECTION",
                    "cpu_time": 151.69523500003362,
                    "extra_info": {
                        "Projections": [
                            "c_custkey",
                            "c_name",
                            "revenue",
                            "c_acctbal",
                            "n_name",
                            "c_address",
                            "c_phone",
                            "c_comment"
                        ],
                        "Estimated Cardinality": "14875744"
                    },
                    "cumulative_cardinality": 442349927,
                    "operator_type": "PROJECTION",
                    "operator_cardinality": 3886183,
                    "cumulative_rows_scanned": 3060151633,
                    "operator_rows_scanned": 0,
                    "operator_timing": 0.002593000000000021,
                    "result_set_size": 435252496,
                    "children": [
                        {
                            "result_set_size": 435252496,
                            "operator_timing": 0.11274400000000001,
                            "operator_rows_scanned": 0,
                            "cumulative_rows_scanned": 3060151633,
                            "operator_cardinality": 3886183,
                            "operator_type": "PROJECTION",
                            "cumulative_cardinality": 438463744,
                            "cpu_time": 151.69264200003363,
                            "operator_name": "PROJECTION",
                            "extra_info": {
                                "Projections": [
                                    "__internal_decompress_integral_bigint(#0, 1)",
                                    "#1",
                                    "#2",
                                    "__internal_decompress_string(#3)",
                                    "__internal_decompress_string(#4)",
                                    "#5",
                                    "#6",
                                    "#7"
                                ],
                                "Estimated Cardinality": "14875744"
                            },
                            "children": [
                                {
                                    "operator_name": "HASH_GROUP_BY",
                                    "cpu_time": 151.57989800003364,
                                    "extra_info": {
                                        "Groups": [
                                            "#0",
                                            "#1",
                                            "#2",
                                            "#3",
                                            "#4",
                                            "#5",
                                            "#6"
                                        ],
                                        "Aggregates": "sum(#7)",
                                        "Estimated Cardinality": "14875744"
                                    },
                                    "cumulative_cardinality": 434577561,
                                    "operator_type": "HASH_GROUP_BY",
                                    "operator_cardinality": 3886183,
                                    "cumulative_rows_scanned": 3060151633,
                                    "operator_rows_scanned": 0,
                                    "operator_timing": 43.08227599999996,
                                    "result_set_size": 419707764,
                                    "children": [
                                        {
                                            "result_set_size": 1147020700,
                                            "operator_timing": 0.10436600000000155,
                                            "operator_rows_scanned": 0,
                                            "cumulative_rows_scanned": 3060151633,
                                            "operator_cardinality": 11470207,
                                            "operator_type": "PROJECTION",
                                            "cumulative_cardinality": 430691378,
                                            "cpu_time": 108.49762200003367,
                                            "operator_name": "PROJECTION",
                                            "extra_info": {
                                                "Projections": [
                                                    "c_custkey",
                                                    "c_name",
                                                    "c_acctbal",
                                                    "c_phone",
                                                    "n_name",
                                                    "c_address",
                                                    "c_comment",
                                                    "(l_extendedprice * (1.00 - l_discount))"
                                                ],
                                                "Estimated Cardinality": "40620938"
                                            },
                                            "children": [
                                                {
                                                    "operator_name": "PROJECTION",
                                                    "cpu_time": 108.39325600003367,
                                                    "extra_info": {
                                                        "Projections": [
                                                            "#0",
                                                            "#1",
                                                            "__internal_compress_integral_uinteger(#2, 1)",
                                                            "#3",
                                                            "#4",
                                                            "__internal_compress_string_hugeint(#5)",
                                                            "#6",
                                                            "#7",
                                                            "__internal_compress_string_hugeint(#8)"
                                                        ],
                                                        "Estimated Cardinality": "40620938"
                                                    },
                                                    "cumulative_cardinality": 419221171,
                                                    "operator_type": "PROJECTION",
                                                    "operator_cardinality": 11470207,
                                                    "cumulative_rows_scanned": 3060151633,
                                                    "operator_rows_scanned": 0,
                                                    "operator_timing": 0.36242299999999306,
                                                    "result_set_size": 1238782356,
                                                    "children": [
                                                        {
                                                            "result_set_size": 1284663184,
                                                            "operator_timing": 0.4102859999999946,
                                                            "operator_rows_scanned": 0,
                                                            "cumulative_rows_scanned": 3060151633,
                                                            "operator_cardinality": 11470207,
                                                            "operator_type": "PROJECTION",
                                                            "cumulative_cardinality": 407750964,
                                                            "cpu_time": 108.03083300003368,
                                                            "operator_name": "PROJECTION",
                                                            "extra_info": {
                                                                "Projections": [
                                                                    "#0",
                                                                    "#1",
                                                                    "__internal_decompress_integral_bigint(#2, 1)",
                                                                    "#3",
                                                                    "#4",
                                                                    "__internal_decompress_string(#5)",
                                                                    "#6",
                                                                    "#7",
                                                                    "__internal_decompress_string(#8)"
                                                                ],
                                                                "Estimated Cardinality": "40620938"
                                                            },
                                                            "children": [
                                                                {
                                                                    "operator_name": "HASH_JOIN",
                                                                    "cpu_time": 107.62054700003368,
                                                                    "extra_info": {
                                                                        "Join Type": "INNER",
                                                                        "Conditions": "l_orderkey = o_orderkey",
                                                                        "Estimated Cardinality": "40620938"
                                                                    },
                                                                    "cumulative_cardinality": 396280757,
                                                                    "operator_type": "HASH_JOIN",
                                                                    "operator_cardinality": 11470207,
                                                                    "cumulative_rows_scanned": 3060151633,
                                                                    "operator_rows_scanned": 0,
                                                                    "operator_timing": 25.151939000010024,
                                                                    "result_set_size": 1238782356,
                                                                    "children": [
                                                                        {
                                                                            "result_set_size": 2961345220,
                                                                            "operator_timing": 0.830025000000619,
                                                                            "operator_rows_scanned": 0,
                                                                            "cumulative_rows_scanned": 2400151608,
                                                                            "operator_cardinality": 148067261,
                                                                            "operator_type": "PROJECTION",
                                                                            "cumulative_cardinality": 296134522,
                                                                            "cpu_time": 59.242774000023154,
                                                                            "operator_name": "PROJECTION",
                                                                            "extra_info": {
                                                                                "Projections": [
                                                                                    "__internal_compress_integral_uinteger(#0, 1)",
                                                                                    "#1",
                                                                                    "#2"
                                                                                ],
                                                                                "Estimated Cardinality": "200012634"
                                                                            },
                                                                            "children": [
                                                                                {
                                                                                    "operator_name": "SEQ_SCAN ",
                                                                                    "cpu_time": 58.41274900002254,
                                                                                    "extra_info": {
                                                                                        "Table": "lineitem",
                                                                                        "Type": "Sequential Scan",
                                                                                        "Projections": [
                                                                                            "l_orderkey",
                                                                                            "l_extendedprice",
                                                                                            "l_discount"
                                                                                        ],
                                                                                        "Filters": "l_returnflag='R'",
                                                                                        "Estimated Cardinality": "200012634"
                                                                                    },
                                                                                    "cumulative_cardinality": 148067261,
                                                                                    "operator_type": "TABLE_SCAN",
                                                                                    "operator_cardinality": 148067261,
                                                                                    "cumulative_rows_scanned": 2400151608,
                                                                                    "operator_rows_scanned": 2400151608,
                                                                                    "operator_timing": 58.41274900002254,
                                                                                    "result_set_size": 3553614264,
                                                                                    "children": []
                                                                                }
                                                                            ]
                                                                        },
                                                                        {
                                                                            "result_set_size": 550579296,
                                                                            "operator_timing": 0.28668300000000024,
                                                                            "operator_rows_scanned": 0,
                                                                            "cumulative_rows_scanned": 660000025,
                                                                            "operator_cardinality": 5735201,
                                                                            "operator_type": "PROJECTION",
                                                                            "cumulative_cardinality": 88676028,
                                                                            "cpu_time": 23.225834000000503,
                                                                            "operator_name": "PROJECTION",
                                                                            "extra_info": {
                                                                                "Projections": [
                                                                                    "__internal_compress_integral_uinteger(#0, 1)",
                                                                                    "#1",
                                                                                    "#2",
                                                                                    "__internal_compress_string_hugeint(#3)",
                                                                                    "#4",
                                                                                    "#5",
                                                                                    "__internal_compress_string_hugeint(#6)",
                                                                                    "__internal_compress_integral_uinteger(#7, 1)"
                                                                                ],
                                                                                "Estimated Cardinality": "30212443"
                                                                            },
                                                                            "children": [
                                                                                {
                                                                                    "operator_name": "PROJECTION",
                                                                                    "cpu_time": 22.939151000000503,
                                                                                    "extra_info": {
                                                                                        "Projections": [
                                                                                            "__internal_decompress_integral_bigint(#0, 1)",
                                                                                            "#1",
                                                                                            "#2",
                                                                                            "#3",
                                                                                            "#4",
                                                                                            "#5",
                                                                                            "#6",
                                                                                            "__internal_decompress_integral_bigint(#7, 1)"
                                                                                        ],
                                                                                        "Estimated Cardinality": "30212443"
                                                                                    },
                                                                                    "cumulative_cardinality": 82940827,
                                                                                    "operator_type": "PROJECTION",
                                                                                    "operator_cardinality": 5735201,
                                                                                    "cumulative_rows_scanned": 660000025,
                                                                                    "operator_rows_scanned": 0,
                                                                                    "operator_timing": 0.058878999999999855,
                                                                                    "result_set_size": 596460904,
                                                                                    "children": [
                                                                                        {
                                                                                            "result_set_size": 550579296,
                                                                                            "operator_timing": 3.797259000000044,
                                                                                            "operator_rows_scanned": 0,
                                                                                            "cumulative_rows_scanned": 660000025,
                                                                                            "operator_cardinality": 5735201,
                                                                                            "operator_type": "HASH_JOIN",
                                                                                            "cumulative_cardinality": 77205626,
                                                                                            "cpu_time": 22.880272000000502,
                                                                                            "operator_name": "HASH_JOIN",
                                                                                            "extra_info": {
                                                                                                "Join Type": "INNER",
                                                                                                "Conditions": "c_custkey = o_custkey",
                                                                                                "Estimated Cardinality": "30212443"
                                                                                            },
                                                                                            "children": [
                                                                                                {
                                                                                                    "operator_name": "PROJECTION",
                                                                                                    "cpu_time": 14.411395999999991,
                                                                                                    "extra_info": {
                                                                                                        "Projections": [
                                                                                                            "__internal_compress_integral_uinteger(#0, 1)",
                                                                                                            "#1",
                                                                                                            "#2",
                                                                                                            "#3",
                                                                                                            "#4",
                                                                                                            "#5",
                                                                                                            "#6"
                                                                                                        ],
                                                                                                        "Estimated Cardinality": "14423076"
                                                                                                    },
                                                                                                    "cumulative_cardinality": 60000023,
                                                                                                    "operator_type": "PROJECTION",
                                                                                                    "operator_cardinality": 14999999,
                                                                                                    "cumulative_rows_scanned": 60000025,
                                                                                                    "operator_rows_scanned": 0,
                                                                                                    "operator_timing": 0.03525799999999944,
                                                                                                    "result_set_size": 1379999908,
                                                                                                    "children": [
                                                                                                        {
                                                                                                            "result_set_size": 1439999904,
                                                                                                            "operator_timing": 0.04448900000000018,
                                                                                                            "operator_rows_scanned": 0,
                                                                                                            "cumulative_rows_scanned": 60000025,
                                                                                                            "operator_cardinality": 14999999,
                                                                                                            "operator_type": "FILTER",
                                                                                                            "cumulative_cardinality": 45000024,
                                                                                                            "cpu_time": 14.376137999999992,
                                                                                                            "operator_name": "FILTER",
                                                                                                            "extra_info": {
                                                                                                                "Expression": "(c_custkey <= 14999999)",
                                                                                                                "Estimated Cardinality": "14423076"
                                                                                                            },
                                                                                                            "children": [
                                                                                                                {
                                                                                                                    "operator_name": "HASH_JOIN",
                                                                                                                    "cpu_time": 14.331648999999992,
                                                                                                                    "extra_info": {
                                                                                                                        "Join Type": "INNER",
                                                                                                                        "Conditions": "c_nationkey = n_nationkey",
                                                                                                                        "Estimated Cardinality": "14423076"
                                                                                                                    },
                                                                                                                    "cumulative_cardinality": 30000025,
                                                                                                                    "operator_type": "HASH_JOIN",
                                                                                                                    "operator_cardinality": 15000000,
                                                                                                                    "cumulative_rows_scanned": 60000025,
                                                                                                                    "operator_rows_scanned": 0,
                                                                                                                    "operator_timing": 0.078769,
                                                                                                                    "result_set_size": 1440000000,
                                                                                                                    "children": [
                                                                                                                        {
                                                                                                                            "result_set_size": 1260000000,
                                                                                                                            "operator_timing": 14.252865999999992,
                                                                                                                            "operator_rows_scanned": 60000000,
                                                                                                                            "cumulative_rows_scanned": 60000000,
                                                                                                                            "operator_cardinality": 15000000,
                                                                                                                            "operator_type": "TABLE_SCAN",
                                                                                                                            "cumulative_cardinality": 15000000,
                                                                                                                            "cpu_time": 14.252865999999992,
                                                                                                                            "operator_name": "SEQ_SCAN ",
                                                                                                                            "extra_info": {
                                                                                                                                "Table": "customer",
                                                                                                                                "Type": "Sequential Scan",
                                                                                                                                "Projections": [
                                                                                                                                    "c_custkey",
                                                                                                                                    "c_nationkey",
                                                                                                                                    "c_name",
                                                                                                                                    "c_acctbal",
                                                                                                                                    "c_phone",
                                                                                                                                    "c_address",
                                                                                                                                    "c_comment"
                                                                                                                                ],
                                                                                                                                "Estimated Cardinality": "15000000"
                                                                                                                            },
                                                                                                                            "children": []
                                                                                                                        },
                                                                                                                        {
                                                                                                                            "result_set_size": 500,
                                                                                                                            "operator_timing": 0.000014,
                                                                                                                            "operator_rows_scanned": 25,
                                                                                                                            "cumulative_rows_scanned": 25,
                                                                                                                            "operator_cardinality": 25,
                                                                                                                            "operator_type": "TABLE_SCAN",
                                                                                                                            "cumulative_cardinality": 25,
                                                                                                                            "cpu_time": 0.000014,
                                                                                                                            "operator_name": "SEQ_SCAN ",
                                                                                                                            "extra_info": {
                                                                                                                                "Table": "nation",
                                                                                                                                "Type": "Sequential Scan",
                                                                                                                                "Projections": [
                                                                                                                                    "n_nationkey",
                                                                                                                                    "n_name"
                                                                                                                                ],
                                                                                                                                "Estimated Cardinality": "25"
                                                                                                                            },
                                                                                                                            "children": []
                                                                                                                        }
                                                                                                                    ]
                                                                                                                }
                                                                                                            ]
                                                                                                        }
                                                                                                    ]
                                                                                                },
                                                                                                {
                                                                                                    "operator_name": "PROJECTION",
                                                                                                    "cpu_time": 4.671617000000467,
                                                                                                    "extra_info": {
                                                                                                        "Projections": [
                                                                                                            "__internal_compress_integral_uinteger(#0, 1)",
                                                                                                            "__internal_compress_integral_uinteger(#1, 1)"
                                                                                                        ],
                                                                                                        "Estimated Cardinality": "30000000"
                                                                                                    },
                                                                                                    "cumulative_cardinality": 11470402,
                                                                                                    "operator_type": "PROJECTION",
                                                                                                    "operator_cardinality": 5735201,
                                                                                                    "cumulative_rows_scanned": 600000000,
                                                                                                    "operator_rows_scanned": 0,
                                                                                                    "operator_timing": 0.23723100000006725,
                                                                                                    "result_set_size": 45881608,
                                                                                                    "children": [
                                                                                                        {
                                                                                                            "result_set_size": 91763216,
                                                                                                            "operator_timing": 4.4343860000004,
                                                                                                            "operator_rows_scanned": 600000000,
                                                                                                            "cumulative_rows_scanned": 600000000,
                                                                                                            "operator_cardinality": 5735201,
                                                                                                            "operator_type": "TABLE_SCAN",
                                                                                                            "cumulative_cardinality": 5735201,
                                                                                                            "cpu_time": 4.4343860000004,
                                                                                                            "operator_name": "SEQ_SCAN ",
                                                                                                            "extra_info": {
                                                                                                                "Table": "orders",
                                                                                                                "Type": "Sequential Scan",
                                                                                                                "Projections": [
                                                                                                                    "o_custkey",
                                                                                                                    "o_orderkey"
                                                                                                                ],
                                                                                                                "Filters": "o_orderdate>='1994-08-01'::DATE AND o_orderdate<'1994-11-01'::DATE",
                                                                                                                "Estimated Cardinality": "30000000"
                                                                                                            },
                                                                                                            "children": []
                                                                                                        }
                                                                                                    ]
                                                                                                }
                                                                                            ]
                                                                                        }
                                                                                    ]
                                                                                }
                                                                            ]
                                                                        }
                                                                    ]
                                                                }
                                                            ]
                                                        }
                                                    ]
                                                }
                                            ]
                                        }
                                    ]
                                }
                            ]
                        }
                    ]
                }
            ]
        }
    ]
}