{
    "result_set_size": 7000,
    "cumulative_rows_scanned": 3404151633,
    "cumulative_cardinality": 1354263841,
    "extra_info": {},
    "cpu_time": 162.45683799994254,
    "blocked_thread_time": 0.0,
    "rows_returned": 175,
    "query_name": "select\n\tnation,\n\to_year,\n\tsum(amount) as sum_profit\nfrom\n\t(\n\t\tselect\n\t\t\tn_name as nation,\n\t\t\textract(year from o_orderdate) as o_year,\n\t\t\tl_extendedprice * (1 - l_discount) - ps_supplycost * l_quantity as amount\n\t\tfrom\n\t\t\tpart,\n\t\t\tsupplier,\n\t\t\tlineitem,\n\t\t\tpartsupp,\n\t\t\torders,\n\t\t\tnation\n\t\twhere\n\t\t\ts_suppkey = l_suppkey\n\t\t\tand ps_suppkey = l_suppkey\n\t\t\tand ps_partkey = l_partkey\n\t\t\tand p_partkey = l_partkey\n\t\t\tand o_orderkey = l_orderkey\n\t\t\tand s_nationkey = n_nationkey\n\t\t\tand p_name like '%rose%'\n\t) as profit\ngroup by\n\tnation,\n\to_year\norder by\n\tnation,\n\to_year desc;",
    "latency": 51.595882,
    "children": [
        {
            "result_set_size": 7000,
            "operator_timing": 0.000015,
            "operator_rows_scanned": 0,
            "cumulative_rows_scanned": 3404151633,
            "operator_cardinality": 175,
            "operator_type": "PROJECTION",
            "cumulative_cardinality": 1354263841,
            "cpu_time": 162.45683799994254,
            "operator_name": "PROJECTION",
            "extra_info": {
                "Projections": [
                    "__internal_decompress_string(#0)",
                    "__internal_decompress_integral_bigint(#1, 1992)",
                    "#2"
                ],
                "Estimated Cardinality": "19840288"
            },
            "children": [
                {
                    "operator_name": "ORDER_BY",
                    "cpu_time": 162.45682299994255,
                    "extra_info": {
                        "Order By": [
                            "profit.nation ASC",
                            "profit.o_year DESC"
                        ]
                    },
                    "cumulative_cardinality": 1354263666,
                    "operator_type": "ORDER_BY",
                    "operator_cardinality": 175,
                    "cumulative_rows_scanned": 3404151633,
                    "operator_rows_scanned": 0,
                    "operator_timing": 0.001288,
                    "result_set_size": 5775,
                    "children": [
                        {
                            "result_set_size": 5775,
                            "operator_timing": 0.000017,
                            "operator_rows_scanned": 0,
                            "cumulative_rows_scanned": 3404151633,
                            "operator_cardinality": 175,
                            "operator_type": "PROJECTION",
                            "cumulative_cardinality": 1354263491,
                            "cpu_time": 162.45553499994256,
                            "operator_name": "PROJECTION",
                            "extra_info": {
                                "Projections": [
                                    "__internal_compress_string_hugeint(#0)",
                                    "__internal_compress_integral_utinyint(#1, 1992)",
                                    "#2"
                                ],
                                "Estimated Cardinality": "19840288"
                            },
                            "children": [
                                {
                                    "operator_name": "PROJECTION",
                                    "cpu_time": 162.45551799994254,
                                    "extra_info": {
                                        "Projections": [
                                            "__internal_decompress_string(#0)",
                                            "__internal_decompress_integral_bigint(#1, 1992)",
                                            "#2"
                                        ],
                                        "Estimated Cardinality": "19840288"
                                    },
                                    "cumulative_cardinality": 1354263316,
                                    "operator_type": "PROJECTION",
                                    "operator_cardinality": 175,
                                    "cumulative_rows_scanned": 3404151633,
                                    "operator_rows_scanned": 0,
                                    "operator_timing": 0.000021,
                                    "result_set_size": 7000,
                                    "children": [
                                        {
                                            "result_set_size": 5775,
                                            "operator_timing": 2.147614999999082,
                                            "operator_rows_scanned": 0,
                                            "cumulative_rows_scanned": 3404151633,
                                            "operator_cardinality": 175,
                                            "operator_type": "HASH_GROUP_BY",
                                            "cumulative_cardinality": 1354263141,
                                            "cpu_time": 162.45549699994254,
                                            "operator_name": "HASH_GROUP_BY",
                                            "extra_info": {
                                                "Groups": [
                                                    "#0",
                                                    "#1"
                                                ],
                                                "Aggregates": "sum(#2)",
                                                "Estimated Cardinality": "19840288"
                                            },
                                            "children": [
                                                {
                                                    "operator_name": "PROJECTION",
                                                    "cpu_time": 160.30788199994345,
                                                    "extra_info": {
                                                        "Projections": [
                                                            "nation",
                                                            "o_year",
                                                            "amount"
                                                        ],
                                                        "Estimated Cardinality": "304752704"
                                                    },
                                                    "cumulative_cardinality": 1354262966,
                                                    "operator_type": "PROJECTION",
                                                    "operator_cardinality": 32537155,
                                                    "cumulative_rows_scanned": 3404151633,
                                                    "operator_rows_scanned": 0,
                                                    "operator_timing": 0.11398200000003053,
                                                    "result_set_size": 813428875,
                                                    "children": [
                                                        {
                                                            "result_set_size": 813428875,
                                                            "operator_timing": 2.2887399999987736,
                                                            "operator_rows_scanned": 0,
                                                            "cumulative_rows_scanned": 3404151633,
                                                            "operator_cardinality": 32537155,
                                                            "operator_type": "PROJECTION",
                                                            "cumulative_cardinality": 1321725811,
                                                            "cpu_time": 160.19389999994343,
                                                            "operator_name": "PROJECTION",
                                                            "extra_info": {
                                                                "Projections": [
                                                                    "__internal_compress_string_hugeint(#0)",
                                                                    "__internal_compress_integral_utinyint(#1, 1992)",
                                                                    "#2"
                                                                ],
                                                                "Estimated Cardinality": "304752704"
                                                            },
                                                            "children": [
                                                                {
                                                                    "operator_name": "PROJECTION",
                                                                    "cpu_time": 157.90515999994466,
                                                                    "extra_info": {
                                                                        "Projections": [
                                                                            "nation",
                                                                            "o_year",
                                                                            "amount"
                                                                        ],
                                                                        "Estimated Cardinality": "304752704"
                                                                    },
                                                                    "cumulative_cardinality": 1289188656,
                                                                    "operator_type": "PROJECTION",
                                                                    "operator_cardinality": 32537155,
                                                                    "cumulative_rows_scanned": 3404151633,
                                                                    "operator_rows_scanned": 0,
                                                                    "operator_timing": 1.8410379999993673,
                                                                    "result_set_size": 1041188960,
                                                                    "children": [
                                                                        {
                                                                            "result_set_size": 1691932060,
                                                                            "operator_timing": 1.6338280000003091,
                                                                            "operator_rows_scanned": 0,
                                                                            "cumulative_rows_scanned": 3404151633,
                                                                            "operator_cardinality": 32537155,
                                                                            "operator_type": "HASH_JOIN",
                                                                            "cumulative_cardinality": 1256651501,
                                                                            "cpu_time": 156.06412199994529,
                                                                            "operator_name": "HASH_JOIN",
                                                                            "extra_info": {
                                                                                "Join Type": "INNER",
                                                                                "Conditions": "l_suppkey = s_suppkey",
                                                                                "Estimated Cardinality": "304752704"
                                                                            },
                                                                            "children": [
                                                                                {
                                                                                    "operator_name": "PROJECTION",
                                                                                    "cpu_time": 154.413122999945,
                                                                                    "extra_info": {
                                                                                        "Projections": [
                                                                                            "#3",
                                                                                            "#4",
                                                                                            "#0",
                                                                                            "#1",
                                                                                            "#2",
                                                                                            "#5"
                                                                                        ],
                                                                                        "Estimated Cardinality": "105258821"
                                                                                    },
                                                                                    "cumulative_cardinality": 1222114321,
                                                                                    "operator_type": "PROJECTION",
                                                                                    "operator_cardinality": 32537155,
                                                                                    "cumulative_rows_scanned": 3400151608,
                                                                                    "operator_rows_scanned": 0,
                                                                                    "operator_timing": 0.2272100000001358,
                                                                                    "result_set_size": 1431634820,
                                                                                    "children": [
                                                                                        {
                                                                                            "result_set_size": 1431634820,
                                                                                            "operator_timing": 33.915044999994485,
                                                                                            "operator_rows_scanned": 0,
                                                                                            "cumulative_rows_scanned": 3400151608,
                                                                                            "operator_cardinality": 32537155,
                                                                                            "operator_type": "HASH_JOIN",
                                                                                            "cumulative_cardinality": 1189577166,
                                                                                            "cpu_time": 154.18591299994486,
                                                                                            "operator_name": "HASH_JOIN",
                                                                                            "extra_info": {
                                                                                                "Join Type": "INNER",
                                                                                                "Conditions": "l_orderkey = o_orderkey",
                                                                                                "Estimated Cardinality": "105258821"
                                                                                            },
                                                                                            "children": [
                                                                                                {
                                                                                                    "operator_name": "PROJECTION",
                                                                                                    "cpu_time": 119.47864399995039,
                                                                                                    "extra_info": {
                                                                                                        "Projections": [
                                                                                                            "__internal_compress_integral_uinteger(#0, 1)",
                                                                                                            "#1",
                                                                                                            "#2",
                                                                                                            "#3",
                                                                                                            "#4",
                                                                                                            "#5"
                                                                                                        ],
                                                                                                        "Estimated Cardinality": "104390399"
                                                                                                    },
                                                                                                    "cumulative_cardinality": 857040011,
                                                                                                    "operator_type": "PROJECTION",
                                                                                                    "operator_cardinality": 32537155,
                                                                                                    "cumulative_rows_scanned": 2800151608,
                                                                                                    "operator_rows_scanned": 0,
                                                                                                    "operator_timing": 0.8364830000006445,
                                                                                                    "result_set_size": 1431634820,
                                                                                                    "children": [
                                                                                                        {
                                                                                                            "result_set_size": 1561783440,
                                                                                                            "operator_timing": 74.1089809999559,
                                                                                                            "operator_rows_scanned": 0,
                                                                                                            "cumulative_rows_scanned": 2800151608,
                                                                                                            "operator_cardinality": 32537155,
                                                                                                            "operator_type": "HASH_JOIN",
                                                                                                            "cumulative_cardinality": 824502856,
                                                                                                            "cpu_time": 118.64216099994975,
                                                                                                            "operator_name": "HASH_JOIN",
                                                                                                            "extra_info": {
                                                                                                                "Join Type": "INNER",
                                                                                                                "Conditions": [
                                                                                                                    "l_partkey = p_partkey",
                                                                                                                    "l_suppkey = ps_suppkey"
                                                                                                                ],
                                                                                                                "Estimated Cardinality": "104390399"
                                                                                                            },
                                                                                                            "children": [
                                                                                                                {
                                                                                                                    "operator_name": "SEQ_SCAN ",
                                                                                                                    "cpu_time": 36.883293999993946,
                                                                                                                    "extra_info": {
                                                                                                                        "Table": "lineitem",
                                                                                                                        "Type": "Sequential Scan",
                                                                                                                        "Projections": [
                                                                                                                            "l_suppkey",
                                                                                                                            "l_partkey",
                                                                                                                            "l_orderkey",
                                                                                                                            "l_extendedprice",
                                                                                                                            "l_discount",
                                                                                                                            "l_quantity"
                                                                                                                        ],
                                                                                                                        "Estimated Cardinality": "600037902"
                                                                                                                    },
                                                                                                                    "cumulative_cardinality": 600035992,
                                                                                                                    "operator_type": "TABLE_SCAN",
                                                                                                                    "operator_cardinality": 600035992,
                                                                                                                    "cumulative_rows_scanned": 2400151608,
                                                                                                                    "operator_rows_scanned": 2400151608,
                                                                                                                    "operator_timing": 36.883293999993946,
                                                                                                                    "result_set_size": 28801727616,
                                                                                                                    "children": []
                                                                                                                },
                                                                                                                {
                                                                                                                    "operator_name": "PROJECTION",
                                                                                                                    "cpu_time": 7.649885999999914,
                                                                                                                    "extra_info": {
                                                                                                                        "Projections": [
                                                                                                                            "#0",
                                                                                                                            "#1",
                                                                                                                            "__internal_decompress_integral_bigint(#2, 1)"
                                                                                                                        ],
                                                                                                                        "Estimated Cardinality": "12923393"
                                                                                                                    },
                                                                                                                    "cumulative_cardinality": 191929709,
                                                                                                                    "operator_type": "PROJECTION",
                                                                                                                    "operator_cardinality": 4338076,
                                                                                                                    "cumulative_rows_scanned": 400000000,
                                                                                                                    "operator_rows_scanned": 0,
                                                                                                                    "operator_timing": 0.062461999999997894,
                                                                                                                    "result_set_size": 104113824,
                                                                                                                    "children": [
                                                                                                                        {
                                                                                                                            "result_set_size": 86761520,
                                                                                                                            "operator_timing": 2.9730299999999223,
                                                                                                                            "operator_rows_scanned": 0,
                                                                                                                            "cumulative_rows_scanned": 400000000,
                                                                                                                            "operator_cardinality": 4338076,
                                                                                                                            "operator_type": "HASH_JOIN",
                                                                                                                            "cumulative_cardinality": 187591633,
                                                                                                                            "cpu_time": 7.587423999999916,
                                                                                                                            "operator_name": "HASH_JOIN",
                                                                                                                            "extra_info": {
                                                                                                                                "Join Type": "INNER",
                                                                                                                                "Conditions": "ps_partkey = p_partkey",
                                                                                                                                "Estimated Cardinality": "12923393"
                                                                                                                            },
                                                                                                                            "children": [
                                                                                                                                {
                                                                                                                                    "operator_name": "PROJECTION",
                                                                                                                                    "cpu_time": 2.3973989999999823,
                                                                                                                                    "extra_info": {
                                                                                                                                        "Projections": [
                                                                                                                                            "#0",
                                                                                                                                            "__internal_compress_integral_uinteger(#1, 1)",
                                                                                                                                            "#2"
                                                                                                                                        ],
                                                                                                                                        "Estimated Cardinality": "80000000"
                                                                                                                                    },
                                                                                                                                    "cumulative_cardinality": 160000000,
                                                                                                                                    "operator_type": "PROJECTION",
                                                                                                                                    "operator_cardinality": 80000000,
                                                                                                                                    "cumulative_rows_scanned": 320000000,
                                                                                                                                    "operator_rows_scanned": 0,
                                                                                                                                    "operator_timing": 0.09438699999998965,
                                                                                                                                    "result_set_size": 1600000000,
                                                                                                                                    "children": [
                                                                                                                                        {
                                                                                                                                            "result_set_size": 1920000000,
                                                                                                                                            "operator_timing": 2.3030119999999927,
                                                                                                                                            "operator_rows_scanned": 320000000,
                                                                                                                                            "cumulative_rows_scanned": 320000000,
                                                                                                                                            "operator_cardinality": 80000000,
                                                                                                                                            "operator_type": "TABLE_SCAN",
                                                                                                                                            "cumulative_cardinality": 80000000,
                                                                                                                                            "cpu_time": 2.3030119999999927,
                                                                                                                                            "operator_name": "SEQ_SCAN ",
                                                                                                                                            "extra_info": {
                                                                                                                                                "Table": "partsupp",
                                                                                                                                                "Type": "Sequential Scan",
                                                                                                                                                "Projections": [
                                                                                                                                                    "ps_suppkey",
                                                                                                                                                    "ps_partkey",
                                                                                                                                                    "ps_supplycost"
                                                                                                                                                ],
                                                                                                                                                "Estimated Cardinality": "80000000"
                                                                                                                                            },
                                                                                                                                            "children": []
                                                                                                                                        }
                                                                                                                                    ]
                                                                                                                                },
                                                                                                                                {
                                                                                                                                    "operator_name": "PROJECTION",
                                                                                                                                    "cpu_time": 2.2169950000000114,
                                                                                                                                    "extra_info": {
                                                                                                                                        "Projections": "__internal_compress_integral_uinteger(#0, 1)",
                                                                                                                                        "Estimated Cardinality": "4000000"
                                                                                                                                    },
                                                                                                                                    "cumulative_cardinality": 23253557,
                                                                                                                                    "operator_type": "PROJECTION",
                                                                                                                                    "operator_cardinality": 1084519,
                                                                                                                                    "cumulative_rows_scanned": 80000000,
                                                                                                                                    "operator_rows_scanned": 0,
                                                                                                                                    "operator_timing": 0.017610999999999984,
                                                                                                                                    "result_set_size": 4338076,
                                                                                                                                    "children": [
                                                                                                                                        {
                                                                                                                                            "result_set_size": 8676152,
                                                                                                                                            "operator_timing": 0.003390000000000056,
                                                                                                                                            "operator_rows_scanned": 0,
                                                                                                                                            "cumulative_rows_scanned": 80000000,
                                                                                                                                            "operator_cardinality": 1084519,
                                                                                                                                            "operator_type": "PROJECTION",
                                                                                                                                            "cumulative_cardinality": 22169038,
                                                                                                                                            "cpu_time": 2.1993840000000113,
                                                                                                                                            "operator_name": "PROJECTION",
                                                                                                                                            "extra_info": {
                                                                                                                                                "Projections": "#0",
                                                                                                                                                "Estimated Cardinality": "4000000"
                                                                                                                                            },
                                                                                                                                            "children": [
                                                                                                                                                {
                                                                                                                                                    "operator_name": "FILTER",
                                                                                                                                                    "cpu_time": 2.1959940000000113,
                                                                                                                                                    "extra_info": {
                                                                                                                                                        "Expression": "contains(p_name, 'rose')",
                                                                                                                                                        "Estimated Cardinality": "4000000"
                                                                                                                                                    },
                                                                                                                                                    "cumulative_cardinality": 21084519,
                                                                                                                                                    "operator_type": "FILTER",
                                                                                                                                                    "operator_cardinality": 1084519,
                                                                                                                                                    "cumulative_rows_scanned": 80000000,
                                                                                                                                                    "operator_rows_scanned": 0,
                                                                                                                                                    "operator_timing": 0.979366999999998,
                                                                                                                                                    "result_set_size": 26028456,
                                                                                                                                                    "children": [
                                                                                                                                                        {
                                                                                                                                                            "result_set_size": 480000000,
                                                                                                                                                            "operator_timing": 1.2166270000000132,
                                                                                                                                                            "operator_rows_scanned": 80000000,
                                                                                                                                                            "cumulative_rows_scanned": 80000000,
                                                                                                                                                            "operator_cardinality": 20000000,
                                                                                                                                                            "operator_type": "TABLE_SCAN",
                                                                                                                                                            "cumulative_cardinality": 20000000,
                                                                                                                                                            "cpu_time": 1.2166270000000132,
                                                                                                                                                            "operator_name": "SEQ_SCAN ",
                                                                                                                                                            "extra_info": {
                                                                                                                                                                "Table": "part",
                                                                                                                                                                "Type": "Sequential Scan",
                                                                                                                                                                "Projections": [
                                                                                                                                                                    "p_partkey",
                                                                                                                                                                    "p_name"
                                                                                                                                                                ],
                                                                                                                                                                "Estimated Cardinality": "20000000"
                                                                                                                                                            },
                                                                                                                                                            "children": []
                                                                                                                                                        }
                                                                                                                                                    ]
                                                                                                                                                }
                                                                                                                                            ]
                                                                                                                                        }
                                                                                                                                    ]
                                                                                                                                }
                                                                                                                            ]
                                                                                                                        }
                                                                                                                    ]
                                                                                                                }
                                                                                                            ]
                                                                                                        }
                                                                                                    ]
                                                                                                },
                                                                                                {
                                                                                                    "operator_name": "PROJECTION",
                                                                                                    "cpu_time": 0.7922239999999636,
                                                                                                    "extra_info": {
                                                                                                        "Projections": [
                                                                                                            "__internal_compress_integral_uinteger(#0, 1)",
                                                                                                            "#1"
                                                                                                        ],
                                                                                                        "Estimated Cardinality": "150000000"
                                                                                                    },
                                                                                                    "cumulative_cardinality": 300000000,
                                                                                                    "operator_type": "PROJECTION",
                                                                                                    "operator_cardinality": 150000000,
                                                                                                    "cumulative_rows_scanned": 600000000,
                                                                                                    "operator_rows_scanned": 0,
                                                                                                    "operator_timing": 0.17598300000001643,
                                                                                                    "result_set_size": 1200000000,
                                                                                                    "children": [
                                                                                                        {
                                                                                                            "result_set_size": 1800000000,
                                                                                                            "operator_timing": 0.6162409999999472,
                                                                                                            "operator_rows_scanned": 600000000,
                                                                                                            "cumulative_rows_scanned": 600000000,
                                                                                                            "operator_cardinality": 150000000,
                                                                                                            "operator_type": "TABLE_SCAN",
                                                                                                            "cumulative_cardinality": 150000000,
                                                                                                            "cpu_time": 0.6162409999999472,
                                                                                                            "operator_name": "SEQ_SCAN ",
                                                                                                            "extra_info": {
                                                                                                                "Table": "orders",
                                                                                                                "Type": "Sequential Scan",
                                                                                                                "Projections": [
                                                                                                                    "o_orderkey",
                                                                                                                    "o_orderdate"
                                                                                                                ],
                                                                                                                "Estimated Cardinality": "150000000"
                                                                                                            },
                                                                                                            "children": []
                                                                                                        }
                                                                                                    ]
                                                                                                }
                                                                                            ]
                                                                                        }
                                                                                    ]
                                                                                },
                                                                                {
                                                                                    "operator_name": "HASH_JOIN",
                                                                                    "cpu_time": 0.017171,
                                                                                    "extra_info": {
                                                                                        "Join Type": "INNER",
                                                                                        "Conditions": "s_nationkey = n_nationkey",
                                                                                        "Estimated Cardinality": "961538"
                                                                                    },
                                                                                    "cumulative_cardinality": 2000025,
                                                                                    "operator_type": "HASH_JOIN",
                                                                                    "operator_cardinality": 1000000,
                                                                                    "cumulative_rows_scanned": 4000025,
                                                                                    "operator_rows_scanned": 0,
                                                                                    "operator_timing": 0.009157,
                                                                                    "result_set_size": 24000000,
                                                                                    "children": [
                                                                                        {
                                                                                            "result_set_size": 12000000,
                                                                                            "operator_timing": 0.0035159999999999974,
                                                                                            "operator_rows_scanned": 4000000,
                                                                                            "cumulative_rows_scanned": 4000000,
                                                                                            "operator_cardinality": 1000000,
                                                                                            "operator_type": "TABLE_SCAN",
                                                                                            "cumulative_cardinality": 1000000,
                                                                                            "cpu_time": 0.0035159999999999974,
                                                                                            "operator_name": "SEQ_SCAN ",
                                                                                            "extra_info": {
                                                                                                "Table": "supplier",
                                                                                                "Type": "Sequential Scan",
                                                                                                "Projections": [
                                                                                                    "s_suppkey",
                                                                                                    "s_nationkey"
                                                                                                ],
                                                                                                "Estimated Cardinality": "1000000"
                                                                                            },
                                                                                            "children": []
                                                                                        },
                                                                                        {
                                                                                            "result_set_size": 500,
                                                                                            "operator_timing": 0.004498,
                                                                                            "operator_rows_scanned": 25,
                                                                                            "cumulative_rows_scanned": 25,
                                                                                            "operator_cardinality": 25,
                                                                                            "operator_type": "TABLE_SCAN",
                                                                                            "cumulative_cardinality": 25,
                                                                                            "cpu_time": 0.004498,
                                                                                            "operator_name": "SEQ_SCAN ",
                                                                                            "extra_info": {
                                                                                                "Table": "nation",
                                                                                                "Type": "Sequential Scan",
                                                                                                "Projections": [
                                                                                                    "n_nationkey",
                                                                                                    "n_name"
                                                                                                ],
                                                                                                "Estimated Cardinality": "25"
                                                                                            },
                                                                                            "children": []
                                                                                        }
                                                                                    ]
                                                                                }
                                                                            ]
                                                                        }
                                                                    ]
                                                                }
                                                            ]
                                                        }
                                                    ]
                                                }
                                            ]
                                        }
                                    ]
                                }
                            ]
                        }
                    ]
                }
            ]
        }
    ]
}