{
    "result_set_size": 72,
    "cumulative_rows_scanned": 2404151608,
    "cumulative_cardinality": 73091827,
    "extra_info": {},
    "cpu_time": 31.339421999998304,
    "blocked_thread_time": 0.0,
    "rows_returned": 1,
    "query_name": "with revenue0 as (select\n\t\tl_suppkey supplier_no,\n\t\tsum(l_extendedprice * (1 - l_discount)) total_revenue\n\tfrom\n\t\tlineitem\n\twhere\n\t\tl_shipdate >= date '1994-09-01'\n\t\tand l_shipdate < date '1994-09-01' + interval '3' month\n\tgroup by\n\t\tl_suppkey)\nselect\n\ts_suppkey,\n\ts_name,\n\ts_address,\n\ts_phone,\n\ttotal_revenue\nfrom\n\tsupplier,\n\trevenue0\nwhere\n\ts_suppkey = supplier_no\n\tand total_revenue = (\n\t\tselect\n\t\t\tmax(total_revenue)\n\t\tfrom\n\t\t\trevenue0\n\t)\norder by\n\ts_suppkey;",
    "latency": 10.847443,
    "children": [
        {
            "result_set_size": 72,
            "operator_timing": 0.000005,
            "operator_rows_scanned": 0,
            "cumulative_rows_scanned": 2404151608,
            "operator_cardinality": 1,
            "operator_type": "PROJECTION",
            "cumulative_cardinality": 73091827,
            "cpu_time": 31.339421999998304,
            "operator_name": "PROJECTION",
            "extra_info": {
                "Projections": [
                    "__internal_decompress_integral_bigint(#0, 1)",
                    "#1",
                    "#2",
                    "__internal_decompress_string(#3)",
                    "#4"
                ],
                "Estimated Cardinality": "953343"
            },
            "children": [
                {
                    "operator_name": "ORDER_BY",
                    "cpu_time": 31.339416999998303,
                    "extra_info": {
                        "Order By": "tpch.main.supplier.s_suppkey ASC"
                    },
                    "cumulative_cardinality": 73091826,
                    "operator_type": "ORDER_BY",
                    "operator_cardinality": 1,
                    "cumulative_rows_scanned": 2404151608,
                    "operator_rows_scanned": 0,
                    "operator_timing": 0.000044,
                    "result_set_size": 68,
                    "children": [
                        {
                            "result_set_size": 68,
                            "operator_timing": 0.000004,
                            "operator_rows_scanned": 0,
                            "cumulative_rows_scanned": 2404151608,
                            "operator_cardinality": 1,
                            "operator_type": "PROJECTION",
                            "cumulative_cardinality": 73091825,
                            "cpu_time": 31.339372999998304,
                            "operator_name": "PROJECTION",
                            "extra_info": {
                                "Projections": [
                                    "__internal_compress_integral_uinteger(#0, 1)",
                                    "#1",
                                    "#2",
                                    "__internal_compress_string_hugeint(#3)",
                                    "#4"
                                ],
                                "Estimated Cardinality": "953343"
                            },
                            "children": [
                                {
                                    "operator_name": "PROJECTION",
                                    "cpu_time": 31.339368999998303,
                                    "extra_info": {
                                        "Projections": [
                                            "s_suppkey",
                                            "s_name",
                                            "s_address",
                                            "s_phone",
                                            "total_revenue"
                                        ],
                                        "Estimated Cardinality": "953343"
                                    },
                                    "cumulative_cardinality": 73091824,
                                    "operator_type": "PROJECTION",
                                    "operator_cardinality": 1,
                                    "cumulative_rows_scanned": 2404151608,
                                    "operator_rows_scanned": 0,
                                    "operator_timing": 0.0,
                                    "result_set_size": 72,
                                    "children": [
                                        {
                                            "result_set_size": 0,
                                            "operator_timing": 0.006450999999999997,
                                            "operator_rows_scanned": 0,
                                            "cumulative_rows_scanned": 2404151608,
                                            "operator_cardinality": 0,
                                            "operator_type": "CTE",
                                            "cumulative_cardinality": 73091823,
                                            "cpu_time": 31.339368999998303,
                                            "operator_name": "CTE",
                                            "extra_info": {
                                                "CTE Name": "revenue0",
                                                "Table Index": "0"
                                            },
                                            "children": [
                                                {
                                                    "operator_name": "PROJECTION",
                                                    "cpu_time": 31.319462999998304,
                                                    "extra_info": {
                                                        "Projections": [
                                                            "__internal_decompress_integral_bigint(#0, 1)",
                                                            "#1"
                                                        ],
                                                        "Estimated Cardinality": "953343"
                                                    },
                                                    "cumulative_cardinality": 70091816,
                                                    "operator_type": "PROJECTION",
                                                    "operator_cardinality": 1000000,
                                                    "cumulative_rows_scanned": 2400151608,
                                                    "operator_rows_scanned": 0,
                                                    "operator_timing": 0.0018899999999999998,
                                                    "result_set_size": 24000000,
                                                    "children": [
                                                        {
                                                            "result_set_size": 20000000,
                                                            "operator_timing": 18.587377999999482,
                                                            "operator_rows_scanned": 0,
                                                            "cumulative_rows_scanned": 2400151608,
                                                            "operator_cardinality": 1000000,
                                                            "operator_type": "HASH_GROUP_BY",
                                                            "cumulative_cardinality": 69091816,
                                                            "cpu_time": 31.317572999998305,
                                                            "operator_name": "HASH_GROUP_BY",
                                                            "extra_info": {
                                                                "Groups": "#0",
                                                                "Aggregates": "sum_no_overflow(#1)",
                                                                "Estimated Cardinality": "953343"
                                                            },
                                                            "children": [
                                                                {
                                                                    "operator_name": "PROJECTION",
                                                                    "cpu_time": 12.73019499999882,
                                                                    "extra_info": {
                                                                        "Projections": [
                                                                            "l_suppkey",
                                                                            "(l_extendedprice * (1.00 - l_discount))"
                                                                        ],
                                                                        "Estimated Cardinality": "120007580"
                                                                    },
                                                                    "cumulative_cardinality": 68091816,
                                                                    "operator_type": "PROJECTION",
                                                                    "operator_cardinality": 22697272,
                                                                    "cumulative_rows_scanned": 2400151608,
                                                                    "operator_rows_scanned": 0,
                                                                    "operator_timing": 0.9208900000007535,
                                                                    "result_set_size": 272367264,
                                                                    "children": [
                                                                        {
                                                                            "result_set_size": 453945440,
                                                                            "operator_timing": 0.6698330000004956,
                                                                            "operator_rows_scanned": 0,
                                                                            "cumulative_rows_scanned": 2400151608,
                                                                            "operator_cardinality": 22697272,
                                                                            "operator_type": "PROJECTION",
                                                                            "cumulative_cardinality": 45394544,
                                                                            "cpu_time": 11.809304999998067,
                                                                            "operator_name": "PROJECTION",
                                                                            "extra_info": {
                                                                                "Projections": [
                                                                                    "__internal_compress_integral_uinteger(#0, 1)",
                                                                                    "#1",
                                                                                    "#2"
                                                                                ],
                                                                                "Estimated Cardinality": "120007580"
                                                                            },
                                                                            "children": [
                                                                                {
                                                                                    "operator_name": "SEQ_SCAN ",
                                                                                    "cpu_time": 11.139471999997571,
                                                                                    "extra_info": {
                                                                                        "Table": "lineitem",
                                                                                        "Type": "Sequential Scan",
                                                                                        "Projections": [
                                                                                            "l_suppkey",
                                                                                            "l_extendedprice",
                                                                                            "l_discount"
                                                                                        ],
                                                                                        "Filters": "l_shipdate>='1994-09-01'::DATE AND l_shipdate<'1994-12-01'::DATE",
                                                                                        "Estimated Cardinality": "120007580"
                                                                                    },
                                                                                    "cumulative_cardinality": 22697272,
                                                                                    "operator_type": "TABLE_SCAN",
                                                                                    "operator_cardinality": 22697272,
                                                                                    "cumulative_rows_scanned": 2400151608,
                                                                                    "operator_rows_scanned": 2400151608,
                                                                                    "operator_timing": 11.139471999997571,
                                                                                    "result_set_size": 544734528,
                                                                                    "children": []
                                                                                }
                                                                            ]
                                                                        }
                                                                    ]
                                                                }
                                                            ]
                                                        }
                                                    ]
                                                },
                                                {
                                                    "operator_name": "HASH_JOIN",
                                                    "cpu_time": 0.013454999999999996,
                                                    "extra_info": {
                                                        "Join Type": "INNER",
                                                        "Conditions": "s_suppkey = supplier_no",
                                                        "Estimated Cardinality": "381"
                                                    },
                                                    "cumulative_cardinality": 3000007,
                                                    "operator_type": "HASH_JOIN",
                                                    "operator_cardinality": 1,
                                                    "cumulative_rows_scanned": 4000000,
                                                    "operator_rows_scanned": 0,
                                                    "operator_timing": 0.00013099999999999999,
                                                    "result_set_size": 96,
                                                    "children": [
                                                        {
                                                            "result_set_size": 56,
                                                            "operator_timing": 0.00038799999999999994,
                                                            "operator_rows_scanned": 4000000,
                                                            "cumulative_rows_scanned": 4000000,
                                                            "operator_cardinality": 1,
                                                            "operator_type": "TABLE_SCAN",
                                                            "cumulative_cardinality": 1,
                                                            "cpu_time": 0.00038799999999999994,
                                                            "operator_name": "SEQ_SCAN ",
                                                            "extra_info": {
                                                                "Table": "supplier",
                                                                "Type": "Sequential Scan",
                                                                "Projections": "",
                                                                "Estimated Cardinality": "1000000"
                                                            },
                                                            "children": []
                                                        },
                                                        {
                                                            "result_set_size": 40,
                                                            "operator_timing": 0.007932999999999996,
                                                            "operator_rows_scanned": 0,
                                                            "cumulative_rows_scanned": 0,
                                                            "operator_cardinality": 1,
                                                            "operator_type": "HASH_JOIN",
                                                            "cumulative_cardinality": 3000005,
                                                            "cpu_time": 0.012935999999999996,
                                                            "operator_name": "HASH_JOIN",
                                                            "extra_info": {
                                                                "Join Type": "INNER",
                                                                "Conditions": "total_revenue = SUBQUERY",
                                                                "Estimated Cardinality": "380"
                                                            },
                                                            "children": [
                                                                {
                                                                    "operator_name": "CTE_SCAN",
                                                                    "cpu_time": 0.0013109999999999997,
                                                                    "extra_info": {
                                                                        "CTE Index": "0",
                                                                        "Estimated Cardinality": "953343"
                                                                    },
                                                                    "cumulative_cardinality": 1000000,
                                                                    "operator_type": "CTE_SCAN",
                                                                    "operator_cardinality": 1000000,
                                                                    "cumulative_rows_scanned": 0,
                                                                    "operator_rows_scanned": 0,
                                                                    "operator_timing": 0.0013109999999999997,
                                                                    "result_set_size": 24000000,
                                                                    "children": []
                                                                },
                                                                {
                                                                    "operator_name": "PROJECTION",
                                                                    "cpu_time": 0.003692,
                                                                    "extra_info": {
                                                                        "Projections": [
                                                                            "CASE  WHEN ((#1 > 1)) THEN (error('More than one row returned by a subquery used as an expression - scalar subqueries can only return a single row.",
                                                                            "Use \"SET scalar_subquery_error_on_multiple_rows=false\" to revert to previous behavior of returning a random row.')) ELSE #0 END"
                                                                        ],
                                                                        "Estimated Cardinality": "1"
                                                                    },
                                                                    "cumulative_cardinality": 2000004,
                                                                    "operator_type": "PROJECTION",
                                                                    "operator_cardinality": 1,
                                                                    "cumulative_rows_scanned": 0,
                                                                    "operator_rows_scanned": 0,
                                                                    "operator_timing": 0.000004,
                                                                    "result_set_size": 16,
                                                                    "children": [
                                                                        {
                                                                            "result_set_size": 24,
                                                                            "operator_timing": 0.000004,
                                                                            "operator_rows_scanned": 0,
                                                                            "cumulative_rows_scanned": 0,
                                                                            "operator_cardinality": 1,
                                                                            "operator_type": "UNGROUPED_AGGREGATE",
                                                                            "cumulative_cardinality": 2000003,
                                                                            "cpu_time": 0.003688,
                                                                            "operator_name": "UNGROUPED_AGGREGATE",
                                                                            "extra_info": {
                                                                                "Aggregates": [
                                                                                    "\"first\"(#0)",
                                                                                    "count_star()"
                                                                                ]
                                                                            },
                                                                            "children": [
                                                                                {
                                                                                    "operator_name": "PROJECTION",
                                                                                    "cpu_time": 0.0036839999999999998,
                                                                                    "extra_info": {
                                                                                        "Projections": "#0",
                                                                                        "Estimated Cardinality": "1"
                                                                                    },
                                                                                    "cumulative_cardinality": 2000002,
                                                                                    "operator_type": "PROJECTION",
                                                                                    "operator_cardinality": 1,
                                                                                    "cumulative_rows_scanned": 0,
                                                                                    "operator_rows_scanned": 0,
                                                                                    "operator_timing": 0.0,
                                                                                    "result_set_size": 16,
                                                                                    "children": [
                                                                                        {
                                                                                            "result_set_size": 16,
                                                                                            "operator_timing": 0.0023090000000000007,
                                                                                            "operator_rows_scanned": 0,
                                                                                            "cumulative_rows_scanned": 0,
                                                                                            "operator_cardinality": 1,
                                                                                            "operator_type": "UNGROUPED_AGGREGATE",
                                                                                            "cumulative_cardinality": 2000001,
                                                                                            "cpu_time": 0.0036839999999999998,
                                                                                            "operator_name": "UNGROUPED_AGGREGATE",
                                                                                            "extra_info": {
                                                                                                "Aggregates": "max(#0)"
                                                                                            },
                                                                                            "children": [
                                                                                                {
                                                                                                    "operator_name": "PROJECTION",
                                                                                                    "cpu_time": 0.0013749999999999993,
                                                                                                    "extra_info": {
                                                                                                        "Projections": "total_revenue",
                                                                                                        "Estimated Cardinality": "953343"
                                                                                                    },
                                                                                                    "cumulative_cardinality": 2000000,
                                                                                                    "operator_type": "PROJECTION",
                                                                                                    "operator_cardinality": 1000000,
                                                                                                    "cumulative_rows_scanned": 0,
                                                                                                    "operator_rows_scanned": 0,
                                                                                                    "operator_timing": 0.000134,
                                                                                                    "result_set_size": 16000000,
                                                                                                    "children": [
                                                                                                        {
                                                                                                            "result_set_size": 24000000,
                                                                                                            "operator_timing": 0.0012409999999999993,
                                                                                                            "operator_rows_scanned": 0,
                                                                                                            "cumulative_rows_scanned": 0,
                                                                                                            "operator_cardinality": 1000000,
                                                                                                            "operator_type": "CTE_SCAN",
                                                                                                            "cumulative_cardinality": 1000000,
                                                                                                            "cpu_time": 0.0012409999999999993,
                                                                                                            "operator_name": "CTE_SCAN",
                                                                                                            "extra_info": {
                                                                                                                "CTE Index": "0",
                                                                                                                "Estimated Cardinality": "953343"
                                                                                                            },
                                                                                                            "children": []
                                                                                                        }
                                                                                                    ]
                                                                                                }
                                                                                            ]
                                                                                        }
                                                                                    ]
                                                                                }
                                                                            ]
                                                                        }
                                                                    ]
                                                                }
                                                            ]
                                                        }
                                                    ]
                                                }
                                            ]
                                        }
                                    ]
                                }
                            ]
                        }
                    ]
                }
            ]
        }
    ]
}