{
    "result_set_size": 6000,
    "cumulative_rows_scanned": 5460303216,
    "cumulative_cardinality": 3630231065,
    "extra_info": {},
    "cpu_time": 161.32321200001624,
    "blocked_thread_time": 0.0,
    "rows_returned": 100,
    "query_name": "select\n\tc_name,\n\tc_custkey,\n\to_orderkey,\n\to_orderdate,\n\to_totalprice,\n\tsum(l_quantity)\nfrom\n\tcustomer,\n\torders,\n\tlineitem\nwhere\n\to_orderkey in (\n\t\tselect\n\t\t\tl_orderkey\n\t\tfrom\n\t\t\tlineitem\n\t\tgroup by\n\t\t\tl_orderkey having\n\t\t\t\tsum(l_quantity) > 312\n\t)\n\tand c_custkey = o_custkey\n\tand o_orderkey = l_orderkey\ngroup by\n\tc_name,\n\tc_custkey,\n\to_orderkey,\n\to_orderdate,\n\to_totalprice\norder by\n\to_totalprice desc,\n\to_orderdate\nLIMIT 100;",
    "latency": 45.318528,
    "children": [
        {
            "result_set_size": 6000,
            "operator_timing": 0.000235,
            "operator_rows_scanned": 0,
            "cumulative_rows_scanned": 5460303216,
            "operator_cardinality": 100,
            "operator_type": "TOP_N",
            "cumulative_cardinality": 3630231065,
            "cpu_time": 161.32321200001624,
            "operator_name": "TOP_N",
            "extra_info": {
                "Top": "100",
                "Order By": [
                    "tpch.main.orders.o_totalprice DESC",
                    "tpch.main.orders.o_orderdate ASC"
                ]
            },
            "children": [
                {
                    "operator_name": "PROJECTION",
                    "cpu_time": 161.32297700001624,
                    "extra_info": {
                        "Projections": [
                            "#0",
                            "__internal_decompress_integral_bigint(#1, 1)",
                            "__internal_decompress_integral_bigint(#2, 1)",
                            "#3",
                            "#4",
                            "#5"
                        ],
                        "Estimated Cardinality": "63368664"
                    },
                    "cumulative_cardinality": 3630230965,
                    "operator_type": "PROJECTION",
                    "operator_cardinality": 1063,
                    "cumulative_rows_scanned": 5460303216,
                    "operator_rows_scanned": 0,
                    "operator_timing": 0.000017,
                    "result_set_size": 63780,
                    "children": [
                        {
                            "result_set_size": 55276,
                            "operator_timing": 0.082128,
                            "operator_rows_scanned": 0,
                            "cumulative_rows_scanned": 5460303216,
                            "operator_cardinality": 1063,
                            "operator_type": "HASH_GROUP_BY",
                            "cumulative_cardinality": 3630229902,
                            "cpu_time": 161.32296000001622,
                            "operator_name": "HASH_GROUP_BY",
                            "extra_info": {
                                "Groups": [
                                    "#0",
                                    "#1",
                                    "#2",
                                    "#3",
                                    "#4"
                                ],
                                "Aggregates": "sum(#5)",
                                "Estimated Cardinality": "63368664"
                            },
                            "children": [
                                {
                                    "operator_name": "PROJECTION",
                                    "cpu_time": 161.2408320000162,
                                    "extra_info": {
                                        "Projections": [
                                            "c_name",
                                            "c_custkey",
                                            "o_orderkey",
                                            "o_orderdate",
                                            "o_totalprice",
                                            "l_quantity"
                                        ],
                                        "Estimated Cardinality": "126737329"
                                    },
                                    "cumulative_cardinality": 3630228839,
                                    "operator_type": "PROJECTION",
                                    "operator_cardinality": 7441,
                                    "cumulative_rows_scanned": 5460303216,
                                    "operator_rows_scanned": 0,
                                    "operator_timing": 0.000008,
                                    "result_set_size": 327404,
                                    "children": [
                                        {
                                            "result_set_size": 327404,
                                            "operator_timing": 0.000037,
                                            "operator_rows_scanned": 0,
                                            "cumulative_rows_scanned": 5460303216,
                                            "operator_cardinality": 7441,
                                            "operator_type": "PROJECTION",
                                            "cumulative_cardinality": 3630221398,
                                            "cpu_time": 161.2408240000162,
                                            "operator_name": "PROJECTION",
                                            "extra_info": {
                                                "Projections": [
                                                    "#0",
                                                    "__internal_compress_integral_uinteger(#1, 1)",
                                                    "#2",
                                                    "#3",
                                                    "__internal_compress_integral_uinteger(#4, 1)",
                                                    "#5"
                                                ],
                                                "Estimated Cardinality": "126737329"
                                            },
                                            "children": [
                                                {
                                                    "operator_name": "PROJECTION",
                                                    "cpu_time": 161.2407870000162,
                                                    "extra_info": {
                                                        "Projections": [
                                                            "#0",
                                                            "__internal_decompress_integral_bigint(#1, 1)",
                                                            "#2",
                                                            "#3",
                                                            "__internal_decompress_integral_bigint(#4, 1)",
                                                            "#5"
                                                        ],
                                                        "Estimated Cardinality": "126737329"
                                                    },
                                                    "cumulative_cardinality": 3630213957,
                                                    "operator_type": "PROJECTION",
                                                    "operator_cardinality": 7441,
                                                    "cumulative_rows_scanned": 5460303216,
                                                    "operator_rows_scanned": 0,
                                                    "operator_timing": 0.000053,
                                                    "result_set_size": 386932,
                                                    "children": [
                                                        {
                                                            "result_set_size": 327404,
                                                            "operator_timing": 5.856869999998325,
                                                            "operator_rows_scanned": 0,
                                                            "cumulative_rows_scanned": 5460303216,
                                                            "operator_cardinality": 7441,
                                                            "operator_type": "HASH_JOIN",
                                                            "cumulative_cardinality": 3630206516,
                                                            "cpu_time": 161.2407340000162,
                                                            "operator_name": "HASH_JOIN",
                                                            "extra_info": {
                                                                "Join Type": "INNER",
                                                                "Conditions": "l_orderkey = o_orderkey",
                                                                "Estimated Cardinality": "126737329"
                                                            },
                                                            "children": [
                                                                {
                                                                    "operator_name": "PROJECTION",
                                                                    "cpu_time": 18.236140000006152,
                                                                    "extra_info": {
                                                                        "Projections": [
                                                                            "__internal_compress_integral_uinteger(#0, 1)",
                                                                            "#1"
                                                                        ],
                                                                        "Estimated Cardinality": "600037902"
                                                                    },
                                                                    "cumulative_cardinality": 1200075804,
                                                                    "operator_type": "PROJECTION",
                                                                    "operator_cardinality": 600037902,
                                                                    "cumulative_rows_scanned": 2400151608,
                                                                    "operator_rows_scanned": 0,
                                                                    "operator_timing": 0.6513100000004705,
                                                                    "result_set_size": 7200454824,
                                                                    "children": [
                                                                        {
                                                                            "result_set_size": 9600606432,
                                                                            "operator_timing": 17.58483000000568,
                                                                            "operator_rows_scanned": 2400151608,
                                                                            "cumulative_rows_scanned": 2400151608,
                                                                            "operator_cardinality": 600037902,
                                                                            "operator_type": "TABLE_SCAN",
                                                                            "cumulative_cardinality": 600037902,
                                                                            "cpu_time": 17.58483000000568,
                                                                            "operator_name": "SEQ_SCAN ",
                                                                            "extra_info": {
                                                                                "Table": "lineitem",
                                                                                "Type": "Sequential Scan",
                                                                                "Projections": [
                                                                                    "l_orderkey",
                                                                                    "l_quantity"
                                                                                ],
                                                                                "Estimated Cardinality": "600037902"
                                                                            },
                                                                            "children": []
                                                                        }
                                                                    ]
                                                                },
                                                                {
                                                                    "operator_name": "PROJECTION",
                                                                    "cpu_time": 137.14772400001172,
                                                                    "extra_info": {
                                                                        "Projections": [
                                                                            "__internal_compress_integral_uinteger(#0, 1)",
                                                                            "#1",
                                                                            "#2",
                                                                            "__internal_compress_integral_uinteger(#3, 1)",
                                                                            "#4"
                                                                        ],
                                                                        "Estimated Cardinality": "31420940"
                                                                    },
                                                                    "cumulative_cardinality": 2430123271,
                                                                    "operator_type": "PROJECTION",
                                                                    "operator_cardinality": 1063,
                                                                    "cumulative_rows_scanned": 3060151608,
                                                                    "operator_rows_scanned": 0,
                                                                    "operator_timing": 0.000019,
                                                                    "result_set_size": 38268,
                                                                    "children": [
                                                                        {
                                                                            "result_set_size": 46772,
                                                                            "operator_timing": 0.000013,
                                                                            "operator_rows_scanned": 0,
                                                                            "cumulative_rows_scanned": 3060151608,
                                                                            "operator_cardinality": 1063,
                                                                            "operator_type": "PROJECTION",
                                                                            "cumulative_cardinality": 2430122208,
                                                                            "cpu_time": 137.1477050000117,
                                                                            "operator_name": "PROJECTION",
                                                                            "extra_info": {
                                                                                "Projections": [
                                                                                    "#0",
                                                                                    "#1",
                                                                                    "#2",
                                                                                    "__internal_decompress_integral_bigint(#3, 1)",
                                                                                    "#4"
                                                                                ],
                                                                                "Estimated Cardinality": "31420940"
                                                                            },
                                                                            "children": [
                                                                                {
                                                                                    "operator_name": "HASH_JOIN",
                                                                                    "cpu_time": 137.14769200001172,
                                                                                    "extra_info": {
                                                                                        "Join Type": "INNER",
                                                                                        "Conditions": "o_custkey = c_custkey",
                                                                                        "Estimated Cardinality": "31420940"
                                                                                    },
                                                                                    "cumulative_cardinality": 2430121145,
                                                                                    "operator_type": "HASH_JOIN",
                                                                                    "operator_cardinality": 1063,
                                                                                    "cumulative_rows_scanned": 3060151608,
                                                                                    "operator_rows_scanned": 0,
                                                                                    "operator_timing": 14.492956000000008,
                                                                                    "result_set_size": 42520,
                                                                                    "children": [
                                                                                        {
                                                                                            "result_set_size": 25512,
                                                                                            "operator_timing": 0.000011999999999999999,
                                                                                            "operator_rows_scanned": 0,
                                                                                            "cumulative_rows_scanned": 3000151608,
                                                                                            "operator_cardinality": 1063,
                                                                                            "operator_type": "PROJECTION",
                                                                                            "cumulative_cardinality": 2400120084,
                                                                                            "cpu_time": 120.2209740000117,
                                                                                            "operator_name": "PROJECTION",
                                                                                            "extra_info": {
                                                                                                "Projections": [
                                                                                                    "#0",
                                                                                                    "__internal_compress_integral_uinteger(#1, 1)",
                                                                                                    "#2",
                                                                                                    "#3"
                                                                                                ],
                                                                                                "Estimated Cardinality": "30000000"
                                                                                            },
                                                                                            "children": [
                                                                                                {
                                                                                                    "operator_name": "PROJECTION",
                                                                                                    "cpu_time": 120.2209620000117,
                                                                                                    "extra_info": {
                                                                                                        "Projections": [
                                                                                                            "__internal_decompress_integral_bigint(#0, 1)",
                                                                                                            "#1",
                                                                                                            "#2",
                                                                                                            "#3"
                                                                                                        ],
                                                                                                        "Estimated Cardinality": "30000000"
                                                                                                    },
                                                                                                    "cumulative_cardinality": 2400119021,
                                                                                                    "operator_type": "PROJECTION",
                                                                                                    "operator_cardinality": 1063,
                                                                                                    "cumulative_rows_scanned": 3000151608,
                                                                                                    "operator_rows_scanned": 0,
                                                                                                    "operator_timing": 0.000015,
                                                                                                    "result_set_size": 29764,
                                                                                                    "children": [
                                                                                                        {
                                                                                                            "result_set_size": 25512,
                                                                                                            "operator_timing": 1.8879010000001744,
                                                                                                            "operator_rows_scanned": 0,
                                                                                                            "cumulative_rows_scanned": 3000151608,
                                                                                                            "operator_cardinality": 1063,
                                                                                                            "operator_type": "HASH_JOIN",
                                                                                                            "cumulative_cardinality": 2400117958,
                                                                                                            "cpu_time": 120.22094700001169,
                                                                                                            "operator_name": "HASH_JOIN",
                                                                                                            "extra_info": {
                                                                                                                "Join Type": "SEMI",
                                                                                                                "Conditions": "o_orderkey = #0",
                                                                                                                "Estimated Cardinality": "30000000"
                                                                                                            },
                                                                                                            "children": [
                                                                                                                {
                                                                                                                    "operator_name": "PROJECTION",
                                                                                                                    "cpu_time": 8.478421999998737,
                                                                                                                    "extra_info": {
                                                                                                                        "Projections": [
                                                                                                                            "__internal_compress_integral_uinteger(#0, 1)",
                                                                                                                            "#1",
                                                                                                                            "#2",
                                                                                                                            "#3"
                                                                                                                        ],
                                                                                                                        "Estimated Cardinality": "150000000"
                                                                                                                    },
                                                                                                                    "cumulative_cardinality": 300000000,
                                                                                                                    "operator_type": "PROJECTION",
                                                                                                                    "operator_cardinality": 150000000,
                                                                                                                    "cumulative_rows_scanned": 600000000,
                                                                                                                    "operator_rows_scanned": 0,
                                                                                                                    "operator_timing": 0.18020600000002004,
                                                                                                                    "result_set_size": 3600000000,
                                                                                                                    "children": [
                                                                                                                        {
                                                                                                                            "result_set_size": 4200000000,
                                                                                                                            "operator_timing": 8.298215999998718,
                                                                                                                            "operator_rows_scanned": 600000000,
                                                                                                                            "cumulative_rows_scanned": 600000000,
                                                                                                                            "operator_cardinality": 150000000,
                                                                                                                            "operator_type": "TABLE_SCAN",
                                                                                                                            "cumulative_cardinality": 150000000,
                                                                                                                            "cpu_time": 8.298215999998718,
                                                                                                                            "operator_name": "SEQ_SCAN ",
                                                                                                                            "extra_info": {
                                                                                                                                "Table": "orders",
                                                                                                                                "Type": "Sequential Scan",
                                                                                                                                "Projections": [
                                                                                                                                    "o_orderkey",
                                                                                                                                    "o_custkey",
                                                                                                                                    "o_orderdate",
                                                                                                                                    "o_totalprice"
                                                                                                                                ],
                                                                                                                                "Estimated Cardinality": "150000000"
                                                                                                                            },
                                                                                                                            "children": []
                                                                                                                        }
                                                                                                                    ]
                                                                                                                },
                                                                                                                {
                                                                                                                    "operator_name": "PROJECTION",
                                                                                                                    "cpu_time": 109.85462400001278,
                                                                                                                    "extra_info": {
                                                                                                                        "Projections": "__internal_compress_integral_uinteger(#0, 1)",
                                                                                                                        "Estimated Cardinality": "9369515"
                                                                                                                    },
                                                                                                                    "cumulative_cardinality": 2100116895,
                                                                                                                    "operator_type": "PROJECTION",
                                                                                                                    "operator_cardinality": 1063,
                                                                                                                    "cumulative_rows_scanned": 2400151608,
                                                                                                                    "operator_rows_scanned": 0,
                                                                                                                    "operator_timing": 0.000011999999999999999,
                                                                                                                    "result_set_size": 4252,
                                                                                                                    "children": [
                                                                                                                        {
                                                                                                                            "result_set_size": 8504,
                                                                                                                            "operator_timing": 0.000005999999999999999,
                                                                                                                            "operator_rows_scanned": 0,
                                                                                                                            "cumulative_rows_scanned": 2400151608,
                                                                                                                            "operator_cardinality": 1063,
                                                                                                                            "operator_type": "PROJECTION",
                                                                                                                            "cumulative_cardinality": 2100115832,
                                                                                                                            "cpu_time": 109.85461200001278,
                                                                                                                            "operator_name": "PROJECTION",
                                                                                                                            "extra_info": {
                                                                                                                                "Projections": "#0",
                                                                                                                                "Estimated Cardinality": "9369515"
                                                                                                                            },
                                                                                                                            "children": [
                                                                                                                                {
                                                                                                                                    "operator_name": "FILTER",
                                                                                                                                    "cpu_time": 109.85460600001278,
                                                                                                                                    "extra_info": {
                                                                                                                                        "Expression": "(sum(l_quantity) > 312.00)",
                                                                                                                                        "Estimated Cardinality": "9369515"
                                                                                                                                    },
                                                                                                                                    "cumulative_cardinality": 2100114769,
                                                                                                                                    "operator_type": "FILTER",
                                                                                                                                    "operator_cardinality": 1063,
                                                                                                                                    "cumulative_rows_scanned": 2400151608,
                                                                                                                                    "operator_rows_scanned": 0,
                                                                                                                                    "operator_timing": 0.4489600000001105,
                                                                                                                                    "result_set_size": 25512,
                                                                                                                                    "children": [
                                                                                                                                        {
                                                                                                                                            "result_set_size": 3600000000,
                                                                                                                                            "operator_timing": 0.17950000000001815,
                                                                                                                                            "operator_rows_scanned": 0,
                                                                                                                                            "cumulative_rows_scanned": 2400151608,
                                                                                                                                            "operator_cardinality": 150000000,
                                                                                                                                            "operator_type": "PROJECTION",
                                                                                                                                            "cumulative_cardinality": 2100113706,
                                                                                                                                            "cpu_time": 109.40564600001267,
                                                                                                                                            "operator_name": "PROJECTION",
                                                                                                                                            "extra_info": {
                                                                                                                                                "Projections": [
                                                                                                                                                    "__internal_decompress_integral_bigint(#0, 1)",
                                                                                                                                                    "#1"
                                                                                                                                                ],
                                                                                                                                                "Estimated Cardinality": "46847575"
                                                                                                                                            },
                                                                                                                                            "children": [
                                                                                                                                                {
                                                                                                                                                    "operator_name": "HASH_GROUP_BY",
                                                                                                                                                    "cpu_time": 109.22614600001265,
                                                                                                                                                    "extra_info": {
                                                                                                                                                        "Groups": "#0",
                                                                                                                                                        "Aggregates": "sum_no_overflow(#1)",
                                                                                                                                                        "Estimated Cardinality": "46847575"
                                                                                                                                                    },
                                                                                                                                                    "cumulative_cardinality": 1950113706,
                                                                                                                                                    "operator_type": "HASH_GROUP_BY",
                                                                                                                                                    "operator_cardinality": 150000000,
                                                                                                                                                    "cumulative_rows_scanned": 2400151608,
                                                                                                                                                    "operator_rows_scanned": 0,
                                                                                                                                                    "operator_timing": 104.10990800001443,
                                                                                                                                                    "result_set_size": 3000000000,
                                                                                                                                                    "children": [
                                                                                                                                                        {
                                                                                                                                                            "result_set_size": 7200454824,
                                                                                                                                                            "operator_timing": 0.10712200000002614,
                                                                                                                                                            "operator_rows_scanned": 0,
                                                                                                                                                            "cumulative_rows_scanned": 2400151608,
                                                                                                                                                            "operator_cardinality": 600037902,
                                                                                                                                                            "operator_type": "PROJECTION",
                                                                                                                                                            "cumulative_cardinality": 1800113706,
                                                                                                                                                            "cpu_time": 5.116237999998213,
                                                                                                                                                            "operator_name": "PROJECTION",
                                                                                                                                                            "extra_info": {
                                                                                                                                                                "Projections": [
                                                                                                                                                                    "l_orderkey",
                                                                                                                                                                    "l_quantity"
                                                                                                                                                                ],
                                                                                                                                                                "Estimated Cardinality": "600037902"
                                                                                                                                                            },
                                                                                                                                                            "children": [
                                                                                                                                                                {
                                                                                                                                                                    "operator_name": "PROJECTION",
                                                                                                                                                                    "cpu_time": 5.009115999998187,
                                                                                                                                                                    "extra_info": {
                                                                                                                                                                        "Projections": [
                                                                                                                                                                            "__internal_compress_integral_uinteger(#0, 1)",
                                                                                                                                                                            "#1"
                                                                                                                                                                        ],
                                                                                                                                                                        "Estimated Cardinality": "600037902"
                                                                                                                                                                    },
                                                                                                                                                                    "cumulative_cardinality": 1200075804,
                                                                                                                                                                    "operator_type": "PROJECTION",
                                                                                                                                                                    "operator_cardinality": 600037902,
                                                                                                                                                                    "cumulative_rows_scanned": 2400151608,
                                                                                                                                                                    "operator_rows_scanned": 0,
                                                                                                                                                                    "operator_timing": 0.7703590000005711,
                                                                                                                                                                    "result_set_size": 7200454824,
                                                                                                                                                                    "children": [
                                                                                                                                                                        {
                                                                                                                                                                            "result_set_size": 9600606432,
                                                                                                                                                                            "operator_timing": 4.238756999997616,
                                                                                                                                                                            "operator_rows_scanned": 2400151608,
                                                                                                                                                                            "cumulative_rows_scanned": 2400151608,
                                                                                                                                                                            "operator_cardinality": 600037902,
                                                                                                                                                                            "operator_type": "TABLE_SCAN",
                                                                                                                                                                            "cumulative_cardinality": 600037902,
                                                                                                                                                                            "cpu_time": 4.238756999997616,
                                                                                                                                                                            "operator_name": "SEQ_SCAN ",
                                                                                                                                                                            "extra_info": {
                                                                                                                                                                                "Table": "lineitem",
                                                                                                                                                                                "Type": "Sequential Scan",
                                                                                                                                                                                "Projections": [
                                                                                                                                                                                    "l_orderkey",
                                                                                                                                                                                    "l_quantity"
                                                                                                                                                                                ],
                                                                                                                                                                                "Estimated Cardinality": "600037902"
                                                                                                                                                                            },
                                                                                                                                                                            "children": []
                                                                                                                                                                        }
                                                                                                                                                                    ]
                                                                                                                                                                }
                                                                                                                                                            ]
                                                                                                                                                        }
                                                                                                                                                    ]
                                                                                                                                                }
                                                                                                                                            ]
                                                                                                                                        }
                                                                                                                                    ]
                                                                                                                                }
                                                                                                                            ]
                                                                                                                        }
                                                                                                                    ]
                                                                                                                }
                                                                                                            ]
                                                                                                        }
                                                                                                    ]
                                                                                                }
                                                                                            ]
                                                                                        },
                                                                                        {
                                                                                            "result_set_size": 299999980,
                                                                                            "operator_timing": 0.02809099999999988,
                                                                                            "operator_rows_scanned": 0,
                                                                                            "cumulative_rows_scanned": 60000000,
                                                                                            "operator_cardinality": 14999999,
                                                                                            "operator_type": "PROJECTION",
                                                                                            "cumulative_cardinality": 29999998,
                                                                                            "cpu_time": 2.4337620000000046,
                                                                                            "operator_name": "PROJECTION",
                                                                                            "extra_info": {
                                                                                                "Projections": [
                                                                                                    "__internal_compress_integral_uinteger(#0, 1)",
                                                                                                    "#1"
                                                                                                ],
                                                                                                "Estimated Cardinality": "15000000"
                                                                                            },
                                                                                            "children": [
                                                                                                {
                                                                                                    "operator_name": "SEQ_SCAN ",
                                                                                                    "cpu_time": 2.4056710000000048,
                                                                                                    "extra_info": {
                                                                                                        "Table": "customer",
                                                                                                        "Type": "Sequential Scan",
                                                                                                        "Projections": [
                                                                                                            "c_custkey",
                                                                                                            "c_name"
                                                                                                        ],
                                                                                                        "Filters": "c_custkey<=14999999",
                                                                                                        "Estimated Cardinality": "15000000"
                                                                                                    },
                                                                                                    "cumulative_cardinality": 14999999,
                                                                                                    "operator_type": "TABLE_SCAN",
                                                                                                    "operator_cardinality": 14999999,
                                                                                                    "cumulative_rows_scanned": 60000000,
                                                                                                    "operator_rows_scanned": 60000000,
                                                                                                    "operator_timing": 2.4056710000000048,
                                                                                                    "result_set_size": 359999976,
                                                                                                    "children": []
                                                                                                }
                                                                                            ]
                                                                                        }
                                                                                    ]
                                                                                }
                                                                            ]
                                                                        }
                                                                    ]
                                                                }
                                                            ]
                                                        }
                                                    ]
                                                }
                                            ]
                                        }
                                    ]
                                }
                            ]
                        }
                    ]
                }
            ]
        }
    ]
}