{
    "result_set_size": 280,
    "cumulative_rows_scanned": 720000000,
    "cumulative_cardinality": 271082234,
    "extra_info": {},
    "cpu_time": 4.208290999999622,
    "blocked_thread_time": 0.02,
    "rows_returned": 7,
    "query_name": "select\n\tcntrycode,\n\tcount(*) as numcust,\n\tsum(c_acctbal) as totacctbal\nfrom\n\t(\n\t\tselect\n\t\t\tsubstring(c_phone from 1 for 2) as cntrycode,\n\t\t\tc_acctbal\n\t\tfrom\n\t\t\tcustomer\n\t\twhere\n\t\t\tsubstring(c_phone from 1 for 2) in\n\t\t\t\t('23', '14', '29', '31', '16', '11', '19')\n\t\t\tand c_acctbal > (\n\t\t\t\tselect\n\t\t\t\t\tavg(c_acctbal)\n\t\t\t\tfrom\n\t\t\t\t\tcustomer\n\t\t\t\twhere\n\t\t\t\t\tc_acctbal > 0.00\n\t\t\t\t\tand substring(c_phone from 1 for 2) in\n\t\t\t\t\t\t('23', '14', '29', '31', '16', '11', '19')\n\t\t\t)\n\t\t\tand not exists (\n\t\t\t\tselect\n\t\t\t\t\t*\n\t\t\t\tfrom\n\t\t\t\t\torders\n\t\t\t\twhere\n\t\t\t\t\to_custkey = c_custkey\n\t\t\t)\n\t) as custsale\ngroup by\n\tcntrycode\norder by\n\tcntrycode;",
    "latency": 1.245223,
    "children": [
        {
            "result_set_size": 280,
            "operator_timing": 0.00018899999999999996,
            "operator_rows_scanned": 0,
            "cumulative_rows_scanned": 720000000,
            "operator_cardinality": 7,
            "operator_type": "ORDER_BY",
            "cumulative_cardinality": 271082234,
            "cpu_time": 4.208290999999622,
            "operator_name": "ORDER_BY",
            "extra_info": {
                "Order By": "custsale.cntrycode ASC"
            },
            "children": [
                {
                    "operator_name": "HASH_GROUP_BY",
                    "cpu_time": 4.208101999999622,
                    "extra_info": {
                        "Groups": "#0",
                        "Aggregates": [
                            "count_star()",
                            "sum(#1)"
                        ],
                        "Estimated Cardinality": "1"
                    },
                    "cumulative_cardinality": 271082227,
                    "operator_type": "HASH_GROUP_BY",
                    "operator_cardinality": 7,
                    "cumulative_rows_scanned": 720000000,
                    "operator_rows_scanned": 0,
                    "operator_timing": 0.005097999999999999,
                    "result_set_size": 280,
                    "children": [
                        {
                            "result_set_size": 15253512,
                            "operator_timing": 0.000017999999999999997,
                            "operator_rows_scanned": 0,
                            "cumulative_rows_scanned": 720000000,
                            "operator_cardinality": 635563,
                            "operator_type": "PROJECTION",
                            "cumulative_cardinality": 271082220,
                            "cpu_time": 4.203003999999622,
                            "operator_name": "PROJECTION",
                            "extra_info": {
                                "Projections": [
                                    "cntrycode",
                                    "c_acctbal"
                                ],
                                "Estimated Cardinality": "10"
                            },
                            "children": [
                                {
                                    "operator_name": "PROJECTION",
                                    "cpu_time": 4.202985999999622,
                                    "extra_info": {
                                        "Projections": [
                                            "cntrycode",
                                            "c_acctbal"
                                        ],
                                        "Estimated Cardinality": "10"
                                    },
                                    "cumulative_cardinality": 270446657,
                                    "operator_type": "PROJECTION",
                                    "operator_cardinality": 635563,
                                    "cumulative_rows_scanned": 720000000,
                                    "operator_rows_scanned": 0,
                                    "operator_timing": 0.004752000000000003,
                                    "result_set_size": 15253512,
                                    "children": [
                                        {
                                            "result_set_size": 0,
                                            "operator_timing": 0.10959500000000133,
                                            "operator_rows_scanned": 0,
                                            "cumulative_rows_scanned": 720000000,
                                            "operator_cardinality": 0,
                                            "operator_type": "RIGHT_DELIM_JOIN",
                                            "cumulative_cardinality": 269811094,
                                            "cpu_time": 4.198233999999622,
                                            "operator_name": "RIGHT_DELIM_JOIN",
                                            "extra_info": {
                                                "Join Type": "RIGHT_ANTI",
                                                "Conditions": "c_custkey IS NOT DISTINCT FROM c_custkey",
                                                "Estimated Cardinality": "10",
                                                "Delim Index": "1"
                                            },
                                            "children": [
                                                {
                                                    "operator_name": "NESTED_LOOP_JOIN",
                                                    "cpu_time": 0.9190149999999995,
                                                    "extra_info": {
                                                        "Join Type": "INNER",
                                                        "Conditions": "CAST(c_acctbal AS DOUBLE) > SUBQUERY",
                                                        "Estimated Cardinality": "2"
                                                    },
                                                    "cumulative_cardinality": 79049300,
                                                    "operator_type": "NESTED_LOOP_JOIN",
                                                    "operator_cardinality": 1909313,
                                                    "cumulative_rows_scanned": 120000000,
                                                    "operator_rows_scanned": 0,
                                                    "operator_timing": 0.051833000000000407,
                                                    "result_set_size": 76372520,
                                                    "children": [
                                                        {
                                                            "result_set_size": 134506016,
                                                            "operator_timing": 0.0005769999999999988,
                                                            "operator_rows_scanned": 0,
                                                            "cumulative_rows_scanned": 60000000,
                                                            "operator_cardinality": 4203313,
                                                            "operator_type": "PROJECTION",
                                                            "cumulative_cardinality": 38406633,
                                                            "cpu_time": 0.4484420000000026,
                                                            "operator_name": "PROJECTION",
                                                            "extra_info": {
                                                                "Projections": [
                                                                    "#0",
                                                                    "#1",
                                                                    "#2"
                                                                ],
                                                                "Estimated Cardinality": "3000000"
                                                            },
                                                            "children": [
                                                                {
                                                                    "operator_name": "FILTER",
                                                                    "cpu_time": 0.4478650000000026,
                                                                    "extra_info": {
                                                                        "Expression": "IN (...)",
                                                                        "Estimated Cardinality": "3000000"
                                                                    },
                                                                    "cumulative_cardinality": 34203320,
                                                                    "operator_type": "FILTER",
                                                                    "operator_cardinality": 4203313,
                                                                    "cumulative_rows_scanned": 60000000,
                                                                    "operator_rows_scanned": 0,
                                                                    "operator_timing": 0.03084499999999903,
                                                                    "result_set_size": 138709329,
                                                                    "children": [
                                                                        {
                                                                            "result_set_size": 495000000,
                                                                            "operator_timing": 0.20035299999999812,
                                                                            "operator_rows_scanned": 0,
                                                                            "cumulative_rows_scanned": 60000000,
                                                                            "operator_cardinality": 15000000,
                                                                            "operator_type": "HASH_JOIN",
                                                                            "cumulative_cardinality": 30000007,
                                                                            "cpu_time": 0.4170200000000036,
                                                                            "operator_name": "HASH_JOIN",
                                                                            "extra_info": {
                                                                                "Join Type": "MARK",
                                                                                "Conditions": "\"substring\"(c_phone, 1, 2) = #0",
                                                                                "Estimated Cardinality": "15000000"
                                                                            },
                                                                            "children": [
                                                                                {
                                                                                    "operator_name": "SEQ_SCAN ",
                                                                                    "cpu_time": 0.21666600000000552,
                                                                                    "extra_info": {
                                                                                        "Table": "customer",
                                                                                        "Type": "Sequential Scan",
                                                                                        "Projections": [
                                                                                            "c_phone",
                                                                                            "c_acctbal",
                                                                                            "c_custkey"
                                                                                        ],
                                                                                        "Estimated Cardinality": "15000000"
                                                                                    },
                                                                                    "cumulative_cardinality": 15000000,
                                                                                    "operator_type": "TABLE_SCAN",
                                                                                    "operator_cardinality": 15000000,
                                                                                    "cumulative_rows_scanned": 60000000,
                                                                                    "operator_rows_scanned": 60000000,
                                                                                    "operator_timing": 0.21666600000000552,
                                                                                    "result_set_size": 480000000,
                                                                                    "children": []
                                                                                },
                                                                                {
                                                                                    "operator_name": "COLUMN_DATA_SCAN",
                                                                                    "cpu_time": 0.000001,
                                                                                    "extra_info": {
                                                                                        "Estimated Cardinality": "0"
                                                                                    },
                                                                                    "cumulative_cardinality": 7,
                                                                                    "operator_type": "COLUMN_DATA_SCAN",
                                                                                    "operator_cardinality": 7,
                                                                                    "cumulative_rows_scanned": 0,
                                                                                    "operator_rows_scanned": 0,
                                                                                    "operator_timing": 0.000001,
                                                                                    "result_set_size": 112,
                                                                                    "children": []
                                                                                }
                                                                            ]
                                                                        }
                                                                    ]
                                                                }
                                                            ]
                                                        },
                                                        {
                                                            "result_set_size": 8,
                                                            "operator_timing": 0.000001,
                                                            "operator_rows_scanned": 0,
                                                            "cumulative_rows_scanned": 60000000,
                                                            "operator_cardinality": 1,
                                                            "operator_type": "PROJECTION",
                                                            "cumulative_cardinality": 38733354,
                                                            "cpu_time": 0.41873999999999645,
                                                            "operator_name": "PROJECTION",
                                                            "extra_info": {
                                                                "Projections": [
                                                                    "CASE  WHEN ((#1 > 1)) THEN (error('More than one row returned by a subquery used as an expression - scalar subqueries can only return a single row.",
                                                                    "Use \"SET scalar_subquery_error_on_multiple_rows=false\" to revert to previous behavior of returning a random row.')) ELSE #0 END"
                                                                ],
                                                                "Estimated Cardinality": "1"
                                                            },
                                                            "children": [
                                                                {
                                                                    "operator_name": "UNGROUPED_AGGREGATE",
                                                                    "cpu_time": 0.4187389999999965,
                                                                    "extra_info": {
                                                                        "Aggregates": [
                                                                            "\"first\"(#0)",
                                                                            "count_star()"
                                                                        ]
                                                                    },
                                                                    "cumulative_cardinality": 38733353,
                                                                    "operator_type": "UNGROUPED_AGGREGATE",
                                                                    "operator_cardinality": 1,
                                                                    "cumulative_rows_scanned": 60000000,
                                                                    "operator_rows_scanned": 0,
                                                                    "operator_timing": 0.000001,
                                                                    "result_set_size": 16,
                                                                    "children": [
                                                                        {
                                                                            "result_set_size": 8,
                                                                            "operator_timing": 0.0,
                                                                            "operator_rows_scanned": 0,
                                                                            "cumulative_rows_scanned": 60000000,
                                                                            "operator_cardinality": 1,
                                                                            "operator_type": "PROJECTION",
                                                                            "cumulative_cardinality": 38733352,
                                                                            "cpu_time": 0.4187379999999965,
                                                                            "operator_name": "PROJECTION",
                                                                            "extra_info": {
                                                                                "Projections": "#0",
                                                                                "Estimated Cardinality": "1"
                                                                            },
                                                                            "children": [
                                                                                {
                                                                                    "operator_name": "UNGROUPED_AGGREGATE",
                                                                                    "cpu_time": 0.4187379999999965,
                                                                                    "extra_info": {
                                                                                        "Aggregates": "avg(#0)"
                                                                                    },
                                                                                    "cumulative_cardinality": 38733351,
                                                                                    "operator_type": "UNGROUPED_AGGREGATE",
                                                                                    "operator_cardinality": 1,
                                                                                    "cumulative_rows_scanned": 60000000,
                                                                                    "operator_rows_scanned": 0,
                                                                                    "operator_timing": 0.004376000000000029,
                                                                                    "result_set_size": 8,
                                                                                    "children": [
                                                                                        {
                                                                                            "result_set_size": 30563080,
                                                                                            "operator_timing": 0.00033899999999999946,
                                                                                            "operator_rows_scanned": 0,
                                                                                            "cumulative_rows_scanned": 60000000,
                                                                                            "operator_cardinality": 3820385,
                                                                                            "operator_type": "PROJECTION",
                                                                                            "cumulative_cardinality": 38733350,
                                                                                            "cpu_time": 0.41436199999999646,
                                                                                            "operator_name": "PROJECTION",
                                                                                            "extra_info": {
                                                                                                "Projections": "c_acctbal",
                                                                                                "Estimated Cardinality": "600000"
                                                                                            },
                                                                                            "children": [
                                                                                                {
                                                                                                    "operator_name": "PROJECTION",
                                                                                                    "cpu_time": 0.4140229999999965,
                                                                                                    "extra_info": {
                                                                                                        "Projections": [
                                                                                                            "#0",
                                                                                                            "#1"
                                                                                                        ],
                                                                                                        "Estimated Cardinality": "600000"
                                                                                                    },
                                                                                                    "cumulative_cardinality": 34912965,
                                                                                                    "operator_type": "PROJECTION",
                                                                                                    "operator_cardinality": 3820385,
                                                                                                    "cumulative_rows_scanned": 60000000,
                                                                                                    "operator_rows_scanned": 0,
                                                                                                    "operator_timing": 0.0004179999999999992,
                                                                                                    "result_set_size": 91689240,
                                                                                                    "children": [
                                                                                                        {
                                                                                                            "result_set_size": 95509625,
                                                                                                            "operator_timing": 0.029846999999999117,
                                                                                                            "operator_rows_scanned": 0,
                                                                                                            "cumulative_rows_scanned": 60000000,
                                                                                                            "operator_cardinality": 3820385,
                                                                                                            "operator_type": "FILTER",
                                                                                                            "cumulative_cardinality": 31092580,
                                                                                                            "cpu_time": 0.4136049999999965,
                                                                                                            "operator_name": "FILTER",
                                                                                                            "extra_info": {
                                                                                                                "Expression": "IN (...)",
                                                                                                                "Estimated Cardinality": "600000"
                                                                                                            },
                                                                                                            "children": [
                                                                                                                {
                                                                                                                    "operator_name": "HASH_JOIN",
                                                                                                                    "cpu_time": 0.3837579999999974,
                                                                                                                    "extra_info": {
                                                                                                                        "Join Type": "MARK",
                                                                                                                        "Conditions": "\"substring\"(c_phone, 1, 2) = #0",
                                                                                                                        "Estimated Cardinality": "3000000"
                                                                                                                    },
                                                                                                                    "cumulative_cardinality": 27272195,
                                                                                                                    "operator_type": "HASH_JOIN",
                                                                                                                    "operator_cardinality": 13636094,
                                                                                                                    "cumulative_rows_scanned": 60000000,
                                                                                                                    "operator_rows_scanned": 0,
                                                                                                                    "operator_timing": 0.18277499999999947,
                                                                                                                    "result_set_size": 340902350,
                                                                                                                    "children": [
                                                                                                                        {
                                                                                                                            "result_set_size": 327266256,
                                                                                                                            "operator_timing": 0.20098299999999789,
                                                                                                                            "operator_rows_scanned": 60000000,
                                                                                                                            "cumulative_rows_scanned": 60000000,
                                                                                                                            "operator_cardinality": 13636094,
                                                                                                                            "operator_type": "TABLE_SCAN",
                                                                                                                            "cumulative_cardinality": 13636094,
                                                                                                                            "cpu_time": 0.20098299999999789,
                                                                                                                            "operator_name": "SEQ_SCAN ",
                                                                                                                            "extra_info": {
                                                                                                                                "Table": "customer",
                                                                                                                                "Type": "Sequential Scan",
                                                                                                                                "Projections": [
                                                                                                                                    "c_acctbal",
                                                                                                                                    "c_phone"
                                                                                                                                ],
                                                                                                                                "Filters": "c_acctbal>0.00",
                                                                                                                                "Estimated Cardinality": "3000000"
                                                                                                                            },
                                                                                                                            "children": []
                                                                                                                        },
                                                                                                                        {
                                                                                                                            "result_set_size": 112,
                                                                                                                            "operator_timing": 0.0,
                                                                                                                            "operator_rows_scanned": 0,
                                                                                                                            "cumulative_rows_scanned": 0,
                                                                                                                            "operator_cardinality": 7,
                                                                                                                            "operator_type": "COLUMN_DATA_SCAN",
                                                                                                                            "cumulative_cardinality": 7,
                                                                                                                            "cpu_time": 0.0,
                                                                                                                            "operator_name": "COLUMN_DATA_SCAN",
                                                                                                                            "extra_info": {
                                                                                                                                "Estimated Cardinality": "0"
                                                                                                                            },
                                                                                                                            "children": []
                                                                                                                        }
                                                                                                                    ]
                                                                                                                }
                                                                                                            ]
                                                                                                        }
                                                                                                    ]
                                                                                                }
                                                                                            ]
                                                                                        }
                                                                                    ]
                                                                                }
                                                                            ]
                                                                        }
                                                                    ]
                                                                }
                                                            ]
                                                        }
                                                    ]
                                                },
                                                {
                                                    "operator_name": "HASH_JOIN",
                                                    "cpu_time": 3.138997999999621,
                                                    "extra_info": {
                                                        "Join Type": "RIGHT_ANTI",
                                                        "Conditions": "c_custkey IS NOT DISTINCT FROM c_custkey",
                                                        "Estimated Cardinality": "10"
                                                    },
                                                    "cumulative_cardinality": 188852481,
                                                    "operator_type": "HASH_JOIN",
                                                    "operator_cardinality": 635563,
                                                    "cumulative_rows_scanned": 600000000,
                                                    "operator_rows_scanned": 0,
                                                    "operator_timing": 0.6230919999999278,
                                                    "result_set_size": 15253512,
                                                    "children": [
                                                        {
                                                            "result_set_size": 152868280,
                                                            "operator_timing": 0.005694999999999919,
                                                            "operator_rows_scanned": 0,
                                                            "cumulative_rows_scanned": 600000000,
                                                            "operator_cardinality": 19108535,
                                                            "operator_type": "PROJECTION",
                                                            "cumulative_cardinality": 188216918,
                                                            "cpu_time": 2.5159059999996933,
                                                            "operator_name": "PROJECTION",
                                                            "extra_info": {
                                                                "Projections": "c_custkey",
                                                                "Estimated Cardinality": "10"
                                                            },
                                                            "children": [
                                                                {
                                                                    "operator_name": "HASH_JOIN",
                                                                    "cpu_time": 2.5102109999996935,
                                                                    "extra_info": {
                                                                        "Join Type": "INNER",
                                                                        "Conditions": "o_custkey = c_custkey",
                                                                        "Estimated Cardinality": "10"
                                                                    },
                                                                    "cumulative_cardinality": 169108383,
                                                                    "operator_type": "HASH_JOIN",
                                                                    "operator_cardinality": 19108535,
                                                                    "cumulative_rows_scanned": 600000000,
                                                                    "operator_rows_scanned": 0,
                                                                    "operator_timing": 2.4129769999996906,
                                                                    "result_set_size": 305736560,
                                                                    "children": [
                                                                        {
                                                                            "result_set_size": 1199998784,
                                                                            "operator_timing": 0.09723400000000312,
                                                                            "operator_rows_scanned": 600000000,
                                                                            "cumulative_rows_scanned": 600000000,
                                                                            "operator_cardinality": 149999848,
                                                                            "operator_type": "TABLE_SCAN",
                                                                            "cumulative_cardinality": 149999848,
                                                                            "cpu_time": 0.09723400000000312,
                                                                            "operator_name": "SEQ_SCAN ",
                                                                            "extra_info": {
                                                                                "Table": "orders",
                                                                                "Type": "Sequential Scan",
                                                                                "Projections": "o_custkey",
                                                                                "Estimated Cardinality": "150000000"
                                                                            },
                                                                            "children": []
                                                                        },
                                                                        {
                                                                            "result_set_size": 0,
                                                                            "operator_timing": 0.0,
                                                                            "operator_rows_scanned": 0,
                                                                            "cumulative_rows_scanned": 0,
                                                                            "operator_cardinality": 0,
                                                                            "operator_type": "DELIM_SCAN",
                                                                            "cumulative_cardinality": 0,
                                                                            "cpu_time": 0.0,
                                                                            "operator_name": "DELIM_SCAN",
                                                                            "extra_info": {
                                                                                "Delim Index": "1",
                                                                                "Estimated Cardinality": "1"
                                                                            },
                                                                            "children": []
                                                                        }
                                                                    ]
                                                                }
                                                            ]
                                                        },
                                                        {
                                                            "result_set_size": 0,
                                                            "operator_timing": 0.0,
                                                            "operator_rows_scanned": 0,
                                                            "cumulative_rows_scanned": 0,
                                                            "operator_cardinality": 0,
                                                            "operator_type": "DUMMY_SCAN",
                                                            "cumulative_cardinality": 0,
                                                            "cpu_time": 0.0,
                                                            "operator_name": "DUMMY_SCAN",
                                                            "extra_info": {},
                                                            "children": []
                                                        }
                                                    ]
                                                },
                                                {
                                                    "operator_name": "HASH_GROUP_BY",
                                                    "cpu_time": 0.03062600000000003,
                                                    "extra_info": {
                                                        "Groups": "#2",
                                                        "Aggregates": "",
                                                        "Estimated Cardinality": "10"
                                                    },
                                                    "cumulative_cardinality": 1909313,
                                                    "operator_type": "HASH_GROUP_BY",
                                                    "operator_cardinality": 1909313,
                                                    "cumulative_rows_scanned": 0,
                                                    "operator_rows_scanned": 0,
                                                    "operator_timing": 0.03062600000000003,
                                                    "result_set_size": 15274504,
                                                    "children": []
                                                }
                                            ]
                                        }
                                    ]
                                }
                            ]
                        }
                    ]
                }
            ]
        }
    ]
}