{
    "result_set_size": 2209584,
    "cumulative_rows_scanned": 648000050,
    "cumulative_cardinality": 182713749,
    "extra_info": {},
    "cpu_time": 0.8661519999999331,
    "blocked_thread_time": 0.0,
    "rows_returned": 92066,
    "query_name": "select\n\tps_partkey,\n\tsum(ps_supplycost * ps_availqty) as value\nfrom\n\tpartsupp,\n\tsupplier,\n\tnation\nwhere\n\tps_suppkey = s_suppkey\n\tand s_nationkey = n_nationkey\n\tand n_name = 'ROMANIA'\ngroup by\n\tps_partkey having\n\t\tsum(ps_supplycost * ps_availqty) > (\n\t\t\tselect\n\t\t\t\tsum(ps_supplycost * ps_availqty) * 0.0000010000\n\t\t\tfrom\n\t\t\t\tpartsupp,\n\t\t\t\tsupplier,\n\t\t\t\tnation\n\t\t\twhere\n\t\t\t\tps_suppkey = s_suppkey\n\t\t\t\tand s_nationkey = n_nationkey\n\t\t\t\tand n_name = 'ROMANIA'\n\t\t)\norder by\n\tvalue desc;",
    "latency": 0.401531,
    "children": [
        {
            "result_set_size": 2209584,
            "operator_timing": 0.000014,
            "operator_rows_scanned": 0,
            "cumulative_rows_scanned": 648000050,
            "operator_cardinality": 92066,
            "operator_type": "PROJECTION",
            "cumulative_cardinality": 182713749,
            "cpu_time": 0.8661519999999331,
            "operator_name": "PROJECTION",
            "extra_info": {
                "Projections": [
                    "__internal_decompress_integral_bigint(#0, 1)",
                    "#1"
                ],
                "Estimated Cardinality": "10"
            },
            "children": [
                {
                    "operator_name": "ORDER_BY",
                    "cpu_time": 0.8661379999999331,
                    "extra_info": {
                        "Order By": "sum((tpch.main.partsupp.ps_supplycost * tpch.main.partsupp.ps_availqty)) DESC"
                    },
                    "cumulative_cardinality": 182621683,
                    "operator_type": "ORDER_BY",
                    "operator_cardinality": 92066,
                    "cumulative_rows_scanned": 648000050,
                    "operator_rows_scanned": 0,
                    "operator_timing": 0.003326,
                    "result_set_size": 1841320,
                    "children": [
                        {
                            "result_set_size": 1841320,
                            "operator_timing": 0.00026299999999999967,
                            "operator_rows_scanned": 0,
                            "cumulative_rows_scanned": 648000050,
                            "operator_cardinality": 92066,
                            "operator_type": "PROJECTION",
                            "cumulative_cardinality": 182529617,
                            "cpu_time": 0.8628119999999331,
                            "operator_name": "PROJECTION",
                            "extra_info": {
                                "Projections": [
                                    "__internal_compress_integral_uinteger(#0, 1)",
                                    "#1"
                                ],
                                "Estimated Cardinality": "10"
                            },
                            "children": [
                                {
                                    "operator_name": "PROJECTION",
                                    "cpu_time": 0.8625489999999331,
                                    "extra_info": {
                                        "Projections": [
                                            "ps_partkey",
                                            "value"
                                        ],
                                        "Estimated Cardinality": "10"
                                    },
                                    "cumulative_cardinality": 182437551,
                                    "operator_type": "PROJECTION",
                                    "operator_cardinality": 92066,
                                    "cumulative_rows_scanned": 648000050,
                                    "operator_rows_scanned": 0,
                                    "operator_timing": 0.000037,
                                    "result_set_size": 2209584,
                                    "children": [
                                        {
                                            "result_set_size": 3682640,
                                            "operator_timing": 0.018952999999999956,
                                            "operator_rows_scanned": 0,
                                            "cumulative_rows_scanned": 648000050,
                                            "operator_cardinality": 92066,
                                            "operator_type": "NESTED_LOOP_JOIN",
                                            "cumulative_cardinality": 182345485,
                                            "cpu_time": 0.8625119999999331,
                                            "operator_name": "NESTED_LOOP_JOIN",
                                            "extra_info": {
                                                "Join Type": "INNER",
                                                "Conditions": "CAST(sum((CAST(ps_supplycost AS DECIMAL(34,2)) * CAST(ps_availqty AS DECIMAL(34,0)))) AS DECIMAL(38,12)) > SUBQUERY",
                                                "Estimated Cardinality": "10"
                                            },
                                            "children": [
                                                {
                                                    "operator_name": "PROJECTION",
                                                    "cpu_time": 0.5776589999999591,
                                                    "extra_info": {
                                                        "Projections": [
                                                            "__internal_decompress_integral_bigint(#0, 1)",
                                                            "#1"
                                                        ],
                                                        "Estimated Cardinality": "3088287"
                                                    },
                                                    "cumulative_cardinality": 95754345,
                                                    "operator_type": "PROJECTION",
                                                    "operator_cardinality": 3022278,
                                                    "cumulative_rows_scanned": 324000025,
                                                    "operator_rows_scanned": 0,
                                                    "operator_timing": 0.0006689999999999986,
                                                    "result_set_size": 72534672,
                                                    "children": [
                                                        {
                                                            "result_set_size": 60445560,
                                                            "operator_timing": 0.20328699999998395,
                                                            "operator_rows_scanned": 0,
                                                            "cumulative_rows_scanned": 324000025,
                                                            "operator_cardinality": 3022278,
                                                            "operator_type": "HASH_GROUP_BY",
                                                            "cumulative_cardinality": 92732067,
                                                            "cpu_time": 0.576989999999959,
                                                            "operator_name": "HASH_GROUP_BY",
                                                            "extra_info": {
                                                                "Groups": "#0",
                                                                "Aggregates": "sum(#1)",
                                                                "Estimated Cardinality": "3088287"
                                                            },
                                                            "children": [
                                                                {
                                                                    "operator_name": "PROJECTION",
                                                                    "cpu_time": 0.373702999999975,
                                                                    "extra_info": {
                                                                        "Projections": [
                                                                            "ps_partkey",
                                                                            "(CAST(ps_supplycost AS DECIMAL(34,2)) * CAST(ps_availqty AS DECIMAL(34,0)))"
                                                                        ],
                                                                        "Estimated Cardinality": "6176575"
                                                                    },
                                                                    "cumulative_cardinality": 89709789,
                                                                    "operator_type": "PROJECTION",
                                                                    "operator_cardinality": 3210720,
                                                                    "cumulative_rows_scanned": 324000025,
                                                                    "operator_rows_scanned": 0,
                                                                    "operator_timing": 0.04475299999999586,
                                                                    "result_set_size": 64214400,
                                                                    "children": [
                                                                        {
                                                                            "result_set_size": 96321600,
                                                                            "operator_timing": 0.07361899999999677,
                                                                            "operator_rows_scanned": 0,
                                                                            "cumulative_rows_scanned": 324000025,
                                                                            "operator_cardinality": 3210720,
                                                                            "operator_type": "PROJECTION",
                                                                            "cumulative_cardinality": 86499069,
                                                                            "cpu_time": 0.32894999999997915,
                                                                            "operator_name": "PROJECTION",
                                                                            "extra_info": {
                                                                                "Projections": [
                                                                                    "__internal_compress_integral_uinteger(#0, 1)",
                                                                                    "__internal_compress_integral_uinteger(#1, 1)",
                                                                                    "#2",
                                                                                    "#3",
                                                                                    "__internal_compress_integral_uinteger(#4, 1)",
                                                                                    "__internal_compress_integral_utinyint(#5, 0)",
                                                                                    "__internal_compress_integral_utinyint(#6, 0)"
                                                                                ],
                                                                                "Estimated Cardinality": "6176575"
                                                                            },
                                                                            "children": [
                                                                                {
                                                                                    "operator_name": "HASH_JOIN",
                                                                                    "cpu_time": 0.2553309999999824,
                                                                                    "extra_info": {
                                                                                        "Join Type": "INNER",
                                                                                        "Conditions": "ps_suppkey = s_suppkey",
                                                                                        "Estimated Cardinality": "6176575"
                                                                                    },
                                                                                    "cumulative_cardinality": 83288349,
                                                                                    "operator_type": "HASH_JOIN",
                                                                                    "operator_cardinality": 3210720,
                                                                                    "cumulative_rows_scanned": 324000025,
                                                                                    "operator_rows_scanned": 0,
                                                                                    "operator_timing": 0.09574799999998738,
                                                                                    "result_set_size": 154114560,
                                                                                    "children": [
                                                                                        {
                                                                                            "result_set_size": 2559915520,
                                                                                            "operator_timing": 0.158088999999995,
                                                                                            "operator_rows_scanned": 320000000,
                                                                                            "cumulative_rows_scanned": 320000000,
                                                                                            "operator_cardinality": 79997360,
                                                                                            "operator_type": "TABLE_SCAN",
                                                                                            "cumulative_cardinality": 79997360,
                                                                                            "cpu_time": 0.158088999999995,
                                                                                            "operator_name": "SEQ_SCAN ",
                                                                                            "extra_info": {
                                                                                                "Table": "partsupp",
                                                                                                "Type": "Sequential Scan",
                                                                                                "Projections": [
                                                                                                    "ps_suppkey",
                                                                                                    "ps_partkey",
                                                                                                    "ps_supplycost",
                                                                                                    "ps_availqty"
                                                                                                ],
                                                                                                "Estimated Cardinality": "80000000"
                                                                                            },
                                                                                            "children": []
                                                                                        },
                                                                                        {
                                                                                            "result_set_size": 642144,
                                                                                            "operator_timing": 0.00032999999999999946,
                                                                                            "operator_rows_scanned": 0,
                                                                                            "cumulative_rows_scanned": 4000025,
                                                                                            "operator_cardinality": 40134,
                                                                                            "operator_type": "HASH_JOIN",
                                                                                            "cumulative_cardinality": 80269,
                                                                                            "cpu_time": 0.0014939999999999984,
                                                                                            "operator_name": "HASH_JOIN",
                                                                                            "extra_info": {
                                                                                                "Join Type": "INNER",
                                                                                                "Conditions": "s_nationkey = n_nationkey",
                                                                                                "Estimated Cardinality": "76923"
                                                                                            },
                                                                                            "children": [
                                                                                                {
                                                                                                    "operator_name": "SEQ_SCAN ",
                                                                                                    "cpu_time": 0.0011609999999999988,
                                                                                                    "extra_info": {
                                                                                                        "Table": "supplier",
                                                                                                        "Type": "Sequential Scan",
                                                                                                        "Projections": [
                                                                                                            "s_suppkey",
                                                                                                            "s_nationkey"
                                                                                                        ],
                                                                                                        "Estimated Cardinality": "1000000"
                                                                                                    },
                                                                                                    "cumulative_cardinality": 40134,
                                                                                                    "operator_type": "TABLE_SCAN",
                                                                                                    "operator_cardinality": 40134,
                                                                                                    "cumulative_rows_scanned": 4000000,
                                                                                                    "operator_rows_scanned": 4000000,
                                                                                                    "operator_timing": 0.0011609999999999988,
                                                                                                    "result_set_size": 481608,
                                                                                                    "children": []
                                                                                                },
                                                                                                {
                                                                                                    "operator_name": "SEQ_SCAN ",
                                                                                                    "cpu_time": 0.000003,
                                                                                                    "extra_info": {
                                                                                                        "Table": "nation",
                                                                                                        "Type": "Sequential Scan",
                                                                                                        "Projections": "n_nationkey",
                                                                                                        "Filters": "n_name='ROMANIA'",
                                                                                                        "Estimated Cardinality": "2"
                                                                                                    },
                                                                                                    "cumulative_cardinality": 1,
                                                                                                    "operator_type": "TABLE_SCAN",
                                                                                                    "operator_cardinality": 1,
                                                                                                    "cumulative_rows_scanned": 25,
                                                                                                    "operator_rows_scanned": 25,
                                                                                                    "operator_timing": 0.000003,
                                                                                                    "result_set_size": 4,
                                                                                                    "children": []
                                                                                                }
                                                                                            ]
                                                                                        }
                                                                                    ]
                                                                                }
                                                                            ]
                                                                        }
                                                                    ]
                                                                }
                                                            ]
                                                        }
                                                    ]
                                                },
                                                {
                                                    "operator_name": "PROJECTION",
                                                    "cpu_time": 0.265899999999974,
                                                    "extra_info": {
                                                        "Projections": [
                                                            "CASE  WHEN ((#1 > 1)) THEN (error('More than one row returned by a subquery used as an expression - scalar subqueries can only return a single row.",
                                                            "Use \"SET scalar_subquery_error_on_multiple_rows=false\" to revert to previous behavior of returning a random row.')) ELSE #0 END"
                                                        ],
                                                        "Estimated Cardinality": "1"
                                                    },
                                                    "cumulative_cardinality": 86499074,
                                                    "operator_type": "PROJECTION",
                                                    "operator_cardinality": 1,
                                                    "cumulative_rows_scanned": 324000025,
                                                    "operator_rows_scanned": 0,
                                                    "operator_timing": 0.000002,
                                                    "result_set_size": 16,
                                                    "children": [
                                                        {
                                                            "result_set_size": 24,
                                                            "operator_timing": 0.000001,
                                                            "operator_rows_scanned": 0,
                                                            "cumulative_rows_scanned": 324000025,
                                                            "operator_cardinality": 1,
                                                            "operator_type": "UNGROUPED_AGGREGATE",
                                                            "cumulative_cardinality": 86499073,
                                                            "cpu_time": 0.265897999999974,
                                                            "operator_name": "UNGROUPED_AGGREGATE",
                                                            "extra_info": {
                                                                "Aggregates": [
                                                                    "\"first\"(#0)",
                                                                    "count_star()"
                                                                ]
                                                            },
                                                            "children": [
                                                                {
                                                                    "operator_name": "PROJECTION",
                                                                    "cpu_time": 0.265896999999974,
                                                                    "extra_info": {
                                                                        "Projections": "#0",
                                                                        "Estimated Cardinality": "1"
                                                                    },
                                                                    "cumulative_cardinality": 86499072,
                                                                    "operator_type": "PROJECTION",
                                                                    "operator_cardinality": 1,
                                                                    "cumulative_rows_scanned": 324000025,
                                                                    "operator_rows_scanned": 0,
                                                                    "operator_timing": 0.0,
                                                                    "result_set_size": 16,
                                                                    "children": [
                                                                        {
                                                                            "result_set_size": 16,
                                                                            "operator_timing": 0.000001,
                                                                            "operator_rows_scanned": 0,
                                                                            "cumulative_rows_scanned": 324000025,
                                                                            "operator_cardinality": 1,
                                                                            "operator_type": "PROJECTION",
                                                                            "cumulative_cardinality": 86499071,
                                                                            "cpu_time": 0.265896999999974,
                                                                            "operator_name": "PROJECTION",
                                                                            "extra_info": {
                                                                                "Projections": "(sum((CAST(ps_supplycost AS DECIMAL(34,2)) * CAST(ps_availqty AS DECIMAL(34,0)))) * 0.0000010000)",
                                                                                "Estimated Cardinality": "1"
                                                                            },
                                                                            "children": [
                                                                                {
                                                                                    "operator_name": "UNGROUPED_AGGREGATE",
                                                                                    "cpu_time": 0.26589599999997404,
                                                                                    "extra_info": {
                                                                                        "Aggregates": "sum(#0)"
                                                                                    },
                                                                                    "cumulative_cardinality": 86499070,
                                                                                    "operator_type": "UNGROUPED_AGGREGATE",
                                                                                    "operator_cardinality": 1,
                                                                                    "cumulative_rows_scanned": 324000025,
                                                                                    "operator_rows_scanned": 0,
                                                                                    "operator_timing": 0.0181530000000011,
                                                                                    "result_set_size": 16,
                                                                                    "children": [
                                                                                        {
                                                                                            "result_set_size": 51371520,
                                                                                            "operator_timing": 0.04397599999999578,
                                                                                            "operator_rows_scanned": 0,
                                                                                            "cumulative_rows_scanned": 324000025,
                                                                                            "operator_cardinality": 3210720,
                                                                                            "operator_type": "PROJECTION",
                                                                                            "cumulative_cardinality": 86499069,
                                                                                            "cpu_time": 0.24774299999997296,
                                                                                            "operator_name": "PROJECTION",
                                                                                            "extra_info": {
                                                                                                "Projections": "(CAST(ps_supplycost AS DECIMAL(34,2)) * CAST(ps_availqty AS DECIMAL(34,0)))",
                                                                                                "Estimated Cardinality": "6176575"
                                                                                            },
                                                                                            "children": [
                                                                                                {
                                                                                                    "operator_name": "HASH_JOIN",
                                                                                                    "cpu_time": 0.2037669999999772,
                                                                                                    "extra_info": {
                                                                                                        "Join Type": "INNER",
                                                                                                        "Conditions": "ps_suppkey = s_suppkey",
                                                                                                        "Estimated Cardinality": "6176575"
                                                                                                    },
                                                                                                    "cumulative_cardinality": 83288349,
                                                                                                    "operator_type": "HASH_JOIN",
                                                                                                    "operator_cardinality": 3210720,
                                                                                                    "cumulative_rows_scanned": 324000025,
                                                                                                    "operator_rows_scanned": 0,
                                                                                                    "operator_timing": 0.09101999999998872,
                                                                                                    "result_set_size": 128428800,
                                                                                                    "children": [
                                                                                                        {
                                                                                                            "result_set_size": 1919936640,
                                                                                                            "operator_timing": 0.1113179999999885,
                                                                                                            "operator_rows_scanned": 320000000,
                                                                                                            "cumulative_rows_scanned": 320000000,
                                                                                                            "operator_cardinality": 79997360,
                                                                                                            "operator_type": "TABLE_SCAN",
                                                                                                            "cumulative_cardinality": 79997360,
                                                                                                            "cpu_time": 0.1113179999999885,
                                                                                                            "operator_name": "SEQ_SCAN ",
                                                                                                            "extra_info": {
                                                                                                                "Table": "partsupp",
                                                                                                                "Type": "Sequential Scan",
                                                                                                                "Projections": [
                                                                                                                    "ps_suppkey",
                                                                                                                    "ps_supplycost",
                                                                                                                    "ps_availqty"
                                                                                                                ],
                                                                                                                "Estimated Cardinality": "80000000"
                                                                                                            },
                                                                                                            "children": []
                                                                                                        },
                                                                                                        {
                                                                                                            "result_set_size": 642144,
                                                                                                            "operator_timing": 0.0003119999999999996,
                                                                                                            "operator_rows_scanned": 0,
                                                                                                            "cumulative_rows_scanned": 4000025,
                                                                                                            "operator_cardinality": 40134,
                                                                                                            "operator_type": "HASH_JOIN",
                                                                                                            "cumulative_cardinality": 80269,
                                                                                                            "cpu_time": 0.0014289999999999982,
                                                                                                            "operator_name": "HASH_JOIN",
                                                                                                            "extra_info": {
                                                                                                                "Join Type": "INNER",
                                                                                                                "Conditions": "s_nationkey = n_nationkey",
                                                                                                                "Estimated Cardinality": "76923"
                                                                                                            },
                                                                                                            "children": [
                                                                                                                {
                                                                                                                    "operator_name": "SEQ_SCAN ",
                                                                                                                    "cpu_time": 0.0011129999999999985,
                                                                                                                    "extra_info": {
                                                                                                                        "Table": "supplier",
                                                                                                                        "Type": "Sequential Scan",
                                                                                                                        "Projections": [
                                                                                                                            "s_suppkey",
                                                                                                                            "s_nationkey"
                                                                                                                        ],
                                                                                                                        "Estimated Cardinality": "1000000"
                                                                                                                    },
                                                                                                                    "cumulative_cardinality": 40134,
                                                                                                                    "operator_type": "TABLE_SCAN",
                                                                                                                    "operator_cardinality": 40134,
                                                                                                                    "cumulative_rows_scanned": 4000000,
                                                                                                                    "operator_rows_scanned": 4000000,
                                                                                                                    "operator_timing": 0.0011129999999999985,
                                                                                                                    "result_set_size": 481608,
                                                                                                                    "children": []
                                                                                                                },
                                                                                                                {
                                                                                                                    "operator_name": "SEQ_SCAN ",
                                                                                                                    "cpu_time": 0.000004,
                                                                                                                    "extra_info": {
                                                                                                                        "Table": "nation",
                                                                                                                        "Type": "Sequential Scan",
                                                                                                                        "Projections": "n_nationkey",
                                                                                                                        "Filters": "n_name='ROMANIA'",
                                                                                                                        "Estimated Cardinality": "2"
                                                                                                                    },
                                                                                                                    "cumulative_cardinality": 1,
                                                                                                                    "operator_type": "TABLE_SCAN",
                                                                                                                    "operator_cardinality": 1,
                                                                                                                    "cumulative_rows_scanned": 25,
                                                                                                                    "operator_rows_scanned": 25,
                                                                                                                    "operator_timing": 0.000004,
                                                                                                                    "result_set_size": 4,
                                                                                                                    "children": []
                                                                                                                }
                                                                                                            ]
                                                                                                        }
                                                                                                    ]
                                                                                                }
                                                                                            ]
                                                                                        }
                                                                                    ]
                                                                                }
                                                                            ]
                                                                        }
                                                                    ]
                                                                }
                                                            ]
                                                        }
                                                    ]
                                                }
                                            ]
                                        }
                                    ]
                                }
                            ]
                        }
                    ]
                }
            ]
        }
    ]
}