{
    "result_set_size": 8,
    "cumulative_rows_scanned": 2480151608,
    "cumulative_cardinality": 70939222,
    "extra_info": {},
    "cpu_time": 3.167465000000839,
    "blocked_thread_time": 0.0,
    "rows_returned": 1,
    "query_name": "select\n\t100.00 * sum(case\n\t\twhen p_type like 'PROMO%'\n\t\t\tthen l_extendedprice * (1 - l_discount)\n\t\telse 0\n\tend) / sum(l_extendedprice * (1 - l_discount)) as promo_revenue\nfrom\n\tlineitem,\n\tpart\nwhere\n\tl_partkey = p_partkey\n\tand l_shipdate >= date '1997-05-01'\n\tand l_shipdate < date '1997-05-01' + interval '1' month;",
    "latency": 1.410874,
    "children": [
        {
            "result_set_size": 8,
            "operator_timing": 0.000003,
            "operator_rows_scanned": 0,
            "cumulative_rows_scanned": 2480151608,
            "operator_cardinality": 1,
            "operator_type": "PROJECTION",
            "cumulative_cardinality": 70939222,
            "cpu_time": 3.167465000000839,
            "operator_name": "PROJECTION",
            "extra_info": {
                "Projections": "promo_revenue",
                "Estimated Cardinality": "1"
            },
            "children": [
                {
                    "operator_name": "UNGROUPED_AGGREGATE",
                    "cpu_time": 3.167462000000839,
                    "extra_info": {
                        "Aggregates": [
                            "sum(#0)",
                            "sum(#1)"
                        ]
                    },
                    "cumulative_cardinality": 70939221,
                    "operator_type": "UNGROUPED_AGGREGATE",
                    "operator_cardinality": 1,
                    "cumulative_rows_scanned": 2480151608,
                    "operator_rows_scanned": 0,
                    "operator_timing": 0.009402999999999962,
                    "result_set_size": 32,
                    "children": [
                        {
                            "result_set_size": 123756880,
                            "operator_timing": 0.033479000000000425,
                            "operator_rows_scanned": 0,
                            "cumulative_rows_scanned": 2480151608,
                            "operator_cardinality": 7734805,
                            "operator_type": "PROJECTION",
                            "cumulative_cardinality": 70939220,
                            "cpu_time": 3.158059000000839,
                            "operator_name": "PROJECTION",
                            "extra_info": {
                                "Projections": [
                                    "CASE  WHEN (prefix(p_type, 'PROMO')) THEN ((l_extendedprice * (1.00 - l_discount))) ELSE 0.0000 END",
                                    "(l_extendedprice * (1.00 - l_discount))"
                                ],
                                "Estimated Cardinality": "96931570"
                            },
                            "children": [
                                {
                                    "operator_name": "HASH_JOIN",
                                    "cpu_time": 3.124580000000839,
                                    "extra_info": {
                                        "Join Type": "INNER",
                                        "Conditions": "l_partkey = p_partkey",
                                        "Estimated Cardinality": "96931570"
                                    },
                                    "cumulative_cardinality": 63204415,
                                    "operator_type": "HASH_JOIN",
                                    "operator_cardinality": 7734805,
                                    "cumulative_rows_scanned": 2480151608,
                                    "operator_rows_scanned": 0,
                                    "operator_timing": 1.6831010000007138,
                                    "result_set_size": 247513760,
                                    "children": [
                                        {
                                            "result_set_size": 154696100,
                                            "operator_timing": 0.08684300000000422,
                                            "operator_rows_scanned": 0,
                                            "cumulative_rows_scanned": 2400151608,
                                            "operator_cardinality": 7734805,
                                            "operator_type": "PROJECTION",
                                            "cumulative_cardinality": 15469610,
                                            "cpu_time": 1.4213540000001252,
                                            "operator_name": "PROJECTION",
                                            "extra_info": {
                                                "Projections": [
                                                    "__internal_compress_integral_uinteger(#0, 1)",
                                                    "#1",
                                                    "#2"
                                                ],
                                                "Estimated Cardinality": "120007580"
                                            },
                                            "children": [
                                                {
                                                    "operator_name": "SEQ_SCAN ",
                                                    "cpu_time": 1.334511000000121,
                                                    "extra_info": {
                                                        "Table": "lineitem",
                                                        "Type": "Sequential Scan",
                                                        "Projections": [
                                                            "l_partkey",
                                                            "l_extendedprice",
                                                            "l_discount"
                                                        ],
                                                        "Filters": "l_shipdate>='1997-05-01'::DATE AND l_shipdate<'1997-06-01'::DATE",
                                                        "Estimated Cardinality": "120007580"
                                                    },
                                                    "cumulative_cardinality": 7734805,
                                                    "operator_type": "TABLE_SCAN",
                                                    "operator_cardinality": 7734805,
                                                    "cumulative_rows_scanned": 2400151608,
                                                    "operator_rows_scanned": 2400151608,
                                                    "operator_timing": 1.334511000000121,
                                                    "result_set_size": 185635320,
                                                    "children": []
                                                }
                                            ]
                                        },
                                        {
                                            "result_set_size": 400000000,
                                            "operator_timing": 0.00449100000000002,
                                            "operator_rows_scanned": 0,
                                            "cumulative_rows_scanned": 80000000,
                                            "operator_cardinality": 20000000,
                                            "operator_type": "PROJECTION",
                                            "cumulative_cardinality": 40000000,
                                            "cpu_time": 0.020124999999999883,
                                            "operator_name": "PROJECTION",
                                            "extra_info": {
                                                "Projections": [
                                                    "__internal_compress_integral_uinteger(#0, 1)",
                                                    "#1"
                                                ],
                                                "Estimated Cardinality": "20000000"
                                            },
                                            "children": [
                                                {
                                                    "operator_name": "SEQ_SCAN ",
                                                    "cpu_time": 0.015633999999999863,
                                                    "extra_info": {
                                                        "Table": "part",
                                                        "Type": "Sequential Scan",
                                                        "Projections": [
                                                            "p_partkey",
                                                            "p_type"
                                                        ],
                                                        "Estimated Cardinality": "20000000"
                                                    },
                                                    "cumulative_cardinality": 20000000,
                                                    "operator_type": "TABLE_SCAN",
                                                    "operator_cardinality": 20000000,
                                                    "cumulative_rows_scanned": 80000000,
                                                    "operator_rows_scanned": 80000000,
                                                    "operator_timing": 0.015633999999999863,
                                                    "result_set_size": 480000000,
                                                    "children": []
                                                }
                                            ]
                                        }
                                    ]
                                }
                            ]
                        }
                    ]
                }
            ]
        }
    ]
}