{
    "result_set_size": 569376,
    "cumulative_rows_scanned": 2804151633,
    "cumulative_cardinality": 180575330,
    "extra_info": {},
    "cpu_time": 4.590555999997814,
    "blocked_thread_time": 0.02,
    "rows_returned": 17793,
    "query_name": "select\n\ts_name,\n\ts_address\nfrom\n\tsupplier,\n\tnation\nwhere\n\ts_suppkey in (\n\t\tselect\n\t\t\tps_suppkey\n\t\tfrom\n\t\t\tpartsupp\n\t\twhere\n\t\t\tps_partkey in (\n\t\t\t\tselect\n\t\t\t\t\tp_partkey\n\t\t\t\tfrom\n\t\t\t\t\tpart\n\t\t\t\twhere\n\t\t\t\t\tp_name like 'sky%'\n\t\t\t)\n\t\t\tand ps_availqty > (\n\t\t\t\tselect\n\t\t\t\t\t0.5 * sum(l_quantity)\n\t\t\t\tfrom\n\t\t\t\t\tlineitem\n\t\t\t\twhere\n\t\t\t\t\tl_partkey = ps_partkey\n\t\t\t\t\tand l_suppkey = ps_suppkey\n\t\t\t\t\tand l_shipdate >= date '1996-01-01'\n\t\t\t\t\tand l_shipdate < date '1996-01-01' + interval '1' year\n\t\t\t)\n\t)\n\tand s_nationkey = n_nationkey\n\tand n_name = 'JORDAN'\norder by\n\ts_name;",
    "latency": 1.755641,
    "children": [
        {
            "result_set_size": 569376,
            "operator_timing": 0.0008020000000000001,
            "operator_rows_scanned": 0,
            "cumulative_rows_scanned": 2804151633,
            "operator_cardinality": 17793,
            "operator_type": "ORDER_BY",
            "cumulative_cardinality": 180575330,
            "cpu_time": 4.590555999997814,
            "operator_name": "ORDER_BY",
            "extra_info": {
                "Order By": "tpch.main.supplier.s_name ASC"
            },
            "children": [
                {
                    "operator_name": "HASH_JOIN",
                    "cpu_time": 4.589753999997813,
                    "extra_info": {
                        "Join Type": "RIGHT_SEMI",
                        "Conditions": "#0 = s_suppkey",
                        "Estimated Cardinality": "15384"
                    },
                    "cumulative_cardinality": 180557537,
                    "operator_type": "HASH_JOIN",
                    "operator_cardinality": 17793,
                    "cumulative_rows_scanned": 2804151633,
                    "operator_rows_scanned": 0,
                    "operator_timing": 0.007906000000000003,
                    "result_set_size": 569376,
                    "children": [
                        {
                            "result_set_size": 4730088,
                            "operator_timing": 0.000019,
                            "operator_rows_scanned": 0,
                            "cumulative_rows_scanned": 2800151608,
                            "operator_cardinality": 591261,
                            "operator_type": "PROJECTION",
                            "cumulative_cardinality": 180460097,
                            "cpu_time": 4.5716829999978135,
                            "operator_name": "PROJECTION",
                            "extra_info": {
                                "Projections": "#2",
                                "Estimated Cardinality": "16000000"
                            },
                            "children": [
                                {
                                    "operator_name": "FILTER",
                                    "cpu_time": 4.5716639999978135,
                                    "extra_info": {
                                        "Expression": "(CAST(ps_availqty AS DECIMAL(38,3)) > SUBQUERY)",
                                        "Estimated Cardinality": "16000000"
                                    },
                                    "cumulative_cardinality": 179868836,
                                    "operator_type": "FILTER",
                                    "operator_cardinality": 591261,
                                    "cumulative_rows_scanned": 2800151608,
                                    "operator_rows_scanned": 0,
                                    "operator_timing": 0.005486000000000001,
                                    "result_set_size": 18920352,
                                    "children": [
                                        {
                                            "result_set_size": 0,
                                            "operator_timing": 0.033043,
                                            "operator_rows_scanned": 0,
                                            "cumulative_rows_scanned": 2800151608,
                                            "operator_cardinality": 0,
                                            "operator_type": "RIGHT_DELIM_JOIN",
                                            "cumulative_cardinality": 179277575,
                                            "cpu_time": 4.566177999997813,
                                            "operator_name": "RIGHT_DELIM_JOIN",
                                            "extra_info": {
                                                "Join Type": "RIGHT",
                                                "Conditions": [
                                                    "ps_partkey IS NOT DISTINCT FROM ps_partkey",
                                                    "ps_suppkey IS NOT DISTINCT FROM ps_suppkey"
                                                ],
                                                "Estimated Cardinality": "16000000",
                                                "Delim Index": "1"
                                            },
                                            "children": [
                                                {
                                                    "operator_name": "HASH_JOIN",
                                                    "cpu_time": 1.1923169999999579,
                                                    "extra_info": {
                                                        "Join Type": "SEMI",
                                                        "Conditions": "ps_partkey = #0",
                                                        "Estimated Cardinality": "16000000"
                                                    },
                                                    "cumulative_cardinality": 81518722,
                                                    "operator_type": "HASH_JOIN",
                                                    "operator_cardinality": 867992,
                                                    "cumulative_rows_scanned": 400000000,
                                                    "operator_rows_scanned": 0,
                                                    "operator_timing": 0.47662999999995465,
                                                    "result_set_size": 20831808,
                                                    "children": [
                                                        {
                                                            "result_set_size": 1919993664,
                                                            "operator_timing": 0.11708299999998789,
                                                            "operator_rows_scanned": 320000000,
                                                            "cumulative_rows_scanned": 320000000,
                                                            "operator_cardinality": 79999736,
                                                            "operator_type": "TABLE_SCAN",
                                                            "cumulative_cardinality": 79999736,
                                                            "cpu_time": 0.11708299999998789,
                                                            "operator_name": "SEQ_SCAN ",
                                                            "extra_info": {
                                                                "Table": "partsupp",
                                                                "Type": "Sequential Scan",
                                                                "Projections": [
                                                                    "ps_partkey",
                                                                    "ps_availqty",
                                                                    "ps_suppkey"
                                                                ],
                                                                "Estimated Cardinality": "80000000"
                                                            },
                                                            "children": []
                                                        },
                                                        {
                                                            "result_set_size": 1735984,
                                                            "operator_timing": 0.0000049999999999999996,
                                                            "operator_rows_scanned": 0,
                                                            "cumulative_rows_scanned": 80000000,
                                                            "operator_cardinality": 216998,
                                                            "operator_type": "PROJECTION",
                                                            "cumulative_cardinality": 650994,
                                                            "cpu_time": 0.5986040000000155,
                                                            "operator_name": "PROJECTION",
                                                            "extra_info": {
                                                                "Projections": "#1",
                                                                "Estimated Cardinality": "800000"
                                                            },
                                                            "children": [
                                                                {
                                                                    "operator_name": "FILTER",
                                                                    "cpu_time": 0.5985990000000154,
                                                                    "extra_info": {
                                                                        "Expression": "prefix(p_name, 'sky')",
                                                                        "Estimated Cardinality": "800000"
                                                                    },
                                                                    "cumulative_cardinality": 433996,
                                                                    "operator_type": "FILTER",
                                                                    "operator_cardinality": 216998,
                                                                    "cumulative_rows_scanned": 80000000,
                                                                    "operator_rows_scanned": 0,
                                                                    "operator_timing": 0.013891000000000006,
                                                                    "result_set_size": 5207952,
                                                                    "children": [
                                                                        {
                                                                            "result_set_size": 5207952,
                                                                            "operator_timing": 0.5847080000000154,
                                                                            "operator_rows_scanned": 80000000,
                                                                            "cumulative_rows_scanned": 80000000,
                                                                            "operator_cardinality": 216998,
                                                                            "operator_type": "TABLE_SCAN",
                                                                            "cumulative_cardinality": 216998,
                                                                            "cpu_time": 0.5847080000000154,
                                                                            "operator_name": "SEQ_SCAN ",
                                                                            "extra_info": {
                                                                                "Table": "part",
                                                                                "Type": "Sequential Scan",
                                                                                "Projections": [
                                                                                    "p_name",
                                                                                    "p_partkey"
                                                                                ],
                                                                                "Filters": "p_name>='sky' AND p_name<'skz'",
                                                                                "Estimated Cardinality": "4000000"
                                                                            },
                                                                            "children": []
                                                                        }
                                                                    ]
                                                                }
                                                            ]
                                                        }
                                                    ]
                                                },
                                                {
                                                    "operator_name": "HASH_JOIN",
                                                    "cpu_time": 3.323696999997855,
                                                    "extra_info": {
                                                        "Join Type": "RIGHT",
                                                        "Conditions": [
                                                            "ps_partkey IS NOT DISTINCT FROM ps_partkey",
                                                            "ps_suppkey IS NOT DISTINCT FROM ps_suppkey"
                                                        ],
                                                        "Estimated Cardinality": "16000000"
                                                    },
                                                    "cumulative_cardinality": 96890861,
                                                    "operator_type": "HASH_JOIN",
                                                    "operator_cardinality": 867992,
                                                    "cumulative_rows_scanned": 2400151608,
                                                    "operator_rows_scanned": 0,
                                                    "operator_timing": 0.027345000000000008,
                                                    "result_set_size": 27775744,
                                                    "children": [
                                                        {
                                                            "result_set_size": 18959840,
                                                            "operator_timing": 0.0027370000000000016,
                                                            "operator_rows_scanned": 0,
                                                            "cumulative_rows_scanned": 2400151608,
                                                            "operator_cardinality": 592495,
                                                            "operator_type": "PROJECTION",
                                                            "cumulative_cardinality": 96022869,
                                                            "cpu_time": 3.296351999997855,
                                                            "operator_name": "PROJECTION",
                                                            "extra_info": {
                                                                "Projections": [
                                                                    "(0.5 * sum(l_quantity))",
                                                                    "ps_partkey",
                                                                    "ps_suppkey"
                                                                ],
                                                                "Estimated Cardinality": "9693157"
                                                            },
                                                            "children": [
                                                                {
                                                                    "operator_name": "PROJECTION",
                                                                    "cpu_time": 3.293614999997855,
                                                                    "extra_info": {
                                                                        "Projections": [
                                                                            "__internal_decompress_integral_bigint(#0, 1)",
                                                                            "__internal_decompress_integral_bigint(#1, 1)",
                                                                            "#2"
                                                                        ],
                                                                        "Estimated Cardinality": "9693157"
                                                                    },
                                                                    "cumulative_cardinality": 95430374,
                                                                    "operator_type": "PROJECTION",
                                                                    "operator_cardinality": 592495,
                                                                    "cumulative_rows_scanned": 2400151608,
                                                                    "operator_rows_scanned": 0,
                                                                    "operator_timing": 0.0003239999999999995,
                                                                    "result_set_size": 18959840,
                                                                    "children": [
                                                                        {
                                                                            "result_set_size": 14219880,
                                                                            "operator_timing": 0.068524,
                                                                            "operator_rows_scanned": 0,
                                                                            "cumulative_rows_scanned": 2400151608,
                                                                            "operator_cardinality": 592495,
                                                                            "operator_type": "HASH_GROUP_BY",
                                                                            "cumulative_cardinality": 94837879,
                                                                            "cpu_time": 3.293290999997855,
                                                                            "operator_name": "HASH_GROUP_BY",
                                                                            "extra_info": {
                                                                                "Groups": [
                                                                                    "#0",
                                                                                    "#1"
                                                                                ],
                                                                                "Aggregates": "sum(#2)",
                                                                                "Estimated Cardinality": "9693157"
                                                                            },
                                                                            "children": [
                                                                                {
                                                                                    "operator_name": "PROJECTION",
                                                                                    "cpu_time": 3.224766999997855,
                                                                                    "extra_info": {
                                                                                        "Projections": [
                                                                                            "ps_partkey",
                                                                                            "ps_suppkey",
                                                                                            "l_quantity"
                                                                                        ],
                                                                                        "Estimated Cardinality": "19386314"
                                                                                    },
                                                                                    "cumulative_cardinality": 94245384,
                                                                                    "operator_type": "PROJECTION",
                                                                                    "operator_cardinality": 990590,
                                                                                    "cumulative_rows_scanned": 2400151608,
                                                                                    "operator_rows_scanned": 0,
                                                                                    "operator_timing": 0.00017099999999999987,
                                                                                    "result_set_size": 15849440,
                                                                                    "children": [
                                                                                        {
                                                                                            "result_set_size": 31698880,
                                                                                            "operator_timing": 0.00138,
                                                                                            "operator_rows_scanned": 0,
                                                                                            "cumulative_rows_scanned": 2400151608,
                                                                                            "operator_cardinality": 990590,
                                                                                            "operator_type": "PROJECTION",
                                                                                            "cumulative_cardinality": 93254794,
                                                                                            "cpu_time": 3.224595999997855,
                                                                                            "operator_name": "PROJECTION",
                                                                                            "extra_info": {
                                                                                                "Projections": [
                                                                                                    "__internal_compress_integral_uinteger(#0, 1)",
                                                                                                    "__internal_compress_integral_uinteger(#1, 1)",
                                                                                                    "#2",
                                                                                                    "#3",
                                                                                                    "#4"
                                                                                                ],
                                                                                                "Estimated Cardinality": "19386314"
                                                                                            },
                                                                                            "children": [
                                                                                                {
                                                                                                    "operator_name": "HASH_JOIN",
                                                                                                    "cpu_time": 3.223215999997855,
                                                                                                    "extra_info": {
                                                                                                        "Join Type": "INNER",
                                                                                                        "Conditions": [
                                                                                                            "l_partkey = ps_partkey",
                                                                                                            "l_suppkey = ps_suppkey"
                                                                                                        ],
                                                                                                        "Estimated Cardinality": "19386314"
                                                                                                    },
                                                                                                    "cumulative_cardinality": 92264204,
                                                                                                    "operator_type": "HASH_JOIN",
                                                                                                    "operator_cardinality": 990590,
                                                                                                    "cumulative_rows_scanned": 2400151608,
                                                                                                    "operator_rows_scanned": 0,
                                                                                                    "operator_timing": 1.4212619999994869,
                                                                                                    "result_set_size": 39623600,
                                                                                                    "children": [
                                                                                                        {
                                                                                                            "result_set_size": 2190566736,
                                                                                                            "operator_timing": 1.8019539999983682,
                                                                                                            "operator_rows_scanned": 2400151608,
                                                                                                            "cumulative_rows_scanned": 2400151608,
                                                                                                            "operator_cardinality": 91273614,
                                                                                                            "operator_type": "TABLE_SCAN",
                                                                                                            "cumulative_cardinality": 91273614,
                                                                                                            "cpu_time": 1.8019539999983682,
                                                                                                            "operator_name": "SEQ_SCAN ",
                                                                                                            "extra_info": {
                                                                                                                "Table": "lineitem",
                                                                                                                "Type": "Sequential Scan",
                                                                                                                "Projections": [
                                                                                                                    "l_partkey",
                                                                                                                    "l_suppkey",
                                                                                                                    "l_quantity"
                                                                                                                ],
                                                                                                                "Filters": "l_shipdate>='1996-01-01'::DATE AND l_shipdate<'1997-01-01'::DATE",
                                                                                                                "Estimated Cardinality": "120007580"
                                                                                                            },
                                                                                                            "children": []
                                                                                                        },
                                                                                                        {
                                                                                                            "result_set_size": 0,
                                                                                                            "operator_timing": 0.0,
                                                                                                            "operator_rows_scanned": 0,
                                                                                                            "cumulative_rows_scanned": 0,
                                                                                                            "operator_cardinality": 0,
                                                                                                            "operator_type": "DELIM_SCAN",
                                                                                                            "cumulative_cardinality": 0,
                                                                                                            "cpu_time": 0.0,
                                                                                                            "operator_name": "DELIM_SCAN",
                                                                                                            "extra_info": {
                                                                                                                "Delim Index": "1",
                                                                                                                "Estimated Cardinality": "8000000"
                                                                                                            },
                                                                                                            "children": []
                                                                                                        }
                                                                                                    ]
                                                                                                }
                                                                                            ]
                                                                                        }
                                                                                    ]
                                                                                }
                                                                            ]
                                                                        }
                                                                    ]
                                                                }
                                                            ]
                                                        },
                                                        {
                                                            "result_set_size": 0,
                                                            "operator_timing": 0.0,
                                                            "operator_rows_scanned": 0,
                                                            "cumulative_rows_scanned": 0,
                                                            "operator_cardinality": 0,
                                                            "operator_type": "DUMMY_SCAN",
                                                            "cumulative_cardinality": 0,
                                                            "cpu_time": 0.0,
                                                            "operator_name": "DUMMY_SCAN",
                                                            "extra_info": {},
                                                            "children": []
                                                        }
                                                    ]
                                                },
                                                {
                                                    "operator_name": "HASH_GROUP_BY",
                                                    "cpu_time": 0.017120999999999963,
                                                    "extra_info": {
                                                        "Groups": [
                                                            "#0",
                                                            "#2"
                                                        ],
                                                        "Aggregates": "",
                                                        "Estimated Cardinality": "16000000"
                                                    },
                                                    "cumulative_cardinality": 867992,
                                                    "operator_type": "HASH_GROUP_BY",
                                                    "operator_cardinality": 867992,
                                                    "cumulative_rows_scanned": 0,
                                                    "operator_rows_scanned": 0,
                                                    "operator_timing": 0.017120999999999963,
                                                    "result_set_size": 13887872,
                                                    "children": []
                                                }
                                            ]
                                        }
                                    ]
                                }
                            ]
                        },
                        {
                            "result_set_size": 1752212,
                            "operator_timing": 0.0005069999999999991,
                            "operator_rows_scanned": 0,
                            "cumulative_rows_scanned": 4000025,
                            "operator_cardinality": 39823,
                            "operator_type": "HASH_JOIN",
                            "cumulative_cardinality": 79647,
                            "cpu_time": 0.010164999999999993,
                            "operator_name": "HASH_JOIN",
                            "extra_info": {
                                "Join Type": "INNER",
                                "Conditions": "s_nationkey = n_nationkey",
                                "Estimated Cardinality": "76923"
                            },
                            "children": [
                                {
                                    "operator_name": "SEQ_SCAN ",
                                    "cpu_time": 0.009652999999999995,
                                    "extra_info": {
                                        "Table": "supplier",
                                        "Type": "Sequential Scan",
                                        "Projections": [
                                            "s_suppkey",
                                            "s_nationkey",
                                            "s_name",
                                            "s_address"
                                        ],
                                        "Estimated Cardinality": "1000000"
                                    },
                                    "cumulative_cardinality": 39823,
                                    "operator_type": "TABLE_SCAN",
                                    "operator_cardinality": 39823,
                                    "cumulative_rows_scanned": 4000000,
                                    "operator_rows_scanned": 4000000,
                                    "operator_timing": 0.009652999999999995,
                                    "result_set_size": 1752212,
                                    "children": []
                                },
                                {
                                    "operator_name": "SEQ_SCAN ",
                                    "cpu_time": 0.000005,
                                    "extra_info": {
                                        "Table": "nation",
                                        "Type": "Sequential Scan",
                                        "Projections": "n_nationkey",
                                        "Filters": "n_name='JORDAN'",
                                        "Estimated Cardinality": "2"
                                    },
                                    "cumulative_cardinality": 1,
                                    "operator_type": "TABLE_SCAN",
                                    "operator_cardinality": 1,
                                    "cumulative_rows_scanned": 25,
                                    "operator_rows_scanned": 25,
                                    "operator_timing": 0.000005,
                                    "result_set_size": 4,
                                    "children": []
                                }
                            ]
                        }
                    ]
                }
            ]
        }
    ]
}