{
    "result_set_size": 280,
    "cumulative_rows_scanned": 1440000000,
    "cumulative_cardinality": 271082234,
    "extra_info": {},
    "cpu_time": 35.69231499999914,
    "blocked_thread_time": 0.02,
    "rows_returned": 7,
    "query_name": "select\n\tcntrycode,\n\tcount(*) as numcust,\n\tsum(c_acctbal) as totacctbal\nfrom\n\t(\n\t\tselect\n\t\t\tsubstring(c_phone from 1 for 2) as cntrycode,\n\t\t\tc_acctbal\n\t\tfrom\n\t\t\tcustomer\n\t\twhere\n\t\t\tsubstring(c_phone from 1 for 2) in\n\t\t\t\t('23', '14', '29', '31', '16', '11', '19')\n\t\t\tand c_acctbal > (\n\t\t\t\tselect\n\t\t\t\t\tavg(c_acctbal)\n\t\t\t\tfrom\n\t\t\t\t\tcustomer\n\t\t\t\twhere\n\t\t\t\t\tc_acctbal > 0.00\n\t\t\t\t\tand substring(c_phone from 1 for 2) in\n\t\t\t\t\t\t('23', '14', '29', '31', '16', '11', '19')\n\t\t\t)\n\t\t\tand not exists (\n\t\t\t\tselect\n\t\t\t\t\t*\n\t\t\t\tfrom\n\t\t\t\t\torders\n\t\t\t\twhere\n\t\t\t\t\to_custkey = c_custkey\n\t\t\t)\n\t) as custsale\ngroup by\n\tcntrycode\norder by\n\tcntrycode;",
    "latency": 5.203749,
    "children": [
        {
            "result_set_size": 280,
            "operator_timing": 0.018978999999999996,
            "operator_rows_scanned": 0,
            "cumulative_rows_scanned": 1440000000,
            "operator_cardinality": 7,
            "operator_type": "ORDER_BY",
            "cumulative_cardinality": 271082234,
            "cpu_time": 35.69231499999914,
            "operator_name": "ORDER_BY",
            "extra_info": {
                "Order By": "custsale.cntrycode ASC"
            },
            "children": [
                {
                    "operator_name": "HASH_GROUP_BY",
                    "cpu_time": 35.67333599999914,
                    "extra_info": {
                        "Groups": "#0",
                        "Aggregates": [
                            "count_star()",
                            "sum(#1)"
                        ],
                        "Estimated Cardinality": "1"
                    },
                    "cumulative_cardinality": 271082227,
                    "operator_type": "HASH_GROUP_BY",
                    "operator_cardinality": 7,
                    "cumulative_rows_scanned": 1440000000,
                    "operator_rows_scanned": 0,
                    "operator_timing": 0.028166000000000004,
                    "result_set_size": 280,
                    "children": [
                        {
                            "result_set_size": 15253512,
                            "operator_timing": 0.000251,
                            "operator_rows_scanned": 0,
                            "cumulative_rows_scanned": 1440000000,
                            "operator_cardinality": 635563,
                            "operator_type": "PROJECTION",
                            "cumulative_cardinality": 271082220,
                            "cpu_time": 35.64516999999914,
                            "operator_name": "PROJECTION",
                            "extra_info": {
                                "Projections": [
                                    "cntrycode",
                                    "c_acctbal"
                                ],
                                "Estimated Cardinality": "10"
                            },
                            "children": [
                                {
                                    "operator_name": "PROJECTION",
                                    "cpu_time": 35.64491899999914,
                                    "extra_info": {
                                        "Projections": [
                                            "cntrycode",
                                            "c_acctbal"
                                        ],
                                        "Estimated Cardinality": "10"
                                    },
                                    "cumulative_cardinality": 270446657,
                                    "operator_type": "PROJECTION",
                                    "operator_cardinality": 635563,
                                    "cumulative_rows_scanned": 1440000000,
                                    "operator_rows_scanned": 0,
                                    "operator_timing": 0.028867000000000004,
                                    "result_set_size": 15253512,
                                    "children": [
                                        {
                                            "result_set_size": 0,
                                            "operator_timing": 5.233927000000002,
                                            "operator_rows_scanned": 0,
                                            "cumulative_rows_scanned": 1440000000,
                                            "operator_cardinality": 0,
                                            "operator_type": "RIGHT_DELIM_JOIN",
                                            "cumulative_cardinality": 269811094,
                                            "cpu_time": 35.616051999999144,
                                            "operator_name": "RIGHT_DELIM_JOIN",
                                            "extra_info": {
                                                "Join Type": "RIGHT_ANTI",
                                                "Conditions": "c_custkey IS NOT DISTINCT FROM c_custkey",
                                                "Estimated Cardinality": "10",
                                                "Delim Index": "1"
                                            },
                                            "children": [
                                                {
                                                    "operator_name": "NESTED_LOOP_JOIN",
                                                    "cpu_time": 4.446354000000009,
                                                    "extra_info": {
                                                        "Join Type": "INNER",
                                                        "Conditions": "CAST(c_acctbal AS DOUBLE) > SUBQUERY",
                                                        "Estimated Cardinality": "2"
                                                    },
                                                    "cumulative_cardinality": 79049300,
                                                    "operator_type": "NESTED_LOOP_JOIN",
                                                    "operator_cardinality": 1909313,
                                                    "cumulative_rows_scanned": 240000000,
                                                    "operator_rows_scanned": 0,
                                                    "operator_timing": 0.24580499999999694,
                                                    "result_set_size": 76372520,
                                                    "children": [
                                                        {
                                                            "result_set_size": 134506016,
                                                            "operator_timing": 0.008018000000000101,
                                                            "operator_rows_scanned": 0,
                                                            "cumulative_rows_scanned": 120000000,
                                                            "operator_cardinality": 4203313,
                                                            "operator_type": "PROJECTION",
                                                            "cumulative_cardinality": 38406633,
                                                            "cpu_time": 2.1222180000000135,
                                                            "operator_name": "PROJECTION",
                                                            "extra_info": {
                                                                "Projections": [
                                                                    "#0",
                                                                    "#1",
                                                                    "#2"
                                                                ],
                                                                "Estimated Cardinality": "3000000"
                                                            },
                                                            "children": [
                                                                {
                                                                    "operator_name": "FILTER",
                                                                    "cpu_time": 2.114200000000013,
                                                                    "extra_info": {
                                                                        "Expression": "IN (...)",
                                                                        "Estimated Cardinality": "3000000"
                                                                    },
                                                                    "cumulative_cardinality": 34203320,
                                                                    "operator_type": "FILTER",
                                                                    "operator_cardinality": 4203313,
                                                                    "cumulative_rows_scanned": 120000000,
                                                                    "operator_rows_scanned": 0,
                                                                    "operator_timing": 0.07601899999999921,
                                                                    "result_set_size": 138709329,
                                                                    "children": [
                                                                        {
                                                                            "result_set_size": 495000000,
                                                                            "operator_timing": 0.97683100000001,
                                                                            "operator_rows_scanned": 0,
                                                                            "cumulative_rows_scanned": 120000000,
                                                                            "operator_cardinality": 15000000,
                                                                            "operator_type": "HASH_JOIN",
                                                                            "cumulative_cardinality": 30000007,
                                                                            "cpu_time": 2.038181000000014,
                                                                            "operator_name": "HASH_JOIN",
                                                                            "extra_info": {
                                                                                "Join Type": "MARK",
                                                                                "Conditions": "\"substring\"(c_phone, 1, 2) = #0",
                                                                                "Estimated Cardinality": "15000000"
                                                                            },
                                                                            "children": [
                                                                                {
                                                                                    "operator_name": "SEQ_SCAN ",
                                                                                    "cpu_time": 1.0613440000000038,
                                                                                    "extra_info": {
                                                                                        "Table": "customer",
                                                                                        "Type": "Sequential Scan",
                                                                                        "Projections": [
                                                                                            "c_phone",
                                                                                            "c_acctbal",
                                                                                            "c_custkey"
                                                                                        ],
                                                                                        "Estimated Cardinality": "15000000"
                                                                                    },
                                                                                    "cumulative_cardinality": 15000000,
                                                                                    "operator_type": "TABLE_SCAN",
                                                                                    "operator_cardinality": 15000000,
                                                                                    "cumulative_rows_scanned": 120000000,
                                                                                    "operator_rows_scanned": 120000000,
                                                                                    "operator_timing": 1.0613440000000038,
                                                                                    "result_set_size": 480000000,
                                                                                    "children": []
                                                                                },
                                                                                {
                                                                                    "operator_name": "COLUMN_DATA_SCAN",
                                                                                    "cpu_time": 0.000006,
                                                                                    "extra_info": {
                                                                                        "Estimated Cardinality": "0"
                                                                                    },
                                                                                    "cumulative_cardinality": 7,
                                                                                    "operator_type": "COLUMN_DATA_SCAN",
                                                                                    "operator_cardinality": 7,
                                                                                    "cumulative_rows_scanned": 0,
                                                                                    "operator_rows_scanned": 0,
                                                                                    "operator_timing": 0.000006,
                                                                                    "result_set_size": 112,
                                                                                    "children": []
                                                                                }
                                                                            ]
                                                                        }
                                                                    ]
                                                                }
                                                            ]
                                                        },
                                                        {
                                                            "result_set_size": 8,
                                                            "operator_timing": 0.000003,
                                                            "operator_rows_scanned": 0,
                                                            "cumulative_rows_scanned": 120000000,
                                                            "operator_cardinality": 1,
                                                            "operator_type": "PROJECTION",
                                                            "cumulative_cardinality": 38733354,
                                                            "cpu_time": 2.0783309999999986,
                                                            "operator_name": "PROJECTION",
                                                            "extra_info": {
                                                                "Projections": [
                                                                    "CASE  WHEN ((#1 > 1)) THEN (error('More than one row returned by a subquery used as an expression - scalar subqueries can only return a single row.",
                                                                    "Use \"SET scalar_subquery_error_on_multiple_rows=false\" to revert to previous behavior of returning a random row.')) ELSE #0 END"
                                                                ],
                                                                "Estimated Cardinality": "1"
                                                            },
                                                            "children": [
                                                                {
                                                                    "operator_name": "UNGROUPED_AGGREGATE",
                                                                    "cpu_time": 2.0783279999999986,
                                                                    "extra_info": {
                                                                        "Aggregates": [
                                                                            "\"first\"(#0)",
                                                                            "count_star()"
                                                                        ]
                                                                    },
                                                                    "cumulative_cardinality": 38733353,
                                                                    "operator_type": "UNGROUPED_AGGREGATE",
                                                                    "operator_cardinality": 1,
                                                                    "cumulative_rows_scanned": 120000000,
                                                                    "operator_rows_scanned": 0,
                                                                    "operator_timing": 0.000004,
                                                                    "result_set_size": 16,
                                                                    "children": [
                                                                        {
                                                                            "result_set_size": 8,
                                                                            "operator_timing": 0.0,
                                                                            "operator_rows_scanned": 0,
                                                                            "cumulative_rows_scanned": 120000000,
                                                                            "operator_cardinality": 1,
                                                                            "operator_type": "PROJECTION",
                                                                            "cumulative_cardinality": 38733352,
                                                                            "cpu_time": 2.0783239999999985,
                                                                            "operator_name": "PROJECTION",
                                                                            "extra_info": {
                                                                                "Projections": "#0",
                                                                                "Estimated Cardinality": "1"
                                                                            },
                                                                            "children": [
                                                                                {
                                                                                    "operator_name": "UNGROUPED_AGGREGATE",
                                                                                    "cpu_time": 2.0783239999999985,
                                                                                    "extra_info": {
                                                                                        "Aggregates": "avg(#0)"
                                                                                    },
                                                                                    "cumulative_cardinality": 38733351,
                                                                                    "operator_type": "UNGROUPED_AGGREGATE",
                                                                                    "operator_cardinality": 1,
                                                                                    "cumulative_rows_scanned": 120000000,
                                                                                    "operator_rows_scanned": 0,
                                                                                    "operator_timing": 0.028265000000000283,
                                                                                    "result_set_size": 8,
                                                                                    "children": [
                                                                                        {
                                                                                            "result_set_size": 30563080,
                                                                                            "operator_timing": 0.003223000000000026,
                                                                                            "operator_rows_scanned": 0,
                                                                                            "cumulative_rows_scanned": 120000000,
                                                                                            "operator_cardinality": 3820385,
                                                                                            "operator_type": "PROJECTION",
                                                                                            "cumulative_cardinality": 38733350,
                                                                                            "cpu_time": 2.0500589999999983,
                                                                                            "operator_name": "PROJECTION",
                                                                                            "extra_info": {
                                                                                                "Projections": "c_acctbal",
                                                                                                "Estimated Cardinality": "600000"
                                                                                            },
                                                                                            "children": [
                                                                                                {
                                                                                                    "operator_name": "PROJECTION",
                                                                                                    "cpu_time": 2.046835999999998,
                                                                                                    "extra_info": {
                                                                                                        "Projections": [
                                                                                                            "#0",
                                                                                                            "#1"
                                                                                                        ],
                                                                                                        "Estimated Cardinality": "600000"
                                                                                                    },
                                                                                                    "cumulative_cardinality": 34912965,
                                                                                                    "operator_type": "PROJECTION",
                                                                                                    "operator_cardinality": 3820385,
                                                                                                    "cumulative_rows_scanned": 120000000,
                                                                                                    "operator_rows_scanned": 0,
                                                                                                    "operator_timing": 0.005515000000000082,
                                                                                                    "result_set_size": 91689240,
                                                                                                    "children": [
                                                                                                        {
                                                                                                            "result_set_size": 95509625,
                                                                                                            "operator_timing": 0.07866199999999951,
                                                                                                            "operator_rows_scanned": 0,
                                                                                                            "cumulative_rows_scanned": 120000000,
                                                                                                            "operator_cardinality": 3820385,
                                                                                                            "operator_type": "FILTER",
                                                                                                            "cumulative_cardinality": 31092580,
                                                                                                            "cpu_time": 2.041320999999998,
                                                                                                            "operator_name": "FILTER",
                                                                                                            "extra_info": {
                                                                                                                "Expression": "IN (...)",
                                                                                                                "Estimated Cardinality": "600000"
                                                                                                            },
                                                                                                            "children": [
                                                                                                                {
                                                                                                                    "operator_name": "HASH_JOIN",
                                                                                                                    "cpu_time": 1.9626589999999988,
                                                                                                                    "extra_info": {
                                                                                                                        "Join Type": "MARK",
                                                                                                                        "Conditions": "\"substring\"(c_phone, 1, 2) = #0",
                                                                                                                        "Estimated Cardinality": "3000000"
                                                                                                                    },
                                                                                                                    "cumulative_cardinality": 27272195,
                                                                                                                    "operator_type": "HASH_JOIN",
                                                                                                                    "operator_cardinality": 13636094,
                                                                                                                    "cumulative_rows_scanned": 120000000,
                                                                                                                    "operator_rows_scanned": 0,
                                                                                                                    "operator_timing": 0.917001000000007,
                                                                                                                    "result_set_size": 340902350,
                                                                                                                    "children": [
                                                                                                                        {
                                                                                                                            "result_set_size": 327266256,
                                                                                                                            "operator_timing": 1.0456529999999917,
                                                                                                                            "operator_rows_scanned": 120000000,
                                                                                                                            "cumulative_rows_scanned": 120000000,
                                                                                                                            "operator_cardinality": 13636094,
                                                                                                                            "operator_type": "TABLE_SCAN",
                                                                                                                            "cumulative_cardinality": 13636094,
                                                                                                                            "cpu_time": 1.0456529999999917,
                                                                                                                            "operator_name": "SEQ_SCAN ",
                                                                                                                            "extra_info": {
                                                                                                                                "Table": "customer",
                                                                                                                                "Type": "Sequential Scan",
                                                                                                                                "Projections": [
                                                                                                                                    "c_acctbal",
                                                                                                                                    "c_phone"
                                                                                                                                ],
                                                                                                                                "Filters": "c_acctbal>0.00",
                                                                                                                                "Estimated Cardinality": "3000000"
                                                                                                                            },
                                                                                                                            "children": []
                                                                                                                        },
                                                                                                                        {
                                                                                                                            "result_set_size": 112,
                                                                                                                            "operator_timing": 0.0000049999999999999996,
                                                                                                                            "operator_rows_scanned": 0,
                                                                                                                            "cumulative_rows_scanned": 0,
                                                                                                                            "operator_cardinality": 7,
                                                                                                                            "operator_type": "COLUMN_DATA_SCAN",
                                                                                                                            "cumulative_cardinality": 7,
                                                                                                                            "cpu_time": 0.0000049999999999999996,
                                                                                                                            "operator_name": "COLUMN_DATA_SCAN",
                                                                                                                            "extra_info": {
                                                                                                                                "Estimated Cardinality": "0"
                                                                                                                            },
                                                                                                                            "children": []
                                                                                                                        }
                                                                                                                    ]
                                                                                                                }
                                                                                                            ]
                                                                                                        }
                                                                                                    ]
                                                                                                }
                                                                                            ]
                                                                                        }
                                                                                    ]
                                                                                }
                                                                            ]
                                                                        }
                                                                    ]
                                                                }
                                                            ]
                                                        }
                                                    ]
                                                },
                                                {
                                                    "operator_name": "HASH_JOIN",
                                                    "cpu_time": 25.589077999999127,
                                                    "extra_info": {
                                                        "Join Type": "RIGHT_ANTI",
                                                        "Conditions": "c_custkey IS NOT DISTINCT FROM c_custkey",
                                                        "Estimated Cardinality": "10"
                                                    },
                                                    "cumulative_cardinality": 188852481,
                                                    "operator_type": "HASH_JOIN",
                                                    "operator_cardinality": 635563,
                                                    "cumulative_rows_scanned": 1200000000,
                                                    "operator_rows_scanned": 0,
                                                    "operator_timing": 4.590907999999915,
                                                    "result_set_size": 15253512,
                                                    "children": [
                                                        {
                                                            "result_set_size": 152868280,
                                                            "operator_timing": 0.05935000000000501,
                                                            "operator_rows_scanned": 0,
                                                            "cumulative_rows_scanned": 1200000000,
                                                            "operator_cardinality": 19108535,
                                                            "operator_type": "PROJECTION",
                                                            "cumulative_cardinality": 188216918,
                                                            "cpu_time": 20.998169999999213,
                                                            "operator_name": "PROJECTION",
                                                            "extra_info": {
                                                                "Projections": "c_custkey",
                                                                "Estimated Cardinality": "10"
                                                            },
                                                            "children": [
                                                                {
                                                                    "operator_name": "HASH_JOIN",
                                                                    "cpu_time": 20.938819999999208,
                                                                    "extra_info": {
                                                                        "Join Type": "INNER",
                                                                        "Conditions": "o_custkey = c_custkey",
                                                                        "Estimated Cardinality": "10"
                                                                    },
                                                                    "cumulative_cardinality": 169108383,
                                                                    "operator_type": "HASH_JOIN",
                                                                    "operator_cardinality": 19108535,
                                                                    "cumulative_rows_scanned": 1200000000,
                                                                    "operator_rows_scanned": 0,
                                                                    "operator_timing": 20.17143299999928,
                                                                    "result_set_size": 305736560,
                                                                    "children": [
                                                                        {
                                                                            "result_set_size": 1199998784,
                                                                            "operator_timing": 0.7673869999999292,
                                                                            "operator_rows_scanned": 1200000000,
                                                                            "cumulative_rows_scanned": 1200000000,
                                                                            "operator_cardinality": 149999848,
                                                                            "operator_type": "TABLE_SCAN",
                                                                            "cumulative_cardinality": 149999848,
                                                                            "cpu_time": 0.7673869999999292,
                                                                            "operator_name": "SEQ_SCAN ",
                                                                            "extra_info": {
                                                                                "Table": "orders",
                                                                                "Type": "Sequential Scan",
                                                                                "Projections": "o_custkey",
                                                                                "Estimated Cardinality": "150000000"
                                                                            },
                                                                            "children": []
                                                                        },
                                                                        {
                                                                            "result_set_size": 0,
                                                                            "operator_timing": 0.0,
                                                                            "operator_rows_scanned": 0,
                                                                            "cumulative_rows_scanned": 0,
                                                                            "operator_cardinality": 0,
                                                                            "operator_type": "DELIM_SCAN",
                                                                            "cumulative_cardinality": 0,
                                                                            "cpu_time": 0.0,
                                                                            "operator_name": "DELIM_SCAN",
                                                                            "extra_info": {
                                                                                "Delim Index": "1",
                                                                                "Estimated Cardinality": "1"
                                                                            },
                                                                            "children": []
                                                                        }
                                                                    ]
                                                                }
                                                            ]
                                                        },
                                                        {
                                                            "result_set_size": 0,
                                                            "operator_timing": 0.0,
                                                            "operator_rows_scanned": 0,
                                                            "cumulative_rows_scanned": 0,
                                                            "operator_cardinality": 0,
                                                            "operator_type": "DUMMY_SCAN",
                                                            "cumulative_cardinality": 0,
                                                            "cpu_time": 0.0,
                                                            "operator_name": "DUMMY_SCAN",
                                                            "extra_info": {},
                                                            "children": []
                                                        }
                                                    ]
                                                },
                                                {
                                                    "operator_name": "HASH_GROUP_BY",
                                                    "cpu_time": 0.3466930000000001,
                                                    "extra_info": {
                                                        "Groups": "#2",
                                                        "Aggregates": "",
                                                        "Estimated Cardinality": "10"
                                                    },
                                                    "cumulative_cardinality": 1909313,
                                                    "operator_type": "HASH_GROUP_BY",
                                                    "operator_cardinality": 1909313,
                                                    "cumulative_rows_scanned": 0,
                                                    "operator_rows_scanned": 0,
                                                    "operator_timing": 0.3466930000000001,
                                                    "result_set_size": 15274504,
                                                    "children": []
                                                }
                                            ]
                                        }
                                    ]
                                }
                            ]
                        }
                    ]
                }
            ]
        }
    ]
}