{
    "result_set_size": 320,
    "cumulative_rows_scanned": 6120303216,
    "cumulative_cardinality": 856744118,
    "extra_info": {},
    "cpu_time": 52.28245899999315,
    "blocked_thread_time": 0.0,
    "rows_returned": 10,
    "query_name": "select\n\tl_orderkey,\n\tsum(l_extendedprice * (1 - l_discount)) as revenue,\n\to_orderdate,\n\to_shippriority\nfrom\n\tcustomer,\n\torders,\n\tlineitem\nwhere\n\tc_mktsegment = 'BUILDING'\n\tand c_custkey = o_custkey\n\tand l_orderkey = o_orderkey\n\tand o_orderdate < date '1995-03-27'\n\tand l_shipdate > date '1995-03-27'\ngroup by\n\tl_orderkey,\n\to_orderdate,\n\to_shippriority\norder by\n\trevenue desc,\n\to_orderdate\nLIMIT 10;",
    "latency": 9.830796,
    "children": [
        {
            "result_set_size": 320,
            "operator_timing": 0.013099000000000005,
            "operator_rows_scanned": 0,
            "cumulative_rows_scanned": 6120303216,
            "operator_cardinality": 10,
            "operator_type": "TOP_N",
            "cumulative_cardinality": 856744118,
            "cpu_time": 52.28245899999315,
            "operator_name": "TOP_N",
            "extra_info": {
                "Top": "10",
                "Order By": [
                    "sum((tpch.main.lineitem.l_extendedprice * (1 - tpch.main.lineitem.l_discount))) DESC",
                    "tpch.main.orders.o_orderdate ASC"
                ]
            },
            "children": [
                {
                    "operator_name": "PROJECTION",
                    "cpu_time": 52.269359999993156,
                    "extra_info": {
                        "Projections": [
                            "l_orderkey",
                            "revenue",
                            "o_orderdate",
                            "o_shippriority"
                        ],
                        "Estimated Cardinality": "2534746"
                    },
                    "cumulative_cardinality": 856744108,
                    "operator_type": "PROJECTION",
                    "operator_cardinality": 1130761,
                    "cumulative_rows_scanned": 6120303216,
                    "operator_rows_scanned": 0,
                    "operator_timing": 0.0005339999999999994,
                    "result_set_size": 36184352,
                    "children": [
                        {
                            "result_set_size": 36184352,
                            "operator_timing": 0.0037330000000000006,
                            "operator_rows_scanned": 0,
                            "cumulative_rows_scanned": 6120303216,
                            "operator_cardinality": 1130761,
                            "operator_type": "PROJECTION",
                            "cumulative_cardinality": 855613347,
                            "cpu_time": 52.268825999993155,
                            "operator_name": "PROJECTION",
                            "extra_info": {
                                "Projections": [
                                    "__internal_decompress_integral_bigint(#0, 1)",
                                    "#1",
                                    "__internal_decompress_integral_integer(#2, 0)",
                                    "#3"
                                ],
                                "Estimated Cardinality": "2534746"
                            },
                            "children": [
                                {
                                    "operator_name": "HASH_GROUP_BY",
                                    "cpu_time": 52.26509299999316,
                                    "extra_info": {
                                        "Groups": [
                                            "#0",
                                            "#1",
                                            "#2"
                                        ],
                                        "Aggregates": "sum(#3)",
                                        "Estimated Cardinality": "2534746"
                                    },
                                    "cumulative_cardinality": 854482586,
                                    "operator_type": "HASH_GROUP_BY",
                                    "operator_cardinality": 1130761,
                                    "cumulative_rows_scanned": 6120303216,
                                    "operator_rows_scanned": 0,
                                    "operator_timing": 1.165738,
                                    "result_set_size": 28269025,
                                    "children": [
                                        {
                                            "result_set_size": 50800267,
                                            "operator_timing": 0.023057999999999978,
                                            "operator_rows_scanned": 0,
                                            "cumulative_rows_scanned": 6120303216,
                                            "operator_cardinality": 2988251,
                                            "operator_type": "PROJECTION",
                                            "cumulative_cardinality": 853351825,
                                            "cpu_time": 51.09935499999316,
                                            "operator_name": "PROJECTION",
                                            "extra_info": {
                                                "Projections": [
                                                    "l_orderkey",
                                                    "o_orderdate",
                                                    "o_shippriority",
                                                    "(l_extendedprice * (1.00 - l_discount))"
                                                ],
                                                "Estimated Cardinality": "5069493"
                                            },
                                            "children": [
                                                {
                                                    "operator_name": "PROJECTION",
                                                    "cpu_time": 51.07629699999316,
                                                    "extra_info": {
                                                        "Projections": [
                                                            "#0",
                                                            "#1",
                                                            "__internal_compress_integral_uinteger(#2, 1)",
                                                            "#3",
                                                            "__internal_compress_integral_utinyint(#4, 0)"
                                                        ],
                                                        "Estimated Cardinality": "5069493"
                                                    },
                                                    "cumulative_cardinality": 850363574,
                                                    "operator_type": "PROJECTION",
                                                    "operator_cardinality": 2988251,
                                                    "cumulative_rows_scanned": 6120303216,
                                                    "operator_rows_scanned": 0,
                                                    "operator_timing": 0.015496999999999995,
                                                    "result_set_size": 74706275,
                                                    "children": [
                                                        {
                                                            "result_set_size": 95624032,
                                                            "operator_timing": 0.02052899999999999,
                                                            "operator_rows_scanned": 0,
                                                            "cumulative_rows_scanned": 6120303216,
                                                            "operator_cardinality": 2988251,
                                                            "operator_type": "PROJECTION",
                                                            "cumulative_cardinality": 847375323,
                                                            "cpu_time": 51.06079999999316,
                                                            "operator_name": "PROJECTION",
                                                            "extra_info": {
                                                                "Projections": [
                                                                    "#0",
                                                                    "#1",
                                                                    "__internal_decompress_integral_bigint(#2, 1)",
                                                                    "#3",
                                                                    "__internal_decompress_integral_integer(#4, 0)"
                                                                ],
                                                                "Estimated Cardinality": "5069493"
                                                            },
                                                            "children": [
                                                                {
                                                                    "operator_name": "HASH_JOIN",
                                                                    "cpu_time": 51.040270999993155,
                                                                    "extra_info": {
                                                                        "Join Type": "INNER",
                                                                        "Conditions": "l_orderkey = o_orderkey",
                                                                        "Estimated Cardinality": "5069493"
                                                                    },
                                                                    "cumulative_cardinality": 844387072,
                                                                    "operator_type": "HASH_JOIN",
                                                                    "operator_cardinality": 2988251,
                                                                    "cumulative_rows_scanned": 6120303216,
                                                                    "operator_rows_scanned": 0,
                                                                    "operator_timing": 26.02826399999467,
                                                                    "result_set_size": 74706275,
                                                                    "children": [
                                                                        {
                                                                            "result_set_size": 6410010640,
                                                                            "operator_timing": 1.3669460000007263,
                                                                            "operator_rows_scanned": 0,
                                                                            "cumulative_rows_scanned": 4800303216,
                                                                            "operator_cardinality": 320500532,
                                                                            "operator_type": "PROJECTION",
                                                                            "cumulative_cardinality": 641001064,
                                                                            "cpu_time": 10.986028999999425,
                                                                            "operator_name": "PROJECTION",
                                                                            "extra_info": {
                                                                                "Projections": [
                                                                                    "__internal_compress_integral_uinteger(#0, 1)",
                                                                                    "#1",
                                                                                    "#2"
                                                                                ],
                                                                                "Estimated Cardinality": "120007580"
                                                                            },
                                                                            "children": [
                                                                                {
                                                                                    "operator_name": "SEQ_SCAN ",
                                                                                    "cpu_time": 9.619082999998698,
                                                                                    "extra_info": {
                                                                                        "Table": "lineitem",
                                                                                        "Type": "Sequential Scan",
                                                                                        "Projections": [
                                                                                            "l_orderkey",
                                                                                            "l_extendedprice",
                                                                                            "l_discount"
                                                                                        ],
                                                                                        "Filters": "l_shipdate>'1995-03-27'::DATE",
                                                                                        "Estimated Cardinality": "120007580"
                                                                                    },
                                                                                    "cumulative_cardinality": 320500532,
                                                                                    "operator_type": "TABLE_SCAN",
                                                                                    "operator_cardinality": 320500532,
                                                                                    "cumulative_rows_scanned": 4800303216,
                                                                                    "operator_rows_scanned": 4800303216,
                                                                                    "operator_timing": 9.619082999998698,
                                                                                    "result_set_size": 7692012768,
                                                                                    "children": []
                                                                                }
                                                                            ]
                                                                        },
                                                                        {
                                                                            "result_set_size": 191326811,
                                                                            "operator_timing": 0.4160589999999661,
                                                                            "operator_rows_scanned": 0,
                                                                            "cumulative_rows_scanned": 1320000000,
                                                                            "operator_cardinality": 14717447,
                                                                            "operator_type": "PROJECTION",
                                                                            "cumulative_cardinality": 200397757,
                                                                            "cpu_time": 14.025977999999053,
                                                                            "operator_name": "PROJECTION",
                                                                            "extra_info": {
                                                                                "Projections": [
                                                                                    "__internal_compress_integral_uinteger(#0, 1)",
                                                                                    "#1",
                                                                                    "__internal_compress_integral_utinyint(#2, 0)",
                                                                                    "__internal_compress_integral_uinteger(#3, 1)"
                                                                                ],
                                                                                "Estimated Cardinality": "6284188"
                                                                            },
                                                                            "children": [
                                                                                {
                                                                                    "operator_name": "PROJECTION",
                                                                                    "cpu_time": 13.609918999999087,
                                                                                    "extra_info": {
                                                                                        "Projections": [
                                                                                            "#0",
                                                                                            "#1",
                                                                                            "#2",
                                                                                            "__internal_decompress_integral_bigint(#3, 1)"
                                                                                        ],
                                                                                        "Estimated Cardinality": "6284188"
                                                                                    },
                                                                                    "cumulative_cardinality": 185680310,
                                                                                    "operator_type": "PROJECTION",
                                                                                    "operator_cardinality": 14717447,
                                                                                    "cumulative_rows_scanned": 1320000000,
                                                                                    "operator_rows_scanned": 0,
                                                                                    "operator_timing": 0.20457599999997808,
                                                                                    "result_set_size": 353218728,
                                                                                    "children": [
                                                                                        {
                                                                                            "result_set_size": 294348940,
                                                                                            "operator_timing": 10.825195999999261,
                                                                                            "operator_rows_scanned": 0,
                                                                                            "cumulative_rows_scanned": 1320000000,
                                                                                            "operator_cardinality": 14717447,
                                                                                            "operator_type": "HASH_JOIN",
                                                                                            "cumulative_cardinality": 170962863,
                                                                                            "cpu_time": 13.405342999999108,
                                                                                            "operator_name": "HASH_JOIN",
                                                                                            "extra_info": {
                                                                                                "Join Type": "INNER",
                                                                                                "Conditions": "o_custkey = c_custkey",
                                                                                                "Estimated Cardinality": "6284188"
                                                                                            },
                                                                                            "children": [
                                                                                                {
                                                                                                    "operator_name": "PROJECTION",
                                                                                                    "cpu_time": 2.270068999999847,
                                                                                                    "extra_info": {
                                                                                                        "Projections": [
                                                                                                            "__internal_compress_integral_uinteger(#0, 1)",
                                                                                                            "#1",
                                                                                                            "#2",
                                                                                                            "#3"
                                                                                                        ],
                                                                                                        "Estimated Cardinality": "30000000"
                                                                                                    },
                                                                                                    "cumulative_cardinality": 147244852,
                                                                                                    "operator_type": "PROJECTION",
                                                                                                    "operator_cardinality": 73622426,
                                                                                                    "cumulative_rows_scanned": 1200000000,
                                                                                                    "operator_rows_scanned": 0,
                                                                                                    "operator_timing": 0.34012499999998397,
                                                                                                    "result_set_size": 1472448520,
                                                                                                    "children": [
                                                                                                        {
                                                                                                            "result_set_size": 1766938224,
                                                                                                            "operator_timing": 1.9299439999998633,
                                                                                                            "operator_rows_scanned": 1200000000,
                                                                                                            "cumulative_rows_scanned": 1200000000,
                                                                                                            "operator_cardinality": 73622426,
                                                                                                            "operator_type": "TABLE_SCAN",
                                                                                                            "cumulative_cardinality": 73622426,
                                                                                                            "cpu_time": 1.9299439999998633,
                                                                                                            "operator_name": "SEQ_SCAN ",
                                                                                                            "extra_info": {
                                                                                                                "Table": "orders",
                                                                                                                "Type": "Sequential Scan",
                                                                                                                "Projections": [
                                                                                                                    "o_custkey",
                                                                                                                    "o_orderkey",
                                                                                                                    "o_orderdate",
                                                                                                                    "o_shippriority"
                                                                                                                ],
                                                                                                                "Filters": "o_orderdate<'1995-03-27'::DATE",
                                                                                                                "Estimated Cardinality": "30000000"
                                                                                                            },
                                                                                                            "children": []
                                                                                                        }
                                                                                                    ]
                                                                                                },
                                                                                                {
                                                                                                    "operator_name": "PROJECTION",
                                                                                                    "cpu_time": 0.3100780000000014,
                                                                                                    "extra_info": {
                                                                                                        "Projections": "__internal_compress_integral_uinteger(#0, 1)",
                                                                                                        "Estimated Cardinality": "3000000"
                                                                                                    },
                                                                                                    "cumulative_cardinality": 9000564,
                                                                                                    "operator_type": "PROJECTION",
                                                                                                    "operator_cardinality": 3000188,
                                                                                                    "cumulative_rows_scanned": 120000000,
                                                                                                    "operator_rows_scanned": 0,
                                                                                                    "operator_timing": 0.028263000000000232,
                                                                                                    "result_set_size": 12000752,
                                                                                                    "children": [
                                                                                                        {
                                                                                                            "result_set_size": 24001504,
                                                                                                            "operator_timing": 0.030864000000000176,
                                                                                                            "operator_rows_scanned": 0,
                                                                                                            "cumulative_rows_scanned": 120000000,
                                                                                                            "operator_cardinality": 3000188,
                                                                                                            "operator_type": "FILTER",
                                                                                                            "cumulative_cardinality": 6000376,
                                                                                                            "cpu_time": 0.2818150000000012,
                                                                                                            "operator_name": "FILTER",
                                                                                                            "extra_info": {
                                                                                                                "Expression": "(c_custkey <= 14999999)",
                                                                                                                "Estimated Cardinality": "3000000"
                                                                                                            },
                                                                                                            "children": [
                                                                                                                {
                                                                                                                    "operator_name": "SEQ_SCAN ",
                                                                                                                    "cpu_time": 0.25095100000000103,
                                                                                                                    "extra_info": {
                                                                                                                        "Table": "customer",
                                                                                                                        "Type": "Sequential Scan",
                                                                                                                        "Projections": "c_custkey",
                                                                                                                        "Filters": "c_mktsegment='BUILDING'",
                                                                                                                        "Estimated Cardinality": "3000000"
                                                                                                                    },
                                                                                                                    "cumulative_cardinality": 3000188,
                                                                                                                    "operator_type": "TABLE_SCAN",
                                                                                                                    "operator_cardinality": 3000188,
                                                                                                                    "cumulative_rows_scanned": 120000000,
                                                                                                                    "operator_rows_scanned": 120000000,
                                                                                                                    "operator_timing": 0.25095100000000103,
                                                                                                                    "result_set_size": 24001504,
                                                                                                                    "children": []
                                                                                                                }
                                                                                                            ]
                                                                                                        }
                                                                                                    ]
                                                                                                }
                                                                                            ]
                                                                                        }
                                                                                    ]
                                                                                }
                                                                            ]
                                                                        }
                                                                    ]
                                                                }
                                                            ]
                                                        }
                                                    ]
                                                }
                                            ]
                                        }
                                    ]
                                }
                            ]
                        }
                    ]
                }
            ]
        }
    ]
}