{
    "result_set_size": 512,
    "cumulative_rows_scanned": 4800303216,
    "cumulative_cardinality": 2349822620,
    "extra_info": {},
    "cpu_time": 84.79327899998988,
    "blocked_thread_time": 0.0,
    "rows_returned": 4,
    "query_name": "select\n\tl_returnflag,\n\tl_linestatus,\n\tsum(l_quantity) as sum_qty,\n\tsum(l_extendedprice) as sum_base_price,\n\tsum(l_extendedprice * (1 - l_discount)) as sum_disc_price,\n\tsum(l_extendedprice * (1 - l_discount) * (1 + l_tax)) as sum_charge,\n\tavg(l_quantity) as avg_qty,\n\tavg(l_extendedprice) as avg_price,\n\tavg(l_discount) as avg_disc,\n\tcount(*) as count_order\nfrom\n\tlineitem\nwhere\n\tl_shipdate <= date '1998-12-01' - interval '110' day\ngroup by\n\tl_returnflag,\n\tl_linestatus\norder by\n\tl_returnflag,\n\tl_linestatus;",
    "latency": 13.01373,
    "children": [
        {
            "result_set_size": 512,
            "operator_timing": 0.000005,
            "operator_rows_scanned": 0,
            "cumulative_rows_scanned": 4800303216,
            "operator_cardinality": 4,
            "operator_type": "PROJECTION",
            "cumulative_cardinality": 2349822620,
            "cpu_time": 84.79327899998988,
            "operator_name": "PROJECTION",
            "extra_info": {
                "Projections": [
                    "__internal_decompress_string(#0)",
                    "__internal_decompress_string(#1)",
                    "#2",
                    "#3",
                    "#4",
                    "#5",
                    "#6",
                    "#7",
                    "#8",
                    "#9"
                ],
                "Estimated Cardinality": "3"
            },
            "children": [
                {
                    "operator_name": "ORDER_BY",
                    "cpu_time": 84.79327399998988,
                    "extra_info": {
                        "Order By": [
                            "tpch.main.lineitem.l_returnflag ASC",
                            "tpch.main.lineitem.l_linestatus ASC"
                        ]
                    },
                    "cumulative_cardinality": 2349822616,
                    "operator_type": "ORDER_BY",
                    "operator_cardinality": 4,
                    "cumulative_rows_scanned": 4800303216,
                    "operator_rows_scanned": 0,
                    "operator_timing": 0.004846,
                    "result_set_size": 392,
                    "children": [
                        {
                            "result_set_size": 392,
                            "operator_timing": 0.000001,
                            "operator_rows_scanned": 0,
                            "cumulative_rows_scanned": 4800303216,
                            "operator_cardinality": 4,
                            "operator_type": "PROJECTION",
                            "cumulative_cardinality": 2349822612,
                            "cpu_time": 84.78842799998988,
                            "operator_name": "PROJECTION",
                            "extra_info": {
                                "Projections": [
                                    "__internal_compress_string_utinyint(#0)",
                                    "__internal_compress_string_utinyint(#1)",
                                    "#2",
                                    "#3",
                                    "#4",
                                    "#5",
                                    "#6",
                                    "#7",
                                    "#8",
                                    "#9"
                                ],
                                "Estimated Cardinality": "3"
                            },
                            "children": [
                                {
                                    "operator_name": "PROJECTION",
                                    "cpu_time": 84.78842699998988,
                                    "extra_info": {
                                        "Projections": [
                                            "__internal_decompress_string(#0)",
                                            "__internal_decompress_string(#1)",
                                            "#2",
                                            "#3",
                                            "#4",
                                            "#5",
                                            "#6",
                                            "#7",
                                            "#8",
                                            "#9"
                                        ],
                                        "Estimated Cardinality": "3"
                                    },
                                    "cumulative_cardinality": 2349822608,
                                    "operator_type": "PROJECTION",
                                    "operator_cardinality": 4,
                                    "cumulative_rows_scanned": 4800303216,
                                    "operator_rows_scanned": 0,
                                    "operator_timing": 0.000006,
                                    "result_set_size": 512,
                                    "children": [
                                        {
                                            "result_set_size": 392,
                                            "operator_timing": 15.302435000000301,
                                            "operator_rows_scanned": 0,
                                            "cumulative_rows_scanned": 4800303216,
                                            "operator_cardinality": 4,
                                            "operator_type": "PERFECT_HASH_GROUP_BY",
                                            "cumulative_cardinality": 2349822604,
                                            "cpu_time": 84.78842099998988,
                                            "operator_name": "PERFECT_HASH_GROUP_BY",
                                            "extra_info": {
                                                "Groups": [
                                                    "#0",
                                                    "#1"
                                                ],
                                                "Aggregates": [
                                                    "sum_no_overflow(#2)",
                                                    "sum_no_overflow(#3)",
                                                    "sum_no_overflow(#4)",
                                                    "sum(#5)",
                                                    "avg(#6)",
                                                    "avg(#7)",
                                                    "avg(#8)",
                                                    "count_star()"
                                                ]
                                            },
                                            "children": [
                                                {
                                                    "operator_name": "PROJECTION",
                                                    "cpu_time": 69.48598599998958,
                                                    "extra_info": {
                                                        "Projections": [
                                                            "l_returnflag",
                                                            "l_linestatus",
                                                            "l_quantity",
                                                            "l_extendedprice",
                                                            "#4",
                                                            "(#4 * (1.00 + l_tax))",
                                                            "l_quantity",
                                                            "l_extendedprice",
                                                            "l_discount"
                                                        ],
                                                        "Estimated Cardinality": "120007580"
                                                    },
                                                    "cumulative_cardinality": 2349822600,
                                                    "operator_type": "PROJECTION",
                                                    "operator_cardinality": 587455650,
                                                    "cumulative_rows_scanned": 4800303216,
                                                    "operator_rows_scanned": 0,
                                                    "operator_timing": 3.382594999999785,
                                                    "result_set_size": 34072427700,
                                                    "children": [
                                                        {
                                                            "result_set_size": 24673137300,
                                                            "operator_timing": 0.8694420000003701,
                                                            "operator_rows_scanned": 0,
                                                            "cumulative_rows_scanned": 4800303216,
                                                            "operator_cardinality": 587455650,
                                                            "operator_type": "PROJECTION",
                                                            "cumulative_cardinality": 1762366950,
                                                            "cpu_time": 66.1033909999898,
                                                            "operator_name": "PROJECTION",
                                                            "extra_info": {
                                                                "Projections": [
                                                                    "__internal_compress_string_utinyint(#0)",
                                                                    "__internal_compress_string_utinyint(#1)",
                                                                    "#2",
                                                                    "#3",
                                                                    "#4",
                                                                    "#5",
                                                                    "#6"
                                                                ],
                                                                "Estimated Cardinality": "120007580"
                                                            },
                                                            "children": [
                                                                {
                                                                    "operator_name": "PROJECTION",
                                                                    "cpu_time": 65.23394899998942,
                                                                    "extra_info": {
                                                                        "Projections": [
                                                                            "l_returnflag",
                                                                            "l_linestatus",
                                                                            "l_quantity",
                                                                            "l_extendedprice",
                                                                            "(l_extendedprice * (1.00 - l_discount))",
                                                                            "l_tax",
                                                                            "l_discount"
                                                                        ],
                                                                        "Estimated Cardinality": "120007580"
                                                                    },
                                                                    "cumulative_cardinality": 1174911300,
                                                                    "operator_type": "PROJECTION",
                                                                    "operator_cardinality": 587455650,
                                                                    "cumulative_rows_scanned": 4800303216,
                                                                    "operator_rows_scanned": 0,
                                                                    "operator_timing": 3.2902220000000435,
                                                                    "result_set_size": 42296806800,
                                                                    "children": [
                                                                        {
                                                                            "result_set_size": 37597161600,
                                                                            "operator_timing": 61.94372699998938,
                                                                            "operator_rows_scanned": 4800303216,
                                                                            "cumulative_rows_scanned": 4800303216,
                                                                            "operator_cardinality": 587455650,
                                                                            "operator_type": "TABLE_SCAN",
                                                                            "cumulative_cardinality": 587455650,
                                                                            "cpu_time": 61.94372699998938,
                                                                            "operator_name": "SEQ_SCAN ",
                                                                            "extra_info": {
                                                                                "Table": "lineitem",
                                                                                "Type": "Sequential Scan",
                                                                                "Projections": [
                                                                                    "l_returnflag",
                                                                                    "l_linestatus",
                                                                                    "l_quantity",
                                                                                    "l_extendedprice",
                                                                                    "l_discount",
                                                                                    "l_tax"
                                                                                ],
                                                                                "Filters": "l_shipdate<='1998-08-13'::DATE",
                                                                                "Estimated Cardinality": "120007580"
                                                                            },
                                                                            "children": []
                                                                        }
                                                                    ]
                                                                }
                                                            ]
                                                        }
                                                    ]
                                                }
                                            ]
                                        }
                                    ]
                                }
                            ]
                        }
                    ]
                }
            ]
        }
    ]
}