{
    "result_set_size": 16,
    "cumulative_rows_scanned": 4960303216,
    "cumulative_cardinality": 297195034,
    "extra_info": {},
    "cpu_time": 87.21558799999059,
    "blocked_thread_time": 0.0,
    "rows_returned": 1,
    "query_name": "select\n\tsum(l_extendedprice* (1 - l_discount)) as revenue\nfrom\n\tlineitem,\n\tpart\nwhere\n\t(\n\t\tp_partkey = l_partkey\n\t\tand p_brand = 'Brand#55'\n\t\tand p_container in ('SM CASE', 'SM BOX', 'SM PACK', 'SM PKG')\n\t\tand l_quantity >= 9 and l_quantity <= 9 + 10\n\t\tand p_size between 1 and 5\n\t\tand l_shipmode in ('AIR', 'AIR REG')\n\t\tand l_shipinstruct = 'DELIVER IN PERSON'\n\t)\n\tor\n\t(\n\t\tp_partkey = l_partkey\n\t\tand p_brand = 'Brand#43'\n\t\tand p_container in ('MED BAG', 'MED BOX', 'MED PKG', 'MED PACK')\n\t\tand l_quantity >= 11 and l_quantity <= 11 + 10\n\t\tand p_size between 1 and 10\n\t\tand l_shipmode in ('AIR', 'AIR REG')\n\t\tand l_shipinstruct = 'DELIVER IN PERSON'\n\t)\n\tor\n\t(\n\t\tp_partkey = l_partkey\n\t\tand p_brand = 'Brand#14'\n\t\tand p_container in ('LG CASE', 'LG BOX', 'LG PACK', 'LG PKG')\n\t\tand l_quantity >= 20 and l_quantity <= 20 + 10\n\t\tand p_size between 1 and 15\n\t\tand l_shipmode in ('AIR', 'AIR REG')\n\t\tand l_shipinstruct = 'DELIVER IN PERSON'\n\t);",
    "latency": 18.448821,
    "children": [
        {
            "result_set_size": 16,
            "operator_timing": 0.000032,
            "operator_rows_scanned": 0,
            "cumulative_rows_scanned": 4960303216,
            "operator_cardinality": 1,
            "operator_type": "UNGROUPED_AGGREGATE",
            "cumulative_cardinality": 297195034,
            "cpu_time": 87.21558799999059,
            "operator_name": "UNGROUPED_AGGREGATE",
            "extra_info": {
                "Aggregates": "sum(#0)"
            },
            "children": [
                {
                    "operator_name": "PROJECTION",
                    "cpu_time": 87.21555599999058,
                    "extra_info": {
                        "Projections": "(l_extendedprice * (1.00 - l_discount))",
                        "Estimated Cardinality": "24232892"
                    },
                    "cumulative_cardinality": 297195033,
                    "operator_type": "PROJECTION",
                    "operator_cardinality": 11086,
                    "cumulative_rows_scanned": 4960303216,
                    "operator_rows_scanned": 0,
                    "operator_timing": 0.000057,
                    "result_set_size": 88688,
                    "children": [
                        {
                            "result_set_size": 177376,
                            "operator_timing": 0.000006999999999999999,
                            "operator_rows_scanned": 0,
                            "cumulative_rows_scanned": 4960303216,
                            "operator_cardinality": 11086,
                            "operator_type": "PROJECTION",
                            "cumulative_cardinality": 297183947,
                            "cpu_time": 87.21549899999059,
                            "operator_name": "PROJECTION",
                            "extra_info": {
                                "Projections": [
                                    "#1",
                                    "#2"
                                ],
                                "Estimated Cardinality": "24232892"
                            },
                            "children": [
                                {
                                    "operator_name": "FILTER",
                                    "cpu_time": 87.21549199999059,
                                    "extra_info": {
                                        "Expression": "(((l_quantity >= 9.00) AND (l_quantity <= 19.00) AND (p_size <= 5) AND (p_brand = 'Brand#55') AND ((p_container = 'SM CASE') OR (p_container = 'SM BOX') OR (p_container = 'SM PACK') OR (p_container = 'SM PKG'))) OR ((l_quantity >= 11.00) AND (l_quantity <= 21.00) AND (p_size <= 10) AND (p_brand = 'Brand#43') AND ((p_container = 'MED BAG') OR (p_container = 'MED BOX') OR (p_container = 'MED PKG') OR (p_container = 'MED PACK'))) OR ((l_quantity >= 20.00) AND (l_quantity <= 30.00) AND (p_size <= 15) AND (p_brand = 'Brand#14') AND ((p_container = 'LG CASE') OR (p_container = 'LG BOX') OR (p_container = 'LG PACK') OR (p_container = 'LG PKG'))))",
                                        "Estimated Cardinality": "24232892"
                                    },
                                    "cumulative_cardinality": 297172861,
                                    "operator_type": "FILTER",
                                    "operator_cardinality": 11086,
                                    "cumulative_rows_scanned": 4960303216,
                                    "operator_rows_scanned": 0,
                                    "operator_timing": 9.324816999999616,
                                    "result_set_size": 665160,
                                    "children": [
                                        {
                                            "result_set_size": 1285925400,
                                            "operator_timing": 1.33193100000073,
                                            "operator_rows_scanned": 0,
                                            "cumulative_rows_scanned": 4960303216,
                                            "operator_cardinality": 21432090,
                                            "operator_type": "PROJECTION",
                                            "cumulative_cardinality": 297161775,
                                            "cpu_time": 77.89067499999098,
                                            "operator_name": "PROJECTION",
                                            "extra_info": {
                                                "Projections": [
                                                    "#0",
                                                    "#1",
                                                    "#2",
                                                    "__internal_decompress_string(#3)",
                                                    "__internal_decompress_string(#4)",
                                                    "__internal_decompress_integral_integer(#5, 1)"
                                                ],
                                                "Estimated Cardinality": "24232892"
                                            },
                                            "children": [
                                                {
                                                    "operator_name": "HASH_JOIN",
                                                    "cpu_time": 76.55874399999024,
                                                    "extra_info": {
                                                        "Join Type": "INNER",
                                                        "Conditions": "l_partkey = p_partkey",
                                                        "Estimated Cardinality": "24232892"
                                                    },
                                                    "cumulative_cardinality": 275729685,
                                                    "operator_type": "HASH_JOIN",
                                                    "operator_cardinality": 21432090,
                                                    "cumulative_rows_scanned": 4960303216,
                                                    "operator_rows_scanned": 0,
                                                    "operator_timing": 37.37631899999496,
                                                    "result_set_size": 1221629130,
                                                    "children": [
                                                        {
                                                            "result_set_size": 600098520,
                                                            "operator_timing": 0.8663510000003872,
                                                            "operator_rows_scanned": 0,
                                                            "cumulative_rows_scanned": 4800303216,
                                                            "operator_cardinality": 21432090,
                                                            "operator_type": "PROJECTION",
                                                            "cumulative_cardinality": 214297595,
                                                            "cpu_time": 37.22081799999528,
                                                            "operator_name": "PROJECTION",
                                                            "extra_info": {
                                                                "Projections": [
                                                                    "__internal_compress_integral_uinteger(#0, 1)",
                                                                    "#1",
                                                                    "#2",
                                                                    "#3"
                                                                ],
                                                                "Estimated Cardinality": "30001895"
                                                            },
                                                            "children": [
                                                                {
                                                                    "operator_name": "PROJECTION",
                                                                    "cpu_time": 36.3544669999949,
                                                                    "extra_info": {
                                                                        "Projections": [
                                                                            "#0",
                                                                            "#1",
                                                                            "#3",
                                                                            "#4"
                                                                        ],
                                                                        "Estimated Cardinality": "30001895"
                                                                    },
                                                                    "cumulative_cardinality": 192865505,
                                                                    "operator_type": "PROJECTION",
                                                                    "operator_cardinality": 21432090,
                                                                    "cumulative_rows_scanned": 4800303216,
                                                                    "operator_rows_scanned": 0,
                                                                    "operator_timing": 0.26071100000006964,
                                                                    "result_set_size": 685826880,
                                                                    "children": [
                                                                        {
                                                                            "result_set_size": 1028740320,
                                                                            "operator_timing": 5.458697999999471,
                                                                            "operator_rows_scanned": 0,
                                                                            "cumulative_rows_scanned": 4800303216,
                                                                            "operator_cardinality": 21432090,
                                                                            "operator_type": "FILTER",
                                                                            "cumulative_cardinality": 171433415,
                                                                            "cpu_time": 36.093755999994826,
                                                                            "operator_name": "FILTER",
                                                                            "extra_info": {
                                                                                "Expression": "((l_shipmode = 'AIR') OR (l_shipmode = 'AIR REG'))",
                                                                                "Estimated Cardinality": "30001895"
                                                                            },
                                                                            "children": [
                                                                                {
                                                                                    "operator_name": "SEQ_SCAN ",
                                                                                    "cpu_time": 30.635057999995354,
                                                                                    "extra_info": {
                                                                                        "Table": "lineitem",
                                                                                        "Type": "Sequential Scan",
                                                                                        "Projections": [
                                                                                            "l_partkey",
                                                                                            "l_quantity",
                                                                                            "l_shipmode",
                                                                                            "l_extendedprice",
                                                                                            "l_discount"
                                                                                        ],
                                                                                        "Filters": [
                                                                                            "l_shipinstruct='DELIVER IN PERSON'",
                                                                                            "optional: l_shipmode IN ('AIR', 'AIR REG')"
                                                                                        ],
                                                                                        "Estimated Cardinality": "150009476"
                                                                                    },
                                                                                    "cumulative_cardinality": 150001325,
                                                                                    "operator_type": "TABLE_SCAN",
                                                                                    "operator_cardinality": 150001325,
                                                                                    "cumulative_rows_scanned": 4800303216,
                                                                                    "operator_rows_scanned": 4800303216,
                                                                                    "operator_timing": 30.635057999995354,
                                                                                    "result_set_size": 7200063600,
                                                                                    "children": []
                                                                                }
                                                                            ]
                                                                        }
                                                                    ]
                                                                }
                                                            ]
                                                        },
                                                        {
                                                            "result_set_size": 740000000,
                                                            "operator_timing": 0.13919800000000043,
                                                            "operator_rows_scanned": 0,
                                                            "cumulative_rows_scanned": 160000000,
                                                            "operator_cardinality": 20000000,
                                                            "operator_type": "PROJECTION",
                                                            "cumulative_cardinality": 40000000,
                                                            "cpu_time": 1.9616069999999937,
                                                            "operator_name": "PROJECTION",
                                                            "extra_info": {
                                                                "Projections": [
                                                                    "__internal_compress_integral_uinteger(#0, 1)",
                                                                    "__internal_compress_string_hugeint(#1)",
                                                                    "__internal_compress_string_hugeint(#2)",
                                                                    "__internal_compress_integral_utinyint(#3, 1)"
                                                                ],
                                                                "Estimated Cardinality": "20000000"
                                                            },
                                                            "children": [
                                                                {
                                                                    "operator_name": "SEQ_SCAN ",
                                                                    "cpu_time": 1.8224089999999933,
                                                                    "extra_info": {
                                                                        "Table": "part",
                                                                        "Type": "Sequential Scan",
                                                                        "Projections": [
                                                                            "p_partkey",
                                                                            "p_brand",
                                                                            "p_container",
                                                                            "p_size"
                                                                        ],
                                                                        "Estimated Cardinality": "20000000"
                                                                    },
                                                                    "cumulative_cardinality": 20000000,
                                                                    "operator_type": "TABLE_SCAN",
                                                                    "operator_cardinality": 20000000,
                                                                    "cumulative_rows_scanned": 160000000,
                                                                    "operator_rows_scanned": 160000000,
                                                                    "operator_timing": 1.8224089999999933,
                                                                    "result_set_size": 880000000,
                                                                    "children": []
                                                                }
                                                            ]
                                                        }
                                                    ]
                                                }
                                            ]
                                        }
                                    ]
                                }
                            ]
                        }
                    ]
                }
            ]
        }
    ]
}