{
    "result_set_size": 320,
    "cumulative_rows_scanned": 6120303216,
    "cumulative_cardinality": 856744118,
    "extra_info": {},
    "cpu_time": 52.38373299999322,
    "blocked_thread_time": 0.0,
    "rows_returned": 10,
    "query_name": "select\n\tl_orderkey,\n\tsum(l_extendedprice * (1 - l_discount)) as revenue,\n\to_orderdate,\n\to_shippriority\nfrom\n\tcustomer,\n\torders,\n\tlineitem\nwhere\n\tc_mktsegment = 'BUILDING'\n\tand c_custkey = o_custkey\n\tand l_orderkey = o_orderkey\n\tand o_orderdate < date '1995-03-27'\n\tand l_shipdate > date '1995-03-27'\ngroup by\n\tl_orderkey,\n\to_orderdate,\n\to_shippriority\norder by\n\trevenue desc,\n\to_orderdate\nLIMIT 10;",
    "latency": 9.866444,
    "children": [
        {
            "result_set_size": 320,
            "operator_timing": 0.014605999999999997,
            "operator_rows_scanned": 0,
            "cumulative_rows_scanned": 6120303216,
            "operator_cardinality": 10,
            "operator_type": "TOP_N",
            "cumulative_cardinality": 856744118,
            "cpu_time": 52.38373299999322,
            "operator_name": "TOP_N",
            "extra_info": {
                "Top": "10",
                "Order By": [
                    "sum((tpch.main.lineitem.l_extendedprice * (1 - tpch.main.lineitem.l_discount))) DESC",
                    "tpch.main.orders.o_orderdate ASC"
                ]
            },
            "children": [
                {
                    "operator_name": "PROJECTION",
                    "cpu_time": 52.36912699999322,
                    "extra_info": {
                        "Projections": [
                            "l_orderkey",
                            "revenue",
                            "o_orderdate",
                            "o_shippriority"
                        ],
                        "Estimated Cardinality": "2534746"
                    },
                    "cumulative_cardinality": 856744108,
                    "operator_type": "PROJECTION",
                    "operator_cardinality": 1130761,
                    "cumulative_rows_scanned": 6120303216,
                    "operator_rows_scanned": 0,
                    "operator_timing": 0.0005309999999999996,
                    "result_set_size": 36184352,
                    "children": [
                        {
                            "result_set_size": 36184352,
                            "operator_timing": 0.003753000000000001,
                            "operator_rows_scanned": 0,
                            "cumulative_rows_scanned": 6120303216,
                            "operator_cardinality": 1130761,
                            "operator_type": "PROJECTION",
                            "cumulative_cardinality": 855613347,
                            "cpu_time": 52.36859599999322,
                            "operator_name": "PROJECTION",
                            "extra_info": {
                                "Projections": [
                                    "__internal_decompress_integral_bigint(#0, 1)",
                                    "#1",
                                    "__internal_decompress_integral_integer(#2, 0)",
                                    "#3"
                                ],
                                "Estimated Cardinality": "2534746"
                            },
                            "children": [
                                {
                                    "operator_name": "HASH_GROUP_BY",
                                    "cpu_time": 52.364842999993215,
                                    "extra_info": {
                                        "Groups": [
                                            "#0",
                                            "#1",
                                            "#2"
                                        ],
                                        "Aggregates": "sum(#3)",
                                        "Estimated Cardinality": "2534746"
                                    },
                                    "cumulative_cardinality": 854482586,
                                    "operator_type": "HASH_GROUP_BY",
                                    "operator_cardinality": 1130761,
                                    "cumulative_rows_scanned": 6120303216,
                                    "operator_rows_scanned": 0,
                                    "operator_timing": 1.2095449999999999,
                                    "result_set_size": 28269025,
                                    "children": [
                                        {
                                            "result_set_size": 50800267,
                                            "operator_timing": 0.023355999999999977,
                                            "operator_rows_scanned": 0,
                                            "cumulative_rows_scanned": 6120303216,
                                            "operator_cardinality": 2988251,
                                            "operator_type": "PROJECTION",
                                            "cumulative_cardinality": 853351825,
                                            "cpu_time": 51.155297999993216,
                                            "operator_name": "PROJECTION",
                                            "extra_info": {
                                                "Projections": [
                                                    "l_orderkey",
                                                    "o_orderdate",
                                                    "o_shippriority",
                                                    "(l_extendedprice * (1.00 - l_discount))"
                                                ],
                                                "Estimated Cardinality": "5069493"
                                            },
                                            "children": [
                                                {
                                                    "operator_name": "PROJECTION",
                                                    "cpu_time": 51.13194199999322,
                                                    "extra_info": {
                                                        "Projections": [
                                                            "#0",
                                                            "#1",
                                                            "__internal_compress_integral_uinteger(#2, 1)",
                                                            "#3",
                                                            "__internal_compress_integral_utinyint(#4, 0)"
                                                        ],
                                                        "Estimated Cardinality": "5069493"
                                                    },
                                                    "cumulative_cardinality": 850363574,
                                                    "operator_type": "PROJECTION",
                                                    "operator_cardinality": 2988251,
                                                    "cumulative_rows_scanned": 6120303216,
                                                    "operator_rows_scanned": 0,
                                                    "operator_timing": 0.015401999999999997,
                                                    "result_set_size": 74706275,
                                                    "children": [
                                                        {
                                                            "result_set_size": 95624032,
                                                            "operator_timing": 0.02113299999999999,
                                                            "operator_rows_scanned": 0,
                                                            "cumulative_rows_scanned": 6120303216,
                                                            "operator_cardinality": 2988251,
                                                            "operator_type": "PROJECTION",
                                                            "cumulative_cardinality": 847375323,
                                                            "cpu_time": 51.116539999993215,
                                                            "operator_name": "PROJECTION",
                                                            "extra_info": {
                                                                "Projections": [
                                                                    "#0",
                                                                    "#1",
                                                                    "__internal_decompress_integral_bigint(#2, 1)",
                                                                    "#3",
                                                                    "__internal_decompress_integral_integer(#4, 0)"
                                                                ],
                                                                "Estimated Cardinality": "5069493"
                                                            },
                                                            "children": [
                                                                {
                                                                    "operator_name": "HASH_JOIN",
                                                                    "cpu_time": 51.095406999993216,
                                                                    "extra_info": {
                                                                        "Join Type": "INNER",
                                                                        "Conditions": "l_orderkey = o_orderkey",
                                                                        "Estimated Cardinality": "5069493"
                                                                    },
                                                                    "cumulative_cardinality": 844387072,
                                                                    "operator_type": "HASH_JOIN",
                                                                    "operator_cardinality": 2988251,
                                                                    "cumulative_rows_scanned": 6120303216,
                                                                    "operator_rows_scanned": 0,
                                                                    "operator_timing": 26.184367999994553,
                                                                    "result_set_size": 74706275,
                                                                    "children": [
                                                                        {
                                                                            "result_set_size": 6410010640,
                                                                            "operator_timing": 1.3721790000007308,
                                                                            "operator_rows_scanned": 0,
                                                                            "cumulative_rows_scanned": 4800303216,
                                                                            "operator_cardinality": 320500532,
                                                                            "operator_type": "PROJECTION",
                                                                            "cumulative_cardinality": 641001064,
                                                                            "cpu_time": 10.877302999999396,
                                                                            "operator_name": "PROJECTION",
                                                                            "extra_info": {
                                                                                "Projections": [
                                                                                    "__internal_compress_integral_uinteger(#0, 1)",
                                                                                    "#1",
                                                                                    "#2"
                                                                                ],
                                                                                "Estimated Cardinality": "120007580"
                                                                            },
                                                                            "children": [
                                                                                {
                                                                                    "operator_name": "SEQ_SCAN ",
                                                                                    "cpu_time": 9.505123999998665,
                                                                                    "extra_info": {
                                                                                        "Table": "lineitem",
                                                                                        "Type": "Sequential Scan",
                                                                                        "Projections": [
                                                                                            "l_orderkey",
                                                                                            "l_extendedprice",
                                                                                            "l_discount"
                                                                                        ],
                                                                                        "Filters": "l_shipdate>'1995-03-27'::DATE",
                                                                                        "Estimated Cardinality": "120007580"
                                                                                    },
                                                                                    "cumulative_cardinality": 320500532,
                                                                                    "operator_type": "TABLE_SCAN",
                                                                                    "operator_cardinality": 320500532,
                                                                                    "cumulative_rows_scanned": 4800303216,
                                                                                    "operator_rows_scanned": 4800303216,
                                                                                    "operator_timing": 9.505123999998665,
                                                                                    "result_set_size": 7692012768,
                                                                                    "children": []
                                                                                }
                                                                            ]
                                                                        },
                                                                        {
                                                                            "result_set_size": 191326811,
                                                                            "operator_timing": 0.42630699999996907,
                                                                            "operator_rows_scanned": 0,
                                                                            "cumulative_rows_scanned": 1320000000,
                                                                            "operator_cardinality": 14717447,
                                                                            "operator_type": "PROJECTION",
                                                                            "cumulative_cardinality": 200397757,
                                                                            "cpu_time": 14.033735999999262,
                                                                            "operator_name": "PROJECTION",
                                                                            "extra_info": {
                                                                                "Projections": [
                                                                                    "__internal_compress_integral_uinteger(#0, 1)",
                                                                                    "#1",
                                                                                    "__internal_compress_integral_utinyint(#2, 0)",
                                                                                    "__internal_compress_integral_uinteger(#3, 1)"
                                                                                ],
                                                                                "Estimated Cardinality": "6284188"
                                                                            },
                                                                            "children": [
                                                                                {
                                                                                    "operator_name": "PROJECTION",
                                                                                    "cpu_time": 13.607428999999293,
                                                                                    "extra_info": {
                                                                                        "Projections": [
                                                                                            "#0",
                                                                                            "#1",
                                                                                            "#2",
                                                                                            "__internal_decompress_integral_bigint(#3, 1)"
                                                                                        ],
                                                                                        "Estimated Cardinality": "6284188"
                                                                                    },
                                                                                    "cumulative_cardinality": 185680310,
                                                                                    "operator_type": "PROJECTION",
                                                                                    "operator_cardinality": 14717447,
                                                                                    "cumulative_rows_scanned": 1320000000,
                                                                                    "operator_rows_scanned": 0,
                                                                                    "operator_timing": 0.2074089999999799,
                                                                                    "result_set_size": 353218728,
                                                                                    "children": [
                                                                                        {
                                                                                            "result_set_size": 294348940,
                                                                                            "operator_timing": 10.832825999999462,
                                                                                            "operator_rows_scanned": 0,
                                                                                            "cumulative_rows_scanned": 1320000000,
                                                                                            "operator_cardinality": 14717447,
                                                                                            "operator_type": "HASH_JOIN",
                                                                                            "cumulative_cardinality": 170962863,
                                                                                            "cpu_time": 13.400019999999312,
                                                                                            "operator_name": "HASH_JOIN",
                                                                                            "extra_info": {
                                                                                                "Join Type": "INNER",
                                                                                                "Conditions": "o_custkey = c_custkey",
                                                                                                "Estimated Cardinality": "6284188"
                                                                                            },
                                                                                            "children": [
                                                                                                {
                                                                                                    "operator_name": "PROJECTION",
                                                                                                    "cpu_time": 2.2618429999998484,
                                                                                                    "extra_info": {
                                                                                                        "Projections": [
                                                                                                            "__internal_compress_integral_uinteger(#0, 1)",
                                                                                                            "#1",
                                                                                                            "#2",
                                                                                                            "#3"
                                                                                                        ],
                                                                                                        "Estimated Cardinality": "30000000"
                                                                                                    },
                                                                                                    "cumulative_cardinality": 147244852,
                                                                                                    "operator_type": "PROJECTION",
                                                                                                    "operator_cardinality": 73622426,
                                                                                                    "cumulative_rows_scanned": 1200000000,
                                                                                                    "operator_rows_scanned": 0,
                                                                                                    "operator_timing": 0.34898899999998384,
                                                                                                    "result_set_size": 1472448520,
                                                                                                    "children": [
                                                                                                        {
                                                                                                            "result_set_size": 1766938224,
                                                                                                            "operator_timing": 1.9128539999998644,
                                                                                                            "operator_rows_scanned": 1200000000,
                                                                                                            "cumulative_rows_scanned": 1200000000,
                                                                                                            "operator_cardinality": 73622426,
                                                                                                            "operator_type": "TABLE_SCAN",
                                                                                                            "cumulative_cardinality": 73622426,
                                                                                                            "cpu_time": 1.9128539999998644,
                                                                                                            "operator_name": "SEQ_SCAN ",
                                                                                                            "extra_info": {
                                                                                                                "Table": "orders",
                                                                                                                "Type": "Sequential Scan",
                                                                                                                "Projections": [
                                                                                                                    "o_custkey",
                                                                                                                    "o_orderkey",
                                                                                                                    "o_orderdate",
                                                                                                                    "o_shippriority"
                                                                                                                ],
                                                                                                                "Filters": "o_orderdate<'1995-03-27'::DATE",
                                                                                                                "Estimated Cardinality": "30000000"
                                                                                                            },
                                                                                                            "children": []
                                                                                                        }
                                                                                                    ]
                                                                                                },
                                                                                                {
                                                                                                    "operator_name": "PROJECTION",
                                                                                                    "cpu_time": 0.3053510000000017,
                                                                                                    "extra_info": {
                                                                                                        "Projections": "__internal_compress_integral_uinteger(#0, 1)",
                                                                                                        "Estimated Cardinality": "3000000"
                                                                                                    },
                                                                                                    "cumulative_cardinality": 9000564,
                                                                                                    "operator_type": "PROJECTION",
                                                                                                    "operator_cardinality": 3000188,
                                                                                                    "cumulative_rows_scanned": 120000000,
                                                                                                    "operator_rows_scanned": 0,
                                                                                                    "operator_timing": 0.02859800000000021,
                                                                                                    "result_set_size": 12000752,
                                                                                                    "children": [
                                                                                                        {
                                                                                                            "result_set_size": 24001504,
                                                                                                            "operator_timing": 0.030595000000000195,
                                                                                                            "operator_rows_scanned": 0,
                                                                                                            "cumulative_rows_scanned": 120000000,
                                                                                                            "operator_cardinality": 3000188,
                                                                                                            "operator_type": "FILTER",
                                                                                                            "cumulative_cardinality": 6000376,
                                                                                                            "cpu_time": 0.27675300000000147,
                                                                                                            "operator_name": "FILTER",
                                                                                                            "extra_info": {
                                                                                                                "Expression": "(c_custkey <= 14999999)",
                                                                                                                "Estimated Cardinality": "3000000"
                                                                                                            },
                                                                                                            "children": [
                                                                                                                {
                                                                                                                    "operator_name": "SEQ_SCAN ",
                                                                                                                    "cpu_time": 0.24615800000000126,
                                                                                                                    "extra_info": {
                                                                                                                        "Table": "customer",
                                                                                                                        "Type": "Sequential Scan",
                                                                                                                        "Projections": "c_custkey",
                                                                                                                        "Filters": "c_mktsegment='BUILDING'",
                                                                                                                        "Estimated Cardinality": "3000000"
                                                                                                                    },
                                                                                                                    "cumulative_cardinality": 3000188,
                                                                                                                    "operator_type": "TABLE_SCAN",
                                                                                                                    "operator_cardinality": 3000188,
                                                                                                                    "cumulative_rows_scanned": 120000000,
                                                                                                                    "operator_rows_scanned": 120000000,
                                                                                                                    "operator_timing": 0.24615800000000126,
                                                                                                                    "result_set_size": 24001504,
                                                                                                                    "children": []
                                                                                                                }
                                                                                                            ]
                                                                                                        }
                                                                                                    ]
                                                                                                }
                                                                                            ]
                                                                                        }
                                                                                    ]
                                                                                }
                                                                            ]
                                                                        }
                                                                    ]
                                                                }
                                                            ]
                                                        }
                                                    ]
                                                }
                                            ]
                                        }
                                    ]
                                }
                            ]
                        }
                    ]
                }
            ]
        }
    ]
}