{
    "result_set_size": 160,
    "cumulative_rows_scanned": 6128303246,
    "cumulative_cardinality": 1318586964,
    "extra_info": {},
    "cpu_time": 54.215586000003384,
    "blocked_thread_time": 0.0,
    "rows_returned": 5,
    "query_name": "select\n\tn_name,\n\tsum(l_extendedprice * (1 - l_discount)) as revenue\nfrom\n\tcustomer,\n\torders,\n\tlineitem,\n\tsupplier,\n\tnation,\n\tregion\nwhere\n\tc_custkey = o_custkey\n\tand l_orderkey = o_orderkey\n\tand l_suppkey = s_suppkey\n\tand c_nationkey = s_nationkey\n\tand s_nationkey = n_nationkey\n\tand n_regionkey = r_regionkey\n\tand r_name = 'EUROPE'\n\tand o_orderdate >= date '1995-01-01'\n\tand o_orderdate < date '1995-01-01' + interval '1' year\ngroup by\n\tn_name\norder by\n\trevenue desc;",
    "latency": 10.319071,
    "children": [
        {
            "result_set_size": 160,
            "operator_timing": 0.000006,
            "operator_rows_scanned": 0,
            "cumulative_rows_scanned": 6128303246,
            "operator_cardinality": 5,
            "operator_type": "PROJECTION",
            "cumulative_cardinality": 1318586964,
            "cpu_time": 54.215586000003384,
            "operator_name": "PROJECTION",
            "extra_info": {
                "Projections": [
                    "__internal_decompress_string(#0)",
                    "#1"
                ],
                "Estimated Cardinality": "10111270"
            },
            "children": [
                {
                    "operator_name": "ORDER_BY",
                    "cpu_time": 54.215580000003385,
                    "extra_info": {
                        "Order By": "sum((tpch.main.lineitem.l_extendedprice * (1 - tpch.main.lineitem.l_discount))) DESC"
                    },
                    "cumulative_cardinality": 1318586959,
                    "operator_type": "ORDER_BY",
                    "operator_cardinality": 5,
                    "cumulative_rows_scanned": 6128303246,
                    "operator_rows_scanned": 0,
                    "operator_timing": 0.013737999999999998,
                    "result_set_size": 160,
                    "children": [
                        {
                            "result_set_size": 160,
                            "operator_timing": 0.0000049999999999999996,
                            "operator_rows_scanned": 0,
                            "cumulative_rows_scanned": 6128303246,
                            "operator_cardinality": 5,
                            "operator_type": "PROJECTION",
                            "cumulative_cardinality": 1318586954,
                            "cpu_time": 54.20184200000339,
                            "operator_name": "PROJECTION",
                            "extra_info": {
                                "Projections": [
                                    "__internal_compress_string_hugeint(#0)",
                                    "#1"
                                ],
                                "Estimated Cardinality": "10111270"
                            },
                            "children": [
                                {
                                    "operator_name": "PROJECTION",
                                    "cpu_time": 54.20183700000339,
                                    "extra_info": {
                                        "Projections": [
                                            "__internal_decompress_string(#0)",
                                            "#1"
                                        ],
                                        "Estimated Cardinality": "10111270"
                                    },
                                    "cumulative_cardinality": 1318586949,
                                    "operator_type": "PROJECTION",
                                    "operator_cardinality": 5,
                                    "cumulative_rows_scanned": 6128303246,
                                    "operator_rows_scanned": 0,
                                    "operator_timing": 0.000009999999999999999,
                                    "result_set_size": 160,
                                    "children": [
                                        {
                                            "result_set_size": 160,
                                            "operator_timing": 0.06864199999999993,
                                            "operator_rows_scanned": 0,
                                            "cumulative_rows_scanned": 6128303246,
                                            "operator_cardinality": 5,
                                            "operator_type": "HASH_GROUP_BY",
                                            "cumulative_cardinality": 1318586944,
                                            "cpu_time": 54.201827000003384,
                                            "operator_name": "HASH_GROUP_BY",
                                            "extra_info": {
                                                "Groups": "#0",
                                                "Aggregates": "sum(#1)",
                                                "Estimated Cardinality": "10111270"
                                            },
                                            "children": [
                                                {
                                                    "operator_name": "PROJECTION",
                                                    "cpu_time": 54.13318500000339,
                                                    "extra_info": {
                                                        "Projections": [
                                                            "n_name",
                                                            "(l_extendedprice * (1.00 - l_discount))"
                                                        ],
                                                        "Estimated Cardinality": "24462585"
                                                    },
                                                    "cumulative_cardinality": 1318586939,
                                                    "operator_type": "PROJECTION",
                                                    "operator_cardinality": 729955,
                                                    "cumulative_rows_scanned": 6128303246,
                                                    "operator_rows_scanned": 0,
                                                    "operator_timing": 0.05252699999999985,
                                                    "result_set_size": 17518920,
                                                    "children": [
                                                        {
                                                            "result_set_size": 27008335,
                                                            "operator_timing": 0.05904999999999978,
                                                            "operator_rows_scanned": 0,
                                                            "cumulative_rows_scanned": 6128303246,
                                                            "operator_cardinality": 729955,
                                                            "operator_type": "PROJECTION",
                                                            "cumulative_cardinality": 1317856984,
                                                            "cpu_time": 54.08065800000339,
                                                            "operator_name": "PROJECTION",
                                                            "extra_info": {
                                                                "Projections": [
                                                                    "__internal_compress_string_hugeint(#2)",
                                                                    "#0",
                                                                    "#1",
                                                                    "__internal_compress_integral_uinteger(#3, 1)",
                                                                    "__internal_compress_integral_utinyint(#4, 0)"
                                                                ],
                                                                "Estimated Cardinality": "24462585"
                                                            },
                                                            "children": [
                                                                {
                                                                    "operator_name": "HASH_JOIN",
                                                                    "cpu_time": 54.02160800000339,
                                                                    "extra_info": {
                                                                        "Join Type": "INNER",
                                                                        "Conditions": [
                                                                            "c_nationkey = s_nationkey",
                                                                            "l_suppkey = s_suppkey"
                                                                        ],
                                                                        "Estimated Cardinality": "24462585"
                                                                    },
                                                                    "cumulative_cardinality": 1317127029,
                                                                    "operator_type": "HASH_JOIN",
                                                                    "operator_cardinality": 729955,
                                                                    "cumulative_rows_scanned": 6128303246,
                                                                    "operator_rows_scanned": 0,
                                                                    "operator_timing": 4.873752999999344,
                                                                    "result_set_size": 32118020,
                                                                    "children": [
                                                                        {
                                                                            "result_set_size": 800249032,
                                                                            "operator_timing": 0.7718000000001362,
                                                                            "operator_rows_scanned": 0,
                                                                            "cumulative_rows_scanned": 6120303246,
                                                                            "operator_cardinality": 18187478,
                                                                            "operator_type": "PROJECTION",
                                                                            "cumulative_cardinality": 1315397074,
                                                                            "cpu_time": 49.12984200000404,
                                                                            "operator_name": "PROJECTION",
                                                                            "extra_info": {
                                                                                "Projections": [
                                                                                    "#0",
                                                                                    "#1",
                                                                                    "#2",
                                                                                    "__internal_decompress_integral_integer(#3, 0)",
                                                                                    "__internal_decompress_string(#4)"
                                                                                ],
                                                                                "Estimated Cardinality": "24372563"
                                                                            },
                                                                            "children": [
                                                                                {
                                                                                    "operator_name": "HASH_JOIN",
                                                                                    "cpu_time": 48.358042000003906,
                                                                                    "extra_info": {
                                                                                        "Join Type": "INNER",
                                                                                        "Conditions": "l_orderkey = o_orderkey",
                                                                                        "Estimated Cardinality": "24372563"
                                                                                    },
                                                                                    "cumulative_cardinality": 1297209596,
                                                                                    "operator_type": "HASH_JOIN",
                                                                                    "operator_cardinality": 18187478,
                                                                                    "cumulative_rows_scanned": 6120303246,
                                                                                    "operator_rows_scanned": 0,
                                                                                    "operator_timing": 32.12116000000399,
                                                                                    "result_set_size": 745686598,
                                                                                    "children": [
                                                                                        {
                                                                                            "result_set_size": 16801061256,
                                                                                            "operator_timing": 1.1806540000005765,
                                                                                            "operator_rows_scanned": 0,
                                                                                            "cumulative_rows_scanned": 4800303216,
                                                                                            "operator_cardinality": 600037902,
                                                                                            "operator_type": "PROJECTION",
                                                                                            "cumulative_cardinality": 1200075804,
                                                                                            "cpu_time": 7.823717000000563,
                                                                                            "operator_name": "PROJECTION",
                                                                                            "extra_info": {
                                                                                                "Projections": [
                                                                                                    "__internal_compress_integral_uinteger(#0, 1)",
                                                                                                    "#1",
                                                                                                    "#2",
                                                                                                    "#3"
                                                                                                ],
                                                                                                "Estimated Cardinality": "600037902"
                                                                                            },
                                                                                            "children": [
                                                                                                {
                                                                                                    "operator_name": "SEQ_SCAN ",
                                                                                                    "cpu_time": 6.643062999999987,
                                                                                                    "extra_info": {
                                                                                                        "Table": "lineitem",
                                                                                                        "Type": "Sequential Scan",
                                                                                                        "Projections": [
                                                                                                            "l_orderkey",
                                                                                                            "l_suppkey",
                                                                                                            "l_extendedprice",
                                                                                                            "l_discount"
                                                                                                        ],
                                                                                                        "Estimated Cardinality": "600037902"
                                                                                                    },
                                                                                                    "cumulative_cardinality": 600037902,
                                                                                                    "operator_type": "TABLE_SCAN",
                                                                                                    "operator_cardinality": 600037902,
                                                                                                    "cumulative_rows_scanned": 4800303216,
                                                                                                    "operator_rows_scanned": 4800303216,
                                                                                                    "operator_timing": 6.643062999999987,
                                                                                                    "result_set_size": 19201212864,
                                                                                                    "children": []
                                                                                                }
                                                                                            ]
                                                                                        },
                                                                                        {
                                                                                            "result_set_size": 95500125,
                                                                                            "operator_timing": 0.22956399999999808,
                                                                                            "operator_rows_scanned": 0,
                                                                                            "cumulative_rows_scanned": 1320000030,
                                                                                            "operator_cardinality": 4547625,
                                                                                            "operator_type": "PROJECTION",
                                                                                            "cumulative_cardinality": 78946314,
                                                                                            "cpu_time": 8.41316499999935,
                                                                                            "operator_name": "PROJECTION",
                                                                                            "extra_info": {
                                                                                                "Projections": [
                                                                                                    "__internal_compress_integral_uinteger(#0, 1)",
                                                                                                    "__internal_compress_integral_utinyint(#1, 0)",
                                                                                                    "__internal_compress_string_hugeint(#2)"
                                                                                                ],
                                                                                                "Estimated Cardinality": "6042488"
                                                                                            },
                                                                                            "children": [
                                                                                                {
                                                                                                    "operator_name": "PROJECTION",
                                                                                                    "cpu_time": 8.183600999999351,
                                                                                                    "extra_info": {
                                                                                                        "Projections": [
                                                                                                            "#0",
                                                                                                            "__internal_decompress_integral_integer(#1, 0)",
                                                                                                            "__internal_decompress_string(#2)"
                                                                                                        ],
                                                                                                        "Estimated Cardinality": "6042488"
                                                                                                    },
                                                                                                    "cumulative_cardinality": 74398689,
                                                                                                    "operator_type": "PROJECTION",
                                                                                                    "operator_cardinality": 4547625,
                                                                                                    "cumulative_rows_scanned": 1320000030,
                                                                                                    "operator_rows_scanned": 0,
                                                                                                    "operator_timing": 0.16274000000000644,
                                                                                                    "result_set_size": 127333500,
                                                                                                    "children": [
                                                                                                        {
                                                                                                            "result_set_size": 113690625,
                                                                                                            "operator_timing": 5.2675899999993705,
                                                                                                            "operator_rows_scanned": 0,
                                                                                                            "cumulative_rows_scanned": 1320000030,
                                                                                                            "operator_cardinality": 4547625,
                                                                                                            "operator_type": "HASH_JOIN",
                                                                                                            "cumulative_cardinality": 69851064,
                                                                                                            "cpu_time": 8.020860999999345,
                                                                                                            "operator_name": "HASH_JOIN",
                                                                                                            "extra_info": {
                                                                                                                "Join Type": "INNER",
                                                                                                                "Conditions": "o_custkey = c_custkey",
                                                                                                                "Estimated Cardinality": "6042488"
                                                                                                            },
                                                                                                            "children": [
                                                                                                                {
                                                                                                                    "operator_name": "PROJECTION",
                                                                                                                    "cpu_time": 2.3623879999999717,
                                                                                                                    "extra_info": {
                                                                                                                        "Projections": [
                                                                                                                            "__internal_compress_integral_uinteger(#0, 1)",
                                                                                                                            "#1"
                                                                                                                        ],
                                                                                                                        "Estimated Cardinality": "30000000"
                                                                                                                    },
                                                                                                                    "cumulative_cardinality": 45509946,
                                                                                                                    "operator_type": "PROJECTION",
                                                                                                                    "operator_cardinality": 22754973,
                                                                                                                    "cumulative_rows_scanned": 1200000000,
                                                                                                                    "operator_rows_scanned": 0,
                                                                                                                    "operator_timing": 0.2634990000000042,
                                                                                                                    "result_set_size": 273059676,
                                                                                                                    "children": [
                                                                                                                        {
                                                                                                                            "result_set_size": 364079568,
                                                                                                                            "operator_timing": 2.0988889999999674,
                                                                                                                            "operator_rows_scanned": 1200000000,
                                                                                                                            "cumulative_rows_scanned": 1200000000,
                                                                                                                            "operator_cardinality": 22754973,
                                                                                                                            "operator_type": "TABLE_SCAN",
                                                                                                                            "cumulative_cardinality": 22754973,
                                                                                                                            "cpu_time": 2.0988889999999674,
                                                                                                                            "operator_name": "SEQ_SCAN ",
                                                                                                                            "extra_info": {
                                                                                                                                "Table": "orders",
                                                                                                                                "Type": "Sequential Scan",
                                                                                                                                "Projections": [
                                                                                                                                    "o_custkey",
                                                                                                                                    "o_orderkey"
                                                                                                                                ],
                                                                                                                                "Filters": "o_orderdate>='1995-01-01'::DATE AND o_orderdate<'1996-01-01'::DATE",
                                                                                                                                "Estimated Cardinality": "30000000"
                                                                                                                            },
                                                                                                                            "children": []
                                                                                                                        }
                                                                                                                    ]
                                                                                                                },
                                                                                                                {
                                                                                                                    "operator_name": "PROJECTION",
                                                                                                                    "cpu_time": 0.39088300000000153,
                                                                                                                    "extra_info": {
                                                                                                                        "Projections": [
                                                                                                                            "__internal_compress_integral_uinteger(#0, 1)",
                                                                                                                            "__internal_compress_integral_utinyint(#1, 0)",
                                                                                                                            "__internal_compress_string_hugeint(#2)"
                                                                                                                        ],
                                                                                                                        "Estimated Cardinality": "2884615"
                                                                                                                    },
                                                                                                                    "cumulative_cardinality": 19793493,
                                                                                                                    "operator_type": "PROJECTION",
                                                                                                                    "operator_cardinality": 2998599,
                                                                                                                    "cumulative_rows_scanned": 120000030,
                                                                                                                    "operator_rows_scanned": 0,
                                                                                                                    "operator_timing": 0.0960580000000011,
                                                                                                                    "result_set_size": 62970579,
                                                                                                                    "children": [
                                                                                                                        {
                                                                                                                            "result_set_size": 83960772,
                                                                                                                            "operator_timing": 0.03142200000000008,
                                                                                                                            "operator_rows_scanned": 0,
                                                                                                                            "cumulative_rows_scanned": 120000030,
                                                                                                                            "operator_cardinality": 2998599,
                                                                                                                            "operator_type": "FILTER",
                                                                                                                            "cumulative_cardinality": 16794894,
                                                                                                                            "cpu_time": 0.29482500000000045,
                                                                                                                            "operator_name": "FILTER",
                                                                                                                            "extra_info": {
                                                                                                                                "Expression": "(c_custkey <= 14999999)",
                                                                                                                                "Estimated Cardinality": "2884615"
                                                                                                                            },
                                                                                                                            "children": [
                                                                                                                                {
                                                                                                                                    "operator_name": "HASH_JOIN",
                                                                                                                                    "cpu_time": 0.2634030000000004,
                                                                                                                                    "extra_info": {
                                                                                                                                        "Join Type": "INNER",
                                                                                                                                        "Conditions": "c_nationkey = n_nationkey",
                                                                                                                                        "Estimated Cardinality": "2884615"
                                                                                                                                    },
                                                                                                                                    "cumulative_cardinality": 13796295,
                                                                                                                                    "operator_type": "HASH_JOIN",
                                                                                                                                    "operator_cardinality": 2998599,
                                                                                                                                    "cumulative_rows_scanned": 120000030,
                                                                                                                                    "operator_rows_scanned": 0,
                                                                                                                                    "operator_timing": 0.10883700000000006,
                                                                                                                                    "result_set_size": 83960772,
                                                                                                                                    "children": [
                                                                                                                                        {
                                                                                                                                            "result_set_size": 129572220,
                                                                                                                                            "operator_timing": 0.15445600000000034,
                                                                                                                                            "operator_rows_scanned": 120000000,
                                                                                                                                            "cumulative_rows_scanned": 120000000,
                                                                                                                                            "operator_cardinality": 10797685,
                                                                                                                                            "operator_type": "TABLE_SCAN",
                                                                                                                                            "cumulative_cardinality": 10797685,
                                                                                                                                            "cpu_time": 0.15445600000000034,
                                                                                                                                            "operator_name": "SEQ_SCAN ",
                                                                                                                                            "extra_info": {
                                                                                                                                                "Table": "customer",
                                                                                                                                                "Type": "Sequential Scan",
                                                                                                                                                "Projections": [
                                                                                                                                                    "c_custkey",
                                                                                                                                                    "c_nationkey"
                                                                                                                                                ],
                                                                                                                                                "Estimated Cardinality": "15000000"
                                                                                                                                            },
                                                                                                                                            "children": []
                                                                                                                                        },
                                                                                                                                        {
                                                                                                                                            "result_set_size": 120,
                                                                                                                                            "operator_timing": 0.000066,
                                                                                                                                            "operator_rows_scanned": 0,
                                                                                                                                            "cumulative_rows_scanned": 30,
                                                                                                                                            "operator_cardinality": 5,
                                                                                                                                            "operator_type": "HASH_JOIN",
                                                                                                                                            "cumulative_cardinality": 11,
                                                                                                                                            "cpu_time": 0.00011,
                                                                                                                                            "operator_name": "HASH_JOIN",
                                                                                                                                            "extra_info": {
                                                                                                                                                "Join Type": "INNER",
                                                                                                                                                "Conditions": "n_regionkey = r_regionkey",
                                                                                                                                                "Estimated Cardinality": "5"
                                                                                                                                            },
                                                                                                                                            "children": [
                                                                                                                                                {
                                                                                                                                                    "operator_name": "SEQ_SCAN ",
                                                                                                                                                    "cpu_time": 0.000023,
                                                                                                                                                    "extra_info": {
                                                                                                                                                        "Table": "nation",
                                                                                                                                                        "Type": "Sequential Scan",
                                                                                                                                                        "Projections": [
                                                                                                                                                            "n_nationkey",
                                                                                                                                                            "n_regionkey",
                                                                                                                                                            "n_name"
                                                                                                                                                        ],
                                                                                                                                                        "Estimated Cardinality": "25"
                                                                                                                                                    },
                                                                                                                                                    "cumulative_cardinality": 5,
                                                                                                                                                    "operator_type": "TABLE_SCAN",
                                                                                                                                                    "operator_cardinality": 5,
                                                                                                                                                    "cumulative_rows_scanned": 25,
                                                                                                                                                    "operator_rows_scanned": 25,
                                                                                                                                                    "operator_timing": 0.000023,
                                                                                                                                                    "result_set_size": 120,
                                                                                                                                                    "children": []
                                                                                                                                                },
                                                                                                                                                {
                                                                                                                                                    "operator_name": "SEQ_SCAN ",
                                                                                                                                                    "cpu_time": 0.000021,
                                                                                                                                                    "extra_info": {
                                                                                                                                                        "Table": "region",
                                                                                                                                                        "Type": "Sequential Scan",
                                                                                                                                                        "Projections": "r_regionkey",
                                                                                                                                                        "Filters": "r_name='EUROPE'",
                                                                                                                                                        "Estimated Cardinality": "1"
                                                                                                                                                    },
                                                                                                                                                    "cumulative_cardinality": 1,
                                                                                                                                                    "operator_type": "TABLE_SCAN",
                                                                                                                                                    "operator_cardinality": 1,
                                                                                                                                                    "cumulative_rows_scanned": 5,
                                                                                                                                                    "operator_rows_scanned": 5,
                                                                                                                                                    "operator_timing": 0.000021,
                                                                                                                                                    "result_set_size": 4,
                                                                                                                                                    "children": []
                                                                                                                                                }
                                                                                                                                            ]
                                                                                                                                        }
                                                                                                                                    ]
                                                                                                                                }
                                                                                                                            ]
                                                                                                                        }
                                                                                                                    ]
                                                                                                                }
                                                                                                            ]
                                                                                                        }
                                                                                                    ]
                                                                                                }
                                                                                            ]
                                                                                        }
                                                                                    ]
                                                                                }
                                                                            ]
                                                                        },
                                                                        {
                                                                            "result_set_size": 12000000,
                                                                            "operator_timing": 0.018012999999999994,
                                                                            "operator_rows_scanned": 8000000,
                                                                            "cumulative_rows_scanned": 8000000,
                                                                            "operator_cardinality": 1000000,
                                                                            "operator_type": "TABLE_SCAN",
                                                                            "cumulative_cardinality": 1000000,
                                                                            "cpu_time": 0.018012999999999994,
                                                                            "operator_name": "SEQ_SCAN ",
                                                                            "extra_info": {
                                                                                "Table": "supplier",
                                                                                "Type": "Sequential Scan",
                                                                                "Projections": [
                                                                                    "s_suppkey",
                                                                                    "s_nationkey"
                                                                                ],
                                                                                "Estimated Cardinality": "1000000"
                                                                            },
                                                                            "children": []
                                                                        }
                                                                    ]
                                                                }
                                                            ]
                                                        }
                                                    ]
                                                }
                                            ]
                                        }
                                    ]
                                }
                            ]
                        }
                    ]
                }
            ]
        }
    ]
}