{
    "result_set_size": 224,
    "cumulative_rows_scanned": 6128303266,
    "cumulative_cardinality": 564720533,
    "extra_info": {},
    "cpu_time": 71.1370759999998,
    "blocked_thread_time": 0.0,
    "rows_returned": 4,
    "query_name": "select\n\tsupp_nation,\n\tcust_nation,\n\tl_year,\n\tsum(volume) as revenue\nfrom\n\t(\n\t\tselect\n\t\t\tn1.n_name as supp_nation,\n\t\t\tn2.n_name as cust_nation,\n\t\t\textract(year from l_shipdate) as l_year,\n\t\t\tl_extendedprice * (1 - l_discount) as volume\n\t\tfrom\n\t\t\tsupplier,\n\t\t\tlineitem,\n\t\t\torders,\n\t\t\tcustomer,\n\t\t\tnation n1,\n\t\t\tnation n2\n\t\twhere\n\t\t\ts_suppkey = l_suppkey\n\t\t\tand o_orderkey = l_orderkey\n\t\t\tand c_custkey = o_custkey\n\t\t\tand s_nationkey = n1.n_nationkey\n\t\t\tand c_nationkey = n2.n_nationkey\n\t\t\tand (\n\t\t\t\t(n1.n_name = 'MOROCCO' and n2.n_name = 'KENYA')\n\t\t\t\tor (n1.n_name = 'KENYA' and n2.n_name = 'MOROCCO')\n\t\t\t)\n\t\t\tand l_shipdate between date '1995-01-01' and date '1996-12-31'\n\t) as shipping\ngroup by\n\tsupp_nation,\n\tcust_nation,\n\tl_year\norder by\n\tsupp_nation,\n\tcust_nation,\n\tl_year;",
    "latency": 11.498098,
    "children": [
        {
            "result_set_size": 224,
            "operator_timing": 0.000014000000000000001,
            "operator_rows_scanned": 0,
            "cumulative_rows_scanned": 6128303266,
            "operator_cardinality": 4,
            "operator_type": "PROJECTION",
            "cumulative_cardinality": 564720533,
            "cpu_time": 71.1370759999998,
            "operator_name": "PROJECTION",
            "extra_info": {
                "Projections": [
                    "__internal_decompress_string(#0)",
                    "__internal_decompress_string(#1)",
                    "__internal_decompress_integral_bigint(#2, 1992)",
                    "#3"
                ],
                "Estimated Cardinality": "953343"
            },
            "children": [
                {
                    "operator_name": "ORDER_BY",
                    "cpu_time": 71.1370619999998,
                    "extra_info": {
                        "Order By": [
                            "shipping.supp_nation ASC",
                            "shipping.cust_nation ASC",
                            "shipping.l_year ASC"
                        ]
                    },
                    "cumulative_cardinality": 564720529,
                    "operator_type": "ORDER_BY",
                    "operator_cardinality": 4,
                    "cumulative_rows_scanned": 6128303266,
                    "operator_rows_scanned": 0,
                    "operator_timing": 0.010113999999999998,
                    "result_set_size": 196,
                    "children": [
                        {
                            "result_set_size": 196,
                            "operator_timing": 0.00002,
                            "operator_rows_scanned": 0,
                            "cumulative_rows_scanned": 6128303266,
                            "operator_cardinality": 4,
                            "operator_type": "PROJECTION",
                            "cumulative_cardinality": 564720525,
                            "cpu_time": 71.1269479999998,
                            "operator_name": "PROJECTION",
                            "extra_info": {
                                "Projections": [
                                    "__internal_compress_string_hugeint(#0)",
                                    "__internal_compress_string_hugeint(#1)",
                                    "__internal_compress_integral_utinyint(#2, 1992)",
                                    "#3"
                                ],
                                "Estimated Cardinality": "953343"
                            },
                            "children": [
                                {
                                    "operator_name": "PROJECTION",
                                    "cpu_time": 71.1269279999998,
                                    "extra_info": {
                                        "Projections": [
                                            "__internal_decompress_string(#0)",
                                            "__internal_decompress_string(#1)",
                                            "__internal_decompress_integral_bigint(#2, 1992)",
                                            "#3"
                                        ],
                                        "Estimated Cardinality": "953343"
                                    },
                                    "cumulative_cardinality": 564720521,
                                    "operator_type": "PROJECTION",
                                    "operator_cardinality": 4,
                                    "cumulative_rows_scanned": 6128303266,
                                    "operator_rows_scanned": 0,
                                    "operator_timing": 0.005299,
                                    "result_set_size": 224,
                                    "children": [
                                        {
                                            "result_set_size": 196,
                                            "operator_timing": 0.04188399999999999,
                                            "operator_rows_scanned": 0,
                                            "cumulative_rows_scanned": 6128303266,
                                            "operator_cardinality": 4,
                                            "operator_type": "HASH_GROUP_BY",
                                            "cumulative_cardinality": 564720517,
                                            "cpu_time": 71.1216289999998,
                                            "operator_name": "HASH_GROUP_BY",
                                            "extra_info": {
                                                "Groups": [
                                                    "#0",
                                                    "#1",
                                                    "#2"
                                                ],
                                                "Aggregates": "sum(#3)",
                                                "Estimated Cardinality": "953343"
                                            },
                                            "children": [
                                                {
                                                    "operator_name": "PROJECTION",
                                                    "cpu_time": 71.0797449999998,
                                                    "extra_info": {
                                                        "Projections": [
                                                            "supp_nation",
                                                            "cust_nation",
                                                            "l_year",
                                                            "volume"
                                                        ],
                                                        "Estimated Cardinality": "4704343"
                                                    },
                                                    "cumulative_cardinality": 564720513,
                                                    "operator_type": "PROJECTION",
                                                    "operator_cardinality": 582169,
                                                    "cumulative_rows_scanned": 6128303266,
                                                    "operator_rows_scanned": 0,
                                                    "operator_timing": 0.0009759999999999987,
                                                    "result_set_size": 23868929,
                                                    "children": [
                                                        {
                                                            "result_set_size": 23868929,
                                                            "operator_timing": 0.021910000000000006,
                                                            "operator_rows_scanned": 0,
                                                            "cumulative_rows_scanned": 6128303266,
                                                            "operator_cardinality": 582169,
                                                            "operator_type": "PROJECTION",
                                                            "cumulative_cardinality": 564138344,
                                                            "cpu_time": 71.07876899999981,
                                                            "operator_name": "PROJECTION",
                                                            "extra_info": {
                                                                "Projections": [
                                                                    "__internal_compress_string_hugeint(#0)",
                                                                    "__internal_compress_string_hugeint(#1)",
                                                                    "__internal_compress_integral_utinyint(#2, 1992)",
                                                                    "#3"
                                                                ],
                                                                "Estimated Cardinality": "4704343"
                                                            },
                                                            "children": [
                                                                {
                                                                    "operator_name": "PROJECTION",
                                                                    "cpu_time": 71.0568589999998,
                                                                    "extra_info": {
                                                                        "Projections": [
                                                                            "supp_nation",
                                                                            "cust_nation",
                                                                            "l_year",
                                                                            "volume"
                                                                        ],
                                                                        "Estimated Cardinality": "4704343"
                                                                    },
                                                                    "cumulative_cardinality": 563556175,
                                                                    "operator_type": "PROJECTION",
                                                                    "operator_cardinality": 582169,
                                                                    "cumulative_rows_scanned": 6128303266,
                                                                    "operator_rows_scanned": 0,
                                                                    "operator_timing": 0.016436999999999993,
                                                                    "result_set_size": 27944112,
                                                                    "children": [
                                                                        {
                                                                            "result_set_size": 30272788,
                                                                            "operator_timing": 0.047334,
                                                                            "operator_rows_scanned": 0,
                                                                            "cumulative_rows_scanned": 6128303266,
                                                                            "operator_cardinality": 582169,
                                                                            "operator_type": "FILTER",
                                                                            "cumulative_cardinality": 562974006,
                                                                            "cpu_time": 71.04042199999981,
                                                                            "operator_name": "FILTER",
                                                                            "extra_info": {
                                                                                "Expression": "(((n_name = 'MOROCCO') AND (n_name = 'KENYA')) OR ((n_name = 'KENYA') AND (n_name = 'MOROCCO')))",
                                                                                "Estimated Cardinality": "4704343"
                                                                            },
                                                                            "children": [
                                                                                {
                                                                                    "operator_name": "PROJECTION",
                                                                                    "cpu_time": 70.9930879999998,
                                                                                    "extra_info": {
                                                                                        "Projections": [
                                                                                            "#0",
                                                                                            "#1",
                                                                                            "#2",
                                                                                            "#3",
                                                                                            "__internal_decompress_string(#4)"
                                                                                        ],
                                                                                        "Estimated Cardinality": "4704343"
                                                                                    },
                                                                                    "cumulative_cardinality": 562391837,
                                                                                    "operator_type": "PROJECTION",
                                                                                    "operator_cardinality": 1163779,
                                                                                    "cumulative_rows_scanned": 6128303266,
                                                                                    "operator_rows_scanned": 0,
                                                                                    "operator_timing": 0.012934000000000005,
                                                                                    "result_set_size": 60516508,
                                                                                    "children": [
                                                                                        {
                                                                                            "result_set_size": 60516508,
                                                                                            "operator_timing": 3.531680999999769,
                                                                                            "operator_rows_scanned": 0,
                                                                                            "cumulative_rows_scanned": 6128303266,
                                                                                            "operator_cardinality": 1163779,
                                                                                            "operator_type": "HASH_JOIN",
                                                                                            "cumulative_cardinality": 561228058,
                                                                                            "cpu_time": 70.9801539999998,
                                                                                            "operator_name": "HASH_JOIN",
                                                                                            "extra_info": {
                                                                                                "Join Type": "INNER",
                                                                                                "Conditions": "o_custkey = c_custkey",
                                                                                                "Estimated Cardinality": "4704343"
                                                                                            },
                                                                                            "children": [
                                                                                                {
                                                                                                    "operator_name": "PROJECTION",
                                                                                                    "cpu_time": 67.15956600000004,
                                                                                                    "extra_info": {
                                                                                                        "Projections": [
                                                                                                            "__internal_compress_integral_uinteger(#0, 1)",
                                                                                                            "#1",
                                                                                                            "#2",
                                                                                                            "#3",
                                                                                                            "#4"
                                                                                                        ],
                                                                                                        "Estimated Cardinality": "23356320"
                                                                                                    },
                                                                                                    "cumulative_cardinality": 555268708,
                                                                                                    "operator_type": "PROJECTION",
                                                                                                    "operator_cardinality": 14561734,
                                                                                                    "cumulative_rows_scanned": 6008303241,
                                                                                                    "operator_rows_scanned": 0,
                                                                                                    "operator_timing": 0.338443999999982,
                                                                                                    "result_set_size": 582469360,
                                                                                                    "children": [
                                                                                                        {
                                                                                                            "result_set_size": 640716296,
                                                                                                            "operator_timing": 0.2896379999999991,
                                                                                                            "operator_rows_scanned": 0,
                                                                                                            "cumulative_rows_scanned": 6008303241,
                                                                                                            "operator_cardinality": 14561734,
                                                                                                            "operator_type": "PROJECTION",
                                                                                                            "cumulative_cardinality": 540706974,
                                                                                                            "cpu_time": 66.82112200000006,
                                                                                                            "operator_name": "PROJECTION",
                                                                                                            "extra_info": {
                                                                                                                "Projections": [
                                                                                                                    "#0",
                                                                                                                    "__internal_decompress_string(#4)",
                                                                                                                    "#1",
                                                                                                                    "#2",
                                                                                                                    "#3"
                                                                                                                ],
                                                                                                                "Estimated Cardinality": "23356320"
                                                                                                            },
                                                                                                            "children": [
                                                                                                                {
                                                                                                                    "operator_name": "HASH_JOIN",
                                                                                                                    "cpu_time": 66.53148400000006,
                                                                                                                    "extra_info": {
                                                                                                                        "Join Type": "INNER",
                                                                                                                        "Conditions": "o_orderkey = l_orderkey",
                                                                                                                        "Estimated Cardinality": "23356320"
                                                                                                                    },
                                                                                                                    "cumulative_cardinality": 526145240,
                                                                                                                    "operator_type": "HASH_JOIN",
                                                                                                                    "operator_cardinality": 14561734,
                                                                                                                    "cumulative_rows_scanned": 6008303241,
                                                                                                                    "operator_rows_scanned": 0,
                                                                                                                    "operator_timing": 45.875418000000096,
                                                                                                                    "result_set_size": 640716296,
                                                                                                                    "children": [
                                                                                                                        {
                                                                                                                            "result_set_size": 1800000000,
                                                                                                                            "operator_timing": 0.29907299999999615,
                                                                                                                            "operator_rows_scanned": 0,
                                                                                                                            "cumulative_rows_scanned": 1200000000,
                                                                                                                            "operator_cardinality": 150000000,
                                                                                                                            "operator_type": "PROJECTION",
                                                                                                                            "cumulative_cardinality": 300000000,
                                                                                                                            "cpu_time": 1.6033989999999343,
                                                                                                                            "operator_name": "PROJECTION",
                                                                                                                            "extra_info": {
                                                                                                                                "Projections": [
                                                                                                                                    "__internal_compress_integral_uinteger(#0, 1)",
                                                                                                                                    "#1"
                                                                                                                                ],
                                                                                                                                "Estimated Cardinality": "150000000"
                                                                                                                            },
                                                                                                                            "children": [
                                                                                                                                {
                                                                                                                                    "operator_name": "SEQ_SCAN ",
                                                                                                                                    "cpu_time": 1.3043259999999381,
                                                                                                                                    "extra_info": {
                                                                                                                                        "Table": "orders",
                                                                                                                                        "Type": "Sequential Scan",
                                                                                                                                        "Projections": [
                                                                                                                                            "o_orderkey",
                                                                                                                                            "o_custkey"
                                                                                                                                        ],
                                                                                                                                        "Estimated Cardinality": "150000000"
                                                                                                                                    },
                                                                                                                                    "cumulative_cardinality": 150000000,
                                                                                                                                    "operator_type": "TABLE_SCAN",
                                                                                                                                    "operator_cardinality": 150000000,
                                                                                                                                    "cumulative_rows_scanned": 1200000000,
                                                                                                                                    "operator_rows_scanned": 1200000000,
                                                                                                                                    "operator_timing": 1.3043259999999381,
                                                                                                                                    "result_set_size": 2400000000,
                                                                                                                                    "children": []
                                                                                                                                }
                                                                                                                            ]
                                                                                                                        },
                                                                                                                        {
                                                                                                                            "result_set_size": 582469360,
                                                                                                                            "operator_timing": 0.3363630000000033,
                                                                                                                            "operator_rows_scanned": 0,
                                                                                                                            "cumulative_rows_scanned": 4808303241,
                                                                                                                            "operator_cardinality": 14561734,
                                                                                                                            "operator_type": "PROJECTION",
                                                                                                                            "cumulative_cardinality": 211583506,
                                                                                                                            "cpu_time": 19.05266700000004,
                                                                                                                            "operator_name": "PROJECTION",
                                                                                                                            "extra_info": {
                                                                                                                                "Projections": [
                                                                                                                                    "__internal_compress_integral_uinteger(#0, 1)",
                                                                                                                                    "#1",
                                                                                                                                    "#2",
                                                                                                                                    "#3",
                                                                                                                                    "__internal_compress_string_hugeint(#4)"
                                                                                                                                ],
                                                                                                                                "Estimated Cardinality": "23163622"
                                                                                                                            },
                                                                                                                            "children": [
                                                                                                                                {
                                                                                                                                    "operator_name": "HASH_JOIN",
                                                                                                                                    "cpu_time": 18.716304000000036,
                                                                                                                                    "extra_info": {
                                                                                                                                        "Join Type": "INNER",
                                                                                                                                        "Conditions": "l_suppkey = s_suppkey",
                                                                                                                                        "Estimated Cardinality": "23163622"
                                                                                                                                    },
                                                                                                                                    "cumulative_cardinality": 197021772,
                                                                                                                                    "operator_type": "HASH_JOIN",
                                                                                                                                    "operator_cardinality": 14561734,
                                                                                                                                    "cumulative_rows_scanned": 4808303241,
                                                                                                                                    "operator_rows_scanned": 0,
                                                                                                                                    "operator_timing": 7.202712000000739,
                                                                                                                                    "result_set_size": 640716296,
                                                                                                                                    "children": [
                                                                                                                                        {
                                                                                                                                            "result_set_size": 6562810116,
                                                                                                                                            "operator_timing": 11.496664999999298,
                                                                                                                                            "operator_rows_scanned": 4800303216,
                                                                                                                                            "cumulative_rows_scanned": 4800303216,
                                                                                                                                            "operator_cardinality": 182300281,
                                                                                                                                            "operator_type": "TABLE_SCAN",
                                                                                                                                            "cumulative_cardinality": 182300281,
                                                                                                                                            "cpu_time": 11.496664999999298,
                                                                                                                                            "operator_name": "SEQ_SCAN ",
                                                                                                                                            "extra_info": {
                                                                                                                                                "Table": "lineitem",
                                                                                                                                                "Type": "Sequential Scan",
                                                                                                                                                "Projections": [
                                                                                                                                                    "l_suppkey",
                                                                                                                                                    "l_orderkey",
                                                                                                                                                    "l_shipdate",
                                                                                                                                                    "l_extendedprice",
                                                                                                                                                    "l_discount"
                                                                                                                                                ],
                                                                                                                                                "Filters": "l_shipdate>='1995-01-01'::DATE AND l_shipdate<='1996-12-31'::DATE",
                                                                                                                                                "Estimated Cardinality": "120007580"
                                                                                                                                            },
                                                                                                                                            "children": []
                                                                                                                                        },
                                                                                                                                        {
                                                                                                                                            "result_set_size": 1916760,
                                                                                                                                            "operator_timing": 0.0045530000000000015,
                                                                                                                                            "operator_rows_scanned": 0,
                                                                                                                                            "cumulative_rows_scanned": 8000025,
                                                                                                                                            "operator_cardinality": 79865,
                                                                                                                                            "operator_type": "HASH_JOIN",
                                                                                                                                            "cumulative_cardinality": 159757,
                                                                                                                                            "cpu_time": 0.016926999999999998,
                                                                                                                                            "operator_name": "HASH_JOIN",
                                                                                                                                            "extra_info": {
                                                                                                                                                "Join Type": "INNER",
                                                                                                                                                "Conditions": "s_nationkey = n_nationkey",
                                                                                                                                                "Estimated Cardinality": "192307"
                                                                                                                                            },
                                                                                                                                            "children": [
                                                                                                                                                {
                                                                                                                                                    "operator_name": "SEQ_SCAN ",
                                                                                                                                                    "cpu_time": 0.011457999999999996,
                                                                                                                                                    "extra_info": {
                                                                                                                                                        "Table": "supplier",
                                                                                                                                                        "Type": "Sequential Scan",
                                                                                                                                                        "Projections": [
                                                                                                                                                            "s_suppkey",
                                                                                                                                                            "s_nationkey"
                                                                                                                                                        ],
                                                                                                                                                        "Estimated Cardinality": "1000000"
                                                                                                                                                    },
                                                                                                                                                    "cumulative_cardinality": 79865,
                                                                                                                                                    "operator_type": "TABLE_SCAN",
                                                                                                                                                    "operator_cardinality": 79865,
                                                                                                                                                    "cumulative_rows_scanned": 8000000,
                                                                                                                                                    "operator_rows_scanned": 8000000,
                                                                                                                                                    "operator_timing": 0.011457999999999996,
                                                                                                                                                    "result_set_size": 958380,
                                                                                                                                                    "children": []
                                                                                                                                                },
                                                                                                                                                {
                                                                                                                                                    "operator_name": "FILTER",
                                                                                                                                                    "cpu_time": 0.0009159999999999999,
                                                                                                                                                    "extra_info": {
                                                                                                                                                        "Expression": "((n_name = 'MOROCCO') OR (n_name = 'KENYA'))",
                                                                                                                                                        "Estimated Cardinality": "5"
                                                                                                                                                    },
                                                                                                                                                    "cumulative_cardinality": 27,
                                                                                                                                                    "operator_type": "FILTER",
                                                                                                                                                    "operator_cardinality": 2,
                                                                                                                                                    "cumulative_rows_scanned": 25,
                                                                                                                                                    "operator_rows_scanned": 0,
                                                                                                                                                    "operator_timing": 0.000869,
                                                                                                                                                    "result_set_size": 40,
                                                                                                                                                    "children": [
                                                                                                                                                        {
                                                                                                                                                            "result_set_size": 500,
                                                                                                                                                            "operator_timing": 0.000047,
                                                                                                                                                            "operator_rows_scanned": 25,
                                                                                                                                                            "cumulative_rows_scanned": 25,
                                                                                                                                                            "operator_cardinality": 25,
                                                                                                                                                            "operator_type": "TABLE_SCAN",
                                                                                                                                                            "cumulative_cardinality": 25,
                                                                                                                                                            "cpu_time": 0.000047,
                                                                                                                                                            "operator_name": "SEQ_SCAN ",
                                                                                                                                                            "extra_info": {
                                                                                                                                                                "Table": "nation",
                                                                                                                                                                "Type": "Sequential Scan",
                                                                                                                                                                "Projections": [
                                                                                                                                                                    "n_nationkey",
                                                                                                                                                                    "n_name"
                                                                                                                                                                ],
                                                                                                                                                                "Filters": "optional: n_name='MOROCCO' OR n_name='KENYA'",
                                                                                                                                                                "Estimated Cardinality": "25"
                                                                                                                                                            },
                                                                                                                                                            "children": []
                                                                                                                                                        }
                                                                                                                                                    ]
                                                                                                                                                }
                                                                                                                                            ]
                                                                                                                                        }
                                                                                                                                    ]
                                                                                                                                }
                                                                                                                            ]
                                                                                                                        }
                                                                                                                    ]
                                                                                                                }
                                                                                                            ]
                                                                                                        }
                                                                                                    ]
                                                                                                },
                                                                                                {
                                                                                                    "operator_name": "PROJECTION",
                                                                                                    "cpu_time": 0.28890700000000047,
                                                                                                    "extra_info": {
                                                                                                        "Projections": [
                                                                                                            "__internal_compress_integral_uinteger(#0, 1)",
                                                                                                            "__internal_compress_string_hugeint(#1)"
                                                                                                        ],
                                                                                                        "Estimated Cardinality": "2884615"
                                                                                                    },
                                                                                                    "cumulative_cardinality": 4795571,
                                                                                                    "operator_type": "PROJECTION",
                                                                                                    "operator_cardinality": 1198886,
                                                                                                    "cumulative_rows_scanned": 120000025,
                                                                                                    "operator_rows_scanned": 0,
                                                                                                    "operator_timing": 0.0470809999999999,
                                                                                                    "result_set_size": 23977720,
                                                                                                    "children": [
                                                                                                        {
                                                                                                            "result_set_size": 28773264,
                                                                                                            "operator_timing": 0.02752600000000002,
                                                                                                            "operator_rows_scanned": 0,
                                                                                                            "cumulative_rows_scanned": 120000025,
                                                                                                            "operator_cardinality": 1198886,
                                                                                                            "operator_type": "FILTER",
                                                                                                            "cumulative_cardinality": 3596685,
                                                                                                            "cpu_time": 0.24182600000000054,
                                                                                                            "operator_name": "FILTER",
                                                                                                            "extra_info": {
                                                                                                                "Expression": "(c_custkey <= 14999999)",
                                                                                                                "Estimated Cardinality": "2884615"
                                                                                                            },
                                                                                                            "children": [
                                                                                                                {
                                                                                                                    "operator_name": "HASH_JOIN",
                                                                                                                    "cpu_time": 0.21430000000000052,
                                                                                                                    "extra_info": {
                                                                                                                        "Join Type": "INNER",
                                                                                                                        "Conditions": "c_nationkey = n_nationkey",
                                                                                                                        "Estimated Cardinality": "2884615"
                                                                                                                    },
                                                                                                                    "cumulative_cardinality": 2397799,
                                                                                                                    "operator_type": "HASH_JOIN",
                                                                                                                    "operator_cardinality": 1198886,
                                                                                                                    "cumulative_rows_scanned": 120000025,
                                                                                                                    "operator_rows_scanned": 0,
                                                                                                                    "operator_timing": 0.05339200000000008,
                                                                                                                    "result_set_size": 28773264,
                                                                                                                    "children": [
                                                                                                                        {
                                                                                                                            "result_set_size": 14386632,
                                                                                                                            "operator_timing": 0.15998700000000043,
                                                                                                                            "operator_rows_scanned": 120000000,
                                                                                                                            "cumulative_rows_scanned": 120000000,
                                                                                                                            "operator_cardinality": 1198886,
                                                                                                                            "operator_type": "TABLE_SCAN",
                                                                                                                            "cumulative_cardinality": 1198886,
                                                                                                                            "cpu_time": 0.15998700000000043,
                                                                                                                            "operator_name": "SEQ_SCAN ",
                                                                                                                            "extra_info": {
                                                                                                                                "Table": "customer",
                                                                                                                                "Type": "Sequential Scan",
                                                                                                                                "Projections": [
                                                                                                                                    "c_custkey",
                                                                                                                                    "c_nationkey"
                                                                                                                                ],
                                                                                                                                "Estimated Cardinality": "15000000"
                                                                                                                            },
                                                                                                                            "children": []
                                                                                                                        },
                                                                                                                        {
                                                                                                                            "result_set_size": 40,
                                                                                                                            "operator_timing": 0.0008709999999999999,
                                                                                                                            "operator_rows_scanned": 0,
                                                                                                                            "cumulative_rows_scanned": 25,
                                                                                                                            "operator_cardinality": 2,
                                                                                                                            "operator_type": "FILTER",
                                                                                                                            "cumulative_cardinality": 27,
                                                                                                                            "cpu_time": 0.0009209999999999999,
                                                                                                                            "operator_name": "FILTER",
                                                                                                                            "extra_info": {
                                                                                                                                "Expression": "((n_name = 'KENYA') OR (n_name = 'MOROCCO'))",
                                                                                                                                "Estimated Cardinality": "25"
                                                                                                                            },
                                                                                                                            "children": [
                                                                                                                                {
                                                                                                                                    "operator_name": "SEQ_SCAN ",
                                                                                                                                    "cpu_time": 0.00005,
                                                                                                                                    "extra_info": {
                                                                                                                                        "Table": "nation",
                                                                                                                                        "Type": "Sequential Scan",
                                                                                                                                        "Projections": [
                                                                                                                                            "n_nationkey",
                                                                                                                                            "n_name"
                                                                                                                                        ],
                                                                                                                                        "Filters": "optional: n_name='KENYA' OR n_name='MOROCCO'",
                                                                                                                                        "Estimated Cardinality": "25"
                                                                                                                                    },
                                                                                                                                    "cumulative_cardinality": 25,
                                                                                                                                    "operator_type": "TABLE_SCAN",
                                                                                                                                    "operator_cardinality": 25,
                                                                                                                                    "cumulative_rows_scanned": 25,
                                                                                                                                    "operator_rows_scanned": 25,
                                                                                                                                    "operator_timing": 0.00005,
                                                                                                                                    "result_set_size": 500,
                                                                                                                                    "children": []
                                                                                                                                }
                                                                                                                            ]
                                                                                                                        }
                                                                                                                    ]
                                                                                                                }
                                                                                                            ]
                                                                                                        }
                                                                                                    ]
                                                                                                }
                                                                                            ]
                                                                                        }
                                                                                    ]
                                                                                }
                                                                            ]
                                                                        }
                                                                    ]
                                                                }
                                                            ]
                                                        }
                                                    ]
                                                }
                                            ]
                                        }
                                    ]
                                }
                            ]
                        }
                    ]
                }
            ]
        }
    ]
}