{
    "result_set_size": 720,
    "cumulative_rows_scanned": 2640000000,
    "cumulative_cardinality": 1298708296,
    "extra_info": {},
    "cpu_time": 28.02976499999992,
    "blocked_thread_time": 0.02,
    "rows_returned": 45,
    "query_name": "select\n\tc_count,\n\tcount(*) as custdist\nfrom\n\t(\n\t\tselect\n\t\t\tc_custkey,\n\t\t\tcount(o_orderkey)\n\t\tfrom\n\t\t\tcustomer left outer join orders on\n\t\t\t\tc_custkey = o_custkey\n\t\t\t\tand o_comment not like '%pending%deposits%'\n\t\tgroup by\n\t\t\tc_custkey\n\t) as c_orders (c_custkey, c_count)\ngroup by\n\tc_count\norder by\n\tcustdist desc,\n\tc_count desc;",
    "latency": 1.907173,
    "children": [
        {
            "result_set_size": 720,
            "operator_timing": 0.006262000000000002,
            "operator_rows_scanned": 0,
            "cumulative_rows_scanned": 2640000000,
            "operator_cardinality": 45,
            "operator_type": "ORDER_BY",
            "cumulative_cardinality": 1298708296,
            "cpu_time": 28.02976499999992,
            "operator_name": "ORDER_BY",
            "extra_info": {
                "Order By": [
                    "count_star() DESC",
                    "c_orders.c_count DESC"
                ]
            },
            "children": [
                {
                    "operator_name": "HASH_GROUP_BY",
                    "cpu_time": 28.02350299999992,
                    "extra_info": {
                        "Groups": "#0",
                        "Aggregates": "count_star()",
                        "Estimated Cardinality": "7160829"
                    },
                    "cumulative_cardinality": 1298708251,
                    "operator_type": "HASH_GROUP_BY",
                    "operator_cardinality": 45,
                    "cumulative_rows_scanned": 2640000000,
                    "operator_rows_scanned": 0,
                    "operator_timing": 0.10619999999999992,
                    "result_set_size": 720,
                    "children": [
                        {
                            "result_set_size": 120000000,
                            "operator_timing": 0.0005629999999999999,
                            "operator_rows_scanned": 0,
                            "cumulative_rows_scanned": 2640000000,
                            "operator_cardinality": 15000000,
                            "operator_type": "PROJECTION",
                            "cumulative_cardinality": 1298708206,
                            "cpu_time": 27.91730299999992,
                            "operator_name": "PROJECTION",
                            "extra_info": {
                                "Projections": "c_count",
                                "Estimated Cardinality": "14321659"
                            },
                            "children": [
                                {
                                    "operator_name": "PROJECTION",
                                    "cpu_time": 27.91673999999992,
                                    "extra_info": {
                                        "Projections": "count(o_orderkey)",
                                        "Estimated Cardinality": "14321659"
                                    },
                                    "cumulative_cardinality": 1283708206,
                                    "operator_type": "PROJECTION",
                                    "operator_cardinality": 15000000,
                                    "cumulative_rows_scanned": 2640000000,
                                    "operator_rows_scanned": 0,
                                    "operator_timing": 0.0005729999999999998,
                                    "result_set_size": 120000000,
                                    "children": [
                                        {
                                            "result_set_size": 240000000,
                                            "operator_timing": 0.006280000000000039,
                                            "operator_rows_scanned": 0,
                                            "cumulative_rows_scanned": 2640000000,
                                            "operator_cardinality": 15000000,
                                            "operator_type": "PROJECTION",
                                            "cumulative_cardinality": 1268708206,
                                            "cpu_time": 27.91616699999992,
                                            "operator_name": "PROJECTION",
                                            "extra_info": {
                                                "Projections": [
                                                    "__internal_decompress_integral_bigint(#0, 1)",
                                                    "#1"
                                                ],
                                                "Estimated Cardinality": "14321659"
                                            },
                                            "children": [
                                                {
                                                    "operator_name": "HASH_GROUP_BY",
                                                    "cpu_time": 27.90988699999992,
                                                    "extra_info": {
                                                        "Groups": "#0",
                                                        "Aggregates": "count(#1)",
                                                        "Estimated Cardinality": "14321659"
                                                    },
                                                    "cumulative_cardinality": 1253708206,
                                                    "operator_type": "HASH_GROUP_BY",
                                                    "operator_cardinality": 15000000,
                                                    "cumulative_rows_scanned": 2640000000,
                                                    "operator_rows_scanned": 0,
                                                    "operator_timing": 10.461893000000048,
                                                    "result_set_size": 180000000,
                                                    "children": [
                                                        {
                                                            "result_set_size": 1840643616,
                                                            "operator_timing": 0.01196200000000018,
                                                            "operator_rows_scanned": 0,
                                                            "cumulative_rows_scanned": 2640000000,
                                                            "operator_cardinality": 153386968,
                                                            "operator_type": "PROJECTION",
                                                            "cumulative_cardinality": 1238708206,
                                                            "cpu_time": 17.447993999999873,
                                                            "operator_name": "PROJECTION",
                                                            "extra_info": {
                                                                "Projections": [
                                                                    "c_custkey",
                                                                    "o_orderkey"
                                                                ],
                                                                "Estimated Cardinality": "30000000"
                                                            },
                                                            "children": [
                                                                {
                                                                    "operator_name": "PROJECTION",
                                                                    "cpu_time": 17.436031999999873,
                                                                    "extra_info": {
                                                                        "Projections": [
                                                                            "#0",
                                                                            "__internal_compress_integral_uinteger(#1, 1)"
                                                                        ],
                                                                        "Estimated Cardinality": "30000000"
                                                                    },
                                                                    "cumulative_cardinality": 1085321238,
                                                                    "operator_type": "PROJECTION",
                                                                    "operator_cardinality": 153386968,
                                                                    "cumulative_rows_scanned": 2640000000,
                                                                    "operator_rows_scanned": 0,
                                                                    "operator_timing": 0.06003100000000182,
                                                                    "result_set_size": 1840643616,
                                                                    "children": [
                                                                        {
                                                                            "result_set_size": 2454191488,
                                                                            "operator_timing": 0.06735200000000213,
                                                                            "operator_rows_scanned": 0,
                                                                            "cumulative_rows_scanned": 2640000000,
                                                                            "operator_cardinality": 153386968,
                                                                            "operator_type": "PROJECTION",
                                                                            "cumulative_cardinality": 931934270,
                                                                            "cpu_time": 17.37600099999987,
                                                                            "operator_name": "PROJECTION",
                                                                            "extra_info": {
                                                                                "Projections": [
                                                                                    "#0",
                                                                                    "__internal_decompress_integral_bigint(#1, 1)"
                                                                                ],
                                                                                "Estimated Cardinality": "30000000"
                                                                            },
                                                                            "children": [
                                                                                {
                                                                                    "operator_name": "HASH_JOIN",
                                                                                    "cpu_time": 17.308648999999868,
                                                                                    "extra_info": {
                                                                                        "Join Type": "RIGHT",
                                                                                        "Conditions": "o_custkey = c_custkey",
                                                                                        "Estimated Cardinality": "30000000"
                                                                                    },
                                                                                    "cumulative_cardinality": 778547302,
                                                                                    "operator_type": "HASH_JOIN",
                                                                                    "operator_cardinality": 153386968,
                                                                                    "cumulative_rows_scanned": 2640000000,
                                                                                    "operator_rows_scanned": 0,
                                                                                    "operator_timing": 5.430442999999947,
                                                                                    "result_set_size": 1840643616,
                                                                                    "children": [
                                                                                        {
                                                                                            "result_set_size": 1780641336,
                                                                                            "operator_timing": 0.11036000000000662,
                                                                                            "operator_rows_scanned": 0,
                                                                                            "cumulative_rows_scanned": 2400000000,
                                                                                            "operator_cardinality": 148386778,
                                                                                            "operator_type": "PROJECTION",
                                                                                            "cumulative_cardinality": 595160334,
                                                                                            "cpu_time": 11.86470799999992,
                                                                                            "operator_name": "PROJECTION",
                                                                                            "extra_info": {
                                                                                                "Projections": [
                                                                                                    "__internal_compress_integral_uinteger(#0, 1)",
                                                                                                    "#1"
                                                                                                ],
                                                                                                "Estimated Cardinality": "30000000"
                                                                                            },
                                                                                            "children": [
                                                                                                {
                                                                                                    "operator_name": "PROJECTION",
                                                                                                    "cpu_time": 11.754347999999913,
                                                                                                    "extra_info": {
                                                                                                        "Projections": [
                                                                                                            "#0",
                                                                                                            "#2"
                                                                                                        ],
                                                                                                        "Estimated Cardinality": "30000000"
                                                                                                    },
                                                                                                    "cumulative_cardinality": 446773556,
                                                                                                    "operator_type": "PROJECTION",
                                                                                                    "operator_cardinality": 148386778,
                                                                                                    "cumulative_rows_scanned": 2400000000,
                                                                                                    "operator_rows_scanned": 0,
                                                                                                    "operator_timing": 0.010574000000000153,
                                                                                                    "result_set_size": 2374188448,
                                                                                                    "children": [
                                                                                                        {
                                                                                                            "result_set_size": 4748376896,
                                                                                                            "operator_timing": 5.710362999999906,
                                                                                                            "operator_rows_scanned": 0,
                                                                                                            "cumulative_rows_scanned": 2400000000,
                                                                                                            "operator_cardinality": 148386778,
                                                                                                            "operator_type": "FILTER",
                                                                                                            "cumulative_cardinality": 298386778,
                                                                                                            "cpu_time": 11.743773999999913,
                                                                                                            "operator_name": "FILTER",
                                                                                                            "extra_info": {
                                                                                                                "Expression": "(o_comment !~~ '%pending%deposits%')",
                                                                                                                "Estimated Cardinality": "30000000"
                                                                                                            },
                                                                                                            "children": [
                                                                                                                {
                                                                                                                    "operator_name": "SEQ_SCAN ",
                                                                                                                    "cpu_time": 6.033411000000006,
                                                                                                                    "extra_info": {
                                                                                                                        "Table": "orders",
                                                                                                                        "Type": "Sequential Scan",
                                                                                                                        "Projections": [
                                                                                                                            "o_custkey",
                                                                                                                            "o_comment",
                                                                                                                            "o_orderkey"
                                                                                                                        ],
                                                                                                                        "Estimated Cardinality": "150000000"
                                                                                                                    },
                                                                                                                    "cumulative_cardinality": 150000000,
                                                                                                                    "operator_type": "TABLE_SCAN",
                                                                                                                    "operator_cardinality": 150000000,
                                                                                                                    "cumulative_rows_scanned": 2400000000,
                                                                                                                    "operator_rows_scanned": 2400000000,
                                                                                                                    "operator_timing": 6.033411000000006,
                                                                                                                    "result_set_size": 4800000000,
                                                                                                                    "children": []
                                                                                                                }
                                                                                                            ]
                                                                                                        }
                                                                                                    ]
                                                                                                }
                                                                                            ]
                                                                                        },
                                                                                        {
                                                                                            "result_set_size": 60000000,
                                                                                            "operator_timing": 0.0034349999999999914,
                                                                                            "operator_rows_scanned": 0,
                                                                                            "cumulative_rows_scanned": 240000000,
                                                                                            "operator_cardinality": 15000000,
                                                                                            "operator_type": "PROJECTION",
                                                                                            "cumulative_cardinality": 30000000,
                                                                                            "cpu_time": 0.013498000000000076,
                                                                                            "operator_name": "PROJECTION",
                                                                                            "extra_info": {
                                                                                                "Projections": "__internal_compress_integral_uinteger(#0, 1)",
                                                                                                "Estimated Cardinality": "15000000"
                                                                                            },
                                                                                            "children": [
                                                                                                {
                                                                                                    "operator_name": "SEQ_SCAN ",
                                                                                                    "cpu_time": 0.010063000000000084,
                                                                                                    "extra_info": {
                                                                                                        "Table": "customer",
                                                                                                        "Type": "Sequential Scan",
                                                                                                        "Projections": "c_custkey",
                                                                                                        "Estimated Cardinality": "15000000"
                                                                                                    },
                                                                                                    "cumulative_cardinality": 15000000,
                                                                                                    "operator_type": "TABLE_SCAN",
                                                                                                    "operator_cardinality": 15000000,
                                                                                                    "cumulative_rows_scanned": 240000000,
                                                                                                    "operator_rows_scanned": 240000000,
                                                                                                    "operator_timing": 0.010063000000000084,
                                                                                                    "result_set_size": 120000000,
                                                                                                    "children": []
                                                                                                }
                                                                                            ]
                                                                                        }
                                                                                    ]
                                                                                }
                                                                            ]
                                                                        }
                                                                    ]
                                                                }
                                                            ]
                                                        }
                                                    ]
                                                }
                                            ]
                                        }
                                    ]
                                }
                            ]
                        }
                    ]
                }
            ]
        }
    ]
}