{
    "result_set_size": 720,
    "cumulative_rows_scanned": 2640000000,
    "cumulative_cardinality": 1298708296,
    "extra_info": {},
    "cpu_time": 31.66003799999998,
    "blocked_thread_time": 0.02,
    "rows_returned": 45,
    "query_name": "select\n\tc_count,\n\tcount(*) as custdist\nfrom\n\t(\n\t\tselect\n\t\t\tc_custkey,\n\t\t\tcount(o_orderkey)\n\t\tfrom\n\t\t\tcustomer left outer join orders on\n\t\t\t\tc_custkey = o_custkey\n\t\t\t\tand o_comment not like '%pending%deposits%'\n\t\tgroup by\n\t\t\tc_custkey\n\t) as c_orders (c_custkey, c_count)\ngroup by\n\tc_count\norder by\n\tcustdist desc,\n\tc_count desc;",
    "latency": 2.147589,
    "children": [
        {
            "result_set_size": 720,
            "operator_timing": 0.0060199999999999984,
            "operator_rows_scanned": 0,
            "cumulative_rows_scanned": 2640000000,
            "operator_cardinality": 45,
            "operator_type": "ORDER_BY",
            "cumulative_cardinality": 1298708296,
            "cpu_time": 31.66003799999998,
            "operator_name": "ORDER_BY",
            "extra_info": {
                "Order By": [
                    "count_star() DESC",
                    "c_orders.c_count DESC"
                ]
            },
            "children": [
                {
                    "operator_name": "HASH_GROUP_BY",
                    "cpu_time": 31.65401799999998,
                    "extra_info": {
                        "Groups": "#0",
                        "Aggregates": "count_star()",
                        "Estimated Cardinality": "7160829"
                    },
                    "cumulative_cardinality": 1298708251,
                    "operator_type": "HASH_GROUP_BY",
                    "operator_cardinality": 45,
                    "cumulative_rows_scanned": 2640000000,
                    "operator_rows_scanned": 0,
                    "operator_timing": 0.10063799999999985,
                    "result_set_size": 720,
                    "children": [
                        {
                            "result_set_size": 120000000,
                            "operator_timing": 0.0005479999999999997,
                            "operator_rows_scanned": 0,
                            "cumulative_rows_scanned": 2640000000,
                            "operator_cardinality": 15000000,
                            "operator_type": "PROJECTION",
                            "cumulative_cardinality": 1298708206,
                            "cpu_time": 31.55337999999998,
                            "operator_name": "PROJECTION",
                            "extra_info": {
                                "Projections": "c_count",
                                "Estimated Cardinality": "14321659"
                            },
                            "children": [
                                {
                                    "operator_name": "PROJECTION",
                                    "cpu_time": 31.55283199999998,
                                    "extra_info": {
                                        "Projections": "count(o_orderkey)",
                                        "Estimated Cardinality": "14321659"
                                    },
                                    "cumulative_cardinality": 1283708206,
                                    "operator_type": "PROJECTION",
                                    "operator_cardinality": 15000000,
                                    "cumulative_rows_scanned": 2640000000,
                                    "operator_rows_scanned": 0,
                                    "operator_timing": 0.000513,
                                    "result_set_size": 120000000,
                                    "children": [
                                        {
                                            "result_set_size": 240000000,
                                            "operator_timing": 0.0061350000000000345,
                                            "operator_rows_scanned": 0,
                                            "cumulative_rows_scanned": 2640000000,
                                            "operator_cardinality": 15000000,
                                            "operator_type": "PROJECTION",
                                            "cumulative_cardinality": 1268708206,
                                            "cpu_time": 31.55231899999998,
                                            "operator_name": "PROJECTION",
                                            "extra_info": {
                                                "Projections": [
                                                    "__internal_decompress_integral_bigint(#0, 1)",
                                                    "#1"
                                                ],
                                                "Estimated Cardinality": "14321659"
                                            },
                                            "children": [
                                                {
                                                    "operator_name": "HASH_GROUP_BY",
                                                    "cpu_time": 31.54618399999998,
                                                    "extra_info": {
                                                        "Groups": "#0",
                                                        "Aggregates": "count(#1)",
                                                        "Estimated Cardinality": "14321659"
                                                    },
                                                    "cumulative_cardinality": 1253708206,
                                                    "operator_type": "HASH_GROUP_BY",
                                                    "operator_cardinality": 15000000,
                                                    "cumulative_rows_scanned": 2640000000,
                                                    "operator_rows_scanned": 0,
                                                    "operator_timing": 11.612992000000045,
                                                    "result_set_size": 180000000,
                                                    "children": [
                                                        {
                                                            "result_set_size": 1840643616,
                                                            "operator_timing": 0.013025000000000191,
                                                            "operator_rows_scanned": 0,
                                                            "cumulative_rows_scanned": 2640000000,
                                                            "operator_cardinality": 153386968,
                                                            "operator_type": "PROJECTION",
                                                            "cumulative_cardinality": 1238708206,
                                                            "cpu_time": 19.933191999999934,
                                                            "operator_name": "PROJECTION",
                                                            "extra_info": {
                                                                "Projections": [
                                                                    "c_custkey",
                                                                    "o_orderkey"
                                                                ],
                                                                "Estimated Cardinality": "30000000"
                                                            },
                                                            "children": [
                                                                {
                                                                    "operator_name": "PROJECTION",
                                                                    "cpu_time": 19.920166999999935,
                                                                    "extra_info": {
                                                                        "Projections": [
                                                                            "#0",
                                                                            "__internal_compress_integral_uinteger(#1, 1)"
                                                                        ],
                                                                        "Estimated Cardinality": "30000000"
                                                                    },
                                                                    "cumulative_cardinality": 1085321238,
                                                                    "operator_type": "PROJECTION",
                                                                    "operator_cardinality": 153386968,
                                                                    "cumulative_rows_scanned": 2640000000,
                                                                    "operator_rows_scanned": 0,
                                                                    "operator_timing": 0.07377700000000274,
                                                                    "result_set_size": 1840643616,
                                                                    "children": [
                                                                        {
                                                                            "result_set_size": 2454191488,
                                                                            "operator_timing": 0.07989500000000323,
                                                                            "operator_rows_scanned": 0,
                                                                            "cumulative_rows_scanned": 2640000000,
                                                                            "operator_cardinality": 153386968,
                                                                            "operator_type": "PROJECTION",
                                                                            "cumulative_cardinality": 931934270,
                                                                            "cpu_time": 19.846389999999932,
                                                                            "operator_name": "PROJECTION",
                                                                            "extra_info": {
                                                                                "Projections": [
                                                                                    "#0",
                                                                                    "__internal_decompress_integral_bigint(#1, 1)"
                                                                                ],
                                                                                "Estimated Cardinality": "30000000"
                                                                            },
                                                                            "children": [
                                                                                {
                                                                                    "operator_name": "HASH_JOIN",
                                                                                    "cpu_time": 19.766494999999928,
                                                                                    "extra_info": {
                                                                                        "Join Type": "RIGHT",
                                                                                        "Conditions": "o_custkey = c_custkey",
                                                                                        "Estimated Cardinality": "30000000"
                                                                                    },
                                                                                    "cumulative_cardinality": 778547302,
                                                                                    "operator_type": "HASH_JOIN",
                                                                                    "operator_cardinality": 153386968,
                                                                                    "cumulative_rows_scanned": 2640000000,
                                                                                    "operator_rows_scanned": 0,
                                                                                    "operator_timing": 5.409334999999969,
                                                                                    "result_set_size": 1840643616,
                                                                                    "children": [
                                                                                        {
                                                                                            "result_set_size": 1780641336,
                                                                                            "operator_timing": 0.13673800000000427,
                                                                                            "operator_rows_scanned": 0,
                                                                                            "cumulative_rows_scanned": 2400000000,
                                                                                            "operator_cardinality": 148386778,
                                                                                            "operator_type": "PROJECTION",
                                                                                            "cumulative_cardinality": 595160334,
                                                                                            "cpu_time": 14.343326999999956,
                                                                                            "operator_name": "PROJECTION",
                                                                                            "extra_info": {
                                                                                                "Projections": [
                                                                                                    "__internal_compress_integral_uinteger(#0, 1)",
                                                                                                    "#1"
                                                                                                ],
                                                                                                "Estimated Cardinality": "30000000"
                                                                                            },
                                                                                            "children": [
                                                                                                {
                                                                                                    "operator_name": "PROJECTION",
                                                                                                    "cpu_time": 14.206588999999951,
                                                                                                    "extra_info": {
                                                                                                        "Projections": [
                                                                                                            "#0",
                                                                                                            "#2"
                                                                                                        ],
                                                                                                        "Estimated Cardinality": "30000000"
                                                                                                    },
                                                                                                    "cumulative_cardinality": 446773556,
                                                                                                    "operator_type": "PROJECTION",
                                                                                                    "operator_cardinality": 148386778,
                                                                                                    "cumulative_rows_scanned": 2400000000,
                                                                                                    "operator_rows_scanned": 0,
                                                                                                    "operator_timing": 0.013071000000000199,
                                                                                                    "result_set_size": 2374188448,
                                                                                                    "children": [
                                                                                                        {
                                                                                                            "result_set_size": 4748376896,
                                                                                                            "operator_timing": 5.635683999999948,
                                                                                                            "operator_rows_scanned": 0,
                                                                                                            "cumulative_rows_scanned": 2400000000,
                                                                                                            "operator_cardinality": 148386778,
                                                                                                            "operator_type": "FILTER",
                                                                                                            "cumulative_cardinality": 298386778,
                                                                                                            "cpu_time": 14.193517999999951,
                                                                                                            "operator_name": "FILTER",
                                                                                                            "extra_info": {
                                                                                                                "Expression": "(o_comment !~~ '%pending%deposits%')",
                                                                                                                "Estimated Cardinality": "30000000"
                                                                                                            },
                                                                                                            "children": [
                                                                                                                {
                                                                                                                    "operator_name": "SEQ_SCAN ",
                                                                                                                    "cpu_time": 8.557834000000003,
                                                                                                                    "extra_info": {
                                                                                                                        "Table": "orders",
                                                                                                                        "Type": "Sequential Scan",
                                                                                                                        "Projections": [
                                                                                                                            "o_custkey",
                                                                                                                            "o_comment",
                                                                                                                            "o_orderkey"
                                                                                                                        ],
                                                                                                                        "Estimated Cardinality": "150000000"
                                                                                                                    },
                                                                                                                    "cumulative_cardinality": 150000000,
                                                                                                                    "operator_type": "TABLE_SCAN",
                                                                                                                    "operator_cardinality": 150000000,
                                                                                                                    "cumulative_rows_scanned": 2400000000,
                                                                                                                    "operator_rows_scanned": 2400000000,
                                                                                                                    "operator_timing": 8.557834000000003,
                                                                                                                    "result_set_size": 4800000000,
                                                                                                                    "children": []
                                                                                                                }
                                                                                                            ]
                                                                                                        }
                                                                                                    ]
                                                                                                }
                                                                                            ]
                                                                                        },
                                                                                        {
                                                                                            "result_set_size": 60000000,
                                                                                            "operator_timing": 0.003711999999999993,
                                                                                            "operator_rows_scanned": 0,
                                                                                            "cumulative_rows_scanned": 240000000,
                                                                                            "operator_cardinality": 15000000,
                                                                                            "operator_type": "PROJECTION",
                                                                                            "cumulative_cardinality": 30000000,
                                                                                            "cpu_time": 0.013833000000000081,
                                                                                            "operator_name": "PROJECTION",
                                                                                            "extra_info": {
                                                                                                "Projections": "__internal_compress_integral_uinteger(#0, 1)",
                                                                                                "Estimated Cardinality": "15000000"
                                                                                            },
                                                                                            "children": [
                                                                                                {
                                                                                                    "operator_name": "SEQ_SCAN ",
                                                                                                    "cpu_time": 0.010121000000000088,
                                                                                                    "extra_info": {
                                                                                                        "Table": "customer",
                                                                                                        "Type": "Sequential Scan",
                                                                                                        "Projections": "c_custkey",
                                                                                                        "Estimated Cardinality": "15000000"
                                                                                                    },
                                                                                                    "cumulative_cardinality": 15000000,
                                                                                                    "operator_type": "TABLE_SCAN",
                                                                                                    "operator_cardinality": 15000000,
                                                                                                    "cumulative_rows_scanned": 240000000,
                                                                                                    "operator_rows_scanned": 240000000,
                                                                                                    "operator_timing": 0.010121000000000088,
                                                                                                    "result_set_size": 120000000,
                                                                                                    "children": []
                                                                                                }
                                                                                            ]
                                                                                        }
                                                                                    ]
                                                                                }
                                                                            ]
                                                                        }
                                                                    ]
                                                                }
                                                            ]
                                                        }
                                                    ]
                                                }
                                            ]
                                        }
                                    ]
                                }
                            ]
                        }
                    ]
                }
            ]
        }
    ]
}